#
# A fatal error has been detected by the Java Runtime Environment:
#
#  SIGSEGV (0xb) at pc=0x00007fff96f0d8f2, pid=1123, tid=1811
#
# JRE version: Java(TM) SE Runtime Environment (8.0_60-b27) (build 1.8.0_60-b27)
# Java VM: Java HotSpot(TM) 64-Bit Server VM (25.60-b23 mixed mode bsd-amd64 compressed oops)
# Problematic frame:
# C  [libGPUSupportMercury.dylib+0xb8f2]  gldAttachDrawable+0x60
#
# Failed to write core dump. Core dumps have been disabled. To enable core dumping, try "ulimit -c unlimited" before starting Java again
#
# If you would like to submit a bug report, please visit:
#   http://bugreport.java.com/bugreport/crash.jsp
# The crash happened outside the Java Virtual Machine in native code.
# See problematic frame for where to report the bug.
#

---------------  T H R E A D  ---------------

Current thread (0x00007fa27186e000):  JavaThread "AppKit Thread" daemon [_thread_in_native, id=1811, stack(0x00007fff53323000,0x00007fff53b23000)]

siginfo: si_signo: 11 (SIGSEGV), si_code: 0 (unknown), si_addr: 0x0000000000000000

Registers:
RAX=0xa000000000000000, RBX=0x000000000000271e, RCX=0x0000000000000000, RDX=0x00007fa275c0ddd8
RSP=0x00007fff53b1c8b0, RBP=0x00007fff53b1c9b0, RSI=0x0000000000000050, RDI=0x00007fff7c78a070
R8 =0x00007fa274809e60, R9 =0x00007fa274000000, R10=0x000000000000003c, R11=0x0000000000000206
R12=0x0000000000002718, R13=0x00007fa2719bd000, R14=0x0000000000000050, R15=0x0000000000000000
RIP=0x00007fff96f0d8f2, EFLAGS=0x0000000000010212, ERR=0x0000000000000000
  TRAPNO=0x000000000000000d

Top of Stack: (sp=0x00007fff53b1c8b0)
0x00007fff53b1c8b0:   00007fff53b1c924 00007fa271428db0
0x00007fff53b1c8c0:   ffffffffffffffff 0000206000000040
0x00007fff53b1c8d0:   00007fa271428dc8 00007fff96f9564f
0x00007fff53b1c8e0:   0000000000000000 a000000000000000
0x00007fff53b1c8f0:   0000000300000003 00007fff53b1ca38
0x00007fff53b1c900:   00007fff53b1c9c4 00000000000298df
0x00007fff53b1c910:   00007fff53b1c9bc 00007fff53b1c9c0
0x00007fff53b1c920:   00007fff53b1c9a0 00007fff9154b299
0x00007fff53b1c930:   0000000000000000 0000000000000503
0x00007fff53b1c940:   0000003400001200 0000040b00000000
0x00007fff53b1c950:   00007fff53b1c980 00007fff914e4a9a
0x00007fff53b1c960:   00007fff53b1c9f8 0000000000000503
0x00007fff53b1c970:   00007fff53b1c9b0 0000000021f844ca
0x00007fff53b1c980:   0c0044658acfcdf7 00007fa274800000
0x00007fff53b1c990:   0000000000002718 0000000000000000
0x00007fff53b1c9a0:   0000000000000050 0000000000000000
0x00007fff53b1c9b0:   00007fff53b1ca00 00007fff95ca47e8
0x00007fff53b1c9c0:   00007fa274809e60 0000000000000000
0x00007fff53b1c9d0:   00007fa275c0ddd8 00007fa27170a2c0
0x00007fff53b1c9e0:   0000000000000000 00007fa27213eb50
0x00007fff53b1c9f0:   00007fa27213cc00 00007fff7c78a070
0x00007fff53b1ca00:   00007fff53b1caf0 00007fff8f14b870
0x00007fff53b1ca10:   4089000000000000 406e000000000000
0x00007fff53b1ca20:   4053800000000000 4089000000000000
0x00007fff53b1ca30:   4083700000000000 0000000000000000
0x00007fff53b1ca40:   4036000000000000 4089000000000000
0x00007fff53b1ca50:   4082c00000000000 0000000000000000
0x00007fff53b1ca60:   0000000000000000 0000000000000001
0x00007fff53b1ca70:   00007fa275c0ddd8 0000000000000001
0x00007fff53b1ca80:   00007fff53b1caf0 00007fff8f15066b
0x00007fff53b1ca90:   0000000100000003 00007fa27213eb50
0x00007fff53b1caa0:   00007fa27213ea88 000000029821ffff 

Instructions: (pc=0x00007fff96f0d8f2)
0x00007fff96f0d8d2:   48 85 d2 b8 01 00 00 00 bb 15 27 00 00 0f 44 d8
0x00007fff96f0d8e2:   e9 7f 01 00 00 49 8b 45 08 48 89 85 38 ff ff ff
0x00007fff96f0d8f2:   48 8b 00 48 89 85 30 ff ff ff 83 fe 4f 0f 8f fd
0x00007fff96f0d902:   00 00 00 48 89 d0 bb 15 27 00 00 83 fe 35 0f 84 

Register to memory mapping:

RAX=0xa000000000000000 is an unknown value
RBX=0x000000000000271e is an unknown value
RCX=0x0000000000000000 is an unknown value
RDX=0x00007fa275c0ddd8 is an unknown value
RSP=0x00007fff53b1c8b0 is pointing into the stack for thread: 0x00007fa27186e000
RBP=0x00007fff53b1c9b0 is pointing into the stack for thread: 0x00007fa27186e000
RSI=0x0000000000000050 is an unknown value
RDI=0x00007fff7c78a070: __stack_chk_guard+0 in /usr/lib/system/libsystem_c.dylib at 0x00007fff8cce7000
R8 =0x00007fa274809e60 is an unknown value
R9 =0x00007fa274000000 is an unknown value
R10=0x000000000000003c is an unknown value
R11=0x0000000000000206 is an unknown value
R12=0x0000000000002718 is an unknown value
R13=0x00007fa2719bd000 is an unknown value
R14=0x0000000000000050 is an unknown value
R15=0x0000000000000000 is an unknown value


Stack: [0x00007fff53323000,0x00007fff53b23000],  sp=0x00007fff53b1c8b0,  free space=8166k
Native frames: (J=compiled Java code, j=interpreted, Vv=VM code, C=native code)
C  [libGPUSupportMercury.dylib+0xb8f2]  gldAttachDrawable+0x60
C  [GLEngine+0x167e8]  gliAttachDrawableWithOptions+0x101
C  [OpenGL+0x3870]  glcGetIOAccelService+0xe03
C  [OpenGL+0x7412]  CGLSetPBuffer+0xb90
C  [OpenGL+0x7735]  CGLSetSurface+0x124
C  [AppKit+0x332c34]  NSOpenGLContextAttachOnScreenViewSurface+0x109
C  [AppKit+0x31db7c]  -[NSOpenGLContext setView:]+0x83
C  [liblwjgl.dylib+0xa586]  -[MacOSXOpenGLView lockFocus]+0x76
C  [AppKit+0xe1f45]  -[NSView _recursiveDisplayRectIfNeededIgnoringOpacity:isVisibleRect:rectIsVisibleRectForView:topView:]+0x740
C  [AppKit+0xe2fa0]  -[NSView _recursiveDisplayRectIfNeededIgnoringOpacity:isVisibleRect:rectIsVisibleRectForView:topView:]+0x179b
C  [AppKit+0xe12f3]  -[NSThemeFrame _recursiveDisplayRectIfNeededIgnoringOpacity:isVisibleRect:rectIsVisibleRectForView:topView:]+0x14d
C  [AppKit+0xdd68b]  -[NSView _displayRectIgnoringOpacity:isVisibleRect:rectIsVisibleRectForView:]+0xac9
C  [AppKit+0x951ae]  -[NSView displayIfNeeded]+0x754
C  [AppKit+0x94a09]  -[NSWindow displayIfNeeded]+0xec
C  [AppKit+0x94672]  _handleWindowNeedsDisplayOrLayoutOrUpdateConstraints+0x3a8
C  [Foundation+0x4ba23]  __NSFireTimer+0x5f
C  [CoreFoundation+0xb72e4]  __CFRUNLOOP_IS_CALLING_OUT_TO_A_TIMER_CALLBACK_FUNCTION__+0x14
C  [CoreFoundation+0xb6f73]  __CFRunLoopDoTimer+0x423
C  [CoreFoundation+0x12a53d]  __CFRunLoopDoTimers+0x12d
C  [CoreFoundation+0x72608]  __CFRunLoopRun+0x7e8
C  [CoreFoundation+0x71bd8]  CFRunLoopRunSpecific+0x128
C  [HIToolbox+0x3256f]  RunCurrentEventLoopInMode+0xeb
C  [HIToolbox+0x322ea]  ReceiveNextEventCommon+0x1af
C  [HIToolbox+0x3212b]  _BlockUntilNextEventMatchingListInModeWithFilter+0x47
C  [AppKit+0x918ab]  _DPSNextEvent+0x3d2
C  [AppKit+0x90e58]  -[NSApplication nextEventMatchingMask:untilDate:inMode:dequeue:]+0x15a
C  [libosxapp.dylib+0x23aa]  -[NSApplicationAWT nextEventMatchingMask:untilDate:inMode:dequeue:]+0x7c
C  [AppKit+0x86af3]  -[NSApplication run]+0x252
C  [libosxapp.dylib+0x214d]  +[NSApplicationAWT runAWTLoopWithApp:]+0x9c
C  [libawt_lwawt.dylib+0x44517]  -[AWTStarter starter:]+0x389
C  [Foundation+0x92dd0]  __NSThreadPerformPerform+0x125
C  [CoreFoundation+0x80a01]  __CFRUNLOOP_IS_CALLING_OUT_TO_A_SOURCE0_PERFORM_FUNCTION__+0x11
C  [CoreFoundation+0x72b8d]  __CFRunLoopDoSources0+0x10d
C  [CoreFoundation+0x721bf]  __CFRunLoopRun+0x39f
C  [CoreFoundation+0x71bd8]  CFRunLoopRunSpecific+0x128
C  [java+0x6463]  CreateExecutionEnvironment+0x367
C  [java+0x21ac]  JLI_Launch+0x7a0
C  [java+0x84c0]  main+0x65
C  [java+0x1a04]  start+0x34
C  0x0000000000000006


---------------  P R O C E S S  ---------------

Java Threads: ( => current thread )
  0x00007fa272036000 JavaThread "AWT-Shutdown" [_thread_blocked, id=24331, stack(0x000000017a8b1000,0x000000017a9b1000)]
  0x00007fa27319e800 JavaThread "Java2D Disposer" daemon [_thread_blocked, id=50479, stack(0x000000012c060000,0x000000012c160000)]
  0x00007fa2719b9000 JavaThread "Java2D Queue Flusher" daemon [_thread_blocked, id=50951, stack(0x000000012b73a000,0x000000012b83a000)]
=>0x00007fa27186e000 JavaThread "AppKit Thread" daemon [_thread_in_native, id=1811, stack(0x00007fff53323000,0x00007fff53b23000)]
  0x00007fa272825000 JavaThread "Service Thread" daemon [_thread_blocked, id=18179, stack(0x000000012587f000,0x000000012597f000)]
  0x00007fa272801800 JavaThread "C1 CompilerThread2" daemon [_thread_blocked, id=17667, stack(0x000000012577c000,0x000000012587c000)]
  0x00007fa273022800 JavaThread "C2 CompilerThread1" daemon [_thread_blocked, id=17155, stack(0x0000000125679000,0x0000000125779000)]
  0x00007fa273017800 JavaThread "C2 CompilerThread0" daemon [_thread_blocked, id=16643, stack(0x0000000125576000,0x0000000125676000)]
  0x00007fa273005000 JavaThread "Signal Dispatcher" daemon [_thread_blocked, id=13335, stack(0x0000000125473000,0x0000000125573000)]
  0x00007fa273014000 JavaThread "Finalizer" daemon [_thread_blocked, id=11523, stack(0x0000000123a4d000,0x0000000123b4d000)]
  0x00007fa271806800 JavaThread "Reference Handler" daemon [_thread_blocked, id=11011, stack(0x000000012394a000,0x0000000123a4a000)]
  0x00007fa273008800 JavaThread "main" [_thread_in_native, id=4867, stack(0x000000010d98a000,0x000000010da8a000)]

Other Threads:
  0x00007fa272035000 VMThread [stack: 0x0000000123847000,0x0000000123947000] [id=10499]
  0x00007fa273021000 WatcherThread [stack: 0x0000000125982000,0x0000000125a82000] [id=18691]

VM state:not at safepoint (normal execution)

VM Mutex/Monitor currently owned by a thread: None

Heap:
 PSYoungGen      total 43008K, used 1142K [0x0000000795580000, 0x0000000799b80000, 0x00000007c0000000)
  eden space 32768K, 3% used [0x0000000795580000,0x000000079569d8b0,0x0000000797580000)
  from space 10240K, 0% used [0x0000000797f80000,0x0000000797f80000,0x0000000798980000)
  to   space 10240K, 0% used [0x0000000797580000,0x0000000797580000,0x0000000797f80000)
 ParOldGen       total 68608K, used 8339K [0x0000000740000000, 0x0000000744300000, 0x0000000795580000)
  object space 68608K, 12% used [0x0000000740000000,0x0000000740824d58,0x0000000744300000)
 Metaspace       used 12665K, capacity 12801K, committed 12928K, reserved 1060864K
  class space    used 1312K, capacity 1375K, committed 1408K, reserved 1048576K

Card table byte_map: [0x000000011ce98000,0x000000011d299000] byte_map_base: 0x0000000119498000

Marking Bits: (ParMarkBitMap*) 0x000000010d2dee20
 Begin Bits: [0x000000011d950000, 0x000000011f950000)
 End Bits:   [0x000000011f950000, 0x0000000121950000)

Polling page: 0x000000010c1f3000

CodeCache: size=245760Kb used=6939Kb max_used=7023Kb free=238820Kb
 bounds [0x000000010dad8000, 0x000000010e1c8000, 0x000000011cad8000]
 total_blobs=2253 nmethods=1682 adapters=484
 compilation: enabled

Compilation events (10 events):
Event: 24.489 Thread 0x00007fa273017800 nmethod 1699 0x000000010e1b3dd0 code [0x000000010e1b4100, 0x000000010e1b5ea0]
Event: 24.490 Thread 0x00007fa273017800 1700   !   4       org.newdawn.slick.AppGameContainer::gameLoop (81 bytes)
Event: 24.500 Thread 0x00007fa273022800 nmethod 1698 0x000000010e1bb150 code [0x000000010e1bb4c0, 0x000000010e1bd340]
Event: 24.503 Thread 0x00007fa273017800 nmethod 1700 0x000000010e1b2110 code [0x000000010e1b2360, 0x000000010e1b31e0]
Event: 24.801 Thread 0x00007fa273022800 1701   !   4       org.newdawn.slick.openal.SoundStore::poll (88 bytes)
Event: 24.801 Thread 0x00007fa273017800 1702       4       org.newdawn.slick.AngelCodeFont::drawString (11 bytes)
Event: 24.803 Thread 0x00007fa273022800 nmethod 1701 0x000000010e1b08d0 code [0x000000010e1b0a20, 0x000000010e1b0b18]
Event: 24.803 Thread 0x00007fa273017800 nmethod 1702 0x000000010dbd8950 code [0x000000010dbd8aa0, 0x000000010dbd8b68]
Event: 26.312 Thread 0x00007fa272801800 1703   !   3       org.lwjgl.opengl.Display::processMessages (44 bytes)
Event: 26.313 Thread 0x00007fa272801800 nmethod 1703 0x000000010dc02e10 code [0x000000010dc030a0, 0x000000010dc040a8]

GC Heap History (10 events):
Event: 6.014 GC heap before
{Heap before GC invocations=4 (full 0):
 PSYoungGen      total 38400K, used 37595K [0x0000000795580000, 0x0000000798000000, 0x00000007c0000000)
  eden space 33280K, 97% used [0x0000000795580000,0x000000079754dcf8,0x0000000797600000)
  from space 5120K, 98% used [0x0000000797600000,0x0000000797ae8f60,0x0000000797b00000)
  to   space 5120K, 0% used [0x0000000797b00000,0x0000000797b00000,0x0000000798000000)
 ParOldGen       total 153600K, used 143238K [0x0000000740000000, 0x0000000749600000, 0x0000000795580000)
  object space 153600K, 93% used [0x0000000740000000,0x0000000748be1ba0,0x0000000749600000)
 Metaspace       used 10659K, capacity 10817K, committed 11008K, reserved 1058816K
  class space    used 1126K, capacity 1183K, committed 1280K, reserved 1048576K
Event: 6.017 GC heap after
Heap after GC invocations=4 (full 0):
 PSYoungGen      total 38400K, used 3333K [0x0000000795580000, 0x0000000798000000, 0x00000007c0000000)
  eden space 33280K, 0% used [0x0000000795580000,0x0000000795580000,0x0000000797600000)
  from space 5120K, 65% used [0x0000000797b00000,0x0000000797e41448,0x0000000798000000)
  to   space 5120K, 0% used [0x0000000797600000,0x0000000797600000,0x0000000797b00000)
 ParOldGen       total 153600K, used 143246K [0x0000000740000000, 0x0000000749600000, 0x0000000795580000)
  object space 153600K, 93% used [0x0000000740000000,0x0000000748be3ba0,0x0000000749600000)
 Metaspace       used 10659K, capacity 10817K, committed 11008K, reserved 1058816K
  class space    used 1126K, capacity 1183K, committed 1280K, reserved 1048576K
}
Event: 6.594 GC heap before
{Heap before GC invocations=5 (full 0):
 PSYoungGen      total 38400K, used 36593K [0x0000000795580000, 0x0000000798000000, 0x00000007c0000000)
  eden space 33280K, 99% used [0x0000000795580000,0x00000007975fb1d0,0x0000000797600000)
  from space 5120K, 65% used [0x0000000797b00000,0x0000000797e41448,0x0000000798000000)
  to   space 5120K, 0% used [0x0000000797600000,0x0000000797600000,0x0000000797b00000)
 ParOldGen       total 153600K, used 143246K [0x0000000740000000, 0x0000000749600000, 0x0000000795580000)
  object space 153600K, 93% used [0x0000000740000000,0x0000000748be3ba0,0x0000000749600000)
 Metaspace       used 12307K, capacity 12481K, committed 12672K, reserved 1060864K
  class space    used 1303K, capacity 1375K, committed 1408K, reserved 1048576K
Event: 6.604 GC heap after
Heap after GC invocations=5 (full 0):
 PSYoungGen      total 37888K, used 5112K [0x0000000795580000, 0x0000000798980000, 0x00000007c0000000)
  eden space 32768K, 0% used [0x0000000795580000,0x0000000795580000,0x0000000797580000)
  from space 5120K, 99% used [0x0000000797600000,0x0000000797afe158,0x0000000797b00000)
  to   space 10240K, 0% used [0x0000000797f80000,0x0000000797f80000,0x0000000798980000)
 ParOldGen       total 153600K, used 145479K [0x0000000740000000, 0x0000000749600000, 0x0000000795580000)
  object space 153600K, 94% used [0x0000000740000000,0x0000000748e11c40,0x0000000749600000)
 Metaspace       used 12307K, capacity 12481K, committed 12672K, reserved 1060864K
  class space    used 1303K, capacity 1375K, committed 1408K, reserved 1048576K
}
Event: 6.604 GC heap before
{Heap before GC invocations=6 (full 1):
 PSYoungGen      total 37888K, used 5112K [0x0000000795580000, 0x0000000798980000, 0x00000007c0000000)
  eden space 32768K, 0% used [0x0000000795580000,0x0000000795580000,0x0000000797580000)
  from space 5120K, 99% used [0x0000000797600000,0x0000000797afe158,0x0000000797b00000)
  to   space 10240K, 0% used [0x0000000797f80000,0x0000000797f80000,0x0000000798980000)
 ParOldGen       total 153600K, used 145479K [0x0000000740000000, 0x0000000749600000, 0x0000000795580000)
  object space 153600K, 94% used [0x0000000740000000,0x0000000748e11c40,0x0000000749600000)
 Metaspace       used 12307K, capacity 12481K, committed 12672K, reserved 1060864K
  class space    used 1303K, capacity 1375K, committed 1408K, reserved 1048576K
Event: 6.643 GC heap after
Heap after GC invocations=6 (full 1):
 PSYoungGen      total 37888K, used 0K [0x0000000795580000, 0x0000000798980000, 0x00000007c0000000)
  eden space 32768K, 0% used [0x0000000795580000,0x0000000795580000,0x0000000797580000)
  from space 5120K, 0% used [0x0000000797600000,0x0000000797600000,0x0000000797b00000)
  to   space 10240K, 0% used [0x0000000797f80000,0x0000000797f80000,0x0000000798980000)
 ParOldGen       total 68608K, used 7650K [0x0000000740000000, 0x0000000744300000, 0x0000000795580000)
  object space 68608K, 11% used [0x0000000740000000,0x0000000740778988,0x0000000744300000)
 Metaspace       used 12307K, capacity 12481K, committed 12672K, reserved 1060864K
  class space    used 1303K, capacity 1375K, committed 1408K, reserved 1048576K
}
Event: 7.430 GC heap before
{Heap before GC invocations=7 (full 1):
 PSYoungGen      total 37888K, used 32768K [0x0000000795580000, 0x0000000798980000, 0x00000007c0000000)
  eden space 32768K, 100% used [0x0000000795580000,0x0000000797580000,0x0000000797580000)
  from space 5120K, 0% used [0x0000000797600000,0x0000000797600000,0x0000000797b00000)
  to   space 10240K, 0% used [0x0000000797f80000,0x0000000797f80000,0x0000000798980000)
 ParOldGen       total 68608K, used 7650K [0x0000000740000000, 0x0000000744300000, 0x0000000795580000)
  object space 68608K, 11% used [0x0000000740000000,0x0000000740778988,0x0000000744300000)
 Metaspace       used 12428K, capacity 12545K, committed 12672K, reserved 1060864K
  class space    used 1309K, capacity 1375K, committed 1408K, reserved 1048576K
Event: 7.433 GC heap after
Heap after GC invocations=7 (full 1):
 PSYoungGen      total 43008K, used 4393K [0x0000000795580000, 0x0000000799b80000, 0x00000007c0000000)
  eden space 32768K, 0% used [0x0000000795580000,0x0000000795580000,0x0000000797580000)
  from space 10240K, 42% used [0x0000000797f80000,0x00000007983ca670,0x0000000798980000)
  to   space 10240K, 0% used [0x0000000797580000,0x0000000797580000,0x0000000797f80000)
 ParOldGen       total 68608K, used 7658K [0x0000000740000000, 0x0000000744300000, 0x0000000795580000)
  object space 68608K, 11% used [0x0000000740000000,0x000000074077a988,0x0000000744300000)
 Metaspace       used 12428K, capacity 12545K, committed 12672K, reserved 1060864K
  class space    used 1309K, capacity 1375K, committed 1408K, reserved 1048576K
}
Event: 21.292 GC heap before
{Heap before GC invocations=8 (full 2):
 PSYoungGen      total 43008K, used 37161K [0x0000000795580000, 0x0000000799b80000, 0x00000007c0000000)
  eden space 32768K, 100% used [0x0000000795580000,0x0000000797580000,0x0000000797580000)
  from space 10240K, 42% used [0x0000000797f80000,0x00000007983ca670,0x0000000798980000)
  to   space 10240K, 0% used [0x0000000797580000,0x0000000797580000,0x0000000797f80000)
 ParOldGen       total 174592K, used 161978K [0x0000000740000000, 0x000000074aa80000, 0x0000000795580000)
  object space 174592K, 92% used [0x0000000740000000,0x0000000749e2e938,0x000000074aa80000)
 Metaspace       used 12655K, capacity 12801K, committed 12928K, reserved 1060864K
  class space    used 1312K, capacity 1375K, committed 1408K, reserved 1048576K
Event: 21.318 GC heap after
Heap after GC invocations=8 (full 2):
 PSYoungGen      total 43008K, used 0K [0x0000000795580000, 0x0000000799b80000, 0x00000007c0000000)
  eden space 32768K, 0% used [0x0000000795580000,0x0000000795580000,0x0000000797580000)
  from space 10240K, 0% used [0x0000000797f80000,0x0000000797f80000,0x0000000798980000)
  to   space 10240K, 0% used [0x0000000797580000,0x0000000797580000,0x0000000797f80000)
 ParOldGen       total 68608K, used 8339K [0x0000000740000000, 0x0000000744300000, 0x0000000795580000)
  object space 68608K, 12% used [0x0000000740000000,0x0000000740824d58,0x0000000744300000)
 Metaspace       used 12655K, capacity 12801K, committed 12928K, reserved 1060864K
  class space    used 1312K, capacity 1375K, committed 1408K, reserved 1048576K
}

Deoptimization events (10 events):
Event: 6.067 Thread 0x00007fa273008800 Uncommon trap: reason=unstable_if action=reinterpret pc=0x000000010def9f10 method=com.jcraft.jorbis.Residue0._2inverse(Lcom/jcraft/jorbis/Block;Ljava/lang/Object;[[FI)I @ 243
Event: 6.067 Thread 0x00007fa273008800 Uncommon trap: reason=unstable_if action=reinterpret pc=0x000000010dee7114 method=com.jcraft.jorbis.Residue0._2inverse(Lcom/jcraft/jorbis/Block;Ljava/lang/Object;[[FI)I @ 243
Event: 6.068 Thread 0x00007fa273008800 Uncommon trap: reason=unstable_if action=reinterpret pc=0x000000010dee9ab0 method=com.jcraft.jorbis.Residue0._2inverse(Lcom/jcraft/jorbis/Block;Ljava/lang/Object;[[FI)I @ 243
Event: 6.114 Thread 0x00007fa273008800 Uncommon trap: reason=unstable_if action=reinterpret pc=0x000000010df639f8 method=org.newdawn.slick.openal.OggInputStream.readPCM()V @ 283
Event: 6.160 Thread 0x00007fa273008800 Uncommon trap: reason=unstable_if action=reinterpret pc=0x000000010dedb2c4 method=org.newdawn.slick.openal.OggInputStream.readPCM()V @ 270
Event: 6.297 Thread 0x00007fa273008800 Uncommon trap: reason=unstable_if action=reinterpret pc=0x000000010df316c4 method=com.jcraft.jorbis.Mapping0.inverse(Lcom/jcraft/jorbis/Block;Ljava/lang/Object;)I @ 301
Event: 8.759 Thread 0x00007fa273008800 Uncommon trap: reason=unstable_if action=reinterpret pc=0x000000010e007564 method=java.nio.DirectByteBuffer.put([BII)Ljava/nio/ByteBuffer; @ 5
Event: 23.776 Thread 0x00007fa273008800 Uncommon trap: reason=unstable_if action=reinterpret pc=0x000000010e19ace8 method=package1.Chargement.render(Lorg/newdawn/slick/GameContainer;Lorg/newdawn/slick/state/StateBasedGame;Lorg/newdawn/slick/Graphics;)V @ 186
Event: 25.954 Thread 0x00007fa273008800 Uncommon trap: reason=unstable_if action=reinterpret pc=0x000000010e1b55fc method=org.lwjgl.opengl.MacOSXDisplay.update()V @ 86
Event: 26.719 Thread 0x00007fa273008800 Uncommon trap: reason=unstable_if action=reinterpret pc=0x000000010e1b2ecc method=org.newdawn.slick.AppGameContainer.gameLoop()V @ 60

Internal exceptions (10 events):
Event: 0.163 Thread 0x00007fa273008800 Exception <a 'java/lang/NoSuchFieldError': method resolution failed> (0x00000007959a7ba8) thrown at [/Users/java_re/workspace/8-2-build-macosx-x86_64/jdk8u60/4407/hotspot/src/share/vm/prims/methodHandles.cpp, line 1146]
Event: 0.397 Thread 0x00007fa273008800 Exception <a 'java/io/FileNotFoundException'> (0x0000000795a22a50) thrown at [/Users/java_re/workspace/8-2-build-macosx-x86_64/jdk8u60/4407/hotspot/src/share/vm/prims/jni.cpp, line 709]
Event: 0.397 Thread 0x00007fa273008800 Exception <a 'java/io/FileNotFoundException'> (0x0000000795a235a0) thrown at [/Users/java_re/workspace/8-2-build-macosx-x86_64/jdk8u60/4407/hotspot/src/share/vm/prims/jni.cpp, line 709]
Event: 0.667 Thread 0x00007fa273008800 Exception <a 'java/lang/NoClassDefFoundError': net/java/games/input/ControllerEnvironment> (0x0000000795f1b468) thrown at [/Users/java_re/workspace/8-2-build-macosx-x86_64/jdk8u60/4407/hotspot/src/share/vm/classfile/systemDictionary.cpp, line 199]
Event: 3.550 Thread 0x00007fa273008800 Exception <a 'java/security/PrivilegedActionException'> (0x0000000796b1e9c8) thrown at [/Users/java_re/workspace/8-2-build-macosx-x86_64/jdk8u60/4407/hotspot/src/share/vm/prims/jvm.cpp, line 1386]
Event: 3.550 Thread 0x00007fa273008800 Exception <a 'java/security/PrivilegedActionException'> (0x0000000796b205b0) thrown at [/Users/java_re/workspace/8-2-build-macosx-x86_64/jdk8u60/4407/hotspot/src/share/vm/prims/jvm.cpp, line 1386]
Event: 3.550 Thread 0x00007fa273008800 Exception <a 'java/security/PrivilegedActionException'> (0x0000000796b216d0) thrown at [/Users/java_re/workspace/8-2-build-macosx-x86_64/jdk8u60/4407/hotspot/src/share/vm/prims/jvm.cpp, line 1386]
Event: 3.550 Thread 0x00007fa273008800 Exception <a 'java/security/PrivilegedActionException'> (0x0000000796b267f0) thrown at [/Users/java_re/workspace/8-2-build-macosx-x86_64/jdk8u60/4407/hotspot/src/share/vm/prims/jvm.cpp, line 1386]
Event: 3.550 Thread 0x00007fa273008800 Exception <a 'java/security/PrivilegedActionException'> (0x0000000796b27448) thrown at [/Users/java_re/workspace/8-2-build-macosx-x86_64/jdk8u60/4407/hotspot/src/share/vm/prims/jvm.cpp, line 1386]
Event: 3.550 Thread 0x00007fa273008800 Exception <a 'java/security/PrivilegedActionException'> (0x0000000796b28070) thrown at [/Users/java_re/workspace/8-2-build-macosx-x86_64/jdk8u60/4407/hotspot/src/share/vm/prims/jvm.cpp, line 1386]

Events (10 events):
Event: 25.954 Thread 0x00007fa273008800 Uncommon trap: trap_request=0xffffff65 fr.pc=0x000000010e1b55fc
Event: 25.954 Thread 0x00007fa273008800 DEOPT PACKING pc=0x000000010e1b55fc sp=0x000000010da897d0
Event: 25.954 Thread 0x00007fa273008800 DEOPT UNPACKING pc=0x000000010dadd229 sp=0x000000010da89738 mode 2
Event: 26.313 Thread 0x00007fa272801800 flushing nmethod 0x000000010dc70990
Event: 26.313 Thread 0x00007fa272801800 flushing nmethod 0x000000010dc73790
Event: 26.719 Thread 0x00007fa273008800 Uncommon trap: trap_request=0xffffff65 fr.pc=0x000000010e1b2ecc
Event: 26.719 Thread 0x00007fa273008800 DEOPT PACKING pc=0x000000010e1b2ecc sp=0x000000010da89830
Event: 26.720 Thread 0x00007fa273008800 DEOPT UNPACKING pc=0x000000010dadd229 sp=0x000000010da89808 mode 2
Event: 26.729 loading class org/lwjgl/opengl/CallbackUtil
Event: 26.729 loading class org/lwjgl/opengl/CallbackUtil done


Dynamic libraries:
0x000000000c6a4000 	/System/Library/Frameworks/Cocoa.framework/Versions/A/Cocoa
0x000000000c6a4000 	/System/Library/Frameworks/Security.framework/Versions/A/Security
0x000000000c6a4000 	/System/Library/Frameworks/ApplicationServices.framework/Versions/A/ApplicationServices
0x000000000c6a4000 	/usr/lib/libz.1.dylib
0x000000000c6a4000 	/usr/lib/libSystem.B.dylib
0x000000000c6a4000 	/usr/lib/libobjc.A.dylib
0x000000000c6a4000 	/System/Library/Frameworks/CoreFoundation.framework/Versions/A/CoreFoundation
0x000000000c6a4000 	/System/Library/Frameworks/Foundation.framework/Versions/C/Foundation
0x000000000c6a4000 	/System/Library/Frameworks/AppKit.framework/Versions/C/AppKit
0x000000000c6a4000 	/System/Library/Frameworks/CoreData.framework/Versions/A/CoreData
0x000000000c6a4000 	/System/Library/PrivateFrameworks/RemoteViewServices.framework/Versions/A/RemoteViewServices
0x000000000c6a4000 	/System/Library/PrivateFrameworks/UIFoundation.framework/Versions/A/UIFoundation
0x000000000c6a4000 	/System/Library/Frameworks/IOSurface.framework/Versions/A/IOSurface
0x000000000c6a4000 	/System/Library/Frameworks/AudioToolbox.framework/Versions/A/AudioToolbox
0x000000000c6a4000 	/System/Library/Frameworks/AudioUnit.framework/Versions/A/AudioUnit
0x000000000c6a4000 	/System/Library/PrivateFrameworks/DataDetectorsCore.framework/Versions/A/DataDetectorsCore
0x000000000c6a4000 	/System/Library/PrivateFrameworks/DesktopServicesPriv.framework/Versions/A/DesktopServicesPriv
0x000000000c6a4000 	/System/Library/Frameworks/Carbon.framework/Versions/A/Frameworks/HIToolbox.framework/Versions/A/HIToolbox
0x000000000c6a4000 	/System/Library/Frameworks/QuartzCore.framework/Versions/A/QuartzCore
0x000000000c6a4000 	/System/Library/Frameworks/Carbon.framework/Versions/A/Frameworks/SpeechRecognition.framework/Versions/A/SpeechRecognition
0x000000000c6a4000 	/usr/lib/libauto.dylib
0x000000000c6a4000 	/usr/lib/libicucore.A.dylib
0x000000000c6a4000 	/usr/lib/libxml2.2.dylib
0x000000000c6a4000 	/System/Library/PrivateFrameworks/CoreUI.framework/Versions/A/CoreUI
0x000000000c6a4000 	/System/Library/Frameworks/CoreAudio.framework/Versions/A/CoreAudio
0x000000000c6a4000 	/System/Library/Frameworks/DiskArbitration.framework/Versions/A/DiskArbitration
0x000000000c6a4000 	/usr/lib/liblangid.dylib
0x000000000c6a4000 	/System/Library/PrivateFrameworks/MultitouchSupport.framework/Versions/A/MultitouchSupport
0x000000000c6a4000 	/System/Library/Frameworks/IOKit.framework/Versions/A/IOKit
0x000000000c6a4000 	/usr/lib/libDiagnosticMessagesClient.dylib
0x000000000c6a4000 	/System/Library/Frameworks/CoreServices.framework/Versions/A/CoreServices
0x000000000c6a4000 	/System/Library/PrivateFrameworks/PerformanceAnalysis.framework/Versions/A/PerformanceAnalysis
0x000000000c6a4000 	/System/Library/PrivateFrameworks/GenerationalStorage.framework/Versions/A/GenerationalStorage
0x000000000c6a4000 	/System/Library/Frameworks/OpenGL.framework/Versions/A/OpenGL
0x000000000c6a4000 	/System/Library/PrivateFrameworks/Sharing.framework/Versions/A/Sharing
0x000000000c6a4000 	/System/Library/Frameworks/CoreGraphics.framework/Versions/A/CoreGraphics
0x000000000c6a4000 	/System/Library/Frameworks/CoreText.framework/Versions/A/CoreText
0x000000000c6a4000 	/System/Library/Frameworks/ImageIO.framework/Versions/A/ImageIO
0x000000000c6a4000 	/usr/lib/libextension.dylib
0x000000000c6a4000 	/System/Library/PrivateFrameworks/Backup.framework/Versions/A/Backup
0x000000000c6a4000 	/usr/lib/libarchive.2.dylib
0x000000000c6a4000 	/System/Library/Frameworks/CFNetwork.framework/Versions/A/CFNetwork
0x000000000c6a4000 	/System/Library/Frameworks/SystemConfiguration.framework/Versions/A/SystemConfiguration
0x000000000c6a4000 	/usr/lib/libCRFSuite.dylib
0x000000000c6a4000 	/usr/lib/libc++.1.dylib
0x000000000c6a4000 	/usr/lib/libc++abi.dylib
0x000000000c6a4000 	/usr/lib/system/libcache.dylib
0x000000000c6a4000 	/usr/lib/system/libcommonCrypto.dylib
0x000000000c6a4000 	/usr/lib/system/libcompiler_rt.dylib
0x000000000c6a4000 	/usr/lib/system/libcopyfile.dylib
0x000000000c6a4000 	/usr/lib/system/libcorecrypto.dylib
0x000000000c6a4000 	/usr/lib/system/libdispatch.dylib
0x000000000c6a4000 	/usr/lib/system/libdyld.dylib
0x000000000c6a4000 	/usr/lib/system/libkeymgr.dylib
0x000000000c6a4000 	/usr/lib/system/liblaunch.dylib
0x000000000c6a4000 	/usr/lib/system/libmacho.dylib
0x000000000c6a4000 	/usr/lib/system/libquarantine.dylib
0x000000000c6a4000 	/usr/lib/system/libremovefile.dylib
0x000000000c6a4000 	/usr/lib/system/libsystem_asl.dylib
0x000000000c6a4000 	/usr/lib/system/libsystem_blocks.dylib
0x000000000c6a4000 	/usr/lib/system/libsystem_c.dylib
0x000000000c6a4000 	/usr/lib/system/libsystem_configuration.dylib
0x000000000c6a4000 	/usr/lib/system/libsystem_coreservices.dylib
0x000000000c6a4000 	/usr/lib/system/libsystem_coretls.dylib
0x000000000c6a4000 	/usr/lib/system/libsystem_dnssd.dylib
0x000000000c6a4000 	/usr/lib/system/libsystem_info.dylib
0x000000000c6a4000 	/usr/lib/system/libsystem_kernel.dylib
0x000000000c6a4000 	/usr/lib/system/libsystem_m.dylib
0x000000000c6a4000 	/usr/lib/system/libsystem_malloc.dylib
0x000000000c6a4000 	/usr/lib/system/libsystem_network.dylib
0x000000000c6a4000 	/usr/lib/system/libsystem_networkextension.dylib
0x000000000c6a4000 	/usr/lib/system/libsystem_notify.dylib
0x000000000c6a4000 	/usr/lib/system/libsystem_platform.dylib
0x000000000c6a4000 	/usr/lib/system/libsystem_pthread.dylib
0x000000000c6a4000 	/usr/lib/system/libsystem_sandbox.dylib
0x000000000c6a4000 	/usr/lib/system/libsystem_secinit.dylib
0x000000000c6a4000 	/usr/lib/system/libsystem_stats.dylib
0x000000000c6a4000 	/usr/lib/system/libsystem_trace.dylib
0x000000000c6a4000 	/usr/lib/system/libunc.dylib
0x000000000c6a4000 	/usr/lib/system/libunwind.dylib
0x000000000c6a4000 	/usr/lib/system/libxpc.dylib
0x000000000c6a4000 	/usr/lib/libbz2.1.0.dylib
0x000000000c6a4000 	/usr/lib/liblzma.5.dylib
0x000000000c6a4000 	/usr/lib/libbsm.0.dylib
0x000000000c6a4000 	/usr/lib/libsqlite3.dylib
0x000000000c6a4000 	/usr/lib/system/libkxld.dylib
0x000000000c6a4000 	/usr/lib/libxar.1.dylib
0x000000000c6a4000 	/usr/lib/libpam.2.dylib
0x000000000c6a4000 	/usr/lib/libOpenScriptingUtil.dylib
0x000000000c6a4000 	/System/Library/Frameworks/CoreServices.framework/Versions/A/Frameworks/FSEvents.framework/Versions/A/FSEvents
0x000000000c6a4000 	/System/Library/Frameworks/CoreServices.framework/Versions/A/Frameworks/CarbonCore.framework/Versions/A/CarbonCore
0x000000000c6a4000 	/System/Library/Frameworks/CoreServices.framework/Versions/A/Frameworks/Metadata.framework/Versions/A/Metadata
0x000000000c6a4000 	/System/Library/Frameworks/CoreServices.framework/Versions/A/Frameworks/OSServices.framework/Versions/A/OSServices
0x000000000c6a4000 	/System/Library/Frameworks/CoreServices.framework/Versions/A/Frameworks/SearchKit.framework/Versions/A/SearchKit
0x000000000c6a4000 	/System/Library/Frameworks/CoreServices.framework/Versions/A/Frameworks/AE.framework/Versions/A/AE
0x000000000c6a4000 	/System/Library/Frameworks/CoreServices.framework/Versions/A/Frameworks/LaunchServices.framework/Versions/A/LaunchServices
0x000000000c6a4000 	/System/Library/Frameworks/CoreServices.framework/Versions/A/Frameworks/DictionaryServices.framework/Versions/A/DictionaryServices
0x000000000c6a4000 	/System/Library/Frameworks/NetFS.framework/Versions/A/NetFS
0x000000000c6a4000 	/System/Library/PrivateFrameworks/NetAuth.framework/Versions/A/NetAuth
0x000000000c6a4000 	/System/Library/PrivateFrameworks/login.framework/Versions/A/Frameworks/loginsupport.framework/Versions/A/loginsupport
0x000000000c6a4000 	/System/Library/PrivateFrameworks/TCC.framework/Versions/A/TCC
0x000000000c6a4000 	/usr/lib/libmecabra.dylib
0x000000000c6a4000 	/System/Library/Frameworks/ApplicationServices.framework/Versions/A/Frameworks/ATS.framework/Versions/A/ATS
0x000000000c6a4000 	/System/Library/Frameworks/ApplicationServices.framework/Versions/A/Frameworks/ColorSync.framework/Versions/A/ColorSync
0x000000000c6a4000 	/System/Library/Frameworks/ApplicationServices.framework/Versions/A/Frameworks/HIServices.framework/Versions/A/HIServices
0x000000000c6a4000 	/System/Library/Frameworks/ApplicationServices.framework/Versions/A/Frameworks/LangAnalysis.framework/Versions/A/LangAnalysis
0x000000000c6a4000 	/System/Library/Frameworks/ApplicationServices.framework/Versions/A/Frameworks/PrintCore.framework/Versions/A/PrintCore
0x000000000c6a4000 	/System/Library/Frameworks/ApplicationServices.framework/Versions/A/Frameworks/QD.framework/Versions/A/QD
0x000000000c6a4000 	/System/Library/Frameworks/ApplicationServices.framework/Versions/A/Frameworks/SpeechSynthesis.framework/Versions/A/SpeechSynthesis
0x000000000c6a4000 	/System/Library/Frameworks/Accelerate.framework/Versions/A/Accelerate
0x000000000c6a4000 	/System/Library/Frameworks/Accelerate.framework/Versions/A/Frameworks/vImage.framework/Versions/A/vImage
0x000000000c6a4000 	/System/Library/Frameworks/Accelerate.framework/Versions/A/Frameworks/vecLib.framework/Versions/A/vecLib
0x000000000c6a4000 	/System/Library/Frameworks/Accelerate.framework/Versions/A/Frameworks/vecLib.framework/Versions/A/libvDSP.dylib
0x000000000c6a4000 	/System/Library/Frameworks/Accelerate.framework/Versions/A/Frameworks/vecLib.framework/Versions/A/libvMisc.dylib
0x000000000c6a4000 	/System/Library/Frameworks/Accelerate.framework/Versions/A/Frameworks/vecLib.framework/Versions/A/libLAPACK.dylib
0x000000000c6a4000 	/System/Library/Frameworks/Accelerate.framework/Versions/A/Frameworks/vecLib.framework/Versions/A/libBLAS.dylib
0x000000000c6a4000 	/System/Library/Frameworks/Accelerate.framework/Versions/A/Frameworks/vecLib.framework/Versions/A/libLinearAlgebra.dylib
0x000000000c6a4000 	/System/Library/Frameworks/ApplicationServices.framework/Versions/A/Frameworks/ATS.framework/Versions/A/Resources/libFontParser.dylib
0x000000000c6a4000 	/System/Library/Frameworks/ApplicationServices.framework/Versions/A/Frameworks/ATS.framework/Versions/A/Resources/libFontRegistry.dylib
0x000000000c6a4000 	/System/Library/PrivateFrameworks/AppleVPA.framework/Versions/A/AppleVPA
0x000000000c6a4000 	/System/Library/PrivateFrameworks/AppleJPEG.framework/Versions/A/AppleJPEG
0x000000000c6a4000 	/System/Library/Frameworks/ImageIO.framework/Versions/A/Resources/libJPEG.dylib
0x000000000c6a4000 	/System/Library/Frameworks/ImageIO.framework/Versions/A/Resources/libTIFF.dylib
0x000000000c6a4000 	/System/Library/Frameworks/ImageIO.framework/Versions/A/Resources/libPng.dylib
0x000000000c6a4000 	/System/Library/Frameworks/ImageIO.framework/Versions/A/Resources/libGIF.dylib
0x000000000c6a4000 	/System/Library/Frameworks/ImageIO.framework/Versions/A/Resources/libJP2.dylib
0x000000000c6a4000 	/System/Library/Frameworks/ImageIO.framework/Versions/A/Resources/libRadiance.dylib
0x000000000c6a4000 	/System/Library/Frameworks/CoreVideo.framework/Versions/A/CoreVideo
0x000000000c6a4000 	/System/Library/Frameworks/OpenGL.framework/Versions/A/Libraries/libGLU.dylib
0x000000000c6a4000 	/System/Library/Frameworks/OpenGL.framework/Versions/A/Libraries/libGFXShared.dylib
0x000000000c6a4000 	/System/Library/Frameworks/OpenGL.framework/Versions/A/Libraries/libGL.dylib
0x000000000c6a4000 	/System/Library/Frameworks/OpenGL.framework/Versions/A/Libraries/libGLImage.dylib
0x000000000c6a4000 	/System/Library/Frameworks/OpenGL.framework/Versions/A/Libraries/libCVMSPluginSupport.dylib
0x000000000c6a4000 	/System/Library/Frameworks/OpenGL.framework/Versions/A/Libraries/libCoreVMClient.dylib
0x000000000c6a4000 	/usr/lib/libcups.2.dylib
0x000000000c6a4000 	/System/Library/Frameworks/Kerberos.framework/Versions/A/Kerberos
0x000000000c6a4000 	/System/Library/Frameworks/GSS.framework/Versions/A/GSS
0x000000000c6a4000 	/usr/lib/libresolv.9.dylib
0x000000000c6a4000 	/usr/lib/libiconv.2.dylib
0x000000000c6a4000 	/System/Library/PrivateFrameworks/Heimdal.framework/Versions/A/Heimdal
0x000000000c6a4000 	/usr/lib/libheimdal-asn1.dylib
0x000000000c6a4000 	/System/Library/Frameworks/OpenDirectory.framework/Versions/A/OpenDirectory
0x000000000c6a4000 	/System/Library/PrivateFrameworks/CommonAuth.framework/Versions/A/CommonAuth
0x000000000c6a4000 	/System/Library/Frameworks/OpenDirectory.framework/Versions/A/Frameworks/CFOpenDirectory.framework/Versions/A/CFOpenDirectory
0x000000000c6a4000 	/System/Library/Frameworks/SecurityFoundation.framework/Versions/A/SecurityFoundation
0x000000000c6a4000 	/System/Library/PrivateFrameworks/LanguageModeling.framework/Versions/A/LanguageModeling
0x000000000c6a4000 	/usr/lib/libcmph.dylib
0x000000000c6a4000 	/System/Library/Frameworks/ServiceManagement.framework/Versions/A/ServiceManagement
0x000000000c6a4000 	/usr/lib/libxslt.1.dylib
0x000000000c6a4000 	/System/Library/Frameworks/Carbon.framework/Versions/A/Frameworks/Ink.framework/Versions/A/Ink
0x000000000c6a4000 	/System/Library/Frameworks/QuartzCore.framework/Versions/A/Frameworks/CoreImage.framework/Versions/A/CoreImage
0x000000000c6a4000 	/System/Library/PrivateFrameworks/CrashReporterSupport.framework/Versions/A/CrashReporterSupport
0x000000000c6a4000 	/System/Library/Frameworks/OpenCL.framework/Versions/A/OpenCL
0x000000000c6a4000 	/System/Library/PrivateFrameworks/FaceCore.framework/Versions/A/FaceCore
0x000000000c6a4000 	/System/Library/PrivateFrameworks/Ubiquity.framework/Versions/A/Ubiquity
0x000000000c6a4000 	/System/Library/PrivateFrameworks/IconServices.framework/Versions/A/IconServices
0x000000000c6a4000 	/System/Library/PrivateFrameworks/ChunkingLibrary.framework/Versions/A/ChunkingLibrary
0x000000000c6a4000 	/System/Library/PrivateFrameworks/Apple80211.framework/Versions/A/Apple80211
0x000000000c6a4000 	/System/Library/Frameworks/CoreWLAN.framework/Versions/A/CoreWLAN
0x000000000c6a4000 	/System/Library/Frameworks/IOBluetooth.framework/Versions/A/IOBluetooth
0x000000000c6a4000 	/System/Library/PrivateFrameworks/CoreWiFi.framework/Versions/A/CoreWiFi
0x000000000c6a4000 	/System/Library/Frameworks/CoreBluetooth.framework/Versions/A/CoreBluetooth
0x000000000c6a4000 	/System/Library/PrivateFrameworks/DebugSymbols.framework/Versions/A/DebugSymbols
0x000000000c6a4000 	/System/Library/PrivateFrameworks/CoreSymbolication.framework/Versions/A/CoreSymbolication
0x000000000c6a4000 	/System/Library/PrivateFrameworks/Symbolication.framework/Versions/A/Symbolication
0x000000000c6a4000 	/System/Library/PrivateFrameworks/SpeechRecognitionCore.framework/Versions/A/SpeechRecognitionCore
0x000000010ca00000 	/Library/Java/JavaVirtualMachines/jdk1.8.0_60.jdk/Contents/Home/jre/lib/server/libjvm.dylib
0x000000000c6a4000 	/usr/lib/libstdc++.6.dylib
0x000000010da8c000 	/Library/Java/JavaVirtualMachines/jdk1.8.0_60.jdk/Contents/Home/jre/lib/libverify.dylib
0x000000010da9a000 	/Library/Java/JavaVirtualMachines/jdk1.8.0_60.jdk/Contents/Home/jre/lib/libjava.dylib
0x000000010dacf000 	/Library/Java/JavaVirtualMachines/jdk1.8.0_60.jdk/Contents/Home/jre/lib/libzip.dylib
0x0000000123b4f000 	/System/Library/Frameworks/JavaVM.framework/Frameworks/JavaRuntimeSupport.framework/JavaRuntimeSupport
0x0000000123b6a000 	/System/Library/Frameworks/JavaVM.framework/Versions/A/Frameworks/JavaNativeFoundation.framework/Versions/A/JavaNativeFoundation
0x0000000123b7f000 	/System/Library/Frameworks/JavaVM.framework/Versions/A/JavaVM
0x000000000c6a4000 	/System/Library/Frameworks/Carbon.framework/Versions/A/Carbon
0x0000000123b8c000 	/System/Library/PrivateFrameworks/JavaLaunching.framework/Versions/A/JavaLaunching
0x000000000c6a4000 	/System/Library/Frameworks/Carbon.framework/Versions/A/Frameworks/CommonPanels.framework/Versions/A/CommonPanels
0x000000000c6a4000 	/System/Library/Frameworks/Carbon.framework/Versions/A/Frameworks/Help.framework/Versions/A/Help
0x000000000c6a4000 	/System/Library/Frameworks/Carbon.framework/Versions/A/Frameworks/ImageCapture.framework/Versions/A/ImageCapture
0x000000000c6a4000 	/System/Library/Frameworks/Carbon.framework/Versions/A/Frameworks/OpenScripting.framework/Versions/A/OpenScripting
0x000000000c6a4000 	/System/Library/Frameworks/Carbon.framework/Versions/A/Frameworks/Print.framework/Versions/A/Print
0x000000000c6a4000 	/System/Library/Frameworks/Carbon.framework/Versions/A/Frameworks/SecurityHI.framework/Versions/A/SecurityHI
0x0000000125ada000 	/Library/Java/JavaVirtualMachines/jdk1.8.0_60.jdk/Contents/Home/jre/lib/libawt.dylib
0x0000000125b82000 	/Library/Java/JavaVirtualMachines/jdk1.8.0_60.jdk/Contents/Home/jre/lib/./libmlib_image.dylib
0x0000000125c4e000 	/Library/Java/JavaVirtualMachines/jdk1.8.0_60.jdk/Contents/Home/jre/lib/libawt_lwawt.dylib
0x0000000125d03000 	/Library/Java/JavaVirtualMachines/jdk1.8.0_60.jdk/Contents/Home/jre/lib/./libosxapp.dylib
0x000000000c6a4000 	/System/Library/Frameworks/ExceptionHandling.framework/Versions/A/ExceptionHandling
0x000000000c6a4000 	/System/Library/PrivateFrameworks/CoreServicesInternal.framework/Versions/A/CoreServicesInternal
0x000000000c6a4000 	/System/Library/PrivateFrameworks/CloudDocs.framework/Versions/A/CloudDocs
0x000000000c6a4000 	/System/Library/PrivateFrameworks/CoreDuet.framework/Versions/A/CoreDuet
0x000000000c6a4000 	/System/Library/Frameworks/CloudKit.framework/Versions/A/CloudKit
0x000000000c6a4000 	/System/Library/PrivateFrameworks/ProtocolBuffer.framework/Versions/A/ProtocolBuffer
0x000000000c6a4000 	/System/Library/PrivateFrameworks/CoreDuetDaemonProtocol.framework/Versions/A/CoreDuetDaemonProtocol
0x000000000c6a4000 	/System/Library/PrivateFrameworks/CoreDuetDebugLogging.framework/Versions/A/CoreDuetDebugLogging
0x000000000c6a4000 	/System/Library/PrivateFrameworks/MMCS.framework/Versions/A/MMCS
0x000000000c6a4000 	/System/Library/Frameworks/CoreLocation.framework/Versions/A/CoreLocation
0x000000000c6a4000 	/System/Library/PrivateFrameworks/ProtectedCloudStorage.framework/Versions/A/ProtectedCloudStorage
0x000000000c6a4000 	/System/Library/PrivateFrameworks/GeoServices.framework/Versions/A/GeoServices
0x000000000c6a4000 	/System/Library/Frameworks/CoreGraphics.framework/Versions/A/Resources/libCGCMS.A.dylib
0x000000000c6a4000 	/System/Library/Frameworks/CoreGraphics.framework/Versions/A/Resources/libRIP.A.dylib
0x000000000c6a4000 	/System/Library/Frameworks/CoreGraphics.framework/Versions/A/Resources/libCGXType.A.dylib
0x000000000c6a4000 	/System/Library/Frameworks/OpenCL.framework/Versions/A/Libraries/libcldcpuengine.dylib
0x000000000c6a4000 	/System/Library/PrivateFrameworks/DiskImages.framework/Versions/A/DiskImages
0x000000000c6a4000 	/System/Library/Frameworks/DiscRecording.framework/Versions/A/DiscRecording
0x000000000c6a4000 	/usr/lib/libcsfde.dylib
0x000000000c6a4000 	/usr/lib/libcurl.4.dylib
0x000000000c6a4000 	/System/Library/PrivateFrameworks/MediaKit.framework/Versions/A/MediaKit
0x000000000c6a4000 	/usr/lib/libCoreStorage.dylib
0x000000000c6a4000 	/System/Library/PrivateFrameworks/EFILogin.framework/Versions/A/EFILogin
0x000000000c6a4000 	/usr/lib/libutil.dylib
0x000000000c6a4000 	/System/Library/PrivateFrameworks/FindMyDevice.framework/Versions/A/FindMyDevice
0x000000000c6a4000 	/System/Library/Frameworks/LDAP.framework/Versions/A/LDAP
0x000000000c6a4000 	/usr/lib/libsasl2.2.dylib
0x000000000c6a4000 	/System/Library/PrivateFrameworks/CoreDaemon.framework/Versions/B/CoreDaemon
0x000000000c6a4000 	/usr/lib/libcrypto.0.9.8.dylib
0x000000000c6a4000 	/System/Library/PrivateFrameworks/AppleSRP.framework/Versions/A/AppleSRP
0x000000000c6a4000 	/System/Library/PrivateFrameworks/TrustEvaluationAgent.framework/Versions/A/TrustEvaluationAgent
0x0000000126088000 	cl_kernels
0x0000000128f45000 	/System/Library/Frameworks/OpenCL.framework/Versions/A/Libraries/ImageFormats/unorm8_bgra.dylib
0x000000012607a000 	cl_kernels
0x000000000c6a4000 	/System/Library/PrivateFrameworks/FamilyControls.framework/Versions/A/FamilyControls
0x000000000c6a4000 	/System/Library/PrivateFrameworks/CommerceKit.framework/Versions/A/Frameworks/CommerceCore.framework/Versions/A/CommerceCore
0x000000000c6a4000 	/System/Library/PrivateFrameworks/SystemAdministration.framework/Versions/A/SystemAdministration
0x000000000c6a4000 	/System/Library/PrivateFrameworks/AppContainer.framework/Versions/A/AppContainer
0x000000000c6a4000 	/System/Library/PrivateFrameworks/SecCodeWrapper.framework/Versions/A/SecCodeWrapper
0x000000000c6a4000 	/System/Library/Frameworks/DirectoryService.framework/Versions/A/DirectoryService
0x000000000c6a4000 	/System/Library/PrivateFrameworks/LoginUIKit.framework/Versions/A/Frameworks/LoginUICore.framework/Versions/A/LoginUICore
0x000000000c6a4000 	/usr/lib/libodfde.dylib
0x000000012a1c9000 	/Library/Java/JavaVirtualMachines/jdk1.8.0_60.jdk/Contents/Home/jre/lib/libfontmanager.dylib
0x000000012a230000 	/Users/Vincent/Documents/workspace/Dead's Mirror Slick/lib/native/macosx/liblwjgl.dylib
0x00000001283e0000 	/Library/Java/JavaVirtualMachines/jdk1.8.0_60.jdk/Contents/Home/jre/lib/libjawt.dylib
0x000000000c6a4000 	/System/Library/Frameworks/OpenGL.framework/Versions/A/Resources/GLEngine.bundle/GLEngine
0x000000000c6a4000 	/System/Library/Frameworks/OpenGL.framework/Versions/A/Libraries/libGLProgrammability.dylib
0x000000012a2b2000 	/System/Library/Extensions/AppleIntelBDWGraphicsGLDriver.bundle/Contents/MacOS/AppleIntelBDWGraphicsGLDriver
0x000000000c6a4000 	/System/Library/PrivateFrameworks/IOAccelerator.framework/Versions/A/IOAccelerator
0x000000000c6a4000 	/System/Library/PrivateFrameworks/GPUSupport.framework/Versions/A/Libraries/libGPUSupportMercury.dylib
0x000000000c6a4000 	/System/Library/Frameworks/OpenGL.framework/Versions/A/Resources/GLRendererFloat.bundle/GLRendererFloat
0x000000012c215000 	/Library/Java/JavaVirtualMachines/jdk1.8.0_60.jdk/Contents/Home/jre/lib/libnet.dylib
0x000000012c40f000 	/Library/Java/JavaVirtualMachines/jdk1.8.0_60.jdk/Contents/Home/jre/lib/libnio.dylib
0x000000000c6a4000 	/System/Library/Frameworks/ApplicationServices.framework/Versions/A/Frameworks/ATS.framework/Versions/A/Resources/libTrueTypeScaler.dylib
0x0000000178249000 	/Library/Java/JavaVirtualMachines/jdk1.8.0_60.jdk/Contents/Home/jre/lib/libt2k.dylib
0x0000000127500000 	/Library/Java/JavaVirtualMachines/jdk1.8.0_60.jdk/Contents/Home/jre/lib/libjpeg.dylib
0x0000000177b5a000 	/Users/Vincent/Documents/workspace/Dead's Mirror Slick/lib/native/macosx/openal.dylib
0x0000000178716000 	/System/Library/Components/CoreAudio.component/Contents/MacOS/CoreAudio
0x000000012a9bc000 	/System/Library/Extensions/AppleHDA.kext/Contents/PlugIns/AppleHDAHALPlugIn.bundle/Contents/MacOS/AppleHDAHALPlugIn

VM Arguments:
jvm_args: -Djava.library.path=/Users/Vincent/Documents/workspace/Dead's Mirror Slick/lib/native/macosx -Dfile.encoding=UTF-8 
java_command: Principal.StateGame
java_class_path (initial): /Users/Vincent/Documents/workspace/Dead's Mirror Slick/bin:/Users/Vincent/Documents/workspace/Dead's Mirror Slick/lib/jar/lwjgl.jar:/Users/Vincent/Documents/workspace/Dead's Mirror Slick/lib/jar/slick.jar:/Users/Vincent/Documents/workspace/Dead's Mirror Slick/lib/jar/jogg-0.0.7.jar:/Users/Vincent/Documents/workspace/Dead's Mirror Slick/lib/jar/jorbis-0.0.15.jar:/Users/Vincent/Documents/workspace/Dead's Mirror Slick/lib/jar/lwjgl_util.jar:/Users/Vincent/Documents/workspace/Dead's Mirror Slick/lib/jar/slick-util.jar:/Users/Vincent/Documents/workspace/Dead's Mirror Slick/lib/jar/SlickUtils-1.3.jar
Launcher Type: SUN_STANDARD

Environment Variables:
PATH=/usr/bin:/bin:/usr/sbin:/sbin
SHELL=/bin/bash

Signal Handlers:
SIGSEGV: [libjvm.dylib+0x5a6d31], sa_mask[0]=11111111011111110111111111111111, sa_flags=SA_ONSTACK|SA_RESTART|SA_SIGINFO
SIGBUS: [libjvm.dylib+0x5a6d31], sa_mask[0]=11111111011111110111111111111111, sa_flags=SA_RESTART|SA_SIGINFO
SIGFPE: [libjvm.dylib+0x480a4c], sa_mask[0]=11111111011111110111111111111111, sa_flags=SA_RESTART|SA_SIGINFO
SIGPIPE: [libjvm.dylib+0x480a4c], sa_mask[0]=11111111011111110111111111111111, sa_flags=SA_RESTART|SA_SIGINFO
SIGXFSZ: [libjvm.dylib+0x480a4c], sa_mask[0]=11111111011111110111111111111111, sa_flags=SA_RESTART|SA_SIGINFO
SIGILL: [libjvm.dylib+0x480a4c], sa_mask[0]=11111111011111110111111111111111, sa_flags=SA_RESTART|SA_SIGINFO
SIGUSR1: SIG_DFL, sa_mask[0]=00000000000000000000000000000000, sa_flags=none
SIGUSR2: [libjvm.dylib+0x48056a], sa_mask[0]=00100000000000000000000000000000, sa_flags=SA_RESTART|SA_SIGINFO
SIGHUP: [libjvm.dylib+0x47eb41], sa_mask[0]=11111111011111110111111111111111, sa_flags=SA_RESTART|SA_SIGINFO
SIGINT: [libjvm.dylib+0x47eb41], sa_mask[0]=11111111011111110111111111111111, sa_flags=SA_RESTART|SA_SIGINFO
SIGTERM: [libjvm.dylib+0x47eb41], sa_mask[0]=11111111011111110111111111111111, sa_flags=SA_RESTART|SA_SIGINFO
SIGQUIT: [libjvm.dylib+0x47eb41], sa_mask[0]=11111111011111110111111111111111, sa_flags=SA_RESTART|SA_SIGINFO


---------------  S Y S T E M  ---------------

OS:Bsduname:Darwin 14.5.0 Darwin Kernel Version 14.5.0: Wed Jul 29 02:26:53 PDT 2015; root:xnu-2782.40.9~1/RELEASE_X86_64 x86_64
rlimit: STACK 8192k, CORE 0k, NPROC 709, NOFILE 10240, AS infinity
load average:2.05 1.85 1.80

CPU:total 4 (2 cores per cpu, 2 threads per core) family 6 model 61 stepping 4, cmov, cx8, fxsr, mmx, sse, sse2, sse3, ssse3, sse4.1, sse4.2, popcnt, avx, avx2, aes, clmul, erms, 3dnowpref, lzcnt, ht, tsc, tscinvbit, bmi1, bmi2, adx

Memory: 4k page, physical 8388608k(187988k free)

/proc/meminfo:


vm_info: Java HotSpot(TM) 64-Bit Server VM (25.60-b23) for bsd-amd64 JRE (1.8.0_60-b27), built on Aug  4 2015 10:47:24 by "java_re" with gcc 4.2.1 (Based on Apple Inc. build 5658) (LLVM build 2336.11.00)

time: Mon Jan 18 13:49:40 2016
elapsed time: 26 seconds (0d 0h 0m 26s)

