#
# A fatal error has been detected by the Java Runtime Environment:
#
#  SIGSEGV (0xb) at pc=0x00007fff8d6cce0e, pid=1915, tid=1811
#
# JRE version: Java(TM) SE Runtime Environment (8.0_60-b27) (build 1.8.0_60-b27)
# Java VM: Java HotSpot(TM) 64-Bit Server VM (25.60-b23 mixed mode bsd-amd64 compressed oops)
# Problematic frame:
# C  [GLEngine+0x16e0e]  glScissor_Exec+0x24
#
# Failed to write core dump. Core dumps have been disabled. To enable core dumping, try "ulimit -c unlimited" before starting Java again
#
# If you would like to submit a bug report, please visit:
#   http://bugreport.java.com/bugreport/crash.jsp
# The crash happened outside the Java Virtual Machine in native code.
# See problematic frame for where to report the bug.
#

---------------  T H R E A D  ---------------

Current thread (0x00007fed1d853800):  JavaThread "AppKit Thread" daemon [_thread_in_native, id=1811, stack(0x00007fff507e0000,0x00007fff50fe0000)]

siginfo: si_signo: 11 (SIGSEGV), si_code: 0 (unknown), si_addr: 0x0000000000000000

Registers:
RAX=0x3300d8f5ba491823, RBX=0x00007fff73ce6070, RCX=0x0000000000000320, RDX=0x0000000000000000
RSP=0x00007fff50fdab30, RBP=0x00007fff50fdab50, RSI=0x0000000000000000, RDI=0x4000000000000000
R8 =0x0000000000000258, R9 =0x0000000000000000, R10=0x0000000000000038, R11=0x0000000000000206
R12=0x00007fed1cad1c00, R13=0x0000000000035a57, R14=0x0000000000000f5d, R15=0x0000000000000000
RIP=0x00007fff8d6cce0e, EFLAGS=0x0000000000010206, ERR=0x0000000000000000
  TRAPNO=0x000000000000000d

Top of Stack: (sp=0x00007fff50fdab30)
0x00007fff50fdab30:   0000000000000000 0000025800000320
0x00007fff50fdab40:   3300d8f5ba491823 0000000030adda5a
0x00007fff50fdab50:   00007fff50fdabc0 00007fff9140382f
0x00007fff50fdab60:   00007fff50fdabc0 00007fff30adda5a
0x00007fff50fdab70:   3ff0000000000000 0000000000000000
0x00007fff50fdab80:   4089000000000000 4089000000000000
0x00007fff50fdab90:   4082c00000000000 00007fed1bd825b0
0x00007fff50fdaba0:   0000000000000f5d 0000000000035a57
0x00007fff50fdabb0:   00007fed1be8f920 00007fff83def0c0
0x00007fff50fdabc0:   00007fff50fdac10 00007fff8ac49c34
0x00007fff50fdabd0:   0000000000000000 00007fed1bf738b0
0x00007fff50fdabe0:   00007fed1cad1c00 0000000000000000
0x00007fff50fdabf0:   00007fff83def0c0 00007fed1be69d10
0x00007fff50fdac00:   00007fed1bf738b0 00007fed1be8f920
0x00007fff50fdac10:   00007fff50fdac40 00007fff8ac34b7c
0x00007fff50fdac20:   00007fed1bf738b0 0000000000000094
0x00007fff50fdac30:   00007fed1be8f920 00007fff50fdb160
0x00007fff50fdac40:   00007fff50fdac70 000000012ea93586
0x00007fff50fdac50:   00007fed1bf738b0 000000012eac7c60
0x00007fff50fdac60:   00007fed1be69d10 00007fed1bf738b0
0x00007fff50fdac70:   00007fff50fdb150 00007fff8a9f8f45
0x00007fff50fdac80:   0000000000000000 0000000000000000
0x00007fff50fdac90:   4089000000000000 4082c00000000000
0x00007fff50fdaca0:   0000000000000000 0000000000000000
0x00007fff50fdacb0:   4089000000000000 4082c00000000000
0x00007fff50fdacc0:   4089000000000000 4083700000000000
0x00007fff50fdacd0:   401c000000000000 4082d80000000000
0x00007fff50fdace0:   402c000000000000 4030000000000000
0x00007fff50fdacf0:   401c000000000000 0000000000000000
0x00007fff50fdad00:   0000000000000000 4030000000000000
0x00007fff50fdad10:   00007fff8b2db129 4018000000000000
0x00007fff50fdad20:   00007fed1bf6f030 0000000100000000 

Instructions: (pc=0x00007fff8d6cce0e)
0x00007fff8d6ccdee:   53 48 83 ec 18 48 8b 1d 06 02 24 e6 48 8b 03 48
0x00007fff8d6ccdfe:   89 45 f0 89 75 e0 89 55 e4 89 4d e8 44 89 45 ec
0x00007fff8d6cce0e:   66 83 bf 94 98 00 00 00 78 15 66 83 bf 28 9f 00
0x00007fff8d6cce1e:   00 00 75 1b 66 c7 87 28 9f 00 00 02 05 eb 10 48 

Register to memory mapping:

RAX=0x3300d8f5ba491823 is an unknown value
RBX=0x00007fff73ce6070: __stack_chk_guard+0 in /usr/lib/system/libsystem_c.dylib at 0x00007fff8fe8c000
RCX=0x0000000000000320 is an unknown value
RDX=0x0000000000000000 is an unknown value
RSP=0x00007fff50fdab30 is pointing into the stack for thread: 0x00007fed1d853800
RBP=0x00007fff50fdab50 is pointing into the stack for thread: 0x00007fed1d853800
RSI=0x0000000000000000 is an unknown value
RDI=0x4000000000000000 is an unknown value
R8 =0x0000000000000258 is an unknown value
R9 =0x0000000000000000 is an unknown value
R10=0x0000000000000038 is an unknown value
R11=0x0000000000000206 is an unknown value
R12=0x00007fed1cad1c00 is an unknown value
R13=0x0000000000035a57 is an unknown value
R14=0x0000000000000f5d is an unknown value
R15=0x0000000000000000 is an unknown value


Stack: [0x00007fff507e0000,0x00007fff50fe0000],  sp=0x00007fff50fdab30,  free space=8170k
Native frames: (J=compiled Java code, j=interpreted, Vv=VM code, C=native code)
C  [GLEngine+0x16e0e]  glScissor_Exec+0x24
C  [OpenGL+0x782f]  CGLSetSurface+0x21e
C  [AppKit+0x332c34]  NSOpenGLContextAttachOnScreenViewSurface+0x109
C  [AppKit+0x31db7c]  -[NSOpenGLContext setView:]+0x83
C  [liblwjgl.dylib+0xa586]  -[MacOSXOpenGLView lockFocus]+0x76
C  [AppKit+0xe1f45]  -[NSView _recursiveDisplayRectIfNeededIgnoringOpacity:isVisibleRect:rectIsVisibleRectForView:topView:]+0x740
C  [AppKit+0xe2fa0]  -[NSView _recursiveDisplayRectIfNeededIgnoringOpacity:isVisibleRect:rectIsVisibleRectForView:topView:]+0x179b
C  [AppKit+0xe12f3]  -[NSThemeFrame _recursiveDisplayRectIfNeededIgnoringOpacity:isVisibleRect:rectIsVisibleRectForView:topView:]+0x14d
C  [AppKit+0xdd68b]  -[NSView _displayRectIgnoringOpacity:isVisibleRect:rectIsVisibleRectForView:]+0xac9
C  [AppKit+0x951ae]  -[NSView displayIfNeeded]+0x754
C  [AppKit+0x94a09]  -[NSWindow displayIfNeeded]+0xec
C  [AppKit+0x94672]  _handleWindowNeedsDisplayOrLayoutOrUpdateConstraints+0x3a8
C  [AppKit+0x7ca171]  __83-[NSWindow _postWindowNeedsDisplayOrLayoutOrUpdateConstraintsUnlessPostingDisabled]_block_invoke1540+0x2e
C  [CoreFoundation+0x80127]  __CFRUNLOOP_IS_CALLING_OUT_TO_AN_OBSERVER_CALLBACK_FUNCTION__+0x17
C  [CoreFoundation+0x80080]  __CFRunLoopDoObservers+0x170
C  [CoreFoundation+0x72188]  __CFRunLoopRun+0x368
C  [CoreFoundation+0x71bd8]  CFRunLoopRunSpecific+0x128
C  [HIToolbox+0x3256f]  RunCurrentEventLoopInMode+0xeb
C  [HIToolbox+0x321ee]  ReceiveNextEventCommon+0xb3
C  [HIToolbox+0x3212b]  _BlockUntilNextEventMatchingListInModeWithFilter+0x47
C  [AppKit+0x918ab]  _DPSNextEvent+0x3d2
C  [AppKit+0x90e58]  -[NSApplication nextEventMatchingMask:untilDate:inMode:dequeue:]+0x15a
C  [libosxapp.dylib+0x23aa]  -[NSApplicationAWT nextEventMatchingMask:untilDate:inMode:dequeue:]+0x7c
C  [AppKit+0x86af3]  -[NSApplication run]+0x252
C  [libosxapp.dylib+0x214d]  +[NSApplicationAWT runAWTLoopWithApp:]+0x9c
C  [libawt_lwawt.dylib+0x44517]  -[AWTStarter starter:]+0x389
C  [Foundation+0x92dd0]  __NSThreadPerformPerform+0x125
C  [CoreFoundation+0x80a01]  __CFRUNLOOP_IS_CALLING_OUT_TO_A_SOURCE0_PERFORM_FUNCTION__+0x11
C  [CoreFoundation+0x72b8d]  __CFRunLoopDoSources0+0x10d
C  [CoreFoundation+0x721bf]  __CFRunLoopRun+0x39f
C  [CoreFoundation+0x71bd8]  CFRunLoopRunSpecific+0x128
C  [java+0x6463]  CreateExecutionEnvironment+0x367
C  [java+0x21ac]  JLI_Launch+0x7a0
C  [java+0x84c0]  main+0x65
C  [java+0x1a04]  start+0x34
C  0x0000000000000006


---------------  P R O C E S S  ---------------

Java Threads: ( => current thread )
  0x00007fed1c173800 JavaThread "AWT-EventQueue-0" [_thread_blocked, id=54019, stack(0x0000000130291000,0x0000000130391000)]
  0x00007fed1d113000 JavaThread "Java2D Disposer" daemon [_thread_blocked, id=51479, stack(0x000000012de04000,0x000000012df04000)]
  0x00007fed1c0fb800 JavaThread "Java2D Queue Flusher" daemon [_thread_blocked, id=49927, stack(0x000000012ce13000,0x000000012cf13000)]
  0x00007fed1c08a000 JavaThread "AWT-Shutdown" [_thread_blocked, id=28179, stack(0x0000000129f73000,0x000000012a073000)]
=>0x00007fed1d853800 JavaThread "AppKit Thread" daemon [_thread_in_native, id=1811, stack(0x00007fff507e0000,0x00007fff50fe0000)]
  0x00007fed1d84d800 JavaThread "Service Thread" daemon [_thread_blocked, id=18179, stack(0x00000001283c3000,0x00000001284c3000)]
  0x00007fed1d845000 JavaThread "C1 CompilerThread2" daemon [_thread_blocked, id=17667, stack(0x00000001282c0000,0x00000001283c0000)]
  0x00007fed1d844000 JavaThread "C2 CompilerThread1" daemon [_thread_blocked, id=17155, stack(0x00000001281bd000,0x00000001282bd000)]
  0x00007fed1d82b000 JavaThread "C2 CompilerThread0" daemon [_thread_blocked, id=16643, stack(0x00000001280ba000,0x00000001281ba000)]
  0x00007fed1c807000 JavaThread "Signal Dispatcher" daemon [_thread_blocked, id=13335, stack(0x0000000127fb7000,0x00000001280b7000)]
  0x00007fed1d011800 JavaThread "Finalizer" daemon [_thread_blocked, id=11523, stack(0x0000000126591000,0x0000000126691000)]
  0x00007fed1d83c000 JavaThread "Reference Handler" daemon [_thread_blocked, id=11011, stack(0x000000012648e000,0x000000012658e000)]
  0x00007fed1d006000 JavaThread "main" [_thread_in_native, id=4867, stack(0x000000011058a000,0x000000011068a000)]

Other Threads:
  0x00007fed1c81a000 VMThread [stack: 0x000000012638b000,0x000000012648b000] [id=10499]
  0x00007fed1d83e800 WatcherThread [stack: 0x00000001284c6000,0x00000001285c6000] [id=18691]

VM state:not at safepoint (normal execution)

VM Mutex/Monitor currently owned by a thread: None

Heap:
 PSYoungGen      total 360448K, used 88182K [0x0000000795580000, 0x00000007b7600000, 0x00000007c0000000)
  eden space 345088K, 25% used [0x0000000795580000,0x000000079ab9d9a0,0x00000007aa680000)
  from space 15360K, 0% used [0x00000007aa680000,0x00000007aa680000,0x00000007ab580000)
  to   space 32256K, 0% used [0x00000007b5680000,0x00000007b5680000,0x00000007b7600000)
 ParOldGen       total 165376K, used 54240K [0x0000000740000000, 0x000000074a180000, 0x0000000795580000)
  object space 165376K, 32% used [0x0000000740000000,0x00000007434f8040,0x000000074a180000)
 Metaspace       used 15083K, capacity 15243K, committed 15360K, reserved 1062912K
  class space    used 1645K, capacity 1703K, committed 1792K, reserved 1048576K

Card table byte_map: [0x000000011fa4c000,0x000000011fe4d000] byte_map_base: 0x000000011c04c000

Marking Bits: (ParMarkBitMap*) 0x000000010fedee20
 Begin Bits: [0x0000000120504000, 0x0000000122504000)
 End Bits:   [0x0000000122504000, 0x0000000124504000)

Polling page: 0x000000010ed79000

CodeCache: size=245760Kb used=8165Kb max_used=8343Kb free=237595Kb
 bounds [0x000000011068c000, 0x0000000110efc000, 0x000000011f68c000]
 total_blobs=2515 nmethods=1891 adapters=537
 compilation: enabled

Compilation events (10 events):
Event: 95.102 Thread 0x00007fed1d845000 2074       3       java.util.HashMap::removeNode (291 bytes)
Event: 95.104 Thread 0x00007fed1d845000 nmethod 2074 0x000000011087a690 code [0x000000011087a8e0, 0x000000011087bb38]
Event: 97.824 Thread 0x00007fed1d845000 2076       3       java.util.LinkedHashMap::afterNodeRemoval (65 bytes)
Event: 97.824 Thread 0x00007fed1d845000 nmethod 2076 0x0000000110a47890 code [0x0000000110a47a00, 0x0000000110a47db0]
Event: 104.685 Thread 0x00007fed1d845000 2077       3       package1.Chargement::render (1986 bytes)
Event: 104.717 Thread 0x00007fed1d845000 nmethod 2077 0x0000000110edbe10 code [0x0000000110edd640, 0x0000000110eeff18]
Event: 104.829 Thread 0x00007fed1d82b000 2078       4       org.newdawn.slick.AngelCodeFont::drawString (17 bytes)
Event: 104.855 Thread 0x00007fed1d844000 2079       4       org.newdawn.slick.AngelCodeFont::drawString (222 bytes)
Event: 105.026 Thread 0x00007fed1d844000 nmethod 2079 0x0000000110b210d0 code [0x0000000110b215a0, 0x0000000110b24818]
Event: 105.027 Thread 0x00007fed1d82b000 nmethod 2078 0x0000000110af0450 code [0x0000000110af0920, 0x0000000110af3af8]

GC Heap History (10 events):
Event: 15.555 GC heap before
{Heap before GC invocations=14 (full 2):
 PSYoungGen      total 181248K, used 163270K [0x0000000795580000, 0x00000007a6a00000, 0x00000007c0000000)
  eden space 165376K, 98% used [0x0000000795580000,0x000000079f4f1948,0x000000079f700000)
  from space 15872K, 0% used [0x000000079f700000,0x000000079f700000,0x00000007a0680000)
  to   space 16384K, 0% used [0x00000007a5a00000,0x00000007a5a00000,0x00000007a6a00000)
 ParOldGen       total 159232K, used 68605K [0x0000000740000000, 0x0000000749b80000, 0x0000000795580000)
  object space 159232K, 43% used [0x0000000740000000,0x00000007442ff410,0x0000000749b80000)
 Metaspace       used 13017K, capacity 13195K, committed 13312K, reserved 1060864K
  class space    used 1448K, capacity 1511K, committed 1536K, reserved 1048576K
Event: 15.563 GC heap after
Heap after GC invocations=14 (full 2):
 PSYoungGen      total 252416K, used 8352K [0x0000000795580000, 0x00000007a6280000, 0x00000007c0000000)
  eden space 243712K, 0% used [0x0000000795580000,0x0000000795580000,0x00000007a4380000)
  from space 8704K, 95% used [0x00000007a5a00000,0x00000007a6228010,0x00000007a6280000)
  to   space 15872K, 0% used [0x00000007a4380000,0x00000007a4380000,0x00000007a5300000)
 ParOldGen       total 159232K, used 68605K [0x0000000740000000, 0x0000000749b80000, 0x0000000795580000)
  object space 159232K, 43% used [0x0000000740000000,0x00000007442ff410,0x0000000749b80000)
 Metaspace       used 13017K, capacity 13195K, committed 13312K, reserved 1060864K
  class space    used 1448K, capacity 1511K, committed 1536K, reserved 1048576K
}
Event: 17.530 GC heap before
{Heap before GC invocations=15 (full 2):
 PSYoungGen      total 252416K, used 250232K [0x0000000795580000, 0x00000007a6280000, 0x00000007c0000000)
  eden space 243712K, 99% used [0x0000000795580000,0x00000007a41b6028,0x00000007a4380000)
  from space 8704K, 95% used [0x00000007a5a00000,0x00000007a6228010,0x00000007a6280000)
  to   space 15872K, 0% used [0x00000007a4380000,0x00000007a4380000,0x00000007a5300000)
 ParOldGen       total 159232K, used 68605K [0x0000000740000000, 0x0000000749b80000, 0x0000000795580000)
  object space 159232K, 43% used [0x0000000740000000,0x00000007442ff410,0x0000000749b80000)
 Metaspace       used 13018K, capacity 13195K, committed 13312K, reserved 1060864K
  class space    used 1448K, capacity 1511K, committed 1536K, reserved 1048576K
Event: 17.536 GC heap after
Heap after GC invocations=15 (full 2):
 PSYoungGen      total 259584K, used 2997K [0x0000000795580000, 0x00000007acd00000, 0x00000007c0000000)
  eden space 243712K, 0% used [0x0000000795580000,0x0000000795580000,0x00000007a4380000)
  from space 15872K, 18% used [0x00000007a4380000,0x00000007a466d748,0x00000007a5300000)
  to   space 15872K, 0% used [0x00000007abd80000,0x00000007abd80000,0x00000007acd00000)
 ParOldGen       total 159232K, used 68629K [0x0000000740000000, 0x0000000749b80000, 0x0000000795580000)
  object space 159232K, 43% used [0x0000000740000000,0x0000000744305410,0x0000000749b80000)
 Metaspace       used 13018K, capacity 13195K, committed 13312K, reserved 1060864K
  class space    used 1448K, capacity 1511K, committed 1536K, reserved 1048576K
}
Event: 20.634 GC heap before
{Heap before GC invocations=16 (full 2):
 PSYoungGen      total 259584K, used 227174K [0x0000000795580000, 0x00000007acd00000, 0x00000007c0000000)
  eden space 243712K, 91% used [0x0000000795580000,0x00000007a306c390,0x00000007a4380000)
  from space 15872K, 18% used [0x00000007a4380000,0x00000007a466d748,0x00000007a5300000)
  to   space 15872K, 0% used [0x00000007abd80000,0x00000007abd80000,0x00000007acd00000)
 ParOldGen       total 159232K, used 68629K [0x0000000740000000, 0x0000000749b80000, 0x0000000795580000)
  object space 159232K, 43% used [0x0000000740000000,0x0000000744305410,0x0000000749b80000)
 Metaspace       used 13018K, capacity 13195K, committed 13312K, reserved 1060864K
  class space    used 1448K, capacity 1511K, committed 1536K, reserved 1048576K
Event: 20.639 GC heap after
Heap after GC invocations=16 (full 2):
 PSYoungGen      total 352256K, used 875K [0x0000000795580000, 0x00000007ac480000, 0x00000007c0000000)
  eden space 345088K, 0% used [0x0000000795580000,0x0000000795580000,0x00000007aa680000)
  from space 7168K, 12% used [0x00000007abd80000,0x00000007abe5ade8,0x00000007ac480000)
  to   space 15360K, 0% used [0x00000007aa680000,0x00000007aa680000,0x00000007ab580000)
 ParOldGen       total 159232K, used 85021K [0x0000000740000000, 0x0000000749b80000, 0x0000000795580000)
  object space 159232K, 53% used [0x0000000740000000,0x0000000745307420,0x0000000749b80000)
 Metaspace       used 13018K, capacity 13195K, committed 13312K, reserved 1060864K
  class space    used 1448K, capacity 1511K, committed 1536K, reserved 1048576K
}
Event: 25.925 GC heap before
{Heap before GC invocations=17 (full 2):
 PSYoungGen      total 352256K, used 345963K [0x0000000795580000, 0x00000007ac480000, 0x00000007c0000000)
  eden space 345088K, 100% used [0x0000000795580000,0x00000007aa680000,0x00000007aa680000)
  from space 7168K, 12% used [0x00000007abd80000,0x00000007abe5ade8,0x00000007ac480000)
  to   space 15360K, 0% used [0x00000007aa680000,0x00000007aa680000,0x00000007ab580000)
 ParOldGen       total 159232K, used 85021K [0x0000000740000000, 0x0000000749b80000, 0x0000000795580000)
  object space 159232K, 53% used [0x0000000740000000,0x0000000745307420,0x0000000749b80000)
 Metaspace       used 14854K, capacity 15051K, committed 15360K, reserved 1062912K
  class space    used 1643K, capacity 1703K, committed 1792K, reserved 1048576K
Event: 26.019 GC heap after
Heap after GC invocations=17 (full 2):
 PSYoungGen      total 360448K, used 15360K [0x0000000795580000, 0x00000007b7600000, 0x00000007c0000000)
  eden space 345088K, 0% used [0x0000000795580000,0x0000000795580000,0x00000007aa680000)
  from space 15360K, 100% used [0x00000007aa680000,0x00000007ab580000,0x00000007ab580000)
  to   space 32256K, 0% used [0x00000007b5680000,0x00000007b5680000,0x00000007b7600000)
 ParOldGen       total 159232K, used 123214K [0x0000000740000000, 0x0000000749b80000, 0x0000000795580000)
  object space 159232K, 77% used [0x0000000740000000,0x0000000747853b38,0x0000000749b80000)
 Metaspace       used 14854K, capacity 15051K, committed 15360K, reserved 1062912K
  class space    used 1643K, capacity 1703K, committed 1792K, reserved 1048576K
}
Event: 26.019 GC heap before
{Heap before GC invocations=18 (full 3):
 PSYoungGen      total 360448K, used 15360K [0x0000000795580000, 0x00000007b7600000, 0x00000007c0000000)
  eden space 345088K, 0% used [0x0000000795580000,0x0000000795580000,0x00000007aa680000)
  from space 15360K, 100% used [0x00000007aa680000,0x00000007ab580000,0x00000007ab580000)
  to   space 32256K, 0% used [0x00000007b5680000,0x00000007b5680000,0x00000007b7600000)
 ParOldGen       total 159232K, used 123214K [0x0000000740000000, 0x0000000749b80000, 0x0000000795580000)
  object space 159232K, 77% used [0x0000000740000000,0x0000000747853b38,0x0000000749b80000)
 Metaspace       used 14854K, capacity 15051K, committed 15360K, reserved 1062912K
  class space    used 1643K, capacity 1703K, committed 1792K, reserved 1048576K
Event: 26.230 GC heap after
Heap after GC invocations=18 (full 3):
 PSYoungGen      total 360448K, used 0K [0x0000000795580000, 0x00000007b7600000, 0x00000007c0000000)
  eden space 345088K, 0% used [0x0000000795580000,0x0000000795580000,0x00000007aa680000)
  from space 15360K, 0% used [0x00000007aa680000,0x00000007aa680000,0x00000007ab580000)
  to   space 32256K, 0% used [0x00000007b5680000,0x00000007b5680000,0x00000007b7600000)
 ParOldGen       total 165376K, used 54240K [0x0000000740000000, 0x000000074a180000, 0x0000000795580000)
  object space 165376K, 32% used [0x0000000740000000,0x00000007434f8040,0x000000074a180000)
 Metaspace       used 14854K, capacity 15051K, committed 15360K, reserved 1062912K
  class space    used 1643K, capacity 1703K, committed 1792K, reserved 1048576K
}

Deoptimization events (10 events):
Event: 79.744 Thread 0x00007fed1d006000 Uncommon trap: reason=class_check action=maybe_recompile pc=0x0000000110e6cd3c method=org.newdawn.slick.state.StateBasedGame.update(Lorg/newdawn/slick/GameContainer;I)V @ 121
Event: 80.702 Thread 0x00007fed1d006000 Uncommon trap: reason=bimorphic action=maybe_recompile pc=0x0000000110a8a4fc method=org.newdawn.slick.state.StateBasedGame.update(Lorg/newdawn/slick/GameContainer;I)V @ 154
Event: 80.708 Thread 0x00007fed1d006000 Uncommon trap: reason=bimorphic action=maybe_recompile pc=0x0000000110a8a4fc method=org.newdawn.slick.state.StateBasedGame.update(Lorg/newdawn/slick/GameContainer;I)V @ 154
Event: 80.713 Thread 0x00007fed1d006000 Uncommon trap: reason=bimorphic action=maybe_recompile pc=0x0000000110a8a4fc method=org.newdawn.slick.state.StateBasedGame.update(Lorg/newdawn/slick/GameContainer;I)V @ 154
Event: 80.717 Thread 0x00007fed1d006000 Uncommon trap: reason=bimorphic action=maybe_recompile pc=0x0000000110a8a4fc method=org.newdawn.slick.state.StateBasedGame.update(Lorg/newdawn/slick/GameContainer;I)V @ 154
Event: 80.739 Thread 0x00007fed1d006000 Uncommon trap: reason=unstable_if action=reinterpret pc=0x0000000110aab5b0 method=java.util.LinkedHashMap.afterNodeAccess(Ljava/util/HashMap$Node;)V @ 41
Event: 88.190 Thread 0x00007fed1d006000 Uncommon trap: reason=unstable_if action=reinterpret pc=0x0000000110ac0570 method=org.newdawn.slick.AngelCodeFont.drawString(FFLjava/lang/String;Lorg/newdawn/slick/Color;II)V @ 110
Event: 88.222 Thread 0x00007fed1d006000 Uncommon trap: reason=unstable_if action=reinterpret pc=0x0000000110b00a50 method=org.newdawn.slick.AngelCodeFont.drawString(FFLjava/lang/String;Lorg/newdawn/slick/Color;II)V @ 110
Event: 104.212 Thread 0x00007fed1d006000 Uncommon trap: reason=unstable_if action=reinterpret pc=0x0000000110acf850 method=package1.Chargement.render(Lorg/newdawn/slick/GameContainer;Lorg/newdawn/slick/state/StateBasedGame;Lorg/newdawn/slick/Graphics;)V @ 850
Event: 110.501 Thread 0x00007fed1d006000 Uncommon trap: reason=unstable_if action=reinterpret pc=0x0000000110eb4530 method=org.newdawn.slick.AppGameContainer.gameLoop()V @ 60

Internal exceptions (10 events):
Event: 0.751 Thread 0x00007fed1d006000 Exception <a 'java/io/FileNotFoundException'> (0x00000007959532d8) thrown at [/Users/java_re/workspace/8-2-build-macosx-x86_64/jdk8u60/4407/hotspot/src/share/vm/prims/jni.cpp, line 709]
Event: 1.810 Thread 0x00007fed1d006000 Exception <a 'java/lang/NoClassDefFoundError': net/java/games/input/ControllerEnvironment> (0x000000079611dfa0) thrown at [/Users/java_re/workspace/8-2-build-macosx-x86_64/jdk8u60/4407/hotspot/src/share/vm/classfile/systemDictionary.cpp, line 199]
Event: 4.488 Thread 0x00007fed1d011800 Exception <a 'java/lang/NullPointerException'> (0x00000007956c2cd0) thrown at [/Users/java_re/workspace/8-2-build-macosx-x86_64/jdk8u60/4407/hotspot/src/share/vm/interpreter/linkResolver.cpp, line 1178]
Event: 5.975 Thread 0x00007fed1d006000 Exception <a 'java/security/PrivilegedActionException'> (0x000000079619ba08) thrown at [/Users/java_re/workspace/8-2-build-macosx-x86_64/jdk8u60/4407/hotspot/src/share/vm/prims/jvm.cpp, line 1386]
Event: 5.975 Thread 0x00007fed1d006000 Exception <a 'java/security/PrivilegedActionException'> (0x000000079619d5b8) thrown at [/Users/java_re/workspace/8-2-build-macosx-x86_64/jdk8u60/4407/hotspot/src/share/vm/prims/jvm.cpp, line 1386]
Event: 5.975 Thread 0x00007fed1d006000 Exception <a 'java/security/PrivilegedActionException'> (0x000000079619e6d8) thrown at [/Users/java_re/workspace/8-2-build-macosx-x86_64/jdk8u60/4407/hotspot/src/share/vm/prims/jvm.cpp, line 1386]
Event: 5.976 Thread 0x00007fed1d006000 Exception <a 'java/security/PrivilegedActionException'> (0x00000007961a37f8) thrown at [/Users/java_re/workspace/8-2-build-macosx-x86_64/jdk8u60/4407/hotspot/src/share/vm/prims/jvm.cpp, line 1386]
Event: 5.976 Thread 0x00007fed1d006000 Exception <a 'java/security/PrivilegedActionException'> (0x00000007961a4450) thrown at [/Users/java_re/workspace/8-2-build-macosx-x86_64/jdk8u60/4407/hotspot/src/share/vm/prims/jvm.cpp, line 1386]
Event: 5.976 Thread 0x00007fed1d006000 Exception <a 'java/security/PrivilegedActionException'> (0x00000007961a5078) thrown at [/Users/java_re/workspace/8-2-build-macosx-x86_64/jdk8u60/4407/hotspot/src/share/vm/prims/jvm.cpp, line 1386]
Event: 79.707 Thread 0x00007fed1d006000 Implicit null exception at 0x0000000110eb8cae to 0x0000000110eb93b4

Events (10 events):
Event: 88.222 Thread 0x00007fed1d006000 DEOPT PACKING pc=0x0000000110b00a50 sp=0x0000000110689280
Event: 88.222 Thread 0x00007fed1d006000 DEOPT UNPACKING pc=0x0000000110691229 sp=0x0000000110689290 mode 2
Event: 104.212 Thread 0x00007fed1d006000 Uncommon trap: trap_request=0xffffff65 fr.pc=0x0000000110acf850
Event: 104.212 Thread 0x00007fed1d006000 DEOPT PACKING pc=0x0000000110acf850 sp=0x00000001106896d0
Event: 104.212 Thread 0x00007fed1d006000 DEOPT UNPACKING pc=0x0000000110691229 sp=0x00000001106896e0 mode 2
Event: 110.500 Thread 0x00007fed1d006000 Uncommon trap: trap_request=0xffffff65 fr.pc=0x0000000110eb4530
Event: 110.501 Thread 0x00007fed1d006000 DEOPT PACKING pc=0x0000000110eb4530 sp=0x0000000110689810
Event: 110.501 Thread 0x00007fed1d006000 DEOPT UNPACKING pc=0x0000000110691229 sp=0x0000000110689808 mode 2
Event: 110.527 loading class org/lwjgl/opengl/CallbackUtil
Event: 110.527 loading class org/lwjgl/opengl/CallbackUtil done


Dynamic libraries:
0x0000000001a27000 	/System/Library/Frameworks/Cocoa.framework/Versions/A/Cocoa
0x0000000001a27000 	/System/Library/Frameworks/Security.framework/Versions/A/Security
0x0000000001a27000 	/System/Library/Frameworks/ApplicationServices.framework/Versions/A/ApplicationServices
0x0000000001a27000 	/usr/lib/libz.1.dylib
0x0000000001a27000 	/usr/lib/libSystem.B.dylib
0x0000000001a27000 	/usr/lib/libobjc.A.dylib
0x0000000001a27000 	/System/Library/Frameworks/CoreFoundation.framework/Versions/A/CoreFoundation
0x0000000001a27000 	/System/Library/Frameworks/Foundation.framework/Versions/C/Foundation
0x0000000001a27000 	/System/Library/Frameworks/AppKit.framework/Versions/C/AppKit
0x0000000001a27000 	/System/Library/Frameworks/CoreData.framework/Versions/A/CoreData
0x0000000001a27000 	/System/Library/PrivateFrameworks/RemoteViewServices.framework/Versions/A/RemoteViewServices
0x0000000001a27000 	/System/Library/PrivateFrameworks/UIFoundation.framework/Versions/A/UIFoundation
0x0000000001a27000 	/System/Library/Frameworks/IOSurface.framework/Versions/A/IOSurface
0x0000000001a27000 	/System/Library/Frameworks/AudioToolbox.framework/Versions/A/AudioToolbox
0x0000000001a27000 	/System/Library/Frameworks/AudioUnit.framework/Versions/A/AudioUnit
0x0000000001a27000 	/System/Library/PrivateFrameworks/DataDetectorsCore.framework/Versions/A/DataDetectorsCore
0x0000000001a27000 	/System/Library/PrivateFrameworks/DesktopServicesPriv.framework/Versions/A/DesktopServicesPriv
0x0000000001a27000 	/System/Library/Frameworks/Carbon.framework/Versions/A/Frameworks/HIToolbox.framework/Versions/A/HIToolbox
0x0000000001a27000 	/System/Library/Frameworks/QuartzCore.framework/Versions/A/QuartzCore
0x0000000001a27000 	/System/Library/Frameworks/Carbon.framework/Versions/A/Frameworks/SpeechRecognition.framework/Versions/A/SpeechRecognition
0x0000000001a27000 	/usr/lib/libauto.dylib
0x0000000001a27000 	/usr/lib/libicucore.A.dylib
0x0000000001a27000 	/usr/lib/libxml2.2.dylib
0x0000000001a27000 	/System/Library/PrivateFrameworks/CoreUI.framework/Versions/A/CoreUI
0x0000000001a27000 	/System/Library/Frameworks/CoreAudio.framework/Versions/A/CoreAudio
0x0000000001a27000 	/System/Library/Frameworks/DiskArbitration.framework/Versions/A/DiskArbitration
0x0000000001a27000 	/usr/lib/liblangid.dylib
0x0000000001a27000 	/System/Library/PrivateFrameworks/MultitouchSupport.framework/Versions/A/MultitouchSupport
0x0000000001a27000 	/System/Library/Frameworks/IOKit.framework/Versions/A/IOKit
0x0000000001a27000 	/usr/lib/libDiagnosticMessagesClient.dylib
0x0000000001a27000 	/System/Library/Frameworks/CoreServices.framework/Versions/A/CoreServices
0x0000000001a27000 	/System/Library/PrivateFrameworks/PerformanceAnalysis.framework/Versions/A/PerformanceAnalysis
0x0000000001a27000 	/System/Library/PrivateFrameworks/GenerationalStorage.framework/Versions/A/GenerationalStorage
0x0000000001a27000 	/System/Library/Frameworks/OpenGL.framework/Versions/A/OpenGL
0x0000000001a27000 	/System/Library/PrivateFrameworks/Sharing.framework/Versions/A/Sharing
0x0000000001a27000 	/System/Library/Frameworks/CoreGraphics.framework/Versions/A/CoreGraphics
0x0000000001a27000 	/System/Library/Frameworks/CoreText.framework/Versions/A/CoreText
0x0000000001a27000 	/System/Library/Frameworks/ImageIO.framework/Versions/A/ImageIO
0x0000000001a27000 	/usr/lib/libextension.dylib
0x0000000001a27000 	/System/Library/PrivateFrameworks/Backup.framework/Versions/A/Backup
0x0000000001a27000 	/usr/lib/libarchive.2.dylib
0x0000000001a27000 	/System/Library/Frameworks/CFNetwork.framework/Versions/A/CFNetwork
0x0000000001a27000 	/System/Library/Frameworks/SystemConfiguration.framework/Versions/A/SystemConfiguration
0x0000000001a27000 	/usr/lib/libCRFSuite.dylib
0x0000000001a27000 	/usr/lib/libc++.1.dylib
0x0000000001a27000 	/usr/lib/libc++abi.dylib
0x0000000001a27000 	/usr/lib/system/libcache.dylib
0x0000000001a27000 	/usr/lib/system/libcommonCrypto.dylib
0x0000000001a27000 	/usr/lib/system/libcompiler_rt.dylib
0x0000000001a27000 	/usr/lib/system/libcopyfile.dylib
0x0000000001a27000 	/usr/lib/system/libcorecrypto.dylib
0x0000000001a27000 	/usr/lib/system/libdispatch.dylib
0x0000000001a27000 	/usr/lib/system/libdyld.dylib
0x0000000001a27000 	/usr/lib/system/libkeymgr.dylib
0x0000000001a27000 	/usr/lib/system/liblaunch.dylib
0x0000000001a27000 	/usr/lib/system/libmacho.dylib
0x0000000001a27000 	/usr/lib/system/libquarantine.dylib
0x0000000001a27000 	/usr/lib/system/libremovefile.dylib
0x0000000001a27000 	/usr/lib/system/libsystem_asl.dylib
0x0000000001a27000 	/usr/lib/system/libsystem_blocks.dylib
0x0000000001a27000 	/usr/lib/system/libsystem_c.dylib
0x0000000001a27000 	/usr/lib/system/libsystem_configuration.dylib
0x0000000001a27000 	/usr/lib/system/libsystem_coreservices.dylib
0x0000000001a27000 	/usr/lib/system/libsystem_coretls.dylib
0x0000000001a27000 	/usr/lib/system/libsystem_dnssd.dylib
0x0000000001a27000 	/usr/lib/system/libsystem_info.dylib
0x0000000001a27000 	/usr/lib/system/libsystem_kernel.dylib
0x0000000001a27000 	/usr/lib/system/libsystem_m.dylib
0x0000000001a27000 	/usr/lib/system/libsystem_malloc.dylib
0x0000000001a27000 	/usr/lib/system/libsystem_network.dylib
0x0000000001a27000 	/usr/lib/system/libsystem_networkextension.dylib
0x0000000001a27000 	/usr/lib/system/libsystem_notify.dylib
0x0000000001a27000 	/usr/lib/system/libsystem_platform.dylib
0x0000000001a27000 	/usr/lib/system/libsystem_pthread.dylib
0x0000000001a27000 	/usr/lib/system/libsystem_sandbox.dylib
0x0000000001a27000 	/usr/lib/system/libsystem_secinit.dylib
0x0000000001a27000 	/usr/lib/system/libsystem_stats.dylib
0x0000000001a27000 	/usr/lib/system/libsystem_trace.dylib
0x0000000001a27000 	/usr/lib/system/libunc.dylib
0x0000000001a27000 	/usr/lib/system/libunwind.dylib
0x0000000001a27000 	/usr/lib/system/libxpc.dylib
0x0000000001a27000 	/usr/lib/libbz2.1.0.dylib
0x0000000001a27000 	/usr/lib/liblzma.5.dylib
0x0000000001a27000 	/usr/lib/libbsm.0.dylib
0x0000000001a27000 	/usr/lib/libsqlite3.dylib
0x0000000001a27000 	/usr/lib/system/libkxld.dylib
0x0000000001a27000 	/usr/lib/libxar.1.dylib
0x0000000001a27000 	/usr/lib/libpam.2.dylib
0x0000000001a27000 	/usr/lib/libOpenScriptingUtil.dylib
0x0000000001a27000 	/System/Library/Frameworks/CoreServices.framework/Versions/A/Frameworks/FSEvents.framework/Versions/A/FSEvents
0x0000000001a27000 	/System/Library/Frameworks/CoreServices.framework/Versions/A/Frameworks/CarbonCore.framework/Versions/A/CarbonCore
0x0000000001a27000 	/System/Library/Frameworks/CoreServices.framework/Versions/A/Frameworks/Metadata.framework/Versions/A/Metadata
0x0000000001a27000 	/System/Library/Frameworks/CoreServices.framework/Versions/A/Frameworks/OSServices.framework/Versions/A/OSServices
0x0000000001a27000 	/System/Library/Frameworks/CoreServices.framework/Versions/A/Frameworks/SearchKit.framework/Versions/A/SearchKit
0x0000000001a27000 	/System/Library/Frameworks/CoreServices.framework/Versions/A/Frameworks/AE.framework/Versions/A/AE
0x0000000001a27000 	/System/Library/Frameworks/CoreServices.framework/Versions/A/Frameworks/LaunchServices.framework/Versions/A/LaunchServices
0x0000000001a27000 	/System/Library/Frameworks/CoreServices.framework/Versions/A/Frameworks/DictionaryServices.framework/Versions/A/DictionaryServices
0x0000000001a27000 	/System/Library/Frameworks/NetFS.framework/Versions/A/NetFS
0x0000000001a27000 	/System/Library/PrivateFrameworks/NetAuth.framework/Versions/A/NetAuth
0x0000000001a27000 	/System/Library/PrivateFrameworks/login.framework/Versions/A/Frameworks/loginsupport.framework/Versions/A/loginsupport
0x0000000001a27000 	/System/Library/PrivateFrameworks/TCC.framework/Versions/A/TCC
0x0000000001a27000 	/usr/lib/libmecabra.dylib
0x0000000001a27000 	/System/Library/Frameworks/ApplicationServices.framework/Versions/A/Frameworks/ATS.framework/Versions/A/ATS
0x0000000001a27000 	/System/Library/Frameworks/ApplicationServices.framework/Versions/A/Frameworks/ColorSync.framework/Versions/A/ColorSync
0x0000000001a27000 	/System/Library/Frameworks/ApplicationServices.framework/Versions/A/Frameworks/HIServices.framework/Versions/A/HIServices
0x0000000001a27000 	/System/Library/Frameworks/ApplicationServices.framework/Versions/A/Frameworks/LangAnalysis.framework/Versions/A/LangAnalysis
0x0000000001a27000 	/System/Library/Frameworks/ApplicationServices.framework/Versions/A/Frameworks/PrintCore.framework/Versions/A/PrintCore
0x0000000001a27000 	/System/Library/Frameworks/ApplicationServices.framework/Versions/A/Frameworks/QD.framework/Versions/A/QD
0x0000000001a27000 	/System/Library/Frameworks/ApplicationServices.framework/Versions/A/Frameworks/SpeechSynthesis.framework/Versions/A/SpeechSynthesis
0x0000000001a27000 	/System/Library/Frameworks/Accelerate.framework/Versions/A/Accelerate
0x0000000001a27000 	/System/Library/Frameworks/Accelerate.framework/Versions/A/Frameworks/vImage.framework/Versions/A/vImage
0x0000000001a27000 	/System/Library/Frameworks/Accelerate.framework/Versions/A/Frameworks/vecLib.framework/Versions/A/vecLib
0x0000000001a27000 	/System/Library/Frameworks/Accelerate.framework/Versions/A/Frameworks/vecLib.framework/Versions/A/libvDSP.dylib
0x0000000001a27000 	/System/Library/Frameworks/Accelerate.framework/Versions/A/Frameworks/vecLib.framework/Versions/A/libvMisc.dylib
0x0000000001a27000 	/System/Library/Frameworks/Accelerate.framework/Versions/A/Frameworks/vecLib.framework/Versions/A/libLAPACK.dylib
0x0000000001a27000 	/System/Library/Frameworks/Accelerate.framework/Versions/A/Frameworks/vecLib.framework/Versions/A/libBLAS.dylib
0x0000000001a27000 	/System/Library/Frameworks/Accelerate.framework/Versions/A/Frameworks/vecLib.framework/Versions/A/libLinearAlgebra.dylib
0x0000000001a27000 	/System/Library/Frameworks/ApplicationServices.framework/Versions/A/Frameworks/ATS.framework/Versions/A/Resources/libFontParser.dylib
0x0000000001a27000 	/System/Library/Frameworks/ApplicationServices.framework/Versions/A/Frameworks/ATS.framework/Versions/A/Resources/libFontRegistry.dylib
0x0000000001a27000 	/System/Library/PrivateFrameworks/AppleVPA.framework/Versions/A/AppleVPA
0x0000000001a27000 	/System/Library/PrivateFrameworks/AppleJPEG.framework/Versions/A/AppleJPEG
0x0000000001a27000 	/System/Library/Frameworks/ImageIO.framework/Versions/A/Resources/libJPEG.dylib
0x0000000001a27000 	/System/Library/Frameworks/ImageIO.framework/Versions/A/Resources/libTIFF.dylib
0x0000000001a27000 	/System/Library/Frameworks/ImageIO.framework/Versions/A/Resources/libPng.dylib
0x0000000001a27000 	/System/Library/Frameworks/ImageIO.framework/Versions/A/Resources/libGIF.dylib
0x0000000001a27000 	/System/Library/Frameworks/ImageIO.framework/Versions/A/Resources/libJP2.dylib
0x0000000001a27000 	/System/Library/Frameworks/ImageIO.framework/Versions/A/Resources/libRadiance.dylib
0x0000000001a27000 	/System/Library/Frameworks/CoreVideo.framework/Versions/A/CoreVideo
0x0000000001a27000 	/System/Library/Frameworks/OpenGL.framework/Versions/A/Libraries/libGLU.dylib
0x0000000001a27000 	/System/Library/Frameworks/OpenGL.framework/Versions/A/Libraries/libGFXShared.dylib
0x0000000001a27000 	/System/Library/Frameworks/OpenGL.framework/Versions/A/Libraries/libGL.dylib
0x0000000001a27000 	/System/Library/Frameworks/OpenGL.framework/Versions/A/Libraries/libGLImage.dylib
0x0000000001a27000 	/System/Library/Frameworks/OpenGL.framework/Versions/A/Libraries/libCVMSPluginSupport.dylib
0x0000000001a27000 	/System/Library/Frameworks/OpenGL.framework/Versions/A/Libraries/libCoreVMClient.dylib
0x0000000001a27000 	/usr/lib/libcups.2.dylib
0x0000000001a27000 	/System/Library/Frameworks/Kerberos.framework/Versions/A/Kerberos
0x0000000001a27000 	/System/Library/Frameworks/GSS.framework/Versions/A/GSS
0x0000000001a27000 	/usr/lib/libresolv.9.dylib
0x0000000001a27000 	/usr/lib/libiconv.2.dylib
0x0000000001a27000 	/System/Library/PrivateFrameworks/Heimdal.framework/Versions/A/Heimdal
0x0000000001a27000 	/usr/lib/libheimdal-asn1.dylib
0x0000000001a27000 	/System/Library/Frameworks/OpenDirectory.framework/Versions/A/OpenDirectory
0x0000000001a27000 	/System/Library/PrivateFrameworks/CommonAuth.framework/Versions/A/CommonAuth
0x0000000001a27000 	/System/Library/Frameworks/OpenDirectory.framework/Versions/A/Frameworks/CFOpenDirectory.framework/Versions/A/CFOpenDirectory
0x0000000001a27000 	/System/Library/Frameworks/SecurityFoundation.framework/Versions/A/SecurityFoundation
0x0000000001a27000 	/System/Library/PrivateFrameworks/LanguageModeling.framework/Versions/A/LanguageModeling
0x0000000001a27000 	/usr/lib/libcmph.dylib
0x0000000001a27000 	/System/Library/Frameworks/ServiceManagement.framework/Versions/A/ServiceManagement
0x0000000001a27000 	/usr/lib/libxslt.1.dylib
0x0000000001a27000 	/System/Library/Frameworks/Carbon.framework/Versions/A/Frameworks/Ink.framework/Versions/A/Ink
0x0000000001a27000 	/System/Library/Frameworks/QuartzCore.framework/Versions/A/Frameworks/CoreImage.framework/Versions/A/CoreImage
0x0000000001a27000 	/System/Library/PrivateFrameworks/CrashReporterSupport.framework/Versions/A/CrashReporterSupport
0x0000000001a27000 	/System/Library/Frameworks/OpenCL.framework/Versions/A/OpenCL
0x0000000001a27000 	/System/Library/PrivateFrameworks/FaceCore.framework/Versions/A/FaceCore
0x0000000001a27000 	/System/Library/PrivateFrameworks/DesktopServicesPriv.framework/Versions/A_/DesktopServicesPriv
0x0000000001a27000 	/System/Library/PrivateFrameworks/Ubiquity.framework/Versions/A/Ubiquity
0x0000000001a27000 	/System/Library/PrivateFrameworks/IconServices.framework/Versions/A/IconServices
0x0000000001a27000 	/System/Library/PrivateFrameworks/ChunkingLibrary.framework/Versions/A/ChunkingLibrary
0x0000000001a27000 	/System/Library/PrivateFrameworks/Apple80211.framework/Versions/A/Apple80211
0x0000000001a27000 	/System/Library/Frameworks/CoreWLAN.framework/Versions/A/CoreWLAN
0x0000000001a27000 	/System/Library/Frameworks/IOBluetooth.framework/Versions/A/IOBluetooth
0x0000000001a27000 	/System/Library/PrivateFrameworks/CoreWiFi.framework/Versions/A/CoreWiFi
0x0000000001a27000 	/System/Library/Frameworks/CoreBluetooth.framework/Versions/A/CoreBluetooth
0x0000000001a27000 	/System/Library/PrivateFrameworks/DebugSymbols.framework/Versions/A/DebugSymbols
0x0000000001a27000 	/System/Library/PrivateFrameworks/CoreSymbolication.framework/Versions/A/CoreSymbolication
0x0000000001a27000 	/System/Library/PrivateFrameworks/Symbolication.framework/Versions/A/Symbolication
0x0000000001a27000 	/System/Library/PrivateFrameworks/SpeechRecognitionCore.framework/Versions/A/SpeechRecognitionCore
0x000000010f600000 	/Library/Java/JavaVirtualMachines/jdk1.8.0_60.jdk/Contents/Home/jre/lib/server/libjvm.dylib
0x0000000001a27000 	/usr/lib/libstdc++.6.dylib
0x000000010ed36000 	/Library/Java/JavaVirtualMachines/jdk1.8.0_60.jdk/Contents/Home/jre/lib/libverify.dylib
0x000000010ed44000 	/Library/Java/JavaVirtualMachines/jdk1.8.0_60.jdk/Contents/Home/jre/lib/libjava.dylib
0x000000010ed83000 	/Library/Java/JavaVirtualMachines/jdk1.8.0_60.jdk/Contents/Home/jre/lib/libzip.dylib
0x0000000126693000 	/System/Library/Frameworks/JavaVM.framework/Frameworks/JavaRuntimeSupport.framework/JavaRuntimeSupport
0x00000001266ae000 	/System/Library/Frameworks/JavaVM.framework/Versions/A/Frameworks/JavaNativeFoundation.framework/Versions/A/JavaNativeFoundation
0x00000001266c3000 	/System/Library/Frameworks/JavaVM.framework/Versions/A/JavaVM
0x0000000001a27000 	/System/Library/Frameworks/Carbon.framework/Versions/A/Carbon
0x00000001266d0000 	/System/Library/PrivateFrameworks/JavaLaunching.framework/Versions/A/JavaLaunching
0x0000000001a27000 	/System/Library/Frameworks/Carbon.framework/Versions/A/Frameworks/CommonPanels.framework/Versions/A/CommonPanels
0x0000000001a27000 	/System/Library/Frameworks/Carbon.framework/Versions/A/Frameworks/Help.framework/Versions/A/Help
0x0000000001a27000 	/System/Library/Frameworks/Carbon.framework/Versions/A/Frameworks/ImageCapture.framework/Versions/A/ImageCapture
0x0000000001a27000 	/System/Library/Frameworks/Carbon.framework/Versions/A/Frameworks/OpenScripting.framework/Versions/A/OpenScripting
0x0000000001a27000 	/System/Library/Frameworks/Carbon.framework/Versions/A/Frameworks/Print.framework/Versions/A/Print
0x0000000001a27000 	/System/Library/Frameworks/Carbon.framework/Versions/A/Frameworks/SecurityHI.framework/Versions/A/SecurityHI
0x000000012861d000 	/Library/Java/JavaVirtualMachines/jdk1.8.0_60.jdk/Contents/Home/jre/lib/libawt.dylib
0x00000001286c5000 	/Library/Java/JavaVirtualMachines/jdk1.8.0_60.jdk/Contents/Home/jre/lib/./libmlib_image.dylib
0x0000000128791000 	/Library/Java/JavaVirtualMachines/jdk1.8.0_60.jdk/Contents/Home/jre/lib/libawt_lwawt.dylib
0x0000000128846000 	/Library/Java/JavaVirtualMachines/jdk1.8.0_60.jdk/Contents/Home/jre/lib/./libosxapp.dylib
0x0000000001a27000 	/System/Library/Frameworks/ExceptionHandling.framework/Versions/A/ExceptionHandling
0x0000000001a27000 	/System/Library/PrivateFrameworks/CoreServicesInternal.framework/Versions/A/CoreServicesInternal
0x0000000001a27000 	/System/Library/PrivateFrameworks/CloudDocs.framework/Versions/A/CloudDocs
0x0000000001a27000 	/System/Library/PrivateFrameworks/CoreDuet.framework/Versions/A/CoreDuet
0x0000000001a27000 	/System/Library/Frameworks/CloudKit.framework/Versions/A/CloudKit
0x0000000001a27000 	/System/Library/PrivateFrameworks/ProtocolBuffer.framework/Versions/A/ProtocolBuffer
0x0000000001a27000 	/System/Library/PrivateFrameworks/CoreDuetDaemonProtocol.framework/Versions/A/CoreDuetDaemonProtocol
0x0000000001a27000 	/System/Library/PrivateFrameworks/CoreDuetDebugLogging.framework/Versions/A/CoreDuetDebugLogging
0x0000000001a27000 	/System/Library/PrivateFrameworks/MMCS.framework/Versions/A/MMCS
0x0000000001a27000 	/System/Library/Frameworks/CoreLocation.framework/Versions/A/CoreLocation
0x0000000001a27000 	/System/Library/PrivateFrameworks/ProtectedCloudStorage.framework/Versions/A/ProtectedCloudStorage
0x0000000001a27000 	/System/Library/PrivateFrameworks/GeoServices.framework/Versions/A/GeoServices
0x0000000001a27000 	/System/Library/Frameworks/CoreGraphics.framework/Versions/A/Resources/libCGCMS.A.dylib
0x0000000001a27000 	/System/Library/Frameworks/CoreGraphics.framework/Versions/A/Resources/libRIP.A.dylib
0x0000000001a27000 	/System/Library/Frameworks/CoreGraphics.framework/Versions/A/Resources/libCGXType.A.dylib
0x0000000001a27000 	/System/Library/Frameworks/OpenCL.framework/Versions/A/Libraries/libcldcpuengine.dylib
0x0000000001a27000 	/System/Library/PrivateFrameworks/DiskImages.framework/Versions/A/DiskImages
0x0000000001a27000 	/System/Library/Frameworks/DiscRecording.framework/Versions/A/DiscRecording
0x0000000001a27000 	/usr/lib/libcsfde.dylib
0x0000000001a27000 	/usr/lib/libcurl.4.dylib
0x0000000001a27000 	/System/Library/PrivateFrameworks/MediaKit.framework/Versions/A/MediaKit
0x0000000001a27000 	/usr/lib/libCoreStorage.dylib
0x0000000001a27000 	/System/Library/PrivateFrameworks/EFILogin.framework/Versions/A/EFILogin
0x0000000001a27000 	/usr/lib/libutil.dylib
0x0000000001a27000 	/System/Library/PrivateFrameworks/FindMyDevice.framework/Versions/A/FindMyDevice
0x0000000001a27000 	/System/Library/Frameworks/LDAP.framework/Versions/A/LDAP
0x0000000001a27000 	/usr/lib/libsasl2.2.dylib
0x0000000001a27000 	/System/Library/PrivateFrameworks/CoreDaemon.framework/Versions/B/CoreDaemon
0x0000000001a27000 	/usr/lib/libcrypto.0.9.8.dylib
0x0000000001a27000 	/System/Library/PrivateFrameworks/AppleSRP.framework/Versions/A/AppleSRP
0x0000000001a27000 	/System/Library/PrivateFrameworks/TrustEvaluationAgent.framework/Versions/A/TrustEvaluationAgent
0x0000000128bcb000 	cl_kernels
0x000000012ba88000 	/System/Library/Frameworks/OpenCL.framework/Versions/A/Libraries/ImageFormats/unorm8_bgra.dylib
0x0000000128bbd000 	cl_kernels
0x0000000001a27000 	/System/Library/PrivateFrameworks/FamilyControls.framework/Versions/A/FamilyControls
0x0000000001a27000 	/System/Library/PrivateFrameworks/CommerceKit.framework/Versions/A/Frameworks/CommerceCore.framework/Versions/A/CommerceCore
0x0000000001a27000 	/System/Library/PrivateFrameworks/SystemAdministration.framework/Versions/A/SystemAdministration
0x0000000001a27000 	/System/Library/PrivateFrameworks/AppContainer.framework/Versions/A/AppContainer
0x0000000001a27000 	/System/Library/PrivateFrameworks/SecCodeWrapper.framework/Versions/A/SecCodeWrapper
0x0000000001a27000 	/System/Library/Frameworks/DirectoryService.framework/Versions/A/DirectoryService
0x0000000001a27000 	/System/Library/PrivateFrameworks/LoginUIKit.framework/Versions/A/Frameworks/LoginUICore.framework/Versions/A/LoginUICore
0x0000000001a27000 	/usr/lib/libodfde.dylib
0x0000000001a27000 	/System/Library/Frameworks/OpenGL.framework/Versions/A/Resources/GLEngine.bundle/GLEngine
0x0000000001a27000 	/System/Library/Frameworks/OpenGL.framework/Versions/A/Libraries/libGLProgrammability.dylib
0x000000012cf15000 	/System/Library/Extensions/AppleIntelBDWGraphicsGLDriver.bundle/Contents/MacOS/AppleIntelBDWGraphicsGLDriver
0x0000000001a27000 	/System/Library/PrivateFrameworks/IOAccelerator.framework/Versions/A/IOAccelerator
0x0000000001a27000 	/System/Library/PrivateFrameworks/GPUSupport.framework/Versions/A/Libraries/libGPUSupportMercury.dylib
0x0000000001a27000 	/System/Library/Frameworks/OpenGL.framework/Versions/A/Resources/GLRendererFloat.bundle/GLRendererFloat
0x000000012df11000 	/Library/Java/JavaVirtualMachines/jdk1.8.0_60.jdk/Contents/Home/jre/lib/libfontmanager.dylib
0x000000012df78000 	/Library/Java/JavaVirtualMachines/jdk1.8.0_60.jdk/Contents/Home/jre/lib/libosxui.dylib
0x000000012ea89000 	/Users/Vincent/Documents/workspace/Dead's Mirror Slick/lib/native/macosx/liblwjgl.dylib
0x000000012e318000 	/Library/Java/JavaVirtualMachines/jdk1.8.0_60.jdk/Contents/Home/jre/lib/libjawt.dylib
0x000000013393a000 	/Library/Java/JavaVirtualMachines/jdk1.8.0_60.jdk/Contents/Home/jre/lib/libnet.dylib
0x000000013375b000 	/Library/Java/JavaVirtualMachines/jdk1.8.0_60.jdk/Contents/Home/jre/lib/libnio.dylib
0x0000000001a27000 	/System/Library/Frameworks/ApplicationServices.framework/Versions/A/Frameworks/ATS.framework/Versions/A/Resources/libTrueTypeScaler.dylib
0x000000017ffa2000 	/Library/Java/JavaVirtualMachines/jdk1.8.0_60.jdk/Contents/Home/jre/lib/libt2k.dylib
0x0000000181223000 	/Users/Vincent/Documents/workspace/Dead's Mirror Slick/lib/native/macosx/openal.dylib
0x000000018127f000 	/System/Library/Components/CoreAudio.component/Contents/MacOS/CoreAudio
0x000000012eb31000 	/System/Library/Extensions/AppleHDA.kext/Contents/PlugIns/AppleHDAHALPlugIn.bundle/Contents/MacOS/AppleHDAHALPlugIn
0x00000001a1ab4000 	/Library/Java/JavaVirtualMachines/jdk1.8.0_60.jdk/Contents/Home/jre/lib/libjpeg.dylib

VM Arguments:
jvm_args: -Djava.library.path=/Users/Vincent/Documents/workspace/Dead's Mirror Slick/lib/native/macosx -Dfile.encoding=UTF-8 
java_command: Principal.StateGame
java_class_path (initial): /Users/Vincent/Documents/workspace/Dead's Mirror Slick/bin:/Users/Vincent/Documents/workspace/Dead's Mirror Slick/lib/jar/lwjgl.jar:/Users/Vincent/Documents/workspace/Dead's Mirror Slick/lib/jar/slick.jar:/Users/Vincent/Documents/workspace/Dead's Mirror Slick/lib/jar/jogg-0.0.7.jar:/Users/Vincent/Documents/workspace/Dead's Mirror Slick/lib/jar/jorbis-0.0.15.jar:/Users/Vincent/Documents/workspace/Dead's Mirror Slick/lib/jar/lwjgl_util.jar:/Users/Vincent/Documents/workspace/Dead's Mirror Slick/lib/jar/slick-util.jar:/Users/Vincent/Documents/workspace/Dead's Mirror Slick/lib/jar/SlickUtils-1.3.jar
Launcher Type: SUN_STANDARD

Environment Variables:
PATH=/usr/bin:/bin:/usr/sbin:/sbin
SHELL=/bin/bash

Signal Handlers:
SIGSEGV: [libjvm.dylib+0x5a6d31], sa_mask[0]=11111111011111110111111111111111, sa_flags=SA_ONSTACK|SA_RESTART|SA_SIGINFO
SIGBUS: [libjvm.dylib+0x5a6d31], sa_mask[0]=11111111011111110111111111111111, sa_flags=SA_RESTART|SA_SIGINFO
SIGFPE: [libjvm.dylib+0x480a4c], sa_mask[0]=11111111011111110111111111111111, sa_flags=SA_RESTART|SA_SIGINFO
SIGPIPE: [libjvm.dylib+0x480a4c], sa_mask[0]=11111111011111110111111111111111, sa_flags=SA_RESTART|SA_SIGINFO
SIGXFSZ: [libjvm.dylib+0x480a4c], sa_mask[0]=11111111011111110111111111111111, sa_flags=SA_RESTART|SA_SIGINFO
SIGILL: [libjvm.dylib+0x480a4c], sa_mask[0]=11111111011111110111111111111111, sa_flags=SA_RESTART|SA_SIGINFO
SIGUSR1: SIG_DFL, sa_mask[0]=00000000000000000000000000000000, sa_flags=none
SIGUSR2: [libjvm.dylib+0x48056a], sa_mask[0]=00100000000000000000000000000000, sa_flags=SA_RESTART|SA_SIGINFO
SIGHUP: [libjvm.dylib+0x47eb41], sa_mask[0]=11111111011111110111111111111111, sa_flags=SA_RESTART|SA_SIGINFO
SIGINT: [libjvm.dylib+0x47eb41], sa_mask[0]=11111111011111110111111111111111, sa_flags=SA_RESTART|SA_SIGINFO
SIGTERM: [libjvm.dylib+0x47eb41], sa_mask[0]=11111111011111110111111111111111, sa_flags=SA_RESTART|SA_SIGINFO
SIGQUIT: [libjvm.dylib+0x47eb41], sa_mask[0]=11111111011111110111111111111111, sa_flags=SA_RESTART|SA_SIGINFO


---------------  S Y S T E M  ---------------

OS:Bsduname:Darwin 14.5.0 Darwin Kernel Version 14.5.0: Tue Sep  1 21:23:09 PDT 2015; root:xnu-2782.50.1~1/RELEASE_X86_64 x86_64
rlimit: STACK 8192k, CORE 0k, NPROC 709, NOFILE 10240, AS infinity
load average:4.44 3.20 2.51

CPU:total 4 (2 cores per cpu, 2 threads per core) family 6 model 61 stepping 4, cmov, cx8, fxsr, mmx, sse, sse2, sse3, ssse3, sse4.1, sse4.2, popcnt, avx, avx2, aes, clmul, erms, 3dnowpref, lzcnt, ht, tsc, tscinvbit, bmi1, bmi2, adx

Memory: 4k page, physical 8388608k(235868k free)

/proc/meminfo:


vm_info: Java HotSpot(TM) 64-Bit Server VM (25.60-b23) for bsd-amd64 JRE (1.8.0_60-b27), built on Aug  4 2015 10:47:24 by "java_re" with gcc 4.2.1 (Based on Apple Inc. build 5658) (LLVM build 2336.11.00)

time: Wed Feb  3 18:46:39 2016
elapsed time: 110 seconds (0d 0h 1m 50s)

