#
# A fatal error has been detected by the Java Runtime Environment:
#
#  SIGSEGV (0xb) at pc=0x00007fff8f9580dd, pid=1202, tid=1811
#
# JRE version: Java(TM) SE Runtime Environment (8.0_60-b27) (build 1.8.0_60-b27)
# Java VM: Java HotSpot(TM) 64-Bit Server VM (25.60-b23 mixed mode bsd-amd64 compressed oops)
# Problematic frame:
# C  [libobjc.A.dylib+0x10dd]  objc_msgSend+0x1d
#
# Failed to write core dump. Core dumps have been disabled. To enable core dumping, try "ulimit -c unlimited" before starting Java again
#
# If you would like to submit a bug report, please visit:
#   http://bugreport.java.com/bugreport/crash.jsp
# The crash happened outside the Java Virtual Machine in native code.
# See problematic frame for where to report the bug.
#

---------------  T H R E A D  ---------------

Current thread (0x00007f8f3a052000):  JavaThread "AppKit Thread" daemon [_thread_in_native, id=1811, stack(0x00007fff59ded000,0x00007fff5a5ed000)]

siginfo: si_signo: 11 (SIGSEGV), si_code: 1 (SEGV_MAPERR), si_addr: 0x0000000000000018

Registers:
RAX=0x00007f8f38741110, RBX=0x00007fff5a5e8888, RCX=0x0000000000000000, RDX=0x00007f8f3ccbfbf0
RSP=0x00007fff5a5e86a8, RBP=0x00007fff5a5e86b0, RSI=0x00007fff8870f41e, RDI=0x00007f8f38741110
R8 =0x00007fff5a5e8690, R9 =0x0000000000000062, R10=0x00007fff8870f41e, R11=0x0000000000000000
R12=0x00007f8f38704490, R13=0x00000000000f4300, R14=0x00007f8f3ca9f1c0, R15=0x00007fff5a5e87e8
RIP=0x00007fff8f9580dd, EFLAGS=0x0000000000010246, ERR=0x0000000000000004
  TRAPNO=0x000000000000000e

Top of Stack: (sp=0x00007fff5a5e86a8)
0x00007fff5a5e86a8:   00007fff844d545c 00007fff5a5e8a10
0x00007fff5a5e86b8:   00007fff843c5634 00007fff5a5e873c
0x00007fff5a5e86c8:   00007fff5a5e8740 00007fff5a5e8744
0x00007fff5a5e86d8:   00007fff74fcbe00 ffffffffffffffff
0x00007fff5a5e86e8:   0000000000000930 00007fff74fcbe18
0x00007fff5a5e86f8:   00007f8f3ca9f1c0 0000000000000000
0x00007fff5a5e8708:   00007fff5a5e87e0 0000000000000000
0x00007fff5a5e8718:   00007f8f38478700 00007fff5a5e8860
0x00007fff5a5e8728:   0000000000000062 00000000000f4302
0x00007fff5a5e8738:   00007f8f3ccbfbf0 00007f8f3846e650
0x00007fff5a5e8748:   00007f8f38704490 0000000000000001
0x00007fff5a5e8758:   00000000000f4300 00007f8f38704480
0x00007fff5a5e8768:   00007fff8b1b6c05 0000000173daf070
0x00007fff5a5e8778:   00007fff750910d0 0000000042000000
0x00007fff5a5e8788:   00007fff8b1bde63 00007fff74f96240
0x00007fff5a5e8798:   00007fff5a5e8868 0000000000000000
0x00007fff5a5e87a8:   00007fff75ab78c8 0000000000000000
0x00007fff5a5e87b8:   0000000000000007 00064e038f97897a
0x00007fff5a5e87c8:   00007f8f387044b4 0000000000000000
0x00007fff5a5e87d8:   000000000061a201 00007f8f38478780
0x00007fff5a5e87e8:   00007f8f3ca9f1c0 0000000000000000
0x00007fff5a5e87f8:   00007fff88748458 00007fff5a5e88a0
0x00007fff5a5e8808:   00007fff8f842483 00007fff5a5e8884
0x00007fff5a5e8818:   000000000061a301 00000000ffffffff
0x00007fff5a5e8828:   00007fff75ab78c8 000000000061a300
0x00007fff5a5e8838:   00007fff00000000 00007fff5a5e8930
0x00007fff5a5e8848:   00007fff91dfd770 00007fff75ab78e8
0x00007fff5a5e8858:   00007fff88748458 0000000000000051
0x00007fff5a5e8868:   0000000000000000 00000000000f42e1
0x00007fff5a5e8878:   0000000000000053 0000000000000000
0x00007fff5a5e8888:   00000000000f4300 00007fff5a5e8904
0x00007fff5a5e8898:   000000000061ae01 00000000ffffffff 

Instructions: (pc=0x00007fff8f9580dd)
0x00007fff8f9580bd:   00 00 00 48 85 ff 2e 74 7a 40 f6 c7 01 2e 75 7e
0x00007fff8f9580cd:   49 bb f8 ff ff ff ff 7f 00 00 4c 23 1f 49 89 f2
0x00007fff8f9580dd:   45 23 53 18 49 c1 e2 04 4d 03 53 10 49 3b 32 75
0x00007fff8f9580ed:   04 41 ff 62 08 49 83 3a 00 74 6a 4d 3b 53 10 74 

Register to memory mapping:

RAX=0x00007f8f38741110 is an unknown value
RBX=0x00007fff5a5e8888 is pointing into the stack for thread: 0x00007f8f3a052000
RCX=0x0000000000000000 is an unknown value
RDX=0x00007f8f3ccbfbf0 is an unknown value
RSP=0x00007fff5a5e86a8 is pointing into the stack for thread: 0x00007f8f3a052000
RBP=0x00007fff5a5e86b0 is pointing into the stack for thread: 0x00007f8f3a052000
RSI=0x00007fff8870f41e: -[NSTitlebarContainerView transparent]+0x5e312 in /System/Library/Frameworks/AppKit.framework/Versions/C/AppKit at 0x00007fff87d0e000
RDI=0x00007f8f38741110 is an unknown value
R8 =0x00007fff5a5e8690 is pointing into the stack for thread: 0x00007f8f3a052000
R9 =0x0000000000000062 is an unknown value
R10=0x00007fff8870f41e: -[NSTitlebarContainerView transparent]+0x5e312 in /System/Library/Frameworks/AppKit.framework/Versions/C/AppKit at 0x00007fff87d0e000
R11=0x0000000000000000 is an unknown value
R12=0x00007f8f38704490 is an unknown value
R13=0x00000000000f4300 is an unknown value
R14=0x00007f8f3ca9f1c0 is an unknown value
R15=0x00007fff5a5e87e8 is pointing into the stack for thread: 0x00007f8f3a052000


Stack: [0x00007fff59ded000,0x00007fff5a5ed000],  sp=0x00007fff5a5e86a8,  free space=8173k
Native frames: (J=compiled Java code, j=interpreted, Vv=VM code, C=native code)
C  [libobjc.A.dylib+0x10dd]  objc_msgSend+0x1d
C  [CoreFoundation+0x10634]  _CFXNotificationPost+0xc44
C  [Foundation+0x7aa1]  -[NSNotificationCenter postNotificationName:object:userInfo:]+0x42
C  [AppKit+0x439c2]  -[NSSurface _disposeSurface]+0x98
C  [AppKit+0x43426]  -[NSSurface setWindow:]+0x42
C  [AppKit+0x33910]  -[NSView _setWindow:]+0xa33
C  [AppKit+0x6af91]  -[NSView removeFromSuperview]+0x1c5
C  [AppKit+0x14bd99]  -[NSView removeFromSuperviewWithoutNeedingDisplay]+0x26
C  [liblwjgl.dylib+0xa205]  +[MacOSXKeyableWindow destroyWindow]+0xb5
C  [Foundation+0x92dd0]  __NSThreadPerformPerform+0x125
C  [CoreFoundation+0x80a01]  __CFRUNLOOP_IS_CALLING_OUT_TO_A_SOURCE0_PERFORM_FUNCTION__+0x11
C  [CoreFoundation+0x72b8d]  __CFRunLoopDoSources0+0x10d
C  [CoreFoundation+0x721bf]  __CFRunLoopRun+0x39f
C  [CoreFoundation+0x71bd8]  CFRunLoopRunSpecific+0x128
C  [HIToolbox+0x3256f]  RunCurrentEventLoopInMode+0xeb
C  [HIToolbox+0x321ee]  ReceiveNextEventCommon+0xb3
C  [HIToolbox+0x3212b]  _BlockUntilNextEventMatchingListInModeWithFilter+0x47
C  [AppKit+0x918ab]  _DPSNextEvent+0x3d2
C  [AppKit+0x90e58]  -[NSApplication nextEventMatchingMask:untilDate:inMode:dequeue:]+0x15a
C  [libosxapp.dylib+0x23aa]  -[NSApplicationAWT nextEventMatchingMask:untilDate:inMode:dequeue:]+0x7c
C  [AppKit+0x86af3]  -[NSApplication run]+0x252
C  [libosxapp.dylib+0x214d]  +[NSApplicationAWT runAWTLoopWithApp:]+0x9c
C  [libawt_lwawt.dylib+0x44517]  -[AWTStarter starter:]+0x389
C  [Foundation+0x92dd0]  __NSThreadPerformPerform+0x125
C  [CoreFoundation+0x80a01]  __CFRUNLOOP_IS_CALLING_OUT_TO_A_SOURCE0_PERFORM_FUNCTION__+0x11
C  [CoreFoundation+0x72b8d]  __CFRunLoopDoSources0+0x10d
C  [CoreFoundation+0x721bf]  __CFRunLoopRun+0x39f
C  [CoreFoundation+0x71bd8]  CFRunLoopRunSpecific+0x128
C  [java+0x6463]  CreateExecutionEnvironment+0x367
C  [java+0x21ac]  JLI_Launch+0x7a0
C  [java+0x84c0]  main+0x65
C  [java+0x1a04]  start+0x34
C  0x0000000000000006


---------------  P R O C E S S  ---------------

Java Threads: ( => current thread )
  0x00007f8f39ae0000 JavaThread "AWT-Shutdown" [_thread_blocked, id=27007, stack(0x00000001728a8000,0x00000001729a8000)]
  0x00007f8f391cc800 JavaThread "Java2D Disposer" daemon [_thread_blocked, id=50959, stack(0x00000001257b8000,0x00000001258b8000)]
  0x00007f8f39191000 JavaThread "Java2D Queue Flusher" daemon [_thread_blocked, id=51207, stack(0x0000000124e91000,0x0000000124f91000)]
=>0x00007f8f3a052000 JavaThread "AppKit Thread" daemon [_thread_in_native, id=1811, stack(0x00007fff59ded000,0x00007fff5a5ed000)]
  0x00007f8f3885c800 JavaThread "Service Thread" daemon [_thread_blocked, id=18179, stack(0x000000011ef56000,0x000000011f056000)]
  0x00007f8f38831800 JavaThread "C1 CompilerThread2" daemon [_thread_blocked, id=17667, stack(0x000000011ee53000,0x000000011ef53000)]
  0x00007f8f38828800 JavaThread "C2 CompilerThread1" daemon [_thread_blocked, id=17155, stack(0x000000011ed50000,0x000000011ee50000)]
  0x00007f8f39840000 JavaThread "C2 CompilerThread0" daemon [_thread_blocked, id=16643, stack(0x000000011ec4d000,0x000000011ed4d000)]
  0x00007f8f3983f800 JavaThread "Signal Dispatcher" daemon [_thread_blocked, id=16151, stack(0x000000011eb4a000,0x000000011ec4a000)]
  0x00007f8f38806800 JavaThread "Finalizer" daemon [_thread_blocked, id=11523, stack(0x000000011d133000,0x000000011d233000)]
  0x00007f8f39814000 JavaThread "Reference Handler" daemon [_thread_blocked, id=11011, stack(0x000000011d030000,0x000000011d130000)]
  0x00007f8f39807800 JavaThread "main" [_thread_in_native, id=4867, stack(0x00000001058c9000,0x00000001059c9000)]

Other Threads:
  0x00007f8f39811800 VMThread [stack: 0x000000011cf2d000,0x000000011d02d000] [id=10499]
  0x00007f8f38810000 WatcherThread [stack: 0x000000011f059000,0x000000011f159000] [id=18691]

VM state:not at safepoint (normal execution)

VM Mutex/Monitor currently owned by a thread: None

Heap:
 PSYoungGen      total 47616K, used 35964K [0x0000000795580000, 0x0000000799580000, 0x00000007c0000000)
  eden space 47104K, 76% used [0x0000000795580000,0x000000079787f138,0x0000000798380000)
  from space 512K, 25% used [0x0000000798480000,0x00000007984a0000,0x0000000798500000)
  to   space 9216K, 0% used [0x0000000798c80000,0x0000000798c80000,0x0000000799580000)
 ParOldGen       total 239616K, used 219022K [0x0000000740000000, 0x000000074ea00000, 0x0000000795580000)
  object space 239616K, 91% used [0x0000000740000000,0x000000074d5e3860,0x000000074ea00000)
 Metaspace       used 12852K, capacity 12993K, committed 13184K, reserved 1060864K
  class space    used 1316K, capacity 1375K, committed 1408K, reserved 1048576K

Card table byte_map: [0x000000011657e000,0x000000011697f000] byte_map_base: 0x0000000112b7e000

Marking Bits: (ParMarkBitMap*) 0x0000000106adee20
 Begin Bits: [0x0000000117036000, 0x0000000119036000)
 End Bits:   [0x0000000119036000, 0x000000011b036000)

Polling page: 0x00000001059d9000

CodeCache: size=245760Kb used=7956Kb max_used=8440Kb free=237803Kb
 bounds [0x00000001071be000, 0x0000000107a9e000, 0x00000001161be000]
 total_blobs=2281 nmethods=1711 adapters=484
 compilation: enabled

Compilation events (10 events):
Event: 97.752 Thread 0x00007f8f38828800 2016       4       package1.Joueur::getFuturX (67 bytes)
Event: 97.752 Thread 0x00007f8f39840000 2015       4       package1.Joueur::update (631 bytes)
Event: 97.753 Thread 0x00007f8f38828800 nmethod 2016 0x0000000107633110 code [0x0000000107633260, 0x00000001076332f8]
Event: 97.930 Thread 0x00007f8f38828800 2017       4       sun.misc.FloatingDecimal$BinaryToASCIIBuffer::estimateDecExp (182 bytes)
Event: 97.931 Thread 0x00007f8f38828800 nmethod 2017 0x0000000107707550 code [0x00000001077076e0, 0x0000000107707838]
Event: 98.332 Thread 0x00007f8f39840000 nmethod 2015 0x00000001078b2190 code [0x00000001078b28c0, 0x00000001078b7e38]
Event: 99.492 Thread 0x00007f8f38828800 2018       4       java.nio.Buffer::clear (20 bytes)
Event: 99.492 Thread 0x00007f8f38828800 nmethod 2018 0x0000000107844890 code [0x00000001078449e0, 0x0000000107844a58]
Event: 99.766 Thread 0x00007f8f38831800 2019   !   3       org.lwjgl.input.Mouse::getEventButton (17 bytes)
Event: 99.766 Thread 0x00007f8f38831800 nmethod 2019 0x0000000107618010 code [0x0000000107618180, 0x00000001076183f0]

GC Heap History (10 events):
Event: 69.072 GC heap before
{Heap before GC invocations=16 (full 1):
 PSYoungGen      total 52736K, used 52352K [0x0000000795580000, 0x000000079a780000, 0x00000007c0000000)
  eden space 52224K, 100% used [0x0000000795580000,0x0000000798880000,0x0000000798880000)
  from space 512K, 25% used [0x000000079a700000,0x000000079a720000,0x000000079a780000)
  to   space 10752K, 0% used [0x0000000799280000,0x0000000799280000,0x0000000799d00000)
 ParOldGen       total 239616K, used 219006K [0x0000000740000000, 0x000000074ea00000, 0x0000000795580000)
  object space 239616K, 91% used [0x0000000740000000,0x000000074d5df860,0x000000074ea00000)
 Metaspace       used 12841K, capacity 12993K, committed 13184K, reserved 1060864K
  class space    used 1316K, capacity 1375K, committed 1408K, reserved 1048576K
Event: 69.075 GC heap after
Heap after GC invocations=16 (full 1):
 PSYoungGen      total 61952K, used 96K [0x0000000795580000, 0x000000079a780000, 0x00000007c0000000)
  eden space 51200K, 0% used [0x0000000795580000,0x0000000795580000,0x0000000798780000)
  from space 10752K, 0% used [0x0000000799280000,0x0000000799298000,0x0000000799d00000)
  to   space 10752K, 0% used [0x0000000799d00000,0x0000000799d00000,0x000000079a780000)
 ParOldGen       total 239616K, used 219014K [0x0000000740000000, 0x000000074ea00000, 0x0000000795580000)
  object space 239616K, 91% used [0x0000000740000000,0x000000074d5e1860,0x000000074ea00000)
 Metaspace       used 12841K, capacity 12993K, committed 13184K, reserved 1060864K
  class space    used 1316K, capacity 1375K, committed 1408K, reserved 1048576K
}
Event: 72.878 GC heap before
{Heap before GC invocations=17 (full 1):
 PSYoungGen      total 61952K, used 51280K [0x0000000795580000, 0x000000079a780000, 0x00000007c0000000)
  eden space 51200K, 99% used [0x0000000795580000,0x000000079877c2f8,0x0000000798780000)
  from space 10752K, 0% used [0x0000000799280000,0x0000000799298000,0x0000000799d00000)
  to   space 10752K, 0% used [0x0000000799d00000,0x0000000799d00000,0x000000079a780000)
 ParOldGen       total 239616K, used 219014K [0x0000000740000000, 0x000000074ea00000, 0x0000000795580000)
  object space 239616K, 91% used [0x0000000740000000,0x000000074d5e1860,0x000000074ea00000)
 Metaspace       used 12841K, capacity 12993K, committed 13184K, reserved 1060864K
  class space    used 1316K, capacity 1375K, committed 1408K, reserved 1048576K
Event: 72.881 GC heap after
Heap after GC invocations=17 (full 1):
 PSYoungGen      total 50688K, used 160K [0x0000000795580000, 0x0000000799d80000, 0x00000007c0000000)
  eden space 50176K, 0% used [0x0000000795580000,0x0000000795580000,0x0000000798680000)
  from space 512K, 31% used [0x0000000799d00000,0x0000000799d28000,0x0000000799d80000)
  to   space 10240K, 0% used [0x0000000798980000,0x0000000798980000,0x0000000799380000)
 ParOldGen       total 239616K, used 219014K [0x0000000740000000, 0x000000074ea00000, 0x0000000795580000)
  object space 239616K, 91% used [0x0000000740000000,0x000000074d5e1860,0x000000074ea00000)
 Metaspace       used 12841K, capacity 12993K, committed 13184K, reserved 1060864K
  class space    used 1316K, capacity 1375K, committed 1408K, reserved 1048576K
}
Event: 79.711 GC heap before
{Heap before GC invocations=18 (full 1):
 PSYoungGen      total 50688K, used 50336K [0x0000000795580000, 0x0000000799d80000, 0x00000007c0000000)
  eden space 50176K, 100% used [0x0000000795580000,0x0000000798680000,0x0000000798680000)
  from space 512K, 31% used [0x0000000799d00000,0x0000000799d28000,0x0000000799d80000)
  to   space 10240K, 0% used [0x0000000798980000,0x0000000798980000,0x0000000799380000)
 ParOldGen       total 239616K, used 219014K [0x0000000740000000, 0x000000074ea00000, 0x0000000795580000)
  object space 239616K, 91% used [0x0000000740000000,0x000000074d5e1860,0x000000074ea00000)
 Metaspace       used 12841K, capacity 12993K, committed 13184K, reserved 1060864K
  class space    used 1316K, capacity 1375K, committed 1408K, reserved 1048576K
Event: 79.713 GC heap after
Heap after GC invocations=18 (full 1):
 PSYoungGen      total 59392K, used 128K [0x0000000795580000, 0x0000000799d80000, 0x00000007c0000000)
  eden space 49152K, 0% used [0x0000000795580000,0x0000000795580000,0x0000000798580000)
  from space 10240K, 1% used [0x0000000798980000,0x00000007989a0000,0x0000000799380000)
  to   space 10240K, 0% used [0x0000000799380000,0x0000000799380000,0x0000000799d80000)
 ParOldGen       total 239616K, used 219014K [0x0000000740000000, 0x000000074ea00000, 0x0000000795580000)
  object space 239616K, 91% used [0x0000000740000000,0x000000074d5e1860,0x000000074ea00000)
 Metaspace       used 12841K, capacity 12993K, committed 13184K, reserved 1060864K
  class space    used 1316K, capacity 1375K, committed 1408K, reserved 1048576K
}
Event: 89.441 GC heap before
{Heap before GC invocations=19 (full 1):
 PSYoungGen      total 59392K, used 49166K [0x0000000795580000, 0x0000000799d80000, 0x00000007c0000000)
  eden space 49152K, 99% used [0x0000000795580000,0x0000000798563910,0x0000000798580000)
  from space 10240K, 1% used [0x0000000798980000,0x00000007989a0000,0x0000000799380000)
  to   space 10240K, 0% used [0x0000000799380000,0x0000000799380000,0x0000000799d80000)
 ParOldGen       total 239616K, used 219014K [0x0000000740000000, 0x000000074ea00000, 0x0000000795580000)
  object space 239616K, 91% used [0x0000000740000000,0x000000074d5e1860,0x000000074ea00000)
 Metaspace       used 12842K, capacity 12993K, committed 13184K, reserved 1060864K
  class space    used 1316K, capacity 1375K, committed 1408K, reserved 1048576K
Event: 89.443 GC heap after
Heap after GC invocations=19 (full 1):
 PSYoungGen      total 52224K, used 128K [0x0000000795580000, 0x0000000799780000, 0x00000007c0000000)
  eden space 48128K, 0% used [0x0000000795580000,0x0000000795580000,0x0000000798480000)
  from space 4096K, 3% used [0x0000000799380000,0x00000007993a0000,0x0000000799780000)
  to   space 9728K, 0% used [0x0000000798480000,0x0000000798480000,0x0000000798e00000)
 ParOldGen       total 239616K, used 219014K [0x0000000740000000, 0x000000074ea00000, 0x0000000795580000)
  object space 239616K, 91% used [0x0000000740000000,0x000000074d5e1860,0x000000074ea00000)
 Metaspace       used 12842K, capacity 12993K, committed 13184K, reserved 1060864K
  class space    used 1316K, capacity 1375K, committed 1408K, reserved 1048576K
}
Event: 96.279 GC heap before
{Heap before GC invocations=20 (full 1):
 PSYoungGen      total 52224K, used 48256K [0x0000000795580000, 0x0000000799780000, 0x00000007c0000000)
  eden space 48128K, 100% used [0x0000000795580000,0x0000000798480000,0x0000000798480000)
  from space 4096K, 3% used [0x0000000799380000,0x00000007993a0000,0x0000000799780000)
  to   space 9728K, 0% used [0x0000000798480000,0x0000000798480000,0x0000000798e00000)
 ParOldGen       total 239616K, used 219014K [0x0000000740000000, 0x000000074ea00000, 0x0000000795580000)
  object space 239616K, 91% used [0x0000000740000000,0x000000074d5e1860,0x000000074ea00000)
 Metaspace       used 12847K, capacity 12993K, committed 13184K, reserved 1060864K
  class space    used 1316K, capacity 1375K, committed 1408K, reserved 1048576K
Event: 96.281 GC heap after
Heap after GC invocations=20 (full 1):
 PSYoungGen      total 47616K, used 128K [0x0000000795580000, 0x0000000799580000, 0x00000007c0000000)
  eden space 47104K, 0% used [0x0000000795580000,0x0000000795580000,0x0000000798380000)
  from space 512K, 25% used [0x0000000798480000,0x00000007984a0000,0x0000000798500000)
  to   space 9216K, 0% used [0x0000000798c80000,0x0000000798c80000,0x0000000799580000)
 ParOldGen       total 239616K, used 219022K [0x0000000740000000, 0x000000074ea00000, 0x0000000795580000)
  object space 239616K, 91% used [0x0000000740000000,0x000000074d5e3860,0x000000074ea00000)
 Metaspace       used 12847K, capacity 12993K, committed 13184K, reserved 1060864K
  class space    used 1316K, capacity 1375K, committed 1408K, reserved 1048576K
}

Deoptimization events (10 events):
Event: 62.952 Thread 0x00007f8f39807800 Uncommon trap: reason=unstable_if action=reinterpret pc=0x00000001079eda0c method=Principal.BattleGameState.render(Lorg/newdawn/slick/GameContainer;Lorg/newdawn/slick/state/StateBasedGame;Lorg/newdawn/slick/Graphics;)V @ 113
Event: 62.953 Thread 0x00007f8f39807800 Uncommon trap: reason=unstable_if action=reinterpret pc=0x000000010757ef18 method=Principal.BattleGameState.render(Lorg/newdawn/slick/GameContainer;Lorg/newdawn/slick/state/StateBasedGame;Lorg/newdawn/slick/Graphics;)V @ 971
Event: 62.966 Thread 0x00007f8f39807800 Uncommon trap: reason=unstable_if action=reinterpret pc=0x00000001076a6b48 method=Principal.BattleGameState.render(Lorg/newdawn/slick/GameContainer;Lorg/newdawn/slick/state/StateBasedGame;Lorg/newdawn/slick/Graphics;)V @ 971
Event: 65.673 Thread 0x00007f8f39807800 Uncommon trap: reason=bimorphic action=maybe_recompile pc=0x000000010754502c method=org.newdawn.slick.state.StateBasedGame.update(Lorg/newdawn/slick/GameContainer;I)V @ 43
Event: 74.916 Thread 0x00007f8f39807800 Uncommon trap: reason=unstable_if action=reinterpret pc=0x000000010767e740 method=org.newdawn.slick.Input.poll(II)V @ 305
Event: 76.748 Thread 0x00007f8f39807800 Uncommon trap: reason=bimorphic action=maybe_recompile pc=0x000000010754502c method=org.newdawn.slick.state.StateBasedGame.update(Lorg/newdawn/slick/GameContainer;I)V @ 43
Event: 87.816 Thread 0x00007f8f39807800 Uncommon trap: reason=bimorphic action=maybe_recompile pc=0x000000010754502c method=org.newdawn.slick.state.StateBasedGame.update(Lorg/newdawn/slick/GameContainer;I)V @ 43
Event: 97.216 Thread 0x00007f8f39807800 Uncommon trap: reason=unstable_if action=reinterpret pc=0x00000001074d4d2c method=sun.misc.FloatingDecimal$BinaryToASCIIBuffer.dtoa(IJIZ)V @ 522
Event: 100.191 Thread 0x00007f8f39807800 Uncommon trap: reason=unstable_if action=reinterpret pc=0x00000001074d7bbc method=org.lwjgl.opengl.MacOSXDisplay.update()V @ 86
Event: 100.587 Thread 0x00007f8f39807800 Uncommon trap: reason=unstable_if action=reinterpret pc=0x000000010753840c method=org.newdawn.slick.AppGameContainer.gameLoop()V @ 60

Internal exceptions (10 events):
Event: 0.231 Thread 0x00007f8f39807800 Exception <a 'java/lang/NoSuchFieldError': method resolution failed> (0x00000007959a7ba8) thrown at [/Users/java_re/workspace/8-2-build-macosx-x86_64/jdk8u60/4407/hotspot/src/share/vm/prims/methodHandles.cpp, line 1146]
Event: 0.438 Thread 0x00007f8f39807800 Exception <a 'java/io/FileNotFoundException'> (0x0000000795a22ca8) thrown at [/Users/java_re/workspace/8-2-build-macosx-x86_64/jdk8u60/4407/hotspot/src/share/vm/prims/jni.cpp, line 709]
Event: 0.438 Thread 0x00007f8f39807800 Exception <a 'java/io/FileNotFoundException'> (0x0000000795a237f8) thrown at [/Users/java_re/workspace/8-2-build-macosx-x86_64/jdk8u60/4407/hotspot/src/share/vm/prims/jni.cpp, line 709]
Event: 0.807 Thread 0x00007f8f39807800 Exception <a 'java/lang/NoClassDefFoundError': net/java/games/input/ControllerEnvironment> (0x0000000795f1b4c8) thrown at [/Users/java_re/workspace/8-2-build-macosx-x86_64/jdk8u60/4407/hotspot/src/share/vm/classfile/systemDictionary.cpp, line 199]
Event: 4.206 Thread 0x00007f8f39807800 Exception <a 'java/security/PrivilegedActionException'> (0x0000000796b23d08) thrown at [/Users/java_re/workspace/8-2-build-macosx-x86_64/jdk8u60/4407/hotspot/src/share/vm/prims/jvm.cpp, line 1386]
Event: 4.206 Thread 0x00007f8f39807800 Exception <a 'java/security/PrivilegedActionException'> (0x0000000796b258f0) thrown at [/Users/java_re/workspace/8-2-build-macosx-x86_64/jdk8u60/4407/hotspot/src/share/vm/prims/jvm.cpp, line 1386]
Event: 4.206 Thread 0x00007f8f39807800 Exception <a 'java/security/PrivilegedActionException'> (0x0000000796b26a10) thrown at [/Users/java_re/workspace/8-2-build-macosx-x86_64/jdk8u60/4407/hotspot/src/share/vm/prims/jvm.cpp, line 1386]
Event: 4.206 Thread 0x00007f8f39807800 Exception <a 'java/security/PrivilegedActionException'> (0x0000000796b2bb30) thrown at [/Users/java_re/workspace/8-2-build-macosx-x86_64/jdk8u60/4407/hotspot/src/share/vm/prims/jvm.cpp, line 1386]
Event: 4.206 Thread 0x00007f8f39807800 Exception <a 'java/security/PrivilegedActionException'> (0x0000000796b2c788) thrown at [/Users/java_re/workspace/8-2-build-macosx-x86_64/jdk8u60/4407/hotspot/src/share/vm/prims/jvm.cpp, line 1386]
Event: 4.206 Thread 0x00007f8f39807800 Exception <a 'java/security/PrivilegedActionException'> (0x0000000796b2d3b0) thrown at [/Users/java_re/workspace/8-2-build-macosx-x86_64/jdk8u60/4407/hotspot/src/share/vm/prims/jvm.cpp, line 1386]

Events (10 events):
Event: 97.216 Thread 0x00007f8f39807800 DEOPT PACKING pc=0x00000001074d4d2c sp=0x00000001059c86b0
Event: 97.216 Thread 0x00007f8f39807800 DEOPT UNPACKING pc=0x00000001071c3229 sp=0x00000001059c85a0 mode 2
Event: 100.191 Thread 0x00007f8f39807800 Uncommon trap: trap_request=0xffffff65 fr.pc=0x00000001074d7bbc
Event: 100.191 Thread 0x00007f8f39807800 DEOPT PACKING pc=0x00000001074d7bbc sp=0x00000001059c87d0
Event: 100.191 Thread 0x00007f8f39807800 DEOPT UNPACKING pc=0x00000001071c3229 sp=0x00000001059c8738 mode 2
Event: 100.586 Thread 0x00007f8f39807800 Uncommon trap: trap_request=0xffffff65 fr.pc=0x000000010753840c
Event: 100.587 Thread 0x00007f8f39807800 DEOPT PACKING pc=0x000000010753840c sp=0x00000001059c8830
Event: 100.587 Thread 0x00007f8f39807800 DEOPT UNPACKING pc=0x00000001071c3229 sp=0x00000001059c8808 mode 2
Event: 100.596 loading class org/lwjgl/opengl/CallbackUtil
Event: 100.596 loading class org/lwjgl/opengl/CallbackUtil done


Dynamic libraries:
0x0000000003cc9000 	/System/Library/Frameworks/Cocoa.framework/Versions/A/Cocoa
0x0000000003cc9000 	/System/Library/Frameworks/Security.framework/Versions/A/Security
0x0000000003cc9000 	/System/Library/Frameworks/ApplicationServices.framework/Versions/A/ApplicationServices
0x0000000003cc9000 	/usr/lib/libz.1.dylib
0x0000000003cc9000 	/usr/lib/libSystem.B.dylib
0x0000000003cc9000 	/usr/lib/libobjc.A.dylib
0x0000000003cc9000 	/System/Library/Frameworks/CoreFoundation.framework/Versions/A/CoreFoundation
0x0000000003cc9000 	/System/Library/Frameworks/Foundation.framework/Versions/C/Foundation
0x0000000003cc9000 	/System/Library/Frameworks/AppKit.framework/Versions/C/AppKit
0x0000000003cc9000 	/System/Library/Frameworks/CoreData.framework/Versions/A/CoreData
0x0000000003cc9000 	/System/Library/PrivateFrameworks/RemoteViewServices.framework/Versions/A/RemoteViewServices
0x0000000003cc9000 	/System/Library/PrivateFrameworks/UIFoundation.framework/Versions/A/UIFoundation
0x0000000003cc9000 	/System/Library/Frameworks/IOSurface.framework/Versions/A/IOSurface
0x0000000003cc9000 	/System/Library/Frameworks/AudioToolbox.framework/Versions/A/AudioToolbox
0x0000000003cc9000 	/System/Library/Frameworks/AudioUnit.framework/Versions/A/AudioUnit
0x0000000003cc9000 	/System/Library/PrivateFrameworks/DataDetectorsCore.framework/Versions/A/DataDetectorsCore
0x0000000105631000 	/System/Library/PrivateFrameworks/DesktopServicesPriv.framework/Versions/A/DesktopServicesPriv
0x0000000003cc9000 	/System/Library/Frameworks/Carbon.framework/Versions/A/Frameworks/HIToolbox.framework/Versions/A/HIToolbox
0x0000000003cc9000 	/System/Library/Frameworks/QuartzCore.framework/Versions/A/QuartzCore
0x0000000003cc9000 	/System/Library/Frameworks/Carbon.framework/Versions/A/Frameworks/SpeechRecognition.framework/Versions/A/SpeechRecognition
0x0000000003cc9000 	/usr/lib/libauto.dylib
0x0000000003cc9000 	/usr/lib/libicucore.A.dylib
0x0000000003cc9000 	/usr/lib/libxml2.2.dylib
0x0000000003cc9000 	/System/Library/PrivateFrameworks/CoreUI.framework/Versions/A/CoreUI
0x0000000003cc9000 	/System/Library/Frameworks/CoreAudio.framework/Versions/A/CoreAudio
0x0000000003cc9000 	/System/Library/Frameworks/DiskArbitration.framework/Versions/A/DiskArbitration
0x0000000003cc9000 	/usr/lib/liblangid.dylib
0x0000000003cc9000 	/System/Library/PrivateFrameworks/MultitouchSupport.framework/Versions/A/MultitouchSupport
0x0000000003cc9000 	/System/Library/Frameworks/IOKit.framework/Versions/A/IOKit
0x0000000003cc9000 	/usr/lib/libDiagnosticMessagesClient.dylib
0x0000000003cc9000 	/System/Library/Frameworks/CoreServices.framework/Versions/A/CoreServices
0x0000000003cc9000 	/System/Library/PrivateFrameworks/PerformanceAnalysis.framework/Versions/A/PerformanceAnalysis
0x0000000003cc9000 	/System/Library/PrivateFrameworks/GenerationalStorage.framework/Versions/A/GenerationalStorage
0x0000000003cc9000 	/System/Library/Frameworks/OpenGL.framework/Versions/A/OpenGL
0x0000000003cc9000 	/System/Library/PrivateFrameworks/Sharing.framework/Versions/A/Sharing
0x0000000003cc9000 	/System/Library/Frameworks/CoreGraphics.framework/Versions/A/CoreGraphics
0x0000000003cc9000 	/System/Library/Frameworks/CoreText.framework/Versions/A/CoreText
0x0000000003cc9000 	/System/Library/Frameworks/ImageIO.framework/Versions/A/ImageIO
0x0000000003cc9000 	/usr/lib/libextension.dylib
0x0000000003cc9000 	/System/Library/PrivateFrameworks/Backup.framework/Versions/A/Backup
0x0000000003cc9000 	/usr/lib/libarchive.2.dylib
0x0000000003cc9000 	/System/Library/Frameworks/CFNetwork.framework/Versions/A/CFNetwork
0x0000000003cc9000 	/System/Library/Frameworks/SystemConfiguration.framework/Versions/A/SystemConfiguration
0x0000000003cc9000 	/usr/lib/libCRFSuite.dylib
0x0000000003cc9000 	/usr/lib/libc++.1.dylib
0x0000000003cc9000 	/usr/lib/libc++abi.dylib
0x0000000003cc9000 	/usr/lib/system/libcache.dylib
0x0000000003cc9000 	/usr/lib/system/libcommonCrypto.dylib
0x0000000003cc9000 	/usr/lib/system/libcompiler_rt.dylib
0x0000000003cc9000 	/usr/lib/system/libcopyfile.dylib
0x0000000003cc9000 	/usr/lib/system/libcorecrypto.dylib
0x0000000003cc9000 	/usr/lib/system/libdispatch.dylib
0x0000000003cc9000 	/usr/lib/system/libdyld.dylib
0x0000000003cc9000 	/usr/lib/system/libkeymgr.dylib
0x0000000003cc9000 	/usr/lib/system/liblaunch.dylib
0x0000000003cc9000 	/usr/lib/system/libmacho.dylib
0x0000000003cc9000 	/usr/lib/system/libquarantine.dylib
0x0000000003cc9000 	/usr/lib/system/libremovefile.dylib
0x0000000003cc9000 	/usr/lib/system/libsystem_asl.dylib
0x0000000003cc9000 	/usr/lib/system/libsystem_blocks.dylib
0x0000000003cc9000 	/usr/lib/system/libsystem_c.dylib
0x0000000003cc9000 	/usr/lib/system/libsystem_configuration.dylib
0x0000000003cc9000 	/usr/lib/system/libsystem_coreservices.dylib
0x0000000003cc9000 	/usr/lib/system/libsystem_coretls.dylib
0x0000000003cc9000 	/usr/lib/system/libsystem_dnssd.dylib
0x0000000003cc9000 	/usr/lib/system/libsystem_info.dylib
0x0000000003cc9000 	/usr/lib/system/libsystem_kernel.dylib
0x0000000003cc9000 	/usr/lib/system/libsystem_m.dylib
0x0000000003cc9000 	/usr/lib/system/libsystem_malloc.dylib
0x0000000003cc9000 	/usr/lib/system/libsystem_network.dylib
0x0000000003cc9000 	/usr/lib/system/libsystem_networkextension.dylib
0x0000000003cc9000 	/usr/lib/system/libsystem_notify.dylib
0x0000000003cc9000 	/usr/lib/system/libsystem_platform.dylib
0x0000000003cc9000 	/usr/lib/system/libsystem_pthread.dylib
0x0000000003cc9000 	/usr/lib/system/libsystem_sandbox.dylib
0x0000000003cc9000 	/usr/lib/system/libsystem_secinit.dylib
0x0000000003cc9000 	/usr/lib/system/libsystem_stats.dylib
0x0000000003cc9000 	/usr/lib/system/libsystem_trace.dylib
0x0000000003cc9000 	/usr/lib/system/libunc.dylib
0x0000000003cc9000 	/usr/lib/system/libunwind.dylib
0x0000000003cc9000 	/usr/lib/system/libxpc.dylib
0x0000000003cc9000 	/usr/lib/libbz2.1.0.dylib
0x0000000003cc9000 	/usr/lib/liblzma.5.dylib
0x0000000003cc9000 	/usr/lib/libbsm.0.dylib
0x0000000003cc9000 	/usr/lib/libsqlite3.dylib
0x0000000003cc9000 	/usr/lib/system/libkxld.dylib
0x0000000003cc9000 	/usr/lib/libxar.1.dylib
0x0000000003cc9000 	/usr/lib/libpam.2.dylib
0x0000000003cc9000 	/usr/lib/libOpenScriptingUtil.dylib
0x0000000003cc9000 	/System/Library/Frameworks/CoreServices.framework/Versions/A/Frameworks/FSEvents.framework/Versions/A/FSEvents
0x0000000003cc9000 	/System/Library/Frameworks/CoreServices.framework/Versions/A/Frameworks/CarbonCore.framework/Versions/A/CarbonCore
0x0000000003cc9000 	/System/Library/Frameworks/CoreServices.framework/Versions/A/Frameworks/Metadata.framework/Versions/A/Metadata
0x0000000003cc9000 	/System/Library/Frameworks/CoreServices.framework/Versions/A/Frameworks/OSServices.framework/Versions/A/OSServices
0x0000000003cc9000 	/System/Library/Frameworks/CoreServices.framework/Versions/A/Frameworks/SearchKit.framework/Versions/A/SearchKit
0x0000000003cc9000 	/System/Library/Frameworks/CoreServices.framework/Versions/A/Frameworks/AE.framework/Versions/A/AE
0x0000000003cc9000 	/System/Library/Frameworks/CoreServices.framework/Versions/A/Frameworks/LaunchServices.framework/Versions/A/LaunchServices
0x0000000003cc9000 	/System/Library/Frameworks/CoreServices.framework/Versions/A/Frameworks/DictionaryServices.framework/Versions/A/DictionaryServices
0x0000000003cc9000 	/System/Library/Frameworks/NetFS.framework/Versions/A/NetFS
0x0000000003cc9000 	/System/Library/PrivateFrameworks/NetAuth.framework/Versions/A/NetAuth
0x0000000003cc9000 	/System/Library/PrivateFrameworks/login.framework/Versions/A/Frameworks/loginsupport.framework/Versions/A/loginsupport
0x0000000003cc9000 	/System/Library/PrivateFrameworks/TCC.framework/Versions/A/TCC
0x0000000003cc9000 	/usr/lib/libmecabra.dylib
0x0000000003cc9000 	/System/Library/Frameworks/ApplicationServices.framework/Versions/A/Frameworks/ATS.framework/Versions/A/ATS
0x0000000003cc9000 	/System/Library/Frameworks/ApplicationServices.framework/Versions/A/Frameworks/ColorSync.framework/Versions/A/ColorSync
0x0000000003cc9000 	/System/Library/Frameworks/ApplicationServices.framework/Versions/A/Frameworks/HIServices.framework/Versions/A/HIServices
0x0000000003cc9000 	/System/Library/Frameworks/ApplicationServices.framework/Versions/A/Frameworks/LangAnalysis.framework/Versions/A/LangAnalysis
0x0000000003cc9000 	/System/Library/Frameworks/ApplicationServices.framework/Versions/A/Frameworks/PrintCore.framework/Versions/A/PrintCore
0x0000000003cc9000 	/System/Library/Frameworks/ApplicationServices.framework/Versions/A/Frameworks/QD.framework/Versions/A/QD
0x0000000003cc9000 	/System/Library/Frameworks/ApplicationServices.framework/Versions/A/Frameworks/SpeechSynthesis.framework/Versions/A/SpeechSynthesis
0x0000000003cc9000 	/System/Library/Frameworks/Accelerate.framework/Versions/A/Accelerate
0x0000000003cc9000 	/System/Library/Frameworks/Accelerate.framework/Versions/A/Frameworks/vImage.framework/Versions/A/vImage
0x0000000003cc9000 	/System/Library/Frameworks/Accelerate.framework/Versions/A/Frameworks/vecLib.framework/Versions/A/vecLib
0x0000000003cc9000 	/System/Library/Frameworks/Accelerate.framework/Versions/A/Frameworks/vecLib.framework/Versions/A/libvDSP.dylib
0x0000000003cc9000 	/System/Library/Frameworks/Accelerate.framework/Versions/A/Frameworks/vecLib.framework/Versions/A/libvMisc.dylib
0x0000000003cc9000 	/System/Library/Frameworks/Accelerate.framework/Versions/A/Frameworks/vecLib.framework/Versions/A/libLAPACK.dylib
0x0000000003cc9000 	/System/Library/Frameworks/Accelerate.framework/Versions/A/Frameworks/vecLib.framework/Versions/A/libBLAS.dylib
0x0000000003cc9000 	/System/Library/Frameworks/Accelerate.framework/Versions/A/Frameworks/vecLib.framework/Versions/A/libLinearAlgebra.dylib
0x0000000003cc9000 	/System/Library/Frameworks/ApplicationServices.framework/Versions/A/Frameworks/ATS.framework/Versions/A/Resources/libFontParser.dylib
0x0000000003cc9000 	/System/Library/Frameworks/ApplicationServices.framework/Versions/A/Frameworks/ATS.framework/Versions/A/Resources/libFontRegistry.dylib
0x0000000003cc9000 	/System/Library/PrivateFrameworks/AppleVPA.framework/Versions/A/AppleVPA
0x0000000003cc9000 	/System/Library/PrivateFrameworks/AppleJPEG.framework/Versions/A/AppleJPEG
0x0000000003cc9000 	/System/Library/Frameworks/ImageIO.framework/Versions/A/Resources/libJPEG.dylib
0x0000000003cc9000 	/System/Library/Frameworks/ImageIO.framework/Versions/A/Resources/libTIFF.dylib
0x0000000003cc9000 	/System/Library/Frameworks/ImageIO.framework/Versions/A/Resources/libPng.dylib
0x0000000003cc9000 	/System/Library/Frameworks/ImageIO.framework/Versions/A/Resources/libGIF.dylib
0x0000000003cc9000 	/System/Library/Frameworks/ImageIO.framework/Versions/A/Resources/libJP2.dylib
0x0000000003cc9000 	/System/Library/Frameworks/ImageIO.framework/Versions/A/Resources/libRadiance.dylib
0x0000000003cc9000 	/System/Library/Frameworks/CoreVideo.framework/Versions/A/CoreVideo
0x0000000003cc9000 	/System/Library/Frameworks/OpenGL.framework/Versions/A/Libraries/libGLU.dylib
0x0000000003cc9000 	/System/Library/Frameworks/OpenGL.framework/Versions/A/Libraries/libGFXShared.dylib
0x0000000003cc9000 	/System/Library/Frameworks/OpenGL.framework/Versions/A/Libraries/libGL.dylib
0x0000000003cc9000 	/System/Library/Frameworks/OpenGL.framework/Versions/A/Libraries/libGLImage.dylib
0x0000000003cc9000 	/System/Library/Frameworks/OpenGL.framework/Versions/A/Libraries/libCVMSPluginSupport.dylib
0x0000000003cc9000 	/System/Library/Frameworks/OpenGL.framework/Versions/A/Libraries/libCoreVMClient.dylib
0x0000000003cc9000 	/usr/lib/libcups.2.dylib
0x0000000003cc9000 	/System/Library/Frameworks/Kerberos.framework/Versions/A/Kerberos
0x0000000003cc9000 	/System/Library/Frameworks/GSS.framework/Versions/A/GSS
0x0000000003cc9000 	/usr/lib/libresolv.9.dylib
0x0000000003cc9000 	/usr/lib/libiconv.2.dylib
0x0000000003cc9000 	/System/Library/PrivateFrameworks/Heimdal.framework/Versions/A/Heimdal
0x0000000003cc9000 	/usr/lib/libheimdal-asn1.dylib
0x0000000003cc9000 	/System/Library/Frameworks/OpenDirectory.framework/Versions/A/OpenDirectory
0x0000000003cc9000 	/System/Library/PrivateFrameworks/CommonAuth.framework/Versions/A/CommonAuth
0x0000000003cc9000 	/System/Library/Frameworks/OpenDirectory.framework/Versions/A/Frameworks/CFOpenDirectory.framework/Versions/A/CFOpenDirectory
0x0000000003cc9000 	/System/Library/Frameworks/SecurityFoundation.framework/Versions/A/SecurityFoundation
0x0000000003cc9000 	/System/Library/PrivateFrameworks/LanguageModeling.framework/Versions/A/LanguageModeling
0x0000000003cc9000 	/usr/lib/libcmph.dylib
0x0000000003cc9000 	/System/Library/Frameworks/ServiceManagement.framework/Versions/A/ServiceManagement
0x0000000003cc9000 	/usr/lib/libxslt.1.dylib
0x0000000003cc9000 	/System/Library/Frameworks/Carbon.framework/Versions/A/Frameworks/Ink.framework/Versions/A/Ink
0x0000000003cc9000 	/System/Library/Frameworks/QuartzCore.framework/Versions/A/Frameworks/CoreImage.framework/Versions/A/CoreImage
0x0000000003cc9000 	/System/Library/PrivateFrameworks/CrashReporterSupport.framework/Versions/A/CrashReporterSupport
0x0000000003cc9000 	/System/Library/Frameworks/OpenCL.framework/Versions/A/OpenCL
0x0000000003cc9000 	/System/Library/PrivateFrameworks/FaceCore.framework/Versions/A/FaceCore
0x000000010563b000 	/System/Library/PrivateFrameworks/DesktopServicesPriv.framework/Versions/A_/DesktopServicesPriv
0x0000000003cc9000 	/System/Library/PrivateFrameworks/Ubiquity.framework/Versions/A/Ubiquity
0x0000000003cc9000 	/System/Library/PrivateFrameworks/IconServices.framework/Versions/A/IconServices
0x0000000003cc9000 	/System/Library/PrivateFrameworks/ChunkingLibrary.framework/Versions/A/ChunkingLibrary
0x0000000003cc9000 	/System/Library/PrivateFrameworks/Apple80211.framework/Versions/A/Apple80211
0x0000000003cc9000 	/System/Library/Frameworks/CoreWLAN.framework/Versions/A/CoreWLAN
0x0000000003cc9000 	/System/Library/Frameworks/IOBluetooth.framework/Versions/A/IOBluetooth
0x0000000003cc9000 	/System/Library/PrivateFrameworks/CoreWiFi.framework/Versions/A/CoreWiFi
0x0000000003cc9000 	/System/Library/Frameworks/CoreBluetooth.framework/Versions/A/CoreBluetooth
0x0000000003cc9000 	/System/Library/PrivateFrameworks/DebugSymbols.framework/Versions/A/DebugSymbols
0x0000000003cc9000 	/System/Library/PrivateFrameworks/CoreSymbolication.framework/Versions/A/CoreSymbolication
0x0000000003cc9000 	/System/Library/PrivateFrameworks/Symbolication.framework/Versions/A/Symbolication
0x0000000003cc9000 	/System/Library/PrivateFrameworks/SpeechRecognitionCore.framework/Versions/A/SpeechRecognitionCore
0x0000000106200000 	/Library/Java/JavaVirtualMachines/jdk1.8.0_60.jdk/Contents/Home/jre/lib/server/libjvm.dylib
0x0000000003cc9000 	/usr/lib/libstdc++.6.dylib
0x00000001059cb000 	/Library/Java/JavaVirtualMachines/jdk1.8.0_60.jdk/Contents/Home/jre/lib/libverify.dylib
0x0000000107189000 	/Library/Java/JavaVirtualMachines/jdk1.8.0_60.jdk/Contents/Home/jre/lib/libjava.dylib
0x00000001059e3000 	/Library/Java/JavaVirtualMachines/jdk1.8.0_60.jdk/Contents/Home/jre/lib/libzip.dylib
0x000000011d235000 	/System/Library/Frameworks/JavaVM.framework/Frameworks/JavaRuntimeSupport.framework/JavaRuntimeSupport
0x000000011d250000 	/System/Library/Frameworks/JavaVM.framework/Versions/A/Frameworks/JavaNativeFoundation.framework/Versions/A/JavaNativeFoundation
0x00000001059ed000 	/System/Library/Frameworks/JavaVM.framework/Versions/A/JavaVM
0x0000000003cc9000 	/System/Library/Frameworks/Carbon.framework/Versions/A/Carbon
0x000000011d265000 	/System/Library/PrivateFrameworks/JavaLaunching.framework/Versions/A/JavaLaunching
0x0000000003cc9000 	/System/Library/Frameworks/Carbon.framework/Versions/A/Frameworks/CommonPanels.framework/Versions/A/CommonPanels
0x0000000003cc9000 	/System/Library/Frameworks/Carbon.framework/Versions/A/Frameworks/Help.framework/Versions/A/Help
0x0000000003cc9000 	/System/Library/Frameworks/Carbon.framework/Versions/A/Frameworks/ImageCapture.framework/Versions/A/ImageCapture
0x0000000003cc9000 	/System/Library/Frameworks/Carbon.framework/Versions/A/Frameworks/OpenScripting.framework/Versions/A/OpenScripting
0x0000000003cc9000 	/System/Library/Frameworks/Carbon.framework/Versions/A/Frameworks/Print.framework/Versions/A/Print
0x0000000003cc9000 	/System/Library/Frameworks/Carbon.framework/Versions/A/Frameworks/SecurityHI.framework/Versions/A/SecurityHI
0x000000011f1b0000 	/Library/Java/JavaVirtualMachines/jdk1.8.0_60.jdk/Contents/Home/jre/lib/libawt.dylib
0x000000011f258000 	/Library/Java/JavaVirtualMachines/jdk1.8.0_60.jdk/Contents/Home/jre/lib/./libmlib_image.dylib
0x000000011f324000 	/Library/Java/JavaVirtualMachines/jdk1.8.0_60.jdk/Contents/Home/jre/lib/libawt_lwawt.dylib
0x000000011f3d9000 	/Library/Java/JavaVirtualMachines/jdk1.8.0_60.jdk/Contents/Home/jre/lib/./libosxapp.dylib
0x0000000003cc9000 	/System/Library/Frameworks/ExceptionHandling.framework/Versions/A/ExceptionHandling
0x0000000003cc9000 	/System/Library/PrivateFrameworks/CoreServicesInternal.framework/Versions/A/CoreServicesInternal
0x0000000003cc9000 	/System/Library/PrivateFrameworks/CloudDocs.framework/Versions/A/CloudDocs
0x0000000003cc9000 	/System/Library/PrivateFrameworks/CoreDuet.framework/Versions/A/CoreDuet
0x0000000003cc9000 	/System/Library/Frameworks/CloudKit.framework/Versions/A/CloudKit
0x0000000003cc9000 	/System/Library/PrivateFrameworks/ProtocolBuffer.framework/Versions/A/ProtocolBuffer
0x0000000003cc9000 	/System/Library/PrivateFrameworks/CoreDuetDaemonProtocol.framework/Versions/A/CoreDuetDaemonProtocol
0x0000000003cc9000 	/System/Library/PrivateFrameworks/CoreDuetDebugLogging.framework/Versions/A/CoreDuetDebugLogging
0x0000000003cc9000 	/System/Library/PrivateFrameworks/MMCS.framework/Versions/A/MMCS
0x0000000003cc9000 	/System/Library/Frameworks/CoreLocation.framework/Versions/A/CoreLocation
0x0000000003cc9000 	/System/Library/PrivateFrameworks/ProtectedCloudStorage.framework/Versions/A/ProtectedCloudStorage
0x0000000003cc9000 	/System/Library/PrivateFrameworks/GeoServices.framework/Versions/A/GeoServices
0x0000000003cc9000 	/System/Library/Frameworks/CoreGraphics.framework/Versions/A/Resources/libCGCMS.A.dylib
0x0000000003cc9000 	/System/Library/Frameworks/CoreGraphics.framework/Versions/A/Resources/libRIP.A.dylib
0x0000000003cc9000 	/System/Library/Frameworks/CoreGraphics.framework/Versions/A/Resources/libCGXType.A.dylib
0x0000000003cc9000 	/System/Library/Frameworks/OpenCL.framework/Versions/A/Libraries/libcldcpuengine.dylib
0x0000000003cc9000 	/System/Library/PrivateFrameworks/DiskImages.framework/Versions/A/DiskImages
0x0000000003cc9000 	/System/Library/Frameworks/DiscRecording.framework/Versions/A/DiscRecording
0x0000000003cc9000 	/usr/lib/libcsfde.dylib
0x0000000003cc9000 	/usr/lib/libcurl.4.dylib
0x0000000003cc9000 	/System/Library/PrivateFrameworks/MediaKit.framework/Versions/A/MediaKit
0x0000000003cc9000 	/usr/lib/libCoreStorage.dylib
0x0000000003cc9000 	/System/Library/PrivateFrameworks/EFILogin.framework/Versions/A/EFILogin
0x0000000003cc9000 	/usr/lib/libutil.dylib
0x0000000003cc9000 	/System/Library/PrivateFrameworks/FindMyDevice.framework/Versions/A/FindMyDevice
0x0000000003cc9000 	/System/Library/Frameworks/LDAP.framework/Versions/A/LDAP
0x0000000003cc9000 	/usr/lib/libsasl2.2.dylib
0x0000000003cc9000 	/System/Library/PrivateFrameworks/CoreDaemon.framework/Versions/B/CoreDaemon
0x0000000003cc9000 	/usr/lib/libcrypto.0.9.8.dylib
0x0000000003cc9000 	/System/Library/PrivateFrameworks/AppleSRP.framework/Versions/A/AppleSRP
0x0000000003cc9000 	/System/Library/PrivateFrameworks/TrustEvaluationAgent.framework/Versions/A/TrustEvaluationAgent
0x000000011f764000 	cl_kernels
0x0000000122686000 	/System/Library/Frameworks/OpenCL.framework/Versions/A/Libraries/ImageFormats/unorm8_bgra.dylib
0x00000001227c2000 	cl_kernels
0x0000000003cc9000 	/System/Library/PrivateFrameworks/FamilyControls.framework/Versions/A/FamilyControls
0x0000000003cc9000 	/System/Library/PrivateFrameworks/CommerceKit.framework/Versions/A/Frameworks/CommerceCore.framework/Versions/A/CommerceCore
0x0000000003cc9000 	/System/Library/PrivateFrameworks/SystemAdministration.framework/Versions/A/SystemAdministration
0x0000000003cc9000 	/System/Library/PrivateFrameworks/AppContainer.framework/Versions/A/AppContainer
0x0000000003cc9000 	/System/Library/PrivateFrameworks/SecCodeWrapper.framework/Versions/A/SecCodeWrapper
0x0000000003cc9000 	/System/Library/Frameworks/DirectoryService.framework/Versions/A/DirectoryService
0x0000000003cc9000 	/System/Library/PrivateFrameworks/LoginUIKit.framework/Versions/A/Frameworks/LoginUICore.framework/Versions/A/LoginUICore
0x0000000003cc9000 	/usr/lib/libodfde.dylib
0x0000000123920000 	/Library/Java/JavaVirtualMachines/jdk1.8.0_60.jdk/Contents/Home/jre/lib/libfontmanager.dylib
0x0000000123987000 	/Users/Vincent/Documents/workspace/Dead's Mirror Slick/lib/native/macosx/liblwjgl.dylib
0x0000000121b2e000 	/Library/Java/JavaVirtualMachines/jdk1.8.0_60.jdk/Contents/Home/jre/lib/libjawt.dylib
0x0000000003cc9000 	/System/Library/Frameworks/OpenGL.framework/Versions/A/Resources/GLEngine.bundle/GLEngine
0x0000000003cc9000 	/System/Library/Frameworks/OpenGL.framework/Versions/A/Libraries/libGLProgrammability.dylib
0x0000000123a09000 	/System/Library/Extensions/AppleIntelBDWGraphicsGLDriver.bundle/Contents/MacOS/AppleIntelBDWGraphicsGLDriver
0x0000000003cc9000 	/System/Library/PrivateFrameworks/IOAccelerator.framework/Versions/A/IOAccelerator
0x0000000003cc9000 	/System/Library/PrivateFrameworks/GPUSupport.framework/Versions/A/Libraries/libGPUSupportMercury.dylib
0x0000000003cc9000 	/System/Library/Frameworks/OpenGL.framework/Versions/A/Resources/GLRendererFloat.bundle/GLRendererFloat
0x000000012596d000 	/Library/Java/JavaVirtualMachines/jdk1.8.0_60.jdk/Contents/Home/jre/lib/libnet.dylib
0x0000000125b67000 	/Library/Java/JavaVirtualMachines/jdk1.8.0_60.jdk/Contents/Home/jre/lib/libnio.dylib
0x0000000003cc9000 	/System/Library/Frameworks/ApplicationServices.framework/Versions/A/Frameworks/ATS.framework/Versions/A/Resources/libTrueTypeScaler.dylib
0x0000000171862000 	/Library/Java/JavaVirtualMachines/jdk1.8.0_60.jdk/Contents/Home/jre/lib/libt2k.dylib
0x00000001240ff000 	/Library/Java/JavaVirtualMachines/jdk1.8.0_60.jdk/Contents/Home/jre/lib/libjpeg.dylib
0x0000000171d2f000 	/Users/Vincent/Documents/workspace/Dead's Mirror Slick/lib/native/macosx/openal.dylib
0x0000000171d8b000 	/System/Library/Components/CoreAudio.component/Contents/MacOS/CoreAudio
0x0000000120c65000 	/System/Library/Extensions/AppleHDA.kext/Contents/PlugIns/AppleHDAHALPlugIn.bundle/Contents/MacOS/AppleHDAHALPlugIn

VM Arguments:
jvm_args: -Djava.library.path=/Users/Vincent/Documents/workspace/Dead's Mirror Slick/lib/native/macosx -Dfile.encoding=UTF-8 
java_command: Principal.StateGame
java_class_path (initial): /Users/Vincent/Documents/workspace/Dead's Mirror Slick/bin:/Users/Vincent/Documents/workspace/Dead's Mirror Slick/lib/jar/lwjgl.jar:/Users/Vincent/Documents/workspace/Dead's Mirror Slick/lib/jar/slick.jar:/Users/Vincent/Documents/workspace/Dead's Mirror Slick/lib/jar/jogg-0.0.7.jar:/Users/Vincent/Documents/workspace/Dead's Mirror Slick/lib/jar/jorbis-0.0.15.jar:/Users/Vincent/Documents/workspace/Dead's Mirror Slick/lib/jar/lwjgl_util.jar:/Users/Vincent/Documents/workspace/Dead's Mirror Slick/lib/jar/slick-util.jar:/Users/Vincent/Documents/workspace/Dead's Mirror Slick/lib/jar/SlickUtils-1.3.jar
Launcher Type: SUN_STANDARD

Environment Variables:
PATH=/usr/bin:/bin:/usr/sbin:/sbin
SHELL=/bin/bash

Signal Handlers:
SIGSEGV: [libjvm.dylib+0x5a6d31], sa_mask[0]=11111111011111110111111111111111, sa_flags=SA_ONSTACK|SA_RESTART|SA_SIGINFO
SIGBUS: [libjvm.dylib+0x5a6d31], sa_mask[0]=11111111011111110111111111111111, sa_flags=SA_RESTART|SA_SIGINFO
SIGFPE: [libjvm.dylib+0x480a4c], sa_mask[0]=11111111011111110111111111111111, sa_flags=SA_RESTART|SA_SIGINFO
SIGPIPE: [libjvm.dylib+0x480a4c], sa_mask[0]=11111111011111110111111111111111, sa_flags=SA_RESTART|SA_SIGINFO
SIGXFSZ: [libjvm.dylib+0x480a4c], sa_mask[0]=11111111011111110111111111111111, sa_flags=SA_RESTART|SA_SIGINFO
SIGILL: [libjvm.dylib+0x480a4c], sa_mask[0]=11111111011111110111111111111111, sa_flags=SA_RESTART|SA_SIGINFO
SIGUSR1: SIG_DFL, sa_mask[0]=00000000000000000000000000000000, sa_flags=none
SIGUSR2: [libjvm.dylib+0x48056a], sa_mask[0]=00100000000000000000000000000000, sa_flags=SA_RESTART|SA_SIGINFO
SIGHUP: [libjvm.dylib+0x47eb41], sa_mask[0]=11111111011111110111111111111111, sa_flags=SA_RESTART|SA_SIGINFO
SIGINT: [libjvm.dylib+0x47eb41], sa_mask[0]=11111111011111110111111111111111, sa_flags=SA_RESTART|SA_SIGINFO
SIGTERM: [libjvm.dylib+0x47eb41], sa_mask[0]=11111111011111110111111111111111, sa_flags=SA_RESTART|SA_SIGINFO
SIGQUIT: [libjvm.dylib+0x47eb41], sa_mask[0]=11111111011111110111111111111111, sa_flags=SA_RESTART|SA_SIGINFO


---------------  S Y S T E M  ---------------

OS:Bsduname:Darwin 14.5.0 Darwin Kernel Version 14.5.0: Wed Jul 29 02:26:53 PDT 2015; root:xnu-2782.40.9~1/RELEASE_X86_64 x86_64
rlimit: STACK 8192k, CORE 0k, NPROC 709, NOFILE 10240, AS infinity
load average:2.77 2.49 2.43

CPU:total 4 (2 cores per cpu, 2 threads per core) family 6 model 61 stepping 4, cmov, cx8, fxsr, mmx, sse, sse2, sse3, ssse3, sse4.1, sse4.2, popcnt, avx, avx2, aes, clmul, erms, 3dnowpref, lzcnt, ht, tsc, tscinvbit, bmi1, bmi2, adx

Memory: 4k page, physical 8388608k(130540k free)

/proc/meminfo:


vm_info: Java HotSpot(TM) 64-Bit Server VM (25.60-b23) for bsd-amd64 JRE (1.8.0_60-b27), built on Aug  4 2015 10:47:24 by "java_re" with gcc 4.2.1 (Based on Apple Inc. build 5658) (LLVM build 2336.11.00)

time: Tue Jan 19 23:51:19 2016
elapsed time: 100 seconds (0d 0h 1m 40s)

