#
# A fatal error has been detected by the Java Runtime Environment:
#
#  SIGILL (0x4) at pc=0x00007fff8bee72ea, pid=57984, tid=1811
#
# JRE version: Java(TM) SE Runtime Environment (8.0_60-b27) (build 1.8.0_60-b27)
# Java VM: Java HotSpot(TM) 64-Bit Server VM (25.60-b23 mixed mode bsd-amd64 compressed oops)
# Problematic frame:
# C  [libobjc.A.dylib+0x122ea]  _ZL10_objc_trapv+0x0
#
# Failed to write core dump. Core dumps have been disabled. To enable core dumping, try "ulimit -c unlimited" before starting Java again
#
# If you would like to submit a bug report, please visit:
#   http://bugreport.java.com/bugreport/crash.jsp
# The crash happened outside the Java Virtual Machine in native code.
# See problematic frame for where to report the bug.
#

---------------  T H R E A D  ---------------

Current thread (0x00007fb0440e7800):  JavaThread "AppKit Thread" daemon [_thread_in_native, id=1811, stack(0x00007fff5cf05000,0x00007fff5d705000)]

siginfo: si_signo: 4 (SIGILL), si_code: 1 (ILL_ILLOPC), si_addr: 0x00007fff8bee72ea

Registers:
RAX=0x0000000000000000, RBX=0x00007fb0426783d0, RCX=0x0000000000000000, RDX=0x00007fff7202d1e0
RSP=0x00007fff5d6fea18, RBP=0x00007fff5d6feb00, RSI=0x0000010000000100, RDI=0x0000000000000103
R8 =0x00007fff5d6fe9c0, R9 =0x00000000fffe0000, R10=0x0000000000000000, R11=0x00000000000044c0
R12=0x00007fff7032d070, R13=0x00007fff72036e80, R14=0x00007fff72038ca8, R15=0x00007fb04267a400
RIP=0x00007fff8bee72ea, EFLAGS=0x0000000000010206, ERR=0x0000000000000000
  TRAPNO=0x0000000000000006

Top of Stack: (sp=0x00007fff5d6fea18)
0x00007fff5d6fea18:   00007fff8bee742a 0000000000000000
0x00007fff5d6fea28:   00007fb0426783d0 00007fff84d82bd5
0x00007fff5d6fea38:   00007fff84d82bd5 000000000000005f
0x00007fff5d6fea48:   00007fb0426783d0 00007fff5d6fea80
0x00007fff5d6fea58:   00007fff8bef7225 00007fff5d6feac0
0x00007fff5d6fea68:   00007fff8beeada1 00007fff72038c90
0x00007fff5d6fea78:   00007fff7032d070 00007fff5d6feae0
0x00007fff5d6fea88:   00007fb04267a400 00007fff5d6feac0
0x00007fff5d6fea98:   00007fff84d82bd5 00007fff84d82bd5
0x00007fff5d6feaa8:   0000000000000000 00007fff710e00b0
0x00007fff5d6feab8:   00007fb04267a400 00007fff5d6feb00
0x00007fff5d6feac8:   00007fff8beec5ad 00007fb04740e190
0x00007fff5d6fead8:   00007fb04740e060 0000003000000018
0x00007fff5d6feae8:   00007fff5d6feb10 00007fff5d6fea20
0x00007fff5d6feaf8:   00007fb04267a400 00007fff5d6feb70
0x00007fff5d6feb08:   00007fff8bedec87 0000000000000000
0x00007fff5d6feb18:   00007fb04398feb0 00007fff72036e80
0x00007fff5d6feb28:   00007fb04267a380 00007fff5d6feb90
0x00007fff5d6feb38:   00007fff8bedeb21 63008a60375aa204
0x00007fff5d6feb48:   00007fff72036e80 0000000000000000
0x00007fff5d6feb58:   00007fff72036e80 00007fb04267a400
0x00007fff5d6feb68:   00007fff72038c80 00007fff5d6febd0
0x00007fff5d6feb78:   00007fff8bedeac7 000000000000000a
0x00007fff5d6feb88:   00007fb0426783d0 0000000000001e00
0x00007fff5d6feb98:   00007fb04267a400 000000000000000a
0x00007fff5d6feba8:   00007fb042431f80 0000000000000000
0x00007fff5d6febb8:   00007fb04255eeb0 00007fb04267a200
0x00007fff5d6febc8:   00007fb0426783d0 00007fff5d6fec10
0x00007fff5d6febd8:   00007fff86c7520c 00007fb042431f80
0x00007fff5d6febe8:   0000000000000000 00007fb0426783d0
0x00007fff5d6febf8:   00007fff8bed60c0 00007fb042431f80
0x00007fff5d6fec08:   00007fff710f7bd8 00007fff5d6fec40 

Instructions: (pc=0x00007fff8bee72ea)
0x00007fff8bee72ca:   c0 44 89 f2 e8 1f 08 01 00 48 8b 7d e0 e8 30 cc
0x00007fff8bee72da:   ff ff 48 8b 7d e0 e8 d3 15 ff ff e8 00 00 00 00
0x00007fff8bee72ea:   0f 0b 55 48 89 e5 48 81 ec d0 00 00 00 84 c0 74
0x00007fff8bee72fa:   26 0f 29 85 60 ff ff ff 0f 29 8d 70 ff ff ff 0f 

Register to memory mapping:

RAX=0x0000000000000000 is an unknown value
RBX=0x00007fb0426783d0 is an unknown value
RCX=0x0000000000000000 is an unknown value
RDX=0x00007fff7202d1e0: _ZZL14_objc_crashlogPKcE13crashlog_lock+0x20 in /usr/lib/libobjc.A.dylib at 0x00007fff8bed5000
RSP=0x00007fff5d6fea18 is pointing into the stack for thread: 0x00007fb0440e7800
RBP=0x00007fff5d6feb00 is pointing into the stack for thread: 0x00007fb0440e7800
RSI=0x0000010000000100 is an unknown value
RDI=0x0000000000000103 is an unknown value
R8 =0x00007fff5d6fe9c0 is pointing into the stack for thread: 0x00007fb0440e7800
R9 =0x00000000fffe0000 is an unknown value
R10=0x0000000000000000 is an unknown value
R11=0x00000000000044c0 is an unknown value
R12=0x00007fff7032d070: __stack_chk_guard+0 in /usr/lib/system/libsystem_c.dylib at 0x00007fff8088a000
R13=0x00007fff72036e80: _ZN12_GLOBAL__N_19SideTable9table_bufE+0 in /usr/lib/libobjc.A.dylib at 0x00007fff8bed5000
R14=0x00007fff72038ca8: _ZN12_GLOBAL__N_19SideTable9table_bufE+0x1e28 in /usr/lib/libobjc.A.dylib at 0x00007fff8bed5000
R15=0x00007fb04267a400 is an unknown value


Stack: [0x00007fff5cf05000,0x00007fff5d705000],  sp=0x00007fff5d6fea18,  free space=8166k
Native frames: (J=compiled Java code, j=interpreted, Vv=VM code, C=native code)
C  [libobjc.A.dylib+0x122ea]  _ZL10_objc_trapv+0x0
C  [libobjc.A.dylib+0x9c87]  class_getMethodImplementation+0x0
C  [libobjc.A.dylib+0x9ac7]  objc_storeWeak+0xe9
C  [Foundation+0x1620c]  -[NSConcreteMapTable setObject:forKey:]+0x6e
C  [AppKit+0x31df3e]  -[NSView(NSOpenGLContextAssociation) _setOpenGLContext:]+0xf2
C  [AppKit+0x31db54]  -[NSOpenGLContext setView:]+0x5b
C  [liblwjgl.dylib+0xa586]  -[MacOSXOpenGLView lockFocus]+0x76
C  [AppKit+0xe1f45]  -[NSView _recursiveDisplayRectIfNeededIgnoringOpacity:isVisibleRect:rectIsVisibleRectForView:topView:]+0x740
C  [AppKit+0xe2fa0]  -[NSView _recursiveDisplayRectIfNeededIgnoringOpacity:isVisibleRect:rectIsVisibleRectForView:topView:]+0x179b
C  [AppKit+0xe12f3]  -[NSThemeFrame _recursiveDisplayRectIfNeededIgnoringOpacity:isVisibleRect:rectIsVisibleRectForView:topView:]+0x14d
C  [AppKit+0xdd68b]  -[NSView _displayRectIgnoringOpacity:isVisibleRect:rectIsVisibleRectForView:]+0xac9
C  [AppKit+0x951ae]  -[NSView displayIfNeeded]+0x754
C  [AppKit+0x94a09]  -[NSWindow displayIfNeeded]+0xec
C  [AppKit+0x94672]  _handleWindowNeedsDisplayOrLayoutOrUpdateConstraints+0x3a8
C  [Foundation+0x4ba23]  __NSFireTimer+0x5f
C  [CoreFoundation+0xb72e4]  __CFRUNLOOP_IS_CALLING_OUT_TO_A_TIMER_CALLBACK_FUNCTION__+0x14
C  [CoreFoundation+0xb6f73]  __CFRunLoopDoTimer+0x423
C  [CoreFoundation+0x12a53d]  __CFRunLoopDoTimers+0x12d
C  [CoreFoundation+0x72608]  __CFRunLoopRun+0x7e8
C  [CoreFoundation+0x71bd8]  CFRunLoopRunSpecific+0x128
C  [HIToolbox+0x3256f]  RunCurrentEventLoopInMode+0xeb
C  [HIToolbox+0x322ea]  ReceiveNextEventCommon+0x1af
C  [HIToolbox+0x3212b]  _BlockUntilNextEventMatchingListInModeWithFilter+0x47
C  [AppKit+0x918ab]  _DPSNextEvent+0x3d2
C  [AppKit+0x90e58]  -[NSApplication nextEventMatchingMask:untilDate:inMode:dequeue:]+0x15a
C  [libosxapp.dylib+0x23aa]  -[NSApplicationAWT nextEventMatchingMask:untilDate:inMode:dequeue:]+0x7c
C  [AppKit+0x86af3]  -[NSApplication run]+0x252
C  [libosxapp.dylib+0x214d]  +[NSApplicationAWT runAWTLoopWithApp:]+0x9c
C  [libawt_lwawt.dylib+0x44517]  -[AWTStarter starter:]+0x389
C  [Foundation+0x92dd0]  __NSThreadPerformPerform+0x125
C  [CoreFoundation+0x80a01]  __CFRUNLOOP_IS_CALLING_OUT_TO_A_SOURCE0_PERFORM_FUNCTION__+0x11
C  [CoreFoundation+0x72b8d]  __CFRunLoopDoSources0+0x10d
C  [CoreFoundation+0x721bf]  __CFRunLoopRun+0x39f
C  [CoreFoundation+0x71bd8]  CFRunLoopRunSpecific+0x128
C  [java+0x6463]  CreateExecutionEnvironment+0x367
C  [java+0x21ac]  JLI_Launch+0x7a0
C  [java+0x84c0]  main+0x65
C  [java+0x1a04]  start+0x34
C  0x0000000000000006


---------------  P R O C E S S  ---------------

Java Threads: ( => current thread )
  0x00007fb04450c000 JavaThread "AWT-Shutdown" [_thread_blocked, id=37395, stack(0x000000022faab000,0x000000022fbab000)]
  0x00007fb0430d1000 JavaThread "Java2D Disposer" daemon [_thread_blocked, id=51467, stack(0x00000001e26fd000,0x00000001e27fd000)]
  0x00007fb042a38800 JavaThread "Java2D Queue Flusher" daemon [_thread_blocked, id=51719, stack(0x00000001e1dd4000,0x00000001e1ed4000)]
=>0x00007fb0440e7800 JavaThread "AppKit Thread" daemon [_thread_in_native, id=1811, stack(0x00007fff5cf05000,0x00007fff5d705000)]
  0x00007fb043839800 JavaThread "Service Thread" daemon [_thread_blocked, id=17923, stack(0x00000001dbe1b000,0x00000001dbf1b000)]
  0x00007fb04300a000 JavaThread "C1 CompilerThread2" daemon [_thread_blocked, id=17411, stack(0x00000001dbd18000,0x00000001dbe18000)]
  0x00007fb043821000 JavaThread "C2 CompilerThread1" daemon [_thread_blocked, id=16899, stack(0x00000001dbc15000,0x00000001dbd15000)]
  0x00007fb04380f000 JavaThread "C2 CompilerThread0" daemon [_thread_blocked, id=16387, stack(0x00000001dbb12000,0x00000001dbc12000)]
  0x00007fb042827800 JavaThread "Signal Dispatcher" daemon [_thread_blocked, id=12307, stack(0x00000001dba0f000,0x00000001dbb0f000)]
  0x00007fb042820800 JavaThread "Finalizer" daemon [_thread_blocked, id=11523, stack(0x00000001da06a000,0x00000001da16a000)]
  0x00007fb04402e800 JavaThread "Reference Handler" daemon [_thread_blocked, id=11011, stack(0x00000001d9f67000,0x00000001da067000)]
  0x00007fb044000000 JavaThread "main" [_thread_in_native, id=4867, stack(0x0000000103d9d000,0x0000000103e9d000)]

Other Threads:
  0x00007fb043801000 VMThread [stack: 0x00000001d9e64000,0x00000001d9f64000] [id=10499]
  0x00007fb04401d000 WatcherThread [stack: 0x00000001dbf1e000,0x00000001dc01e000] [id=18435]

VM state:not at safepoint (normal execution)

VM Mutex/Monitor currently owned by a thread: None

Heap:
 PSYoungGen      total 38400K, used 22724K [0x0000000168b80000, 0x000000016cd00000, 0x0000000193600000)
  eden space 33280K, 55% used [0x0000000168b80000,0x0000000169d810b8,0x000000016ac00000)
  from space 5120K, 83% used [0x000000016b100000,0x000000016b530010,0x000000016b600000)
  to   space 5120K, 0% used [0x000000016ac00000,0x000000016ac00000,0x000000016b100000)
 ParOldGen       total 61952K, used 27296K [0x0000000113600000, 0x0000000117280000, 0x0000000168b80000)
  object space 61952K, 44% used [0x0000000113600000,0x00000001150a83b0,0x0000000117280000)
 Metaspace       used 12044K, capacity 12257K, committed 12416K, reserved 1060864K
  class space    used 1262K, capacity 1343K, committed 1408K, reserved 1048576K

Card table byte_map: [0x0000000193600000,0x0000000193a01000] byte_map_base: 0x0000000192d65000

Marking Bits: (ParMarkBitMap*) 0x00000001036f1e20
 Begin Bits: [0x0000000193fb5000, 0x0000000195fb5000)
 End Bits:   [0x0000000195fb5000, 0x0000000197fb5000)

Polling page: 0x00000001025fe000

CodeCache: size=245760Kb used=5685Kb max_used=5698Kb free=240074Kb
 bounds [0x0000000103ef3000, 0x0000000104493000, 0x0000000112ef3000]
 total_blobs=1966 nmethods=1407 adapters=473
 compilation: enabled

Compilation events (10 events):
Event: 25.987 Thread 0x00007fb04300a000 nmethod 1408 0x0000000103ff32d0 code [0x0000000103ff3440, 0x0000000103ff3668]
Event: 26.013 Thread 0x00007fb04300a000 1409       1       java.nio.HeapByteBuffer::_put (8 bytes)
Event: 26.014 Thread 0x00007fb04300a000 nmethod 1409 0x0000000103ff2d90 code [0x0000000103ff2ee0, 0x0000000103ff3010]
Event: 26.100 Thread 0x00007fb043821000 nmethod 1407 0x0000000104482790 code [0x0000000104482ca0, 0x0000000104486438]
Event: 26.511 Thread 0x00007fb04380f000 1410       4       java.nio.HeapByteBuffer::put (167 bytes)
Event: 26.511 Thread 0x00007fb043821000 1411       4       org.newdawn.slick.Image::drawEmbedded (327 bytes)
Event: 26.514 Thread 0x00007fb04380f000 nmethod 1410 0x000000010447a810 code [0x000000010447a980, 0x000000010447acb8]
Event: 26.522 Thread 0x00007fb043821000 nmethod 1411 0x000000010447cb90 code [0x000000010447ce40, 0x000000010447db10]
Event: 26.885 Thread 0x00007fb04380f000 1412  s    4       org.lwjgl.opengl.EventQueue::copyEvents (77 bytes)
Event: 26.894 Thread 0x00007fb04380f000 nmethod 1412 0x0000000104489150 code [0x0000000104489320, 0x0000000104489d38]

GC Heap History (10 events):
Event: 5.912 GC heap before
{Heap before GC invocations=1 (full 0):
 PSYoungGen      total 38400K, used 33280K [0x0000000168b80000, 0x000000016b600000, 0x0000000193600000)
  eden space 33280K, 100% used [0x0000000168b80000,0x000000016ac00000,0x000000016ac00000)
  from space 5120K, 0% used [0x000000016b100000,0x000000016b100000,0x000000016b600000)
  to   space 5120K, 0% used [0x000000016ac00000,0x000000016ac00000,0x000000016b100000)
 ParOldGen       total 87552K, used 0K [0x0000000113600000, 0x0000000118b80000, 0x0000000168b80000)
  object space 87552K, 0% used [0x0000000113600000,0x0000000113600000,0x0000000118b80000)
 Metaspace       used 9093K, capacity 9237K, committed 9472K, reserved 1058816K
  class space    used 958K, capacity 1021K, committed 1024K, reserved 1048576K
Event: 5.940 GC heap after
Heap after GC invocations=1 (full 0):
 PSYoungGen      total 38400K, used 5096K [0x0000000168b80000, 0x000000016b600000, 0x0000000193600000)
  eden space 33280K, 0% used [0x0000000168b80000,0x0000000168b80000,0x000000016ac00000)
  from space 5120K, 99% used [0x000000016ac00000,0x000000016b0fa178,0x000000016b100000)
  to   space 5120K, 0% used [0x000000016b100000,0x000000016b100000,0x000000016b600000)
 ParOldGen       total 87552K, used 890K [0x0000000113600000, 0x0000000118b80000, 0x0000000168b80000)
  object space 87552K, 1% used [0x0000000113600000,0x00000001136debf0,0x0000000118b80000)
 Metaspace       used 9093K, capacity 9237K, committed 9472K, reserved 1058816K
  class space    used 958K, capacity 1021K, committed 1024K, reserved 1048576K
}
Event: 7.424 GC heap before
{Heap before GC invocations=2 (full 0):
 PSYoungGen      total 38400K, used 38376K [0x0000000168b80000, 0x000000016b600000, 0x0000000193600000)
  eden space 33280K, 100% used [0x0000000168b80000,0x000000016ac00000,0x000000016ac00000)
  from space 5120K, 99% used [0x000000016ac00000,0x000000016b0fa178,0x000000016b100000)
  to   space 5120K, 0% used [0x000000016b100000,0x000000016b100000,0x000000016b600000)
 ParOldGen       total 87552K, used 890K [0x0000000113600000, 0x0000000118b80000, 0x0000000168b80000)
  object space 87552K, 1% used [0x0000000113600000,0x00000001136debf0,0x0000000118b80000)
 Metaspace       used 9830K, capacity 10017K, committed 10368K, reserved 1058816K
  class space    used 1030K, capacity 1087K, committed 1152K, reserved 1048576K
Event: 7.447 GC heap after
Heap after GC invocations=2 (full 0):
 PSYoungGen      total 38400K, used 5096K [0x0000000168b80000, 0x000000016b600000, 0x0000000193600000)
  eden space 33280K, 0% used [0x0000000168b80000,0x0000000168b80000,0x000000016ac00000)
  from space 5120K, 99% used [0x000000016b100000,0x000000016b5fa198,0x000000016b600000)
  to   space 5120K, 0% used [0x000000016ac00000,0x000000016ac00000,0x000000016b100000)
 ParOldGen       total 87552K, used 7243K [0x0000000113600000, 0x0000000118b80000, 0x0000000168b80000)
  object space 87552K, 8% used [0x0000000113600000,0x0000000113d12c60,0x0000000118b80000)
 Metaspace       used 9830K, capacity 10017K, committed 10368K, reserved 1058816K
  class space    used 1030K, capacity 1087K, committed 1152K, reserved 1048576K
}
Event: 8.708 GC heap before
{Heap before GC invocations=3 (full 0):
 PSYoungGen      total 38400K, used 36991K [0x0000000168b80000, 0x000000016b600000, 0x0000000193600000)
  eden space 33280K, 95% used [0x0000000168b80000,0x000000016aaa5d90,0x000000016ac00000)
  from space 5120K, 99% used [0x000000016b100000,0x000000016b5fa198,0x000000016b600000)
  to   space 5120K, 0% used [0x000000016ac00000,0x000000016ac00000,0x000000016b100000)
 ParOldGen       total 87552K, used 7243K [0x0000000113600000, 0x0000000118b80000, 0x0000000168b80000)
  object space 87552K, 8% used [0x0000000113600000,0x0000000113d12c60,0x0000000118b80000)
 Metaspace       used 10194K, capacity 10369K, committed 10624K, reserved 1058816K
  class space    used 1065K, capacity 1119K, committed 1152K, reserved 1048576K
Event: 8.721 GC heap after
Heap after GC invocations=3 (full 0):
 PSYoungGen      total 38400K, used 4022K [0x0000000168b80000, 0x000000016b600000, 0x0000000193600000)
  eden space 33280K, 0% used [0x0000000168b80000,0x0000000168b80000,0x000000016ac00000)
  from space 5120K, 78% used [0x000000016ac00000,0x000000016afed850,0x000000016b100000)
  to   space 5120K, 0% used [0x000000016b100000,0x000000016b100000,0x000000016b600000)
 ParOldGen       total 87552K, used 15443K [0x0000000113600000, 0x0000000118b80000, 0x0000000168b80000)
  object space 87552K, 17% used [0x0000000113600000,0x0000000114514c70,0x0000000118b80000)
 Metaspace       used 10194K, capacity 10369K, committed 10624K, reserved 1058816K
  class space    used 1065K, capacity 1119K, committed 1152K, reserved 1048576K
}
Event: 10.945 GC heap before
{Heap before GC invocations=4 (full 1):
 PSYoungGen      total 38400K, used 32580K [0x0000000168b80000, 0x000000016b600000, 0x0000000193600000)
  eden space 33280K, 85% used [0x0000000168b80000,0x000000016a763848,0x000000016ac00000)
  from space 5120K, 78% used [0x000000016ac00000,0x000000016afed850,0x000000016b100000)
  to   space 5120K, 0% used [0x000000016b100000,0x000000016b100000,0x000000016b600000)
 ParOldGen       total 153600K, used 152393K [0x0000000113600000, 0x000000011cc00000, 0x0000000168b80000)
  object space 153600K, 99% used [0x0000000113600000,0x000000011cad24a0,0x000000011cc00000)
 Metaspace       used 11886K, capacity 12097K, committed 12416K, reserved 1060864K
  class space    used 1257K, capacity 1311K, committed 1408K, reserved 1048576K
Event: 10.991 GC heap after
Heap after GC invocations=4 (full 1):
 PSYoungGen      total 38400K, used 0K [0x0000000168b80000, 0x000000016b600000, 0x0000000193600000)
  eden space 33280K, 0% used [0x0000000168b80000,0x0000000168b80000,0x000000016ac00000)
  from space 5120K, 0% used [0x000000016ac00000,0x000000016ac00000,0x000000016b100000)
  to   space 5120K, 0% used [0x000000016b100000,0x000000016b100000,0x000000016b600000)
 ParOldGen       total 61952K, used 8864K [0x0000000113600000, 0x0000000117280000, 0x0000000168b80000)
  object space 61952K, 14% used [0x0000000113600000,0x0000000113ea8380,0x0000000117280000)
 Metaspace       used 11886K, capacity 12097K, committed 12416K, reserved 1060864K
  class space    used 1257K, capacity 1311K, committed 1408K, reserved 1048576K
}
Event: 11.150 GC heap before
{Heap before GC invocations=5 (full 1):
 PSYoungGen      total 38400K, used 33280K [0x0000000168b80000, 0x000000016b600000, 0x0000000193600000)
  eden space 33280K, 100% used [0x0000000168b80000,0x000000016ac00000,0x000000016ac00000)
  from space 5120K, 0% used [0x000000016ac00000,0x000000016ac00000,0x000000016b100000)
  to   space 5120K, 0% used [0x000000016b100000,0x000000016b100000,0x000000016b600000)
 ParOldGen       total 61952K, used 8864K [0x0000000113600000, 0x0000000117280000, 0x0000000168b80000)
  object space 61952K, 14% used [0x0000000113600000,0x0000000113ea8380,0x0000000117280000)
 Metaspace       used 11886K, capacity 12097K, committed 12416K, reserved 1060864K
  class space    used 1257K, capacity 1311K, committed 1408K, reserved 1048576K
Event: 11.155 GC heap after
Heap after GC invocations=5 (full 1):
 PSYoungGen      total 38400K, used 4288K [0x0000000168b80000, 0x000000016cd00000, 0x0000000193600000)
  eden space 33280K, 0% used [0x0000000168b80000,0x0000000168b80000,0x000000016ac00000)
  from space 5120K, 83% used [0x000000016b100000,0x000000016b530010,0x000000016b600000)
  to   space 5120K, 0% used [0x000000016ac00000,0x000000016ac00000,0x000000016b100000)
 ParOldGen       total 61952K, used 27296K [0x0000000113600000, 0x0000000117280000, 0x0000000168b80000)
  object space 61952K, 44% used [0x0000000113600000,0x00000001150a83b0,0x0000000117280000)
 Metaspace       used 11886K, capacity 12097K, committed 12416K, reserved 1060864K
  class space    used 1257K, capacity 1311K, committed 1408K, reserved 1048576K
}

Deoptimization events (10 events):
Event: 10.127 Thread 0x00007fb044000000 Uncommon trap: reason=unstable_if action=reinterpret pc=0x0000000104280db8 method=org.newdawn.slick.openal.OggInputStream.atEnd()Z @ 4
Event: 10.149 Thread 0x00007fb044000000 Uncommon trap: reason=unstable_if action=reinterpret pc=0x0000000104313f88 method=org.newdawn.slick.openal.OggInputStream.atEnd()Z @ 18
Event: 10.880 Thread 0x00007fb044000000 Uncommon trap: reason=unstable_if action=reinterpret pc=0x000000010434f430 method=com.sun.imageio.plugins.png.PNGImageReader.paethPredictor(III)I @ 41
Event: 10.992 Thread 0x00007fb044000000 Uncommon trap: reason=unstable_if action=reinterpret pc=0x00000001041d6794 method=java.awt.image.ComponentColorModel.getDataElements(ILjava/lang/Object;)Ljava/lang/Object; @ 30
Event: 11.001 Thread 0x00007fb044000000 Uncommon trap: reason=unstable_if action=reinterpret pc=0x000000010422e590 method=java.awt.image.ComponentColorModel.getAlpha(Ljava/lang/Object;)I @ 4
Event: 11.001 Thread 0x00007fb044000000 Uncommon trap: reason=unstable_if action=reinterpret pc=0x00000001041bfaf0 method=java.awt.image.ComponentColorModel.extractComponent(Ljava/lang/Object;II)I @ 4
Event: 11.001 Thread 0x00007fb044000000 Uncommon trap: reason=unstable_if action=reinterpret pc=0x00000001041d19e8 method=java.awt.image.ComponentColorModel.getAlpha(Ljava/lang/Object;)I @ 4
Event: 11.001 Thread 0x00007fb044000000 Uncommon trap: reason=unstable_if action=reinterpret pc=0x00000001041cfd9c method=java.awt.image.ComponentColorModel.getAlpha(Ljava/lang/Object;)I @ 4
Event: 11.004 Thread 0x00007fb044000000 Uncommon trap: reason=unstable_if action=reinterpret pc=0x00000001041e84a4 method=java.awt.image.ComponentColorModel.getAlpha(Ljava/lang/Object;)I @ 4
Event: 11.197 Thread 0x00007fb044000000 Uncommon trap: reason=unstable_if action=reinterpret pc=0x00000001043860d0 method=sun.awt.image.ByteInterleavedRaster.putByteData(IIII[B)V @ 395

Internal exceptions (10 events):
Event: 1.376 Thread 0x00007fb044000000 Exception <a 'java/io/FileNotFoundException'> (0x0000000169023400) thrown at [/Users/java_re/workspace/8-2-build-macosx-x86_64/jdk8u60/4407/hotspot/src/share/vm/prims/jni.cpp, line 709]
Event: 2.217 Thread 0x00007fb044000000 Exception <a 'java/lang/NoClassDefFoundError': net/java/games/input/ControllerEnvironment> (0x0000000169519be0) thrown at [/Users/java_re/workspace/8-2-build-macosx-x86_64/jdk8u60/4407/hotspot/src/share/vm/classfile/systemDictionary.cpp, line 199]
Event: 7.564 Thread 0x00007fb044000000 Exception <a 'java/security/PrivilegedActionException'> (0x00000001697ae9a8) thrown at [/Users/java_re/workspace/8-2-build-macosx-x86_64/jdk8u60/4407/hotspot/src/share/vm/prims/jvm.cpp, line 1386]
Event: 7.564 Thread 0x00007fb044000000 Exception <a 'java/security/PrivilegedActionException'> (0x00000001697b0590) thrown at [/Users/java_re/workspace/8-2-build-macosx-x86_64/jdk8u60/4407/hotspot/src/share/vm/prims/jvm.cpp, line 1386]
Event: 7.564 Thread 0x00007fb044000000 Exception <a 'java/security/PrivilegedActionException'> (0x00000001697b16b0) thrown at [/Users/java_re/workspace/8-2-build-macosx-x86_64/jdk8u60/4407/hotspot/src/share/vm/prims/jvm.cpp, line 1386]
Event: 7.564 Thread 0x00007fb044000000 Exception <a 'java/security/PrivilegedActionException'> (0x00000001697b67d0) thrown at [/Users/java_re/workspace/8-2-build-macosx-x86_64/jdk8u60/4407/hotspot/src/share/vm/prims/jvm.cpp, line 1386]
Event: 7.564 Thread 0x00007fb044000000 Exception <a 'java/security/PrivilegedActionException'> (0x00000001697b7428) thrown at [/Users/java_re/workspace/8-2-build-macosx-x86_64/jdk8u60/4407/hotspot/src/share/vm/prims/jvm.cpp, line 1386]
Event: 7.564 Thread 0x00007fb044000000 Exception <a 'java/security/PrivilegedActionException'> (0x00000001697b8050) thrown at [/Users/java_re/workspace/8-2-build-macosx-x86_64/jdk8u60/4407/hotspot/src/share/vm/prims/jvm.cpp, line 1386]
Event: 10.099 Thread 0x00007fb044000000 Implicit null exception at 0x00000001042eb6bf to 0x00000001042ebe45
Event: 10.099 Thread 0x00007fb044000000 Implicit null exception at 0x00000001042ecfa2 to 0x00000001042ee54d

Events (10 events):
Event: 22.854 Executing VM operation: RevokeBias done
Event: 22.854 Executing VM operation: RevokeBias
Event: 22.854 Executing VM operation: RevokeBias done
Event: 22.854 Thread 0x00007fb0431fb000 Thread exited: 0x00007fb0431fb000
Event: 24.624 Thread 0x00007fb04450c000 Thread added: 0x00007fb04450c000
Event: 25.922 Thread 0x00007fb04300a000 flushing nmethod 0x0000000103ff2bd0
Event: 25.922 Thread 0x00007fb04300a000 flushing nmethod 0x0000000103ff33d0
Event: 25.922 Thread 0x00007fb04300a000 flushing nmethod 0x0000000103ff3fd0
Event: 25.922 Thread 0x00007fb04300a000 flushing nmethod 0x0000000103ff4310
Event: 25.922 Thread 0x00007fb04300a000 flushing nmethod 0x0000000103ff5c10


Dynamic libraries:
0x0000000000247000 	/System/Library/Frameworks/Cocoa.framework/Versions/A/Cocoa
0x0000000000247000 	/System/Library/Frameworks/Security.framework/Versions/A/Security
0x0000000000247000 	/System/Library/Frameworks/ApplicationServices.framework/Versions/A/ApplicationServices
0x0000000000247000 	/usr/lib/libz.1.dylib
0x0000000000247000 	/usr/lib/libSystem.B.dylib
0x0000000000247000 	/usr/lib/libobjc.A.dylib
0x0000000000247000 	/System/Library/Frameworks/CoreFoundation.framework/Versions/A/CoreFoundation
0x0000000000247000 	/System/Library/Frameworks/Foundation.framework/Versions/C/Foundation
0x0000000000247000 	/System/Library/Frameworks/AppKit.framework/Versions/C/AppKit
0x0000000000247000 	/System/Library/Frameworks/CoreData.framework/Versions/A/CoreData
0x0000000000247000 	/System/Library/PrivateFrameworks/RemoteViewServices.framework/Versions/A/RemoteViewServices
0x0000000000247000 	/System/Library/PrivateFrameworks/UIFoundation.framework/Versions/A/UIFoundation
0x0000000000247000 	/System/Library/Frameworks/IOSurface.framework/Versions/A/IOSurface
0x0000000000247000 	/System/Library/Frameworks/AudioToolbox.framework/Versions/A/AudioToolbox
0x0000000000247000 	/System/Library/Frameworks/AudioUnit.framework/Versions/A/AudioUnit
0x0000000000247000 	/System/Library/PrivateFrameworks/DataDetectorsCore.framework/Versions/A/DataDetectorsCore
0x0000000000247000 	/System/Library/PrivateFrameworks/DesktopServicesPriv.framework/Versions/A/DesktopServicesPriv
0x0000000000247000 	/System/Library/Frameworks/Carbon.framework/Versions/A/Frameworks/HIToolbox.framework/Versions/A/HIToolbox
0x0000000000247000 	/System/Library/Frameworks/QuartzCore.framework/Versions/A/QuartzCore
0x0000000000247000 	/System/Library/Frameworks/Carbon.framework/Versions/A/Frameworks/SpeechRecognition.framework/Versions/A/SpeechRecognition
0x0000000000247000 	/usr/lib/libauto.dylib
0x0000000000247000 	/usr/lib/libicucore.A.dylib
0x0000000000247000 	/usr/lib/libxml2.2.dylib
0x0000000000247000 	/System/Library/PrivateFrameworks/CoreUI.framework/Versions/A/CoreUI
0x0000000000247000 	/System/Library/Frameworks/CoreAudio.framework/Versions/A/CoreAudio
0x0000000000247000 	/System/Library/Frameworks/DiskArbitration.framework/Versions/A/DiskArbitration
0x0000000000247000 	/usr/lib/liblangid.dylib
0x0000000000247000 	/System/Library/PrivateFrameworks/MultitouchSupport.framework/Versions/A/MultitouchSupport
0x0000000000247000 	/System/Library/Frameworks/IOKit.framework/Versions/A/IOKit
0x0000000000247000 	/usr/lib/libDiagnosticMessagesClient.dylib
0x0000000000247000 	/System/Library/Frameworks/CoreServices.framework/Versions/A/CoreServices
0x0000000000247000 	/System/Library/PrivateFrameworks/PerformanceAnalysis.framework/Versions/A/PerformanceAnalysis
0x0000000000247000 	/System/Library/PrivateFrameworks/GenerationalStorage.framework/Versions/A/GenerationalStorage
0x0000000000247000 	/System/Library/Frameworks/OpenGL.framework/Versions/A/OpenGL
0x0000000000247000 	/System/Library/PrivateFrameworks/Sharing.framework/Versions/A/Sharing
0x0000000000247000 	/System/Library/Frameworks/CoreGraphics.framework/Versions/A/CoreGraphics
0x0000000000247000 	/System/Library/Frameworks/CoreText.framework/Versions/A/CoreText
0x0000000000247000 	/System/Library/Frameworks/ImageIO.framework/Versions/A/ImageIO
0x0000000000247000 	/usr/lib/libextension.dylib
0x0000000000247000 	/System/Library/PrivateFrameworks/Backup.framework/Versions/A/Backup
0x0000000000247000 	/usr/lib/libarchive.2.dylib
0x0000000000247000 	/System/Library/Frameworks/CFNetwork.framework/Versions/A/CFNetwork
0x0000000000247000 	/System/Library/Frameworks/SystemConfiguration.framework/Versions/A/SystemConfiguration
0x0000000000247000 	/usr/lib/libCRFSuite.dylib
0x0000000000247000 	/usr/lib/libc++.1.dylib
0x0000000000247000 	/usr/lib/libc++abi.dylib
0x0000000000247000 	/usr/lib/system/libcache.dylib
0x0000000000247000 	/usr/lib/system/libcommonCrypto.dylib
0x0000000000247000 	/usr/lib/system/libcompiler_rt.dylib
0x0000000000247000 	/usr/lib/system/libcopyfile.dylib
0x0000000000247000 	/usr/lib/system/libcorecrypto.dylib
0x0000000000247000 	/usr/lib/system/libdispatch.dylib
0x0000000000247000 	/usr/lib/system/libdyld.dylib
0x0000000000247000 	/usr/lib/system/libkeymgr.dylib
0x0000000000247000 	/usr/lib/system/liblaunch.dylib
0x0000000000247000 	/usr/lib/system/libmacho.dylib
0x0000000000247000 	/usr/lib/system/libquarantine.dylib
0x0000000000247000 	/usr/lib/system/libremovefile.dylib
0x0000000000247000 	/usr/lib/system/libsystem_asl.dylib
0x0000000000247000 	/usr/lib/system/libsystem_blocks.dylib
0x0000000000247000 	/usr/lib/system/libsystem_c.dylib
0x0000000000247000 	/usr/lib/system/libsystem_configuration.dylib
0x0000000000247000 	/usr/lib/system/libsystem_coreservices.dylib
0x0000000000247000 	/usr/lib/system/libsystem_coretls.dylib
0x0000000000247000 	/usr/lib/system/libsystem_dnssd.dylib
0x0000000000247000 	/usr/lib/system/libsystem_info.dylib
0x0000000000247000 	/usr/lib/system/libsystem_kernel.dylib
0x0000000000247000 	/usr/lib/system/libsystem_m.dylib
0x0000000000247000 	/usr/lib/system/libsystem_malloc.dylib
0x0000000000247000 	/usr/lib/system/libsystem_network.dylib
0x0000000000247000 	/usr/lib/system/libsystem_networkextension.dylib
0x0000000000247000 	/usr/lib/system/libsystem_notify.dylib
0x0000000000247000 	/usr/lib/system/libsystem_platform.dylib
0x0000000000247000 	/usr/lib/system/libsystem_pthread.dylib
0x0000000000247000 	/usr/lib/system/libsystem_sandbox.dylib
0x0000000000247000 	/usr/lib/system/libsystem_secinit.dylib
0x0000000000247000 	/usr/lib/system/libsystem_stats.dylib
0x0000000000247000 	/usr/lib/system/libsystem_trace.dylib
0x0000000000247000 	/usr/lib/system/libunc.dylib
0x0000000000247000 	/usr/lib/system/libunwind.dylib
0x0000000000247000 	/usr/lib/system/libxpc.dylib
0x0000000000247000 	/usr/lib/libbz2.1.0.dylib
0x0000000000247000 	/usr/lib/liblzma.5.dylib
0x0000000000247000 	/usr/lib/libbsm.0.dylib
0x0000000000247000 	/usr/lib/libsqlite3.dylib
0x0000000000247000 	/usr/lib/system/libkxld.dylib
0x0000000000247000 	/usr/lib/libxar.1.dylib
0x0000000000247000 	/usr/lib/libpam.2.dylib
0x0000000000247000 	/usr/lib/libOpenScriptingUtil.dylib
0x0000000000247000 	/System/Library/Frameworks/CoreServices.framework/Versions/A/Frameworks/FSEvents.framework/Versions/A/FSEvents
0x0000000000247000 	/System/Library/Frameworks/CoreServices.framework/Versions/A/Frameworks/CarbonCore.framework/Versions/A/CarbonCore
0x0000000000247000 	/System/Library/Frameworks/CoreServices.framework/Versions/A/Frameworks/Metadata.framework/Versions/A/Metadata
0x0000000000247000 	/System/Library/Frameworks/CoreServices.framework/Versions/A/Frameworks/OSServices.framework/Versions/A/OSServices
0x0000000000247000 	/System/Library/Frameworks/CoreServices.framework/Versions/A/Frameworks/SearchKit.framework/Versions/A/SearchKit
0x0000000000247000 	/System/Library/Frameworks/CoreServices.framework/Versions/A/Frameworks/AE.framework/Versions/A/AE
0x0000000000247000 	/System/Library/Frameworks/CoreServices.framework/Versions/A/Frameworks/LaunchServices.framework/Versions/A/LaunchServices
0x0000000000247000 	/System/Library/Frameworks/CoreServices.framework/Versions/A/Frameworks/DictionaryServices.framework/Versions/A/DictionaryServices
0x0000000000247000 	/System/Library/Frameworks/NetFS.framework/Versions/A/NetFS
0x0000000000247000 	/System/Library/PrivateFrameworks/NetAuth.framework/Versions/A/NetAuth
0x0000000000247000 	/System/Library/PrivateFrameworks/login.framework/Versions/A/Frameworks/loginsupport.framework/Versions/A/loginsupport
0x0000000000247000 	/System/Library/PrivateFrameworks/TCC.framework/Versions/A/TCC
0x0000000000247000 	/usr/lib/libmecabra.dylib
0x0000000000247000 	/System/Library/Frameworks/ApplicationServices.framework/Versions/A/Frameworks/ATS.framework/Versions/A/ATS
0x0000000000247000 	/System/Library/Frameworks/ApplicationServices.framework/Versions/A/Frameworks/ColorSync.framework/Versions/A/ColorSync
0x0000000000247000 	/System/Library/Frameworks/ApplicationServices.framework/Versions/A/Frameworks/HIServices.framework/Versions/A/HIServices
0x0000000000247000 	/System/Library/Frameworks/ApplicationServices.framework/Versions/A/Frameworks/LangAnalysis.framework/Versions/A/LangAnalysis
0x0000000000247000 	/System/Library/Frameworks/ApplicationServices.framework/Versions/A/Frameworks/PrintCore.framework/Versions/A/PrintCore
0x0000000000247000 	/System/Library/Frameworks/ApplicationServices.framework/Versions/A/Frameworks/QD.framework/Versions/A/QD
0x0000000000247000 	/System/Library/Frameworks/ApplicationServices.framework/Versions/A/Frameworks/SpeechSynthesis.framework/Versions/A/SpeechSynthesis
0x0000000000247000 	/System/Library/Frameworks/Accelerate.framework/Versions/A/Accelerate
0x0000000000247000 	/System/Library/Frameworks/Accelerate.framework/Versions/A/Frameworks/vImage.framework/Versions/A/vImage
0x0000000000247000 	/System/Library/Frameworks/Accelerate.framework/Versions/A/Frameworks/vecLib.framework/Versions/A/vecLib
0x0000000000247000 	/System/Library/Frameworks/Accelerate.framework/Versions/A/Frameworks/vecLib.framework/Versions/A/libvDSP.dylib
0x0000000000247000 	/System/Library/Frameworks/Accelerate.framework/Versions/A/Frameworks/vecLib.framework/Versions/A/libvMisc.dylib
0x0000000000247000 	/System/Library/Frameworks/Accelerate.framework/Versions/A/Frameworks/vecLib.framework/Versions/A/libLAPACK.dylib
0x0000000000247000 	/System/Library/Frameworks/Accelerate.framework/Versions/A/Frameworks/vecLib.framework/Versions/A/libBLAS.dylib
0x0000000000247000 	/System/Library/Frameworks/Accelerate.framework/Versions/A/Frameworks/vecLib.framework/Versions/A/libLinearAlgebra.dylib
0x0000000000247000 	/System/Library/Frameworks/ApplicationServices.framework/Versions/A/Frameworks/ATS.framework/Versions/A/Resources/libFontParser.dylib
0x0000000000247000 	/System/Library/Frameworks/ApplicationServices.framework/Versions/A/Frameworks/ATS.framework/Versions/A/Resources/libFontRegistry.dylib
0x0000000000247000 	/System/Library/PrivateFrameworks/AppleVPA.framework/Versions/A/AppleVPA
0x0000000000247000 	/System/Library/PrivateFrameworks/AppleJPEG.framework/Versions/A/AppleJPEG
0x0000000000247000 	/System/Library/Frameworks/ImageIO.framework/Versions/A/Resources/libJPEG.dylib
0x0000000000247000 	/System/Library/Frameworks/ImageIO.framework/Versions/A/Resources/libTIFF.dylib
0x0000000000247000 	/System/Library/Frameworks/ImageIO.framework/Versions/A/Resources/libPng.dylib
0x0000000000247000 	/System/Library/Frameworks/ImageIO.framework/Versions/A/Resources/libGIF.dylib
0x0000000000247000 	/System/Library/Frameworks/ImageIO.framework/Versions/A/Resources/libJP2.dylib
0x0000000000247000 	/System/Library/Frameworks/ImageIO.framework/Versions/A/Resources/libRadiance.dylib
0x0000000000247000 	/System/Library/Frameworks/CoreVideo.framework/Versions/A/CoreVideo
0x0000000000247000 	/System/Library/Frameworks/OpenGL.framework/Versions/A/Libraries/libGLU.dylib
0x0000000000247000 	/System/Library/Frameworks/OpenGL.framework/Versions/A/Libraries/libGFXShared.dylib
0x0000000000247000 	/System/Library/Frameworks/OpenGL.framework/Versions/A/Libraries/libGL.dylib
0x0000000000247000 	/System/Library/Frameworks/OpenGL.framework/Versions/A/Libraries/libGLImage.dylib
0x0000000000247000 	/System/Library/Frameworks/OpenGL.framework/Versions/A/Libraries/libCVMSPluginSupport.dylib
0x0000000000247000 	/System/Library/Frameworks/OpenGL.framework/Versions/A/Libraries/libCoreVMClient.dylib
0x0000000000247000 	/usr/lib/libcups.2.dylib
0x0000000000247000 	/System/Library/Frameworks/Kerberos.framework/Versions/A/Kerberos
0x0000000000247000 	/System/Library/Frameworks/GSS.framework/Versions/A/GSS
0x0000000000247000 	/usr/lib/libresolv.9.dylib
0x0000000000247000 	/usr/lib/libiconv.2.dylib
0x0000000000247000 	/System/Library/PrivateFrameworks/Heimdal.framework/Versions/A/Heimdal
0x0000000000247000 	/usr/lib/libheimdal-asn1.dylib
0x0000000000247000 	/System/Library/Frameworks/OpenDirectory.framework/Versions/A/OpenDirectory
0x0000000000247000 	/System/Library/PrivateFrameworks/CommonAuth.framework/Versions/A/CommonAuth
0x0000000000247000 	/System/Library/Frameworks/OpenDirectory.framework/Versions/A/Frameworks/CFOpenDirectory.framework/Versions/A/CFOpenDirectory
0x0000000000247000 	/System/Library/Frameworks/SecurityFoundation.framework/Versions/A/SecurityFoundation
0x0000000000247000 	/System/Library/PrivateFrameworks/LanguageModeling.framework/Versions/A/LanguageModeling
0x0000000000247000 	/usr/lib/libcmph.dylib
0x0000000000247000 	/System/Library/Frameworks/ServiceManagement.framework/Versions/A/ServiceManagement
0x0000000000247000 	/usr/lib/libxslt.1.dylib
0x0000000000247000 	/System/Library/Frameworks/Carbon.framework/Versions/A/Frameworks/Ink.framework/Versions/A/Ink
0x0000000000247000 	/System/Library/Frameworks/QuartzCore.framework/Versions/A/Frameworks/CoreImage.framework/Versions/A/CoreImage
0x0000000000247000 	/System/Library/PrivateFrameworks/CrashReporterSupport.framework/Versions/A/CrashReporterSupport
0x0000000000247000 	/System/Library/Frameworks/OpenCL.framework/Versions/A/OpenCL
0x0000000000247000 	/System/Library/PrivateFrameworks/FaceCore.framework/Versions/A/FaceCore
0x0000000000247000 	/System/Library/PrivateFrameworks/Ubiquity.framework/Versions/A/Ubiquity
0x0000000000247000 	/System/Library/PrivateFrameworks/IconServices.framework/Versions/A/IconServices
0x0000000000247000 	/System/Library/PrivateFrameworks/ChunkingLibrary.framework/Versions/A/ChunkingLibrary
0x0000000000247000 	/System/Library/PrivateFrameworks/Apple80211.framework/Versions/A/Apple80211
0x0000000000247000 	/System/Library/Frameworks/CoreWLAN.framework/Versions/A/CoreWLAN
0x0000000000247000 	/System/Library/Frameworks/IOBluetooth.framework/Versions/A/IOBluetooth
0x0000000000247000 	/System/Library/PrivateFrameworks/CoreWiFi.framework/Versions/A/CoreWiFi
0x0000000000247000 	/System/Library/Frameworks/CoreBluetooth.framework/Versions/A/CoreBluetooth
0x0000000000247000 	/System/Library/PrivateFrameworks/DebugSymbols.framework/Versions/A/DebugSymbols
0x0000000000247000 	/System/Library/PrivateFrameworks/CoreSymbolication.framework/Versions/A/CoreSymbolication
0x0000000000247000 	/System/Library/PrivateFrameworks/Symbolication.framework/Versions/A/Symbolication
0x0000000000247000 	/System/Library/PrivateFrameworks/SpeechRecognitionCore.framework/Versions/A/SpeechRecognitionCore
0x0000000102e13000 	/Library/Java/JavaVirtualMachines/jdk1.8.0_60.jdk/Contents/Home/jre/lib/server/libjvm.dylib
0x0000000000247000 	/usr/lib/libstdc++.6.dylib
0x0000000103e9f000 	/Library/Java/JavaVirtualMachines/jdk1.8.0_60.jdk/Contents/Home/jre/lib/libverify.dylib
0x0000000103ead000 	/Library/Java/JavaVirtualMachines/jdk1.8.0_60.jdk/Contents/Home/jre/lib/libjava.dylib
0x0000000103eea000 	/Library/Java/JavaVirtualMachines/jdk1.8.0_60.jdk/Contents/Home/jre/lib/libzip.dylib
0x00000001da16c000 	/System/Library/Frameworks/JavaVM.framework/Frameworks/JavaRuntimeSupport.framework/JavaRuntimeSupport
0x00000001da187000 	/System/Library/Frameworks/JavaVM.framework/Versions/A/Frameworks/JavaNativeFoundation.framework/Versions/A/JavaNativeFoundation
0x00000001da19c000 	/System/Library/Frameworks/JavaVM.framework/Versions/A/JavaVM
0x0000000000247000 	/System/Library/Frameworks/Carbon.framework/Versions/A/Carbon
0x00000001da1a9000 	/System/Library/PrivateFrameworks/JavaLaunching.framework/Versions/A/JavaLaunching
0x0000000000247000 	/System/Library/Frameworks/Carbon.framework/Versions/A/Frameworks/CommonPanels.framework/Versions/A/CommonPanels
0x0000000000247000 	/System/Library/Frameworks/Carbon.framework/Versions/A/Frameworks/Help.framework/Versions/A/Help
0x0000000000247000 	/System/Library/Frameworks/Carbon.framework/Versions/A/Frameworks/ImageCapture.framework/Versions/A/ImageCapture
0x0000000000247000 	/System/Library/Frameworks/Carbon.framework/Versions/A/Frameworks/OpenScripting.framework/Versions/A/OpenScripting
0x0000000000247000 	/System/Library/Frameworks/Carbon.framework/Versions/A/Frameworks/Print.framework/Versions/A/Print
0x0000000000247000 	/System/Library/Frameworks/Carbon.framework/Versions/A/Frameworks/SecurityHI.framework/Versions/A/SecurityHI
0x00000001dc075000 	/Library/Java/JavaVirtualMachines/jdk1.8.0_60.jdk/Contents/Home/jre/lib/libawt.dylib
0x00000001dc11d000 	/Library/Java/JavaVirtualMachines/jdk1.8.0_60.jdk/Contents/Home/jre/lib/./libmlib_image.dylib
0x00000001dc1e9000 	/Library/Java/JavaVirtualMachines/jdk1.8.0_60.jdk/Contents/Home/jre/lib/libawt_lwawt.dylib
0x00000001dc29e000 	/Library/Java/JavaVirtualMachines/jdk1.8.0_60.jdk/Contents/Home/jre/lib/./libosxapp.dylib
0x0000000000247000 	/System/Library/Frameworks/ExceptionHandling.framework/Versions/A/ExceptionHandling
0x0000000000247000 	/System/Library/PrivateFrameworks/CoreServicesInternal.framework/Versions/A/CoreServicesInternal
0x0000000000247000 	/System/Library/PrivateFrameworks/CloudDocs.framework/Versions/A/CloudDocs
0x0000000000247000 	/System/Library/PrivateFrameworks/CoreDuet.framework/Versions/A/CoreDuet
0x0000000000247000 	/System/Library/Frameworks/CloudKit.framework/Versions/A/CloudKit
0x0000000000247000 	/System/Library/PrivateFrameworks/ProtocolBuffer.framework/Versions/A/ProtocolBuffer
0x0000000000247000 	/System/Library/PrivateFrameworks/CoreDuetDaemonProtocol.framework/Versions/A/CoreDuetDaemonProtocol
0x0000000000247000 	/System/Library/PrivateFrameworks/CoreDuetDebugLogging.framework/Versions/A/CoreDuetDebugLogging
0x0000000000247000 	/System/Library/PrivateFrameworks/MMCS.framework/Versions/A/MMCS
0x0000000000247000 	/System/Library/Frameworks/CoreLocation.framework/Versions/A/CoreLocation
0x0000000000247000 	/System/Library/PrivateFrameworks/ProtectedCloudStorage.framework/Versions/A/ProtectedCloudStorage
0x0000000000247000 	/System/Library/PrivateFrameworks/GeoServices.framework/Versions/A/GeoServices
0x0000000000247000 	/System/Library/Frameworks/CoreGraphics.framework/Versions/A/Resources/libCGCMS.A.dylib
0x0000000000247000 	/System/Library/Frameworks/CoreGraphics.framework/Versions/A/Resources/libRIP.A.dylib
0x0000000000247000 	/System/Library/Frameworks/CoreGraphics.framework/Versions/A/Resources/libCGXType.A.dylib
0x0000000000247000 	/System/Library/Frameworks/OpenCL.framework/Versions/A/Libraries/libcldcpuengine.dylib
0x0000000000247000 	/System/Library/PrivateFrameworks/DiskImages.framework/Versions/A/DiskImages
0x0000000000247000 	/System/Library/Frameworks/DiscRecording.framework/Versions/A/DiscRecording
0x0000000000247000 	/usr/lib/libcsfde.dylib
0x0000000000247000 	/usr/lib/libcurl.4.dylib
0x0000000000247000 	/System/Library/PrivateFrameworks/MediaKit.framework/Versions/A/MediaKit
0x0000000000247000 	/usr/lib/libCoreStorage.dylib
0x0000000000247000 	/System/Library/PrivateFrameworks/EFILogin.framework/Versions/A/EFILogin
0x0000000000247000 	/usr/lib/libutil.dylib
0x0000000000247000 	/System/Library/PrivateFrameworks/FindMyDevice.framework/Versions/A/FindMyDevice
0x0000000000247000 	/System/Library/Frameworks/LDAP.framework/Versions/A/LDAP
0x0000000000247000 	/usr/lib/libsasl2.2.dylib
0x0000000000247000 	/System/Library/PrivateFrameworks/CoreDaemon.framework/Versions/B/CoreDaemon
0x0000000000247000 	/usr/lib/libcrypto.0.9.8.dylib
0x0000000000247000 	/System/Library/PrivateFrameworks/AppleSRP.framework/Versions/A/AppleSRP
0x0000000000247000 	/System/Library/PrivateFrameworks/TrustEvaluationAgent.framework/Versions/A/TrustEvaluationAgent
0x00000001dc729000 	cl_kernels
0x00000001df5de000 	/System/Library/Frameworks/OpenCL.framework/Versions/A/Libraries/ImageFormats/unorm8_bgra.dylib
0x00000001dc71b000 	cl_kernels
0x0000000000247000 	/System/Library/PrivateFrameworks/FamilyControls.framework/Versions/A/FamilyControls
0x0000000000247000 	/System/Library/PrivateFrameworks/CommerceKit.framework/Versions/A/Frameworks/CommerceCore.framework/Versions/A/CommerceCore
0x0000000000247000 	/System/Library/PrivateFrameworks/SystemAdministration.framework/Versions/A/SystemAdministration
0x0000000000247000 	/System/Library/PrivateFrameworks/AppContainer.framework/Versions/A/AppContainer
0x0000000000247000 	/System/Library/PrivateFrameworks/SecCodeWrapper.framework/Versions/A/SecCodeWrapper
0x0000000000247000 	/System/Library/Frameworks/DirectoryService.framework/Versions/A/DirectoryService
0x0000000000247000 	/System/Library/PrivateFrameworks/LoginUIKit.framework/Versions/A/Frameworks/LoginUICore.framework/Versions/A/LoginUICore
0x0000000000247000 	/usr/lib/libodfde.dylib
0x00000001e0862000 	/Library/Java/JavaVirtualMachines/jdk1.8.0_60.jdk/Contents/Home/jre/lib/libfontmanager.dylib
0x00000001e08c9000 	/Users/Vincent/Documents/workspace/Dead's Mirror Slick/lib/native/macosx/liblwjgl.dylib
0x00000001dea7b000 	/Library/Java/JavaVirtualMachines/jdk1.8.0_60.jdk/Contents/Home/jre/lib/libjawt.dylib
0x0000000000247000 	/System/Library/Frameworks/OpenGL.framework/Versions/A/Resources/GLEngine.bundle/GLEngine
0x0000000000247000 	/System/Library/Frameworks/OpenGL.framework/Versions/A/Libraries/libGLProgrammability.dylib
0x00000001e094b000 	/System/Library/Extensions/AppleIntelBDWGraphicsGLDriver.bundle/Contents/MacOS/AppleIntelBDWGraphicsGLDriver
0x0000000000247000 	/System/Library/PrivateFrameworks/IOAccelerator.framework/Versions/A/IOAccelerator
0x0000000000247000 	/System/Library/PrivateFrameworks/GPUSupport.framework/Versions/A/Libraries/libGPUSupportMercury.dylib
0x0000000000247000 	/System/Library/Frameworks/OpenGL.framework/Versions/A/Resources/GLRendererFloat.bundle/GLRendererFloat
0x00000001e28b2000 	/Library/Java/JavaVirtualMachines/jdk1.8.0_60.jdk/Contents/Home/jre/lib/libnet.dylib
0x00000001e2aac000 	/Library/Java/JavaVirtualMachines/jdk1.8.0_60.jdk/Contents/Home/jre/lib/libnio.dylib
0x0000000000247000 	/System/Library/Frameworks/ApplicationServices.framework/Versions/A/Frameworks/ATS.framework/Versions/A/Resources/libTrueTypeScaler.dylib
0x00000001dc2ba000 	/Library/Java/JavaVirtualMachines/jdk1.8.0_60.jdk/Contents/Home/jre/lib/libt2k.dylib
0x00000001dc4b5000 	/Users/Vincent/Documents/workspace/Dead's Mirror Slick/lib/native/macosx/openal.dylib
0x000000022f74e000 	/System/Library/Components/CoreAudio.component/Contents/MacOS/CoreAudio
0x00000001da2b2000 	/System/Library/Extensions/AppleHDA.kext/Contents/PlugIns/AppleHDAHALPlugIn.bundle/Contents/MacOS/AppleHDAHALPlugIn

VM Arguments:
jvm_args: -Djava.library.path=/Users/Vincent/Documents/workspace/Dead's Mirror Slick/lib/native/macosx -Dfile.encoding=UTF-8 
java_command: Principal.StateGame
java_class_path (initial): /Users/Vincent/Documents/workspace/Dead's Mirror Slick/bin:/Users/Vincent/Documents/workspace/Dead's Mirror Slick/lib/jar/lwjgl.jar:/Users/Vincent/Documents/workspace/Dead's Mirror Slick/lib/jar/slick.jar:/Users/Vincent/Documents/workspace/Dead's Mirror Slick/lib/jar/lwjgl_util.jar:/Users/Vincent/Documents/workspace/Dead's Mirror Slick/lib/jar/slick-util.jar:/Users/Vincent/Documents/workspace/Dead's Mirror Slick/lib/jar/jogg-0.0.7.jar:/Users/Vincent/Documents/workspace/Dead's Mirror Slick/lib/jar/jorbis-0.0.15.jar
Launcher Type: SUN_STANDARD

Environment Variables:
PATH=/usr/bin:/bin:/usr/sbin:/sbin
SHELL=/bin/bash

Signal Handlers:
SIGSEGV: [libjvm.dylib+0x5a6d31], sa_mask[0]=11111111011111110111111111111111, sa_flags=SA_ONSTACK|SA_RESTART|SA_SIGINFO
SIGBUS: [libjvm.dylib+0x5a6d31], sa_mask[0]=11111111011111110111111111111111, sa_flags=SA_RESTART|SA_SIGINFO
SIGFPE: [libjvm.dylib+0x480a4c], sa_mask[0]=11111111011111110111111111111111, sa_flags=SA_RESTART|SA_SIGINFO
SIGPIPE: [libjvm.dylib+0x480a4c], sa_mask[0]=11111111011111110111111111111111, sa_flags=SA_RESTART|SA_SIGINFO
SIGXFSZ: [libjvm.dylib+0x480a4c], sa_mask[0]=11111111011111110111111111111111, sa_flags=SA_RESTART|SA_SIGINFO
SIGILL: [libjvm.dylib+0x480a4c], sa_mask[0]=11111111011111110111111111111111, sa_flags=SA_RESTART|SA_SIGINFO
SIGUSR1: SIG_DFL, sa_mask[0]=00000000000000000000000000000000, sa_flags=none
SIGUSR2: [libjvm.dylib+0x48056a], sa_mask[0]=00100000000000000000000000000000, sa_flags=SA_RESTART|SA_SIGINFO
SIGHUP: [libjvm.dylib+0x47eb41], sa_mask[0]=11111111011111110111111111111111, sa_flags=SA_RESTART|SA_SIGINFO
SIGINT: [libjvm.dylib+0x47eb41], sa_mask[0]=11111111011111110111111111111111, sa_flags=SA_RESTART|SA_SIGINFO
SIGTERM: [libjvm.dylib+0x47eb41], sa_mask[0]=11111111011111110111111111111111, sa_flags=SA_RESTART|SA_SIGINFO
SIGQUIT: [libjvm.dylib+0x47eb41], sa_mask[0]=11111111011111110111111111111111, sa_flags=SA_RESTART|SA_SIGINFO


---------------  S Y S T E M  ---------------

OS:Bsduname:Darwin 14.5.0 Darwin Kernel Version 14.5.0: Wed Jul 29 02:26:53 PDT 2015; root:xnu-2782.40.9~1/RELEASE_X86_64 x86_64
rlimit: STACK 8192k, CORE 0k, NPROC 709, NOFILE 10240, AS infinity
load average:4.46 3.14 2.97

CPU:total 4 (2 cores per cpu, 2 threads per core) family 6 model 61 stepping 4, cmov, cx8, fxsr, mmx, sse, sse2, sse3, ssse3, sse4.1, sse4.2, popcnt, avx, avx2, aes, clmul, erms, 3dnowpref, lzcnt, ht, tsc, tscinvbit, bmi1, bmi2, adx

Memory: 4k page, physical 8388608k(132052k free)

/proc/meminfo:


vm_info: Java HotSpot(TM) 64-Bit Server VM (25.60-b23) for bsd-amd64 JRE (1.8.0_60-b27), built on Aug  4 2015 10:47:24 by "java_re" with gcc 4.2.1 (Based on Apple Inc. build 5658) (LLVM build 2336.11.00)

time: Thu Jan 14 00:43:35 2016
elapsed time: 27 seconds (0d 0h 0m 27s)

