#
# A fatal error has been detected by the Java Runtime Environment:
#
#  SIGSEGV (0xb) at pc=0x00007fff8aab08f2, pid=56058, tid=1811
#
# JRE version: Java(TM) SE Runtime Environment (8.0_60-b27) (build 1.8.0_60-b27)
# Java VM: Java HotSpot(TM) 64-Bit Server VM (25.60-b23 mixed mode bsd-amd64 compressed oops)
# Problematic frame:
# C  [libGPUSupportMercury.dylib+0xb8f2]  gldAttachDrawable+0x60
#
# Failed to write core dump. Core dumps have been disabled. To enable core dumping, try "ulimit -c unlimited" before starting Java again
#
# If you would like to submit a bug report, please visit:
#   http://bugreport.java.com/bugreport/crash.jsp
# The crash happened outside the Java Virtual Machine in native code.
# See problematic frame for where to report the bug.
#

---------------  T H R E A D  ---------------

Current thread (0x00007fccab8a3800):  JavaThread "AppKit Thread" daemon [_thread_in_native, id=1811, stack(0x00007fff5ac65000,0x00007fff5b465000)]

siginfo: si_signo: 11 (SIGSEGV), si_code: 0 (unknown), si_addr: 0x0000000000000000

Registers:
RAX=0xd000000000000000, RBX=0x000000000000271e, RCX=0x0000000000000000, RDX=0x00007fccaf417348
RSP=0x00007fff5b45e900, RBP=0x00007fff5b45ea00, RSI=0x0000000000000050, RDI=0x00007fff7032d070
R8 =0x00007fccad809e60, R9 =0x00007fccad000000, R10=0x000000000000003c, R11=0x0000000000000206
R12=0x0000000000002718, R13=0x00007fccac115c00, R14=0x0000000000000050, R15=0x0000000000000000
RIP=0x00007fff8aab08f2, EFLAGS=0x0000000000010212, ERR=0x0000000000000000
  TRAPNO=0x000000000000000d

Top of Stack: (sp=0x00007fff5b45e900)
0x00007fff5b45e900:   00007fff5b45e974 00007fccaa626550
0x00007fff5b45e910:   ffffffffffffffff 0000206000000040
0x00007fff5b45e920:   00007fccaa626568 00007fff8ab3864f
0x00007fff5b45e930:   0000000000000000 d000000000000000
0x00007fff5b45e940:   0000000300000003 00007fff5b45ea88
0x00007fff5b45e950:   00007fff5b45ea14 000000000004c02f
0x00007fff5b45e960:   00007fff5b45ea0c 00007fff5b45ea10
0x00007fff5b45e970:   00007fff5b45e9f0 00007fff850ee299
0x00007fff5b45e980:   0000000000000000 0000000000006a9a
0x00007fff5b45e990:   0000003400001200 0000040b00000000
0x00007fff5b45e9a0:   00007fff5b45e9d0 00007fff85087a9a
0x00007fff5b45e9b0:   00007fff5b45ea48 0000000000006a9a
0x00007fff5b45e9c0:   00007fff5b45ea00 0000000039bd5781
0x00007fff5b45e9d0:   7300b9e2f9eef194 00007fccad800000
0x00007fff5b45e9e0:   0000000000002718 0000000000000000
0x00007fff5b45e9f0:   0000000000000050 0000000000000000
0x00007fff5b45ea00:   00007fff5b45ea50 00007fff898477e8
0x00007fff5b45ea10:   00007fccad809e60 0000000000000000
0x00007fff5b45ea20:   00007fccaf417348 00007fccaa50edd0
0x00007fff5b45ea30:   0000000000000000 00007fccab936150
0x00007fff5b45ea40:   00007fccab934200 00007fff7032d070
0x00007fff5b45ea50:   00007fff5b45eb40 00007fff82cee870
0x00007fff5b45ea60:   4089000000000000 406e000000000000
0x00007fff5b45ea70:   4053800000000000 4089000000000000
0x00007fff5b45ea80:   4083700000000000 0000000000000000
0x00007fff5b45ea90:   4036000000000000 4089000000000000
0x00007fff5b45eaa0:   4082c00000000000 0000000000000000
0x00007fff5b45eab0:   0000000000000000 0000000000000001
0x00007fff5b45eac0:   00007fccaf417348 0000000000000001
0x00007fff5b45ead0:   00007fff5b45eb40 00007fff82cf366b
0x00007fff5b45eae0:   0000000100000003 00007fccab936150
0x00007fff5b45eaf0:   00007fccab936088 000000028bdbffff 

Instructions: (pc=0x00007fff8aab08f2)
0x00007fff8aab08d2:   48 85 d2 b8 01 00 00 00 bb 15 27 00 00 0f 44 d8
0x00007fff8aab08e2:   e9 7f 01 00 00 49 8b 45 08 48 89 85 38 ff ff ff
0x00007fff8aab08f2:   48 8b 00 48 89 85 30 ff ff ff 83 fe 4f 0f 8f fd
0x00007fff8aab0902:   00 00 00 48 89 d0 bb 15 27 00 00 83 fe 35 0f 84 

Register to memory mapping:

RAX=0xd000000000000000 is an unknown value
RBX=0x000000000000271e is an unknown value
RCX=0x0000000000000000 is an unknown value
RDX=0x00007fccaf417348 is an unknown value
RSP=0x00007fff5b45e900 is pointing into the stack for thread: 0x00007fccab8a3800
RBP=0x00007fff5b45ea00 is pointing into the stack for thread: 0x00007fccab8a3800
RSI=0x0000000000000050 is an unknown value
RDI=0x00007fff7032d070: __stack_chk_guard+0 in /usr/lib/system/libsystem_c.dylib at 0x00007fff8088a000
R8 =0x00007fccad809e60 is an unknown value
R9 =0x00007fccad000000 is an unknown value
R10=0x000000000000003c is an unknown value
R11=0x0000000000000206 is an unknown value
R12=0x0000000000002718 is an unknown value
R13=0x00007fccac115c00 is an unknown value
R14=0x0000000000000050 is an unknown value
R15=0x0000000000000000 is an unknown value


Stack: [0x00007fff5ac65000,0x00007fff5b465000],  sp=0x00007fff5b45e900,  free space=8166k
Native frames: (J=compiled Java code, j=interpreted, Vv=VM code, C=native code)
C  [libGPUSupportMercury.dylib+0xb8f2]  gldAttachDrawable+0x60
C  [GLEngine+0x167e8]  gliAttachDrawableWithOptions+0x101
C  [OpenGL+0x3870]  glcGetIOAccelService+0xe03
C  [OpenGL+0x7412]  CGLSetPBuffer+0xb90
C  [OpenGL+0x7735]  CGLSetSurface+0x124
C  [AppKit+0x332c34]  NSOpenGLContextAttachOnScreenViewSurface+0x109
C  [AppKit+0x31db7c]  -[NSOpenGLContext setView:]+0x83
C  [liblwjgl.dylib+0xa586]  -[MacOSXOpenGLView lockFocus]+0x76
C  [AppKit+0xe1f45]  -[NSView _recursiveDisplayRectIfNeededIgnoringOpacity:isVisibleRect:rectIsVisibleRectForView:topView:]+0x740
C  [AppKit+0xe2fa0]  -[NSView _recursiveDisplayRectIfNeededIgnoringOpacity:isVisibleRect:rectIsVisibleRectForView:topView:]+0x179b
C  [AppKit+0xe12f3]  -[NSThemeFrame _recursiveDisplayRectIfNeededIgnoringOpacity:isVisibleRect:rectIsVisibleRectForView:topView:]+0x14d
C  [AppKit+0xdd68b]  -[NSView _displayRectIgnoringOpacity:isVisibleRect:rectIsVisibleRectForView:]+0xac9
C  [AppKit+0x951ae]  -[NSView displayIfNeeded]+0x754
C  [AppKit+0x94a09]  -[NSWindow displayIfNeeded]+0xec
C  [AppKit+0x94672]  _handleWindowNeedsDisplayOrLayoutOrUpdateConstraints+0x3a8
C  [Foundation+0x4ba23]  __NSFireTimer+0x5f
C  [CoreFoundation+0xb72e4]  __CFRUNLOOP_IS_CALLING_OUT_TO_A_TIMER_CALLBACK_FUNCTION__+0x14
C  [CoreFoundation+0xb6f73]  __CFRunLoopDoTimer+0x423
C  [CoreFoundation+0x12a53d]  __CFRunLoopDoTimers+0x12d
C  [CoreFoundation+0x72608]  __CFRunLoopRun+0x7e8
C  [CoreFoundation+0x71bd8]  CFRunLoopRunSpecific+0x128
C  [HIToolbox+0x3256f]  RunCurrentEventLoopInMode+0xeb
C  [HIToolbox+0x322ea]  ReceiveNextEventCommon+0x1af
C  [HIToolbox+0x3212b]  _BlockUntilNextEventMatchingListInModeWithFilter+0x47
C  [AppKit+0x918ab]  _DPSNextEvent+0x3d2
C  [AppKit+0x90e58]  -[NSApplication nextEventMatchingMask:untilDate:inMode:dequeue:]+0x15a
C  [libosxapp.dylib+0x23aa]  -[NSApplicationAWT nextEventMatchingMask:untilDate:inMode:dequeue:]+0x7c
C  [AppKit+0x86af3]  -[NSApplication run]+0x252
C  [libosxapp.dylib+0x214d]  +[NSApplicationAWT runAWTLoopWithApp:]+0x9c
C  [libawt_lwawt.dylib+0x44517]  -[AWTStarter starter:]+0x389
C  [Foundation+0x92dd0]  __NSThreadPerformPerform+0x125
C  [CoreFoundation+0x80a01]  __CFRUNLOOP_IS_CALLING_OUT_TO_A_SOURCE0_PERFORM_FUNCTION__+0x11
C  [CoreFoundation+0x72b8d]  __CFRunLoopDoSources0+0x10d
C  [CoreFoundation+0x721bf]  __CFRunLoopRun+0x39f
C  [CoreFoundation+0x71bd8]  CFRunLoopRunSpecific+0x128
C  [java+0x6463]  CreateExecutionEnvironment+0x367
C  [java+0x21ac]  JLI_Launch+0x7a0
C  [java+0x84c0]  main+0x65
C  [java+0x1a04]  start+0x34
C  0x0000000000000006


---------------  P R O C E S S  ---------------

Java Threads: ( => current thread )
  0x00007fccab923000 JavaThread "AWT-Shutdown" [_thread_blocked, id=14115, stack(0x0000000170e30000,0x0000000170f30000)]
  0x00007fccab1ed800 JavaThread "Java2D Disposer" daemon [_thread_blocked, id=50695, stack(0x000000012471a000,0x000000012481a000)]
  0x00007fccaa987000 JavaThread "Java2D Queue Flusher" daemon [_thread_blocked, id=49967, stack(0x0000000123df1000,0x0000000123ef1000)]
=>0x00007fccab8a3800 JavaThread "AppKit Thread" daemon [_thread_in_native, id=1811, stack(0x00007fff5ac65000,0x00007fff5b465000)]
  0x00007fccaa826000 JavaThread "Service Thread" daemon [_thread_blocked, id=18179, stack(0x000000011df3f000,0x000000011e03f000)]
  0x00007fccab021000 JavaThread "C1 CompilerThread2" daemon [_thread_blocked, id=17667, stack(0x000000011de3c000,0x000000011df3c000)]
  0x00007fccab02c000 JavaThread "C2 CompilerThread1" daemon [_thread_blocked, id=17155, stack(0x000000011dd39000,0x000000011de39000)]
  0x00007fccab02b000 JavaThread "C2 CompilerThread0" daemon [_thread_blocked, id=16643, stack(0x000000011dc36000,0x000000011dd36000)]
  0x00007fccac037800 JavaThread "Signal Dispatcher" daemon [_thread_blocked, id=13583, stack(0x000000011db33000,0x000000011dc33000)]
  0x00007fccaa818800 JavaThread "Finalizer" daemon [_thread_blocked, id=11523, stack(0x000000011c10f000,0x000000011c20f000)]
  0x00007fccac029800 JavaThread "Reference Handler" daemon [_thread_blocked, id=11011, stack(0x000000011c00c000,0x000000011c10c000)]
  0x00007fccaa807800 JavaThread "main" [_thread_in_native, id=4867, stack(0x00000001048b2000,0x00000001049b2000)]

Other Threads:
  0x00007fccab808000 VMThread [stack: 0x000000011bf09000,0x000000011c009000] [id=10499]
  0x00007fccaa823000 WatcherThread [stack: 0x000000011e042000,0x000000011e142000] [id=18691]

VM state:not at safepoint (normal execution)

VM Mutex/Monitor currently owned by a thread: None

Heap:
 PSYoungGen      total 38400K, used 17527K [0x0000000795580000, 0x000000079d380000, 0x00000007c0000000)
  eden space 33280K, 52% used [0x0000000795580000,0x000000079669de68,0x0000000797600000)
  from space 5120K, 0% used [0x0000000797600000,0x0000000797600000,0x0000000797b00000)
  to   space 31232K, 0% used [0x000000079b500000,0x000000079b500000,0x000000079d380000)
 ParOldGen       total 90624K, used 18759K [0x0000000740000000, 0x0000000745880000, 0x0000000795580000)
  object space 90624K, 20% used [0x0000000740000000,0x0000000741251d20,0x0000000745880000)
 Metaspace       used 12030K, capacity 12257K, committed 12416K, reserved 1060864K
  class space    used 1262K, capacity 1343K, committed 1408K, reserved 1048576K

Card table byte_map: [0x000000011555a000,0x000000011595b000] byte_map_base: 0x0000000111b5a000

Marking Bits: (ParMarkBitMap*) 0x0000000105adee20
 Begin Bits: [0x0000000116012000, 0x0000000118012000)
 End Bits:   [0x0000000118012000, 0x000000011a012000)

Polling page: 0x00000001049f7000

CodeCache: size=245760Kb used=5460Kb max_used=5466Kb free=240299Kb
 bounds [0x000000010619a000, 0x00000001066fa000, 0x000000011519a000]
 total_blobs=1925 nmethods=1366 adapters=473
 compilation: enabled

Compilation events (10 events):
Event: 11.814 Thread 0x00007fccab02c000 1362       4       org.newdawn.slick.Image::init (109 bytes)
Event: 11.816 Thread 0x00007fccab02c000 nmethod 1362 0x00000001066f1a50 code [0x00000001066f1bc0, 0x00000001066f1d28]
Event: 11.918 Thread 0x00007fccab021000 1363       1       org.newdawn.slick.util.InputAdapter::inputStarted (1 bytes)
Event: 11.918 Thread 0x00007fccab021000 nmethod 1363 0x00000001066f1790 code [0x00000001066f18e0, 0x00000001066f19f0]
Event: 11.918 Thread 0x00007fccab021000 1364       1       org.newdawn.slick.util.InputAdapter::inputEnded (1 bytes)
Event: 11.918 Thread 0x00007fccab021000 nmethod 1364 0x00000001066f14d0 code [0x00000001066f1620, 0x00000001066f1730]
Event: 11.935 Thread 0x00007fccab021000 1365       3       sun.awt.AWTAutoShutdown::getInstance (4 bytes)
Event: 11.936 Thread 0x00007fccab021000 nmethod 1365 0x00000001066f11d0 code [0x00000001066f1320, 0x00000001066f1450]
Event: 11.943 Thread 0x00007fccab021000 1366   !   3       sun.awt.AWTAutoShutdown::setToolkitBusy (124 bytes)
Event: 11.944 Thread 0x00007fccab021000 nmethod 1366 0x00000001066f29d0 code [0x00000001066f2ba0, 0x00000001066f3428]

GC Heap History (10 events):
Event: 4.852 GC heap before
{Heap before GC invocations=2 (full 0):
 PSYoungGen      total 38400K, used 38392K [0x0000000795580000, 0x0000000798000000, 0x00000007c0000000)
  eden space 33280K, 100% used [0x0000000795580000,0x0000000797600000,0x0000000797600000)
  from space 5120K, 99% used [0x0000000797600000,0x0000000797afe188,0x0000000797b00000)
  to   space 5120K, 0% used [0x0000000797b00000,0x0000000797b00000,0x0000000798000000)
 ParOldGen       total 87552K, used 6034K [0x0000000740000000, 0x0000000745580000, 0x0000000795580000)
  object space 87552K, 6% used [0x0000000740000000,0x00000007405e4a08,0x0000000745580000)
 Metaspace       used 9803K, capacity 9953K, committed 10112K, reserved 1058816K
  class space    used 1030K, capacity 1087K, committed 1152K, reserved 1048576K
Event: 4.857 GC heap after
Heap after GC invocations=2 (full 0):
 PSYoungGen      total 38400K, used 5112K [0x0000000795580000, 0x0000000798000000, 0x00000007c0000000)
  eden space 33280K, 0% used [0x0000000795580000,0x0000000795580000,0x0000000797600000)
  from space 5120K, 99% used [0x0000000797b00000,0x0000000797ffe188,0x0000000798000000)
  to   space 5120K, 0% used [0x0000000797600000,0x0000000797600000,0x0000000797b00000)
 ParOldGen       total 87552K, used 9294K [0x0000000740000000, 0x0000000745580000, 0x0000000795580000)
  object space 87552K, 10% used [0x0000000740000000,0x0000000740913a48,0x0000000745580000)
 Metaspace       used 9803K, capacity 9953K, committed 10112K, reserved 1058816K
  class space    used 1030K, capacity 1087K, committed 1152K, reserved 1048576K
}
Event: 5.721 GC heap before
{Heap before GC invocations=3 (full 0):
 PSYoungGen      total 38400K, used 35589K [0x0000000795580000, 0x0000000798000000, 0x00000007c0000000)
  eden space 33280K, 91% used [0x0000000795580000,0x00000007973432c0,0x0000000797600000)
  from space 5120K, 99% used [0x0000000797b00000,0x0000000797ffe188,0x0000000798000000)
  to   space 5120K, 0% used [0x0000000797600000,0x0000000797600000,0x0000000797b00000)
 ParOldGen       total 87552K, used 9294K [0x0000000740000000, 0x0000000745580000, 0x0000000795580000)
  object space 87552K, 10% used [0x0000000740000000,0x0000000740913a48,0x0000000745580000)
 Metaspace       used 10167K, capacity 10369K, committed 10624K, reserved 1058816K
  class space    used 1065K, capacity 1119K, committed 1152K, reserved 1048576K
Event: 5.731 GC heap after
Heap after GC invocations=3 (full 0):
 PSYoungGen      total 38400K, used 3008K [0x0000000795580000, 0x0000000798000000, 0x00000007c0000000)
  eden space 33280K, 0% used [0x0000000795580000,0x0000000795580000,0x0000000797600000)
  from space 5120K, 58% used [0x0000000797600000,0x00000007978f0008,0x0000000797b00000)
  to   space 5120K, 0% used [0x0000000797b00000,0x0000000797b00000,0x0000000798000000)
 ParOldGen       total 87552K, used 17494K [0x0000000740000000, 0x0000000745580000, 0x0000000795580000)
  object space 87552K, 19% used [0x0000000740000000,0x0000000741115a58,0x0000000745580000)
 Metaspace       used 10167K, capacity 10369K, committed 10624K, reserved 1058816K
  class space    used 1065K, capacity 1119K, committed 1152K, reserved 1048576K
}
Event: 7.448 GC heap before
{Heap before GC invocations=4 (full 0):
 PSYoungGen      total 38400K, used 31570K [0x0000000795580000, 0x0000000798000000, 0x00000007c0000000)
  eden space 33280K, 85% used [0x0000000795580000,0x0000000797164808,0x0000000797600000)
  from space 5120K, 58% used [0x0000000797600000,0x00000007978f0008,0x0000000797b00000)
  to   space 5120K, 0% used [0x0000000797b00000,0x0000000797b00000,0x0000000798000000)
 ParOldGen       total 192512K, used 154444K [0x0000000740000000, 0x000000074bc00000, 0x0000000795580000)
  object space 192512K, 80% used [0x0000000740000000,0x00000007496d3288,0x000000074bc00000)
 Metaspace       used 11869K, capacity 12033K, committed 12416K, reserved 1060864K
  class space    used 1257K, capacity 1311K, committed 1408K, reserved 1048576K
Event: 7.463 GC heap after
Heap after GC invocations=4 (full 0):
 PSYoungGen      total 38400K, used 5112K [0x0000000795580000, 0x0000000798000000, 0x00000007c0000000)
  eden space 33280K, 0% used [0x0000000795580000,0x0000000795580000,0x0000000797600000)
  from space 5120K, 99% used [0x0000000797b00000,0x0000000797ffe178,0x0000000798000000)
  to   space 5120K, 0% used [0x0000000797600000,0x0000000797600000,0x0000000797b00000)
 ParOldGen       total 192512K, used 157657K [0x0000000740000000, 0x000000074bc00000, 0x0000000795580000)
  object space 192512K, 81% used [0x0000000740000000,0x00000007499f6698,0x000000074bc00000)
 Metaspace       used 11869K, capacity 12033K, committed 12416K, reserved 1060864K
  class space    used 1257K, capacity 1311K, committed 1408K, reserved 1048576K
}
Event: 7.610 GC heap before
{Heap before GC invocations=5 (full 0):
 PSYoungGen      total 38400K, used 38392K [0x0000000795580000, 0x0000000798000000, 0x00000007c0000000)
  eden space 33280K, 100% used [0x0000000795580000,0x0000000797600000,0x0000000797600000)
  from space 5120K, 99% used [0x0000000797b00000,0x0000000797ffe178,0x0000000798000000)
  to   space 5120K, 0% used [0x0000000797600000,0x0000000797600000,0x0000000797b00000)
 ParOldGen       total 192512K, used 157657K [0x0000000740000000, 0x000000074bc00000, 0x0000000795580000)
  object space 192512K, 81% used [0x0000000740000000,0x00000007499f6698,0x000000074bc00000)
 Metaspace       used 11869K, capacity 12033K, committed 12416K, reserved 1060864K
  class space    used 1257K, capacity 1311K, committed 1408K, reserved 1048576K
Event: 7.643 GC heap after
Heap after GC invocations=5 (full 0):
 PSYoungGen      total 38400K, used 5090K [0x0000000795580000, 0x000000079d380000, 0x00000007c0000000)
  eden space 33280K, 0% used [0x0000000795580000,0x0000000795580000,0x0000000797600000)
  from space 5120K, 99% used [0x0000000797600000,0x0000000797af8900,0x0000000797b00000)
  to   space 31232K, 0% used [0x000000079b500000,0x000000079b500000,0x000000079d380000)
 ParOldGen       total 192512K, used 188577K [0x0000000740000000, 0x000000074bc00000, 0x0000000795580000)
  object space 192512K, 97% used [0x0000000740000000,0x000000074b8286f8,0x000000074bc00000)
 Metaspace       used 11869K, capacity 12033K, committed 12416K, reserved 1060864K
  class space    used 1257K, capacity 1311K, committed 1408K, reserved 1048576K
}
Event: 7.643 GC heap before
{Heap before GC invocations=6 (full 1):
 PSYoungGen      total 38400K, used 5090K [0x0000000795580000, 0x000000079d380000, 0x00000007c0000000)
  eden space 33280K, 0% used [0x0000000795580000,0x0000000795580000,0x0000000797600000)
  from space 5120K, 99% used [0x0000000797600000,0x0000000797af8900,0x0000000797b00000)
  to   space 31232K, 0% used [0x000000079b500000,0x000000079b500000,0x000000079d380000)
 ParOldGen       total 192512K, used 188577K [0x0000000740000000, 0x000000074bc00000, 0x0000000795580000)
  object space 192512K, 97% used [0x0000000740000000,0x000000074b8286f8,0x000000074bc00000)
 Metaspace       used 11869K, capacity 12033K, committed 12416K, reserved 1060864K
  class space    used 1257K, capacity 1311K, committed 1408K, reserved 1048576K
Event: 7.698 GC heap after
Heap after GC invocations=6 (full 1):
 PSYoungGen      total 38400K, used 0K [0x0000000795580000, 0x000000079d380000, 0x00000007c0000000)
  eden space 33280K, 0% used [0x0000000795580000,0x0000000795580000,0x0000000797600000)
  from space 5120K, 0% used [0x0000000797600000,0x0000000797600000,0x0000000797b00000)
  to   space 31232K, 0% used [0x000000079b500000,0x000000079b500000,0x000000079d380000)
 ParOldGen       total 90624K, used 18759K [0x0000000740000000, 0x0000000745880000, 0x0000000795580000)
  object space 90624K, 20% used [0x0000000740000000,0x0000000741251d20,0x0000000745880000)
 Metaspace       used 11869K, capacity 12033K, committed 12416K, reserved 1060864K
  class space    used 1257K, capacity 1311K, committed 1408K, reserved 1048576K
}

Deoptimization events (10 events):
Event: 6.827 Thread 0x00007fccaa807800 Uncommon trap: reason=unstable_if action=reinterpret pc=0x0000000106597748 method=org.newdawn.slick.openal.OggInputStream.atEnd()Z @ 18
Event: 7.398 Thread 0x00007fccaa807800 Uncommon trap: reason=unstable_if action=reinterpret pc=0x00000001065f1d24 method=com.sun.imageio.plugins.png.PNGImageReader.paethPredictor(III)I @ 34
Event: 7.403 Thread 0x00007fccaa807800 Uncommon trap: reason=unstable_if action=reinterpret pc=0x00000001065f3be8 method=com.sun.imageio.plugins.png.PNGImageReader.paethPredictor(III)I @ 41
Event: 7.466 Thread 0x00007fccaa807800 Uncommon trap: reason=unstable_if action=reinterpret pc=0x000000010645b2d4 method=java.awt.image.ComponentColorModel.getDataElements(ILjava/lang/Object;)Ljava/lang/Object; @ 30
Event: 7.479 Thread 0x00007fccaa807800 Uncommon trap: reason=unstable_if action=reinterpret pc=0x00000001064a118c method=java.awt.image.ComponentColorModel.getAlpha(Ljava/lang/Object;)I @ 4
Event: 7.479 Thread 0x00007fccaa807800 Uncommon trap: reason=unstable_if action=reinterpret pc=0x000000010644bb70 method=java.awt.image.ComponentColorModel.extractComponent(Ljava/lang/Object;II)I @ 4
Event: 7.479 Thread 0x00007fccaa807800 Uncommon trap: reason=unstable_if action=reinterpret pc=0x000000010645f4e8 method=java.awt.image.ComponentColorModel.getAlpha(Ljava/lang/Object;)I @ 4
Event: 7.480 Thread 0x00007fccaa807800 Uncommon trap: reason=unstable_if action=reinterpret pc=0x000000010645c05c method=java.awt.image.ComponentColorModel.getAlpha(Ljava/lang/Object;)I @ 4
Event: 7.480 Thread 0x00007fccaa807800 Uncommon trap: reason=unstable_if action=reinterpret pc=0x0000000106478968 method=java.awt.image.ComponentColorModel.getAlpha(Ljava/lang/Object;)I @ 4
Event: 7.732 Thread 0x00007fccaa807800 Uncommon trap: reason=unstable_if action=reinterpret pc=0x0000000106606a90 method=sun.awt.image.ByteInterleavedRaster.putByteData(IIII[B)V @ 395

Internal exceptions (10 events):
Event: 0.310 Thread 0x00007fccaa807800 Exception <a 'java/lang/NoSuchFieldError': method resolution failed> (0x00000007959a59c8) thrown at [/Users/java_re/workspace/8-2-build-macosx-x86_64/jdk8u60/4407/hotspot/src/share/vm/prims/methodHandles.cpp, line 1146]
Event: 0.644 Thread 0x00007fccaa807800 Exception <a 'java/io/FileNotFoundException'> (0x0000000795a209c0) thrown at [/Users/java_re/workspace/8-2-build-macosx-x86_64/jdk8u60/4407/hotspot/src/share/vm/prims/jni.cpp, line 709]
Event: 0.644 Thread 0x00007fccaa807800 Exception <a 'java/io/FileNotFoundException'> (0x0000000795a21510) thrown at [/Users/java_re/workspace/8-2-build-macosx-x86_64/jdk8u60/4407/hotspot/src/share/vm/prims/jni.cpp, line 709]
Event: 1.010 Thread 0x00007fccaa807800 Exception <a 'java/lang/NoClassDefFoundError': net/java/games/input/ControllerEnvironment> (0x0000000795f17cf0) thrown at [/Users/java_re/workspace/8-2-build-macosx-x86_64/jdk8u60/4407/hotspot/src/share/vm/classfile/systemDictionary.cpp, line 199]
Event: 4.947 Thread 0x00007fccaa807800 Exception <a 'java/security/PrivilegedActionException'> (0x0000000795f19e88) thrown at [/Users/java_re/workspace/8-2-build-macosx-x86_64/jdk8u60/4407/hotspot/src/share/vm/prims/jvm.cpp, line 1386]
Event: 4.947 Thread 0x00007fccaa807800 Exception <a 'java/security/PrivilegedActionException'> (0x0000000795f1ba70) thrown at [/Users/java_re/workspace/8-2-build-macosx-x86_64/jdk8u60/4407/hotspot/src/share/vm/prims/jvm.cpp, line 1386]
Event: 4.947 Thread 0x00007fccaa807800 Exception <a 'java/security/PrivilegedActionException'> (0x0000000795f1cb90) thrown at [/Users/java_re/workspace/8-2-build-macosx-x86_64/jdk8u60/4407/hotspot/src/share/vm/prims/jvm.cpp, line 1386]
Event: 4.947 Thread 0x00007fccaa807800 Exception <a 'java/security/PrivilegedActionException'> (0x0000000795f21cb0) thrown at [/Users/java_re/workspace/8-2-build-macosx-x86_64/jdk8u60/4407/hotspot/src/share/vm/prims/jvm.cpp, line 1386]
Event: 4.947 Thread 0x00007fccaa807800 Exception <a 'java/security/PrivilegedActionException'> (0x0000000795f22908) thrown at [/Users/java_re/workspace/8-2-build-macosx-x86_64/jdk8u60/4407/hotspot/src/share/vm/prims/jvm.cpp, line 1386]
Event: 4.947 Thread 0x00007fccaa807800 Exception <a 'java/security/PrivilegedActionException'> (0x0000000795f23530) thrown at [/Users/java_re/workspace/8-2-build-macosx-x86_64/jdk8u60/4407/hotspot/src/share/vm/prims/jvm.cpp, line 1386]

Events (10 events):
Event: 10.107 Executing VM operation: RevokeBias
Event: 10.107 Executing VM operation: RevokeBias done
Event: 10.107 loading class sun/awt/AWTAutoShutdown$1
Event: 10.107 loading class sun/awt/AWTAutoShutdown$1 done
Event: 10.108 Executing VM operation: RevokeBias
Event: 10.108 Executing VM operation: RevokeBias done
Event: 10.108 Thread 0x00007fccac1ea800 Thread exited: 0x00007fccac1ea800
Event: 10.193 Thread 0x00007fccab923000 Thread added: 0x00007fccab923000
Event: 12.290 loading class org/lwjgl/opengl/CallbackUtil
Event: 12.290 loading class org/lwjgl/opengl/CallbackUtil done


Dynamic libraries:
0x0000000000247000 	/System/Library/Frameworks/Cocoa.framework/Versions/A/Cocoa
0x0000000000247000 	/System/Library/Frameworks/Security.framework/Versions/A/Security
0x0000000000247000 	/System/Library/Frameworks/ApplicationServices.framework/Versions/A/ApplicationServices
0x0000000000247000 	/usr/lib/libz.1.dylib
0x0000000000247000 	/usr/lib/libSystem.B.dylib
0x0000000000247000 	/usr/lib/libobjc.A.dylib
0x0000000000247000 	/System/Library/Frameworks/CoreFoundation.framework/Versions/A/CoreFoundation
0x0000000000247000 	/System/Library/Frameworks/Foundation.framework/Versions/C/Foundation
0x0000000000247000 	/System/Library/Frameworks/AppKit.framework/Versions/C/AppKit
0x0000000000247000 	/System/Library/Frameworks/CoreData.framework/Versions/A/CoreData
0x0000000000247000 	/System/Library/PrivateFrameworks/RemoteViewServices.framework/Versions/A/RemoteViewServices
0x0000000000247000 	/System/Library/PrivateFrameworks/UIFoundation.framework/Versions/A/UIFoundation
0x0000000000247000 	/System/Library/Frameworks/IOSurface.framework/Versions/A/IOSurface
0x0000000000247000 	/System/Library/Frameworks/AudioToolbox.framework/Versions/A/AudioToolbox
0x0000000000247000 	/System/Library/Frameworks/AudioUnit.framework/Versions/A/AudioUnit
0x0000000000247000 	/System/Library/PrivateFrameworks/DataDetectorsCore.framework/Versions/A/DataDetectorsCore
0x0000000000247000 	/System/Library/PrivateFrameworks/DesktopServicesPriv.framework/Versions/A/DesktopServicesPriv
0x0000000000247000 	/System/Library/Frameworks/Carbon.framework/Versions/A/Frameworks/HIToolbox.framework/Versions/A/HIToolbox
0x0000000000247000 	/System/Library/Frameworks/QuartzCore.framework/Versions/A/QuartzCore
0x0000000000247000 	/System/Library/Frameworks/Carbon.framework/Versions/A/Frameworks/SpeechRecognition.framework/Versions/A/SpeechRecognition
0x0000000000247000 	/usr/lib/libauto.dylib
0x0000000000247000 	/usr/lib/libicucore.A.dylib
0x0000000000247000 	/usr/lib/libxml2.2.dylib
0x0000000000247000 	/System/Library/PrivateFrameworks/CoreUI.framework/Versions/A/CoreUI
0x0000000000247000 	/System/Library/Frameworks/CoreAudio.framework/Versions/A/CoreAudio
0x0000000000247000 	/System/Library/Frameworks/DiskArbitration.framework/Versions/A/DiskArbitration
0x0000000000247000 	/usr/lib/liblangid.dylib
0x0000000000247000 	/System/Library/PrivateFrameworks/MultitouchSupport.framework/Versions/A/MultitouchSupport
0x0000000000247000 	/System/Library/Frameworks/IOKit.framework/Versions/A/IOKit
0x0000000000247000 	/usr/lib/libDiagnosticMessagesClient.dylib
0x0000000000247000 	/System/Library/Frameworks/CoreServices.framework/Versions/A/CoreServices
0x0000000000247000 	/System/Library/PrivateFrameworks/PerformanceAnalysis.framework/Versions/A/PerformanceAnalysis
0x0000000000247000 	/System/Library/PrivateFrameworks/GenerationalStorage.framework/Versions/A/GenerationalStorage
0x0000000000247000 	/System/Library/Frameworks/OpenGL.framework/Versions/A/OpenGL
0x0000000000247000 	/System/Library/PrivateFrameworks/Sharing.framework/Versions/A/Sharing
0x0000000000247000 	/System/Library/Frameworks/CoreGraphics.framework/Versions/A/CoreGraphics
0x0000000000247000 	/System/Library/Frameworks/CoreText.framework/Versions/A/CoreText
0x0000000000247000 	/System/Library/Frameworks/ImageIO.framework/Versions/A/ImageIO
0x0000000000247000 	/usr/lib/libextension.dylib
0x0000000000247000 	/System/Library/PrivateFrameworks/Backup.framework/Versions/A/Backup
0x0000000000247000 	/usr/lib/libarchive.2.dylib
0x0000000000247000 	/System/Library/Frameworks/CFNetwork.framework/Versions/A/CFNetwork
0x0000000000247000 	/System/Library/Frameworks/SystemConfiguration.framework/Versions/A/SystemConfiguration
0x0000000000247000 	/usr/lib/libCRFSuite.dylib
0x0000000000247000 	/usr/lib/libc++.1.dylib
0x0000000000247000 	/usr/lib/libc++abi.dylib
0x0000000000247000 	/usr/lib/system/libcache.dylib
0x0000000000247000 	/usr/lib/system/libcommonCrypto.dylib
0x0000000000247000 	/usr/lib/system/libcompiler_rt.dylib
0x0000000000247000 	/usr/lib/system/libcopyfile.dylib
0x0000000000247000 	/usr/lib/system/libcorecrypto.dylib
0x0000000000247000 	/usr/lib/system/libdispatch.dylib
0x0000000000247000 	/usr/lib/system/libdyld.dylib
0x0000000000247000 	/usr/lib/system/libkeymgr.dylib
0x0000000000247000 	/usr/lib/system/liblaunch.dylib
0x0000000000247000 	/usr/lib/system/libmacho.dylib
0x0000000000247000 	/usr/lib/system/libquarantine.dylib
0x0000000000247000 	/usr/lib/system/libremovefile.dylib
0x0000000000247000 	/usr/lib/system/libsystem_asl.dylib
0x0000000000247000 	/usr/lib/system/libsystem_blocks.dylib
0x0000000000247000 	/usr/lib/system/libsystem_c.dylib
0x0000000000247000 	/usr/lib/system/libsystem_configuration.dylib
0x0000000000247000 	/usr/lib/system/libsystem_coreservices.dylib
0x0000000000247000 	/usr/lib/system/libsystem_coretls.dylib
0x0000000000247000 	/usr/lib/system/libsystem_dnssd.dylib
0x0000000000247000 	/usr/lib/system/libsystem_info.dylib
0x0000000000247000 	/usr/lib/system/libsystem_kernel.dylib
0x0000000000247000 	/usr/lib/system/libsystem_m.dylib
0x0000000000247000 	/usr/lib/system/libsystem_malloc.dylib
0x0000000000247000 	/usr/lib/system/libsystem_network.dylib
0x0000000000247000 	/usr/lib/system/libsystem_networkextension.dylib
0x0000000000247000 	/usr/lib/system/libsystem_notify.dylib
0x0000000000247000 	/usr/lib/system/libsystem_platform.dylib
0x0000000000247000 	/usr/lib/system/libsystem_pthread.dylib
0x0000000000247000 	/usr/lib/system/libsystem_sandbox.dylib
0x0000000000247000 	/usr/lib/system/libsystem_secinit.dylib
0x0000000000247000 	/usr/lib/system/libsystem_stats.dylib
0x0000000000247000 	/usr/lib/system/libsystem_trace.dylib
0x0000000000247000 	/usr/lib/system/libunc.dylib
0x0000000000247000 	/usr/lib/system/libunwind.dylib
0x0000000000247000 	/usr/lib/system/libxpc.dylib
0x0000000000247000 	/usr/lib/libbz2.1.0.dylib
0x0000000000247000 	/usr/lib/liblzma.5.dylib
0x0000000000247000 	/usr/lib/libbsm.0.dylib
0x0000000000247000 	/usr/lib/libsqlite3.dylib
0x0000000000247000 	/usr/lib/system/libkxld.dylib
0x0000000000247000 	/usr/lib/libxar.1.dylib
0x0000000000247000 	/usr/lib/libpam.2.dylib
0x0000000000247000 	/usr/lib/libOpenScriptingUtil.dylib
0x0000000000247000 	/System/Library/Frameworks/CoreServices.framework/Versions/A/Frameworks/FSEvents.framework/Versions/A/FSEvents
0x0000000000247000 	/System/Library/Frameworks/CoreServices.framework/Versions/A/Frameworks/CarbonCore.framework/Versions/A/CarbonCore
0x0000000000247000 	/System/Library/Frameworks/CoreServices.framework/Versions/A/Frameworks/Metadata.framework/Versions/A/Metadata
0x0000000000247000 	/System/Library/Frameworks/CoreServices.framework/Versions/A/Frameworks/OSServices.framework/Versions/A/OSServices
0x0000000000247000 	/System/Library/Frameworks/CoreServices.framework/Versions/A/Frameworks/SearchKit.framework/Versions/A/SearchKit
0x0000000000247000 	/System/Library/Frameworks/CoreServices.framework/Versions/A/Frameworks/AE.framework/Versions/A/AE
0x0000000000247000 	/System/Library/Frameworks/CoreServices.framework/Versions/A/Frameworks/LaunchServices.framework/Versions/A/LaunchServices
0x0000000000247000 	/System/Library/Frameworks/CoreServices.framework/Versions/A/Frameworks/DictionaryServices.framework/Versions/A/DictionaryServices
0x0000000000247000 	/System/Library/Frameworks/NetFS.framework/Versions/A/NetFS
0x0000000000247000 	/System/Library/PrivateFrameworks/NetAuth.framework/Versions/A/NetAuth
0x0000000000247000 	/System/Library/PrivateFrameworks/login.framework/Versions/A/Frameworks/loginsupport.framework/Versions/A/loginsupport
0x0000000000247000 	/System/Library/PrivateFrameworks/TCC.framework/Versions/A/TCC
0x0000000000247000 	/usr/lib/libmecabra.dylib
0x0000000000247000 	/System/Library/Frameworks/ApplicationServices.framework/Versions/A/Frameworks/ATS.framework/Versions/A/ATS
0x0000000000247000 	/System/Library/Frameworks/ApplicationServices.framework/Versions/A/Frameworks/ColorSync.framework/Versions/A/ColorSync
0x0000000000247000 	/System/Library/Frameworks/ApplicationServices.framework/Versions/A/Frameworks/HIServices.framework/Versions/A/HIServices
0x0000000000247000 	/System/Library/Frameworks/ApplicationServices.framework/Versions/A/Frameworks/LangAnalysis.framework/Versions/A/LangAnalysis
0x0000000000247000 	/System/Library/Frameworks/ApplicationServices.framework/Versions/A/Frameworks/PrintCore.framework/Versions/A/PrintCore
0x0000000000247000 	/System/Library/Frameworks/ApplicationServices.framework/Versions/A/Frameworks/QD.framework/Versions/A/QD
0x0000000000247000 	/System/Library/Frameworks/ApplicationServices.framework/Versions/A/Frameworks/SpeechSynthesis.framework/Versions/A/SpeechSynthesis
0x0000000000247000 	/System/Library/Frameworks/Accelerate.framework/Versions/A/Accelerate
0x0000000000247000 	/System/Library/Frameworks/Accelerate.framework/Versions/A/Frameworks/vImage.framework/Versions/A/vImage
0x0000000000247000 	/System/Library/Frameworks/Accelerate.framework/Versions/A/Frameworks/vecLib.framework/Versions/A/vecLib
0x0000000000247000 	/System/Library/Frameworks/Accelerate.framework/Versions/A/Frameworks/vecLib.framework/Versions/A/libvDSP.dylib
0x0000000000247000 	/System/Library/Frameworks/Accelerate.framework/Versions/A/Frameworks/vecLib.framework/Versions/A/libvMisc.dylib
0x0000000000247000 	/System/Library/Frameworks/Accelerate.framework/Versions/A/Frameworks/vecLib.framework/Versions/A/libLAPACK.dylib
0x0000000000247000 	/System/Library/Frameworks/Accelerate.framework/Versions/A/Frameworks/vecLib.framework/Versions/A/libBLAS.dylib
0x0000000000247000 	/System/Library/Frameworks/Accelerate.framework/Versions/A/Frameworks/vecLib.framework/Versions/A/libLinearAlgebra.dylib
0x0000000000247000 	/System/Library/Frameworks/ApplicationServices.framework/Versions/A/Frameworks/ATS.framework/Versions/A/Resources/libFontParser.dylib
0x0000000000247000 	/System/Library/Frameworks/ApplicationServices.framework/Versions/A/Frameworks/ATS.framework/Versions/A/Resources/libFontRegistry.dylib
0x0000000000247000 	/System/Library/PrivateFrameworks/AppleVPA.framework/Versions/A/AppleVPA
0x0000000000247000 	/System/Library/PrivateFrameworks/AppleJPEG.framework/Versions/A/AppleJPEG
0x0000000000247000 	/System/Library/Frameworks/ImageIO.framework/Versions/A/Resources/libJPEG.dylib
0x0000000000247000 	/System/Library/Frameworks/ImageIO.framework/Versions/A/Resources/libTIFF.dylib
0x0000000000247000 	/System/Library/Frameworks/ImageIO.framework/Versions/A/Resources/libPng.dylib
0x0000000000247000 	/System/Library/Frameworks/ImageIO.framework/Versions/A/Resources/libGIF.dylib
0x0000000000247000 	/System/Library/Frameworks/ImageIO.framework/Versions/A/Resources/libJP2.dylib
0x0000000000247000 	/System/Library/Frameworks/ImageIO.framework/Versions/A/Resources/libRadiance.dylib
0x0000000000247000 	/System/Library/Frameworks/CoreVideo.framework/Versions/A/CoreVideo
0x0000000000247000 	/System/Library/Frameworks/OpenGL.framework/Versions/A/Libraries/libGLU.dylib
0x0000000000247000 	/System/Library/Frameworks/OpenGL.framework/Versions/A/Libraries/libGFXShared.dylib
0x0000000000247000 	/System/Library/Frameworks/OpenGL.framework/Versions/A/Libraries/libGL.dylib
0x0000000000247000 	/System/Library/Frameworks/OpenGL.framework/Versions/A/Libraries/libGLImage.dylib
0x0000000000247000 	/System/Library/Frameworks/OpenGL.framework/Versions/A/Libraries/libCVMSPluginSupport.dylib
0x0000000000247000 	/System/Library/Frameworks/OpenGL.framework/Versions/A/Libraries/libCoreVMClient.dylib
0x0000000000247000 	/usr/lib/libcups.2.dylib
0x0000000000247000 	/System/Library/Frameworks/Kerberos.framework/Versions/A/Kerberos
0x0000000000247000 	/System/Library/Frameworks/GSS.framework/Versions/A/GSS
0x0000000000247000 	/usr/lib/libresolv.9.dylib
0x0000000000247000 	/usr/lib/libiconv.2.dylib
0x0000000000247000 	/System/Library/PrivateFrameworks/Heimdal.framework/Versions/A/Heimdal
0x0000000000247000 	/usr/lib/libheimdal-asn1.dylib
0x0000000000247000 	/System/Library/Frameworks/OpenDirectory.framework/Versions/A/OpenDirectory
0x0000000000247000 	/System/Library/PrivateFrameworks/CommonAuth.framework/Versions/A/CommonAuth
0x0000000000247000 	/System/Library/Frameworks/OpenDirectory.framework/Versions/A/Frameworks/CFOpenDirectory.framework/Versions/A/CFOpenDirectory
0x0000000000247000 	/System/Library/Frameworks/SecurityFoundation.framework/Versions/A/SecurityFoundation
0x0000000000247000 	/System/Library/PrivateFrameworks/LanguageModeling.framework/Versions/A/LanguageModeling
0x0000000000247000 	/usr/lib/libcmph.dylib
0x0000000000247000 	/System/Library/Frameworks/ServiceManagement.framework/Versions/A/ServiceManagement
0x0000000000247000 	/usr/lib/libxslt.1.dylib
0x0000000000247000 	/System/Library/Frameworks/Carbon.framework/Versions/A/Frameworks/Ink.framework/Versions/A/Ink
0x0000000000247000 	/System/Library/Frameworks/QuartzCore.framework/Versions/A/Frameworks/CoreImage.framework/Versions/A/CoreImage
0x0000000000247000 	/System/Library/PrivateFrameworks/CrashReporterSupport.framework/Versions/A/CrashReporterSupport
0x0000000000247000 	/System/Library/Frameworks/OpenCL.framework/Versions/A/OpenCL
0x0000000000247000 	/System/Library/PrivateFrameworks/FaceCore.framework/Versions/A/FaceCore
0x0000000000247000 	/System/Library/PrivateFrameworks/Ubiquity.framework/Versions/A/Ubiquity
0x0000000000247000 	/System/Library/PrivateFrameworks/IconServices.framework/Versions/A/IconServices
0x0000000000247000 	/System/Library/PrivateFrameworks/ChunkingLibrary.framework/Versions/A/ChunkingLibrary
0x0000000000247000 	/System/Library/PrivateFrameworks/Apple80211.framework/Versions/A/Apple80211
0x0000000000247000 	/System/Library/Frameworks/CoreWLAN.framework/Versions/A/CoreWLAN
0x0000000000247000 	/System/Library/Frameworks/IOBluetooth.framework/Versions/A/IOBluetooth
0x0000000000247000 	/System/Library/PrivateFrameworks/CoreWiFi.framework/Versions/A/CoreWiFi
0x0000000000247000 	/System/Library/Frameworks/CoreBluetooth.framework/Versions/A/CoreBluetooth
0x0000000000247000 	/System/Library/PrivateFrameworks/DebugSymbols.framework/Versions/A/DebugSymbols
0x0000000000247000 	/System/Library/PrivateFrameworks/CoreSymbolication.framework/Versions/A/CoreSymbolication
0x0000000000247000 	/System/Library/PrivateFrameworks/Symbolication.framework/Versions/A/Symbolication
0x0000000000247000 	/System/Library/PrivateFrameworks/SpeechRecognitionCore.framework/Versions/A/SpeechRecognitionCore
0x0000000105200000 	/Library/Java/JavaVirtualMachines/jdk1.8.0_60.jdk/Contents/Home/jre/lib/server/libjvm.dylib
0x0000000000247000 	/usr/lib/libstdc++.6.dylib
0x00000001049b4000 	/Library/Java/JavaVirtualMachines/jdk1.8.0_60.jdk/Contents/Home/jre/lib/libverify.dylib
0x00000001049c2000 	/Library/Java/JavaVirtualMachines/jdk1.8.0_60.jdk/Contents/Home/jre/lib/libjava.dylib
0x0000000106191000 	/Library/Java/JavaVirtualMachines/jdk1.8.0_60.jdk/Contents/Home/jre/lib/libzip.dylib
0x000000011c211000 	/System/Library/Frameworks/JavaVM.framework/Frameworks/JavaRuntimeSupport.framework/JavaRuntimeSupport
0x000000011c22c000 	/System/Library/Frameworks/JavaVM.framework/Versions/A/Frameworks/JavaNativeFoundation.framework/Versions/A/JavaNativeFoundation
0x000000011c241000 	/System/Library/Frameworks/JavaVM.framework/Versions/A/JavaVM
0x0000000000247000 	/System/Library/Frameworks/Carbon.framework/Versions/A/Carbon
0x000000011c24e000 	/System/Library/PrivateFrameworks/JavaLaunching.framework/Versions/A/JavaLaunching
0x0000000000247000 	/System/Library/Frameworks/Carbon.framework/Versions/A/Frameworks/CommonPanels.framework/Versions/A/CommonPanels
0x0000000000247000 	/System/Library/Frameworks/Carbon.framework/Versions/A/Frameworks/Help.framework/Versions/A/Help
0x0000000000247000 	/System/Library/Frameworks/Carbon.framework/Versions/A/Frameworks/ImageCapture.framework/Versions/A/ImageCapture
0x0000000000247000 	/System/Library/Frameworks/Carbon.framework/Versions/A/Frameworks/OpenScripting.framework/Versions/A/OpenScripting
0x0000000000247000 	/System/Library/Frameworks/Carbon.framework/Versions/A/Frameworks/Print.framework/Versions/A/Print
0x0000000000247000 	/System/Library/Frameworks/Carbon.framework/Versions/A/Frameworks/SecurityHI.framework/Versions/A/SecurityHI
0x000000011e199000 	/Library/Java/JavaVirtualMachines/jdk1.8.0_60.jdk/Contents/Home/jre/lib/libawt.dylib
0x000000011e241000 	/Library/Java/JavaVirtualMachines/jdk1.8.0_60.jdk/Contents/Home/jre/lib/./libmlib_image.dylib
0x000000011e30d000 	/Library/Java/JavaVirtualMachines/jdk1.8.0_60.jdk/Contents/Home/jre/lib/libawt_lwawt.dylib
0x000000011e3c2000 	/Library/Java/JavaVirtualMachines/jdk1.8.0_60.jdk/Contents/Home/jre/lib/./libosxapp.dylib
0x0000000000247000 	/System/Library/Frameworks/ExceptionHandling.framework/Versions/A/ExceptionHandling
0x0000000000247000 	/System/Library/PrivateFrameworks/CoreServicesInternal.framework/Versions/A/CoreServicesInternal
0x0000000000247000 	/System/Library/PrivateFrameworks/CloudDocs.framework/Versions/A/CloudDocs
0x0000000000247000 	/System/Library/PrivateFrameworks/CoreDuet.framework/Versions/A/CoreDuet
0x0000000000247000 	/System/Library/Frameworks/CloudKit.framework/Versions/A/CloudKit
0x0000000000247000 	/System/Library/PrivateFrameworks/ProtocolBuffer.framework/Versions/A/ProtocolBuffer
0x0000000000247000 	/System/Library/PrivateFrameworks/CoreDuetDaemonProtocol.framework/Versions/A/CoreDuetDaemonProtocol
0x0000000000247000 	/System/Library/PrivateFrameworks/CoreDuetDebugLogging.framework/Versions/A/CoreDuetDebugLogging
0x0000000000247000 	/System/Library/PrivateFrameworks/MMCS.framework/Versions/A/MMCS
0x0000000000247000 	/System/Library/Frameworks/CoreLocation.framework/Versions/A/CoreLocation
0x0000000000247000 	/System/Library/PrivateFrameworks/ProtectedCloudStorage.framework/Versions/A/ProtectedCloudStorage
0x0000000000247000 	/System/Library/PrivateFrameworks/GeoServices.framework/Versions/A/GeoServices
0x0000000000247000 	/System/Library/Frameworks/CoreGraphics.framework/Versions/A/Resources/libCGCMS.A.dylib
0x0000000000247000 	/System/Library/Frameworks/CoreGraphics.framework/Versions/A/Resources/libRIP.A.dylib
0x0000000000247000 	/System/Library/Frameworks/CoreGraphics.framework/Versions/A/Resources/libCGXType.A.dylib
0x0000000000247000 	/System/Library/Frameworks/OpenCL.framework/Versions/A/Libraries/libcldcpuengine.dylib
0x0000000000247000 	/System/Library/PrivateFrameworks/DiskImages.framework/Versions/A/DiskImages
0x0000000000247000 	/System/Library/Frameworks/DiscRecording.framework/Versions/A/DiscRecording
0x0000000000247000 	/usr/lib/libcsfde.dylib
0x0000000000247000 	/usr/lib/libcurl.4.dylib
0x0000000000247000 	/System/Library/PrivateFrameworks/MediaKit.framework/Versions/A/MediaKit
0x0000000000247000 	/usr/lib/libCoreStorage.dylib
0x0000000000247000 	/System/Library/PrivateFrameworks/EFILogin.framework/Versions/A/EFILogin
0x0000000000247000 	/usr/lib/libutil.dylib
0x0000000000247000 	/System/Library/PrivateFrameworks/FindMyDevice.framework/Versions/A/FindMyDevice
0x0000000000247000 	/System/Library/Frameworks/LDAP.framework/Versions/A/LDAP
0x0000000000247000 	/usr/lib/libsasl2.2.dylib
0x0000000000247000 	/System/Library/PrivateFrameworks/CoreDaemon.framework/Versions/B/CoreDaemon
0x0000000000247000 	/usr/lib/libcrypto.0.9.8.dylib
0x0000000000247000 	/System/Library/PrivateFrameworks/AppleSRP.framework/Versions/A/AppleSRP
0x0000000000247000 	/System/Library/PrivateFrameworks/TrustEvaluationAgent.framework/Versions/A/TrustEvaluationAgent
0x00000001215f5000 	cl_kernels
0x00000001215f7000 	/System/Library/Frameworks/OpenCL.framework/Versions/A/Libraries/ImageFormats/unorm8_bgra.dylib
0x00000001215e7000 	cl_kernels
0x0000000000247000 	/System/Library/PrivateFrameworks/FamilyControls.framework/Versions/A/FamilyControls
0x0000000000247000 	/System/Library/PrivateFrameworks/CommerceKit.framework/Versions/A/Frameworks/CommerceCore.framework/Versions/A/CommerceCore
0x0000000000247000 	/System/Library/PrivateFrameworks/SystemAdministration.framework/Versions/A/SystemAdministration
0x0000000000247000 	/System/Library/PrivateFrameworks/AppContainer.framework/Versions/A/AppContainer
0x0000000000247000 	/System/Library/PrivateFrameworks/SecCodeWrapper.framework/Versions/A/SecCodeWrapper
0x0000000000247000 	/System/Library/Frameworks/DirectoryService.framework/Versions/A/DirectoryService
0x0000000000247000 	/System/Library/PrivateFrameworks/LoginUIKit.framework/Versions/A/Frameworks/LoginUICore.framework/Versions/A/LoginUICore
0x0000000000247000 	/usr/lib/libodfde.dylib
0x000000012287b000 	/Library/Java/JavaVirtualMachines/jdk1.8.0_60.jdk/Contents/Home/jre/lib/libfontmanager.dylib
0x00000001228e2000 	/Users/Vincent/Documents/workspace/Dead's Mirror Slick/lib/native/macosx/liblwjgl.dylib
0x0000000120a75000 	/Library/Java/JavaVirtualMachines/jdk1.8.0_60.jdk/Contents/Home/jre/lib/libjawt.dylib
0x0000000000247000 	/System/Library/Frameworks/OpenGL.framework/Versions/A/Resources/GLEngine.bundle/GLEngine
0x0000000000247000 	/System/Library/Frameworks/OpenGL.framework/Versions/A/Libraries/libGLProgrammability.dylib
0x0000000122964000 	/System/Library/Extensions/AppleIntelBDWGraphicsGLDriver.bundle/Contents/MacOS/AppleIntelBDWGraphicsGLDriver
0x0000000000247000 	/System/Library/PrivateFrameworks/IOAccelerator.framework/Versions/A/IOAccelerator
0x0000000000247000 	/System/Library/PrivateFrameworks/GPUSupport.framework/Versions/A/Libraries/libGPUSupportMercury.dylib
0x0000000000247000 	/System/Library/Frameworks/OpenGL.framework/Versions/A/Resources/GLRendererFloat.bundle/GLRendererFloat
0x00000001248cf000 	/Library/Java/JavaVirtualMachines/jdk1.8.0_60.jdk/Contents/Home/jre/lib/libnet.dylib
0x0000000124ac9000 	/Library/Java/JavaVirtualMachines/jdk1.8.0_60.jdk/Contents/Home/jre/lib/libnio.dylib
0x0000000000247000 	/System/Library/Frameworks/ApplicationServices.framework/Versions/A/Frameworks/ATS.framework/Versions/A/Resources/libTrueTypeScaler.dylib
0x0000000170771000 	/Library/Java/JavaVirtualMachines/jdk1.8.0_60.jdk/Contents/Home/jre/lib/libt2k.dylib
0x00000001717bf000 	/Users/Vincent/Documents/workspace/Dead's Mirror Slick/lib/native/macosx/openal.dylib
0x000000017182e000 	/System/Library/Components/CoreAudio.component/Contents/MacOS/CoreAudio
0x000000012306e000 	/System/Library/Extensions/AppleHDA.kext/Contents/PlugIns/AppleHDAHALPlugIn.bundle/Contents/MacOS/AppleHDAHALPlugIn

VM Arguments:
jvm_args: -Djava.library.path=/Users/Vincent/Documents/workspace/Dead's Mirror Slick/lib/native/macosx -Dfile.encoding=UTF-8 
java_command: Principal.StateGame
java_class_path (initial): /Users/Vincent/Documents/workspace/Dead's Mirror Slick/bin:/Users/Vincent/Documents/workspace/Dead's Mirror Slick/lib/jar/lwjgl.jar:/Users/Vincent/Documents/workspace/Dead's Mirror Slick/lib/jar/slick.jar:/Users/Vincent/Documents/workspace/Dead's Mirror Slick/lib/jar/lwjgl_util.jar:/Users/Vincent/Documents/workspace/Dead's Mirror Slick/lib/jar/slick-util.jar:/Users/Vincent/Documents/workspace/Dead's Mirror Slick/lib/jar/jogg-0.0.7.jar:/Users/Vincent/Documents/workspace/Dead's Mirror Slick/lib/jar/jorbis-0.0.15.jar
Launcher Type: SUN_STANDARD

Environment Variables:
PATH=/usr/bin:/bin:/usr/sbin:/sbin
SHELL=/bin/bash

Signal Handlers:
SIGSEGV: [libjvm.dylib+0x5a6d31], sa_mask[0]=11111111011111110111111111111111, sa_flags=SA_ONSTACK|SA_RESTART|SA_SIGINFO
SIGBUS: [libjvm.dylib+0x5a6d31], sa_mask[0]=11111111011111110111111111111111, sa_flags=SA_RESTART|SA_SIGINFO
SIGFPE: [libjvm.dylib+0x480a4c], sa_mask[0]=11111111011111110111111111111111, sa_flags=SA_RESTART|SA_SIGINFO
SIGPIPE: [libjvm.dylib+0x480a4c], sa_mask[0]=11111111011111110111111111111111, sa_flags=SA_RESTART|SA_SIGINFO
SIGXFSZ: [libjvm.dylib+0x480a4c], sa_mask[0]=11111111011111110111111111111111, sa_flags=SA_RESTART|SA_SIGINFO
SIGILL: [libjvm.dylib+0x480a4c], sa_mask[0]=11111111011111110111111111111111, sa_flags=SA_RESTART|SA_SIGINFO
SIGUSR1: SIG_DFL, sa_mask[0]=00000000000000000000000000000000, sa_flags=none
SIGUSR2: [libjvm.dylib+0x48056a], sa_mask[0]=00100000000000000000000000000000, sa_flags=SA_RESTART|SA_SIGINFO
SIGHUP: [libjvm.dylib+0x47eb41], sa_mask[0]=11111111011111110111111111111111, sa_flags=SA_RESTART|SA_SIGINFO
SIGINT: [libjvm.dylib+0x47eb41], sa_mask[0]=11111111011111110111111111111111, sa_flags=SA_RESTART|SA_SIGINFO
SIGTERM: [libjvm.dylib+0x47eb41], sa_mask[0]=11111111011111110111111111111111, sa_flags=SA_RESTART|SA_SIGINFO
SIGQUIT: [libjvm.dylib+0x47eb41], sa_mask[0]=11111111011111110111111111111111, sa_flags=SA_RESTART|SA_SIGINFO


---------------  S Y S T E M  ---------------

OS:Bsduname:Darwin 14.5.0 Darwin Kernel Version 14.5.0: Wed Jul 29 02:26:53 PDT 2015; root:xnu-2782.40.9~1/RELEASE_X86_64 x86_64
rlimit: STACK 8192k, CORE 0k, NPROC 709, NOFILE 10240, AS infinity
load average:2.80 3.02 2.97

CPU:total 4 (2 cores per cpu, 2 threads per core) family 6 model 61 stepping 4, cmov, cx8, fxsr, mmx, sse, sse2, sse3, ssse3, sse4.1, sse4.2, popcnt, avx, avx2, aes, clmul, erms, 3dnowpref, lzcnt, ht, tsc, tscinvbit, bmi1, bmi2, adx

Memory: 4k page, physical 8388608k(195508k free)

/proc/meminfo:


vm_info: Java HotSpot(TM) 64-Bit Server VM (25.60-b23) for bsd-amd64 JRE (1.8.0_60-b27), built on Aug  4 2015 10:47:24 by "java_re" with gcc 4.2.1 (Based on Apple Inc. build 5658) (LLVM build 2336.11.00)

time: Thu Jan 14 00:38:16 2016
elapsed time: 12 seconds (0d 0h 0m 12s)

