#
# A fatal error has been detected by the Java Runtime Environment:
#
#  SIGSEGV (0xb) at pc=0x00007fff8e7c00dd, pid=556, tid=1811
#
# JRE version: Java(TM) SE Runtime Environment (8.0_60-b27) (build 1.8.0_60-b27)
# Java VM: Java HotSpot(TM) 64-Bit Server VM (25.60-b23 mixed mode bsd-amd64 compressed oops)
# Problematic frame:
# C  [libobjc.A.dylib+0x10dd]  objc_msgSend+0x1d
#
# Failed to write core dump. Core dumps have been disabled. To enable core dumping, try "ulimit -c unlimited" before starting Java again
#
# If you would like to submit a bug report, please visit:
#   http://bugreport.java.com/bugreport/crash.jsp
# The crash happened outside the Java Virtual Machine in native code.
# See problematic frame for where to report the bug.
#

---------------  T H R E A D  ---------------

Current thread (0x00007fa0bd06b800):  JavaThread "AppKit Thread" daemon [_thread_in_native, id=1811, stack(0x00007fff5d243000,0x00007fff5da43000)]

siginfo: si_signo: 11 (SIGSEGV), si_code: 1 (SEGV_MAPERR), si_addr: 0x000007fa0bbd9010

Registers:
RAX=0x00007fa0bbd907f0, RBX=0x00007fff5da3e888, RCX=0x0000000000000000, RDX=0x00007fa0c047bf90
RSP=0x00007fff5da3e6a8, RBP=0x00007fff5da3e6b0, RSI=0x00007fff95ce941e, RDI=0x00007fa0bbd907f0
R8 =0x00007fff5da3e690, R9 =0x0000000000000062, R10=0x00007fff95ce941e, R11=0x000007fa0bbd8ff8
R12=0x00007fa0bbc210f0, R13=0x00000000000f4300, R14=0x00007fa0c03d55b0, R15=0x00007fff5da3e7e8
RIP=0x00007fff8e7c00dd, EFLAGS=0x0000000000010202, ERR=0x0000000000000004
  TRAPNO=0x000000000000000e

Top of Stack: (sp=0x00007fff5da3e6a8)
0x00007fff5da3e6a8:   00007fff8c5db45c 00007fff5da3ea10
0x00007fff5da3e6b8:   00007fff8c4cb634 00007fff5da3e73c
0x00007fff5da3e6c8:   00007fff5da3e740 00007fff5da3e744
0x00007fff5da3e6d8:   00007fff7ccfee00 ffffffffffffffff
0x00007fff5da3e6e8:   0000000000000930 00007fff7ccfee18
0x00007fff5da3e6f8:   00007fa0c03d55b0 0000000000000000
0x00007fff5da3e708:   00007fff5da3e7e0 0000000000000000
0x00007fff5da3e718:   00007fa0bbd93670 00007fff5da3e860
0x00007fff5da3e728:   0000000000000062 00000000000f4302
0x00007fff5da3e738:   00007fa0c047bf90 00007fa0bbd930a0
0x00007fff5da3e748:   00007fa0bbc210f0 0000000000000001
0x00007fff5da3e758:   00000000000f4300 00007fa0bbc210e0
0x00007fff5da3e768:   00007fff8f85fc05 00000001bc2095e0
0x00007fff5da3e778:   00007fff7ca530d0 0000000042000000
0x00007fff5da3e788:   00007fff8f866e63 00007fff7ccc9240
0x00007fff5da3e798:   00007fff5da3e868 0000000000000000
0x00007fff5da3e7a8:   00007fff7ca3a8c8 0000000000000000
0x00007fff5da3e7b8:   000000000000001c 0006630300000001
0x00007fff5da3e7c8:   00007fa0bbc21114 0000000000000000
0x00007fff5da3e7d8:   0000000000617a01 00007fa0bbd936f0
0x00007fff5da3e7e8:   00007fa0c03d55b0 0000000000000000
0x00007fff5da3e7f8:   00007fff95d22458 00007fff5da3e8a0
0x00007fff5da3e808:   00007fff95eff483 00007fff5da3e884
0x00007fff5da3e818:   0000000000617b01 00000000ffffffff
0x00007fff5da3e828:   00007fff7ca3a8c8 0000000000617b00
0x00007fff5da3e838:   00007fff00000000 00007fff5da3e930
0x00007fff5da3e848:   00007fff944f9770 00007fff7ca3a8e8
0x00007fff5da3e858:   00007fff95d22458 0000000000000051
0x00007fff5da3e868:   0000000000000000 00000000000f42e1
0x00007fff5da3e878:   0000000000000053 0000000000000000
0x00007fff5da3e888:   00000000000f4300 00007fff5da3e904
0x00007fff5da3e898:   0000000000618701 00000000ffffffff 

Instructions: (pc=0x00007fff8e7c00dd)
0x00007fff8e7c00bd:   00 00 00 48 85 ff 2e 74 7a 40 f6 c7 01 2e 75 7e
0x00007fff8e7c00cd:   49 bb f8 ff ff ff ff 7f 00 00 4c 23 1f 49 89 f2
0x00007fff8e7c00dd:   45 23 53 18 49 c1 e2 04 4d 03 53 10 49 3b 32 75
0x00007fff8e7c00ed:   04 41 ff 62 08 49 83 3a 00 74 6a 4d 3b 53 10 74 

Register to memory mapping:

RAX=0x00007fa0bbd907f0 is an unknown value
RBX=0x00007fff5da3e888 is pointing into the stack for thread: 0x00007fa0bd06b800
RCX=0x0000000000000000 is an unknown value
RDX=0x00007fa0c047bf90 is an unknown value
RSP=0x00007fff5da3e6a8 is pointing into the stack for thread: 0x00007fa0bd06b800
RBP=0x00007fff5da3e6b0 is pointing into the stack for thread: 0x00007fa0bd06b800
RSI=0x00007fff95ce941e: -[NSTitlebarContainerView transparent]+0x5e312 in /System/Library/Frameworks/AppKit.framework/Versions/C/AppKit at 0x00007fff952e8000
RDI=0x00007fa0bbd907f0 is an unknown value
R8 =0x00007fff5da3e690 is pointing into the stack for thread: 0x00007fa0bd06b800
R9 =0x0000000000000062 is an unknown value
R10=0x00007fff95ce941e: -[NSTitlebarContainerView transparent]+0x5e312 in /System/Library/Frameworks/AppKit.framework/Versions/C/AppKit at 0x00007fff952e8000
R11=0x000007fa0bbd8ff8 is an unknown value
R12=0x00007fa0bbc210f0 is an unknown value
R13=0x00000000000f4300 is an unknown value
R14=0x00007fa0c03d55b0 is an unknown value
R15=0x00007fff5da3e7e8 is pointing into the stack for thread: 0x00007fa0bd06b800


Stack: [0x00007fff5d243000,0x00007fff5da43000],  sp=0x00007fff5da3e6a8,  free space=8173k
Native frames: (J=compiled Java code, j=interpreted, Vv=VM code, C=native code)
C  [libobjc.A.dylib+0x10dd]  objc_msgSend+0x1d
C  [CoreFoundation+0x10634]  _CFXNotificationPost+0xc44
C  [Foundation+0x7aa1]  -[NSNotificationCenter postNotificationName:object:userInfo:]+0x42
C  [AppKit+0x439c2]  -[NSSurface _disposeSurface]+0x98
C  [AppKit+0x43426]  -[NSSurface setWindow:]+0x42
C  [AppKit+0x33910]  -[NSView _setWindow:]+0xa33
C  [AppKit+0x6af91]  -[NSView removeFromSuperview]+0x1c5
C  [AppKit+0x14bd99]  -[NSView removeFromSuperviewWithoutNeedingDisplay]+0x26
C  [liblwjgl.dylib+0xa205]  +[MacOSXKeyableWindow destroyWindow]+0xb5
C  [Foundation+0x92dd0]  __NSThreadPerformPerform+0x125
C  [CoreFoundation+0x80a01]  __CFRUNLOOP_IS_CALLING_OUT_TO_A_SOURCE0_PERFORM_FUNCTION__+0x11
C  [CoreFoundation+0x72b8d]  __CFRunLoopDoSources0+0x10d
C  [CoreFoundation+0x721bf]  __CFRunLoopRun+0x39f
C  [CoreFoundation+0x71bd8]  CFRunLoopRunSpecific+0x128
C  [HIToolbox+0x3256f]  RunCurrentEventLoopInMode+0xeb
C  [HIToolbox+0x322ea]  ReceiveNextEventCommon+0x1af
C  [HIToolbox+0x3212b]  _BlockUntilNextEventMatchingListInModeWithFilter+0x47
C  [AppKit+0x918ab]  _DPSNextEvent+0x3d2
C  [AppKit+0x90e58]  -[NSApplication nextEventMatchingMask:untilDate:inMode:dequeue:]+0x15a
C  [libosxapp.dylib+0x23aa]  -[NSApplicationAWT nextEventMatchingMask:untilDate:inMode:dequeue:]+0x7c
C  [AppKit+0x86af3]  -[NSApplication run]+0x252
C  [libosxapp.dylib+0x214d]  +[NSApplicationAWT runAWTLoopWithApp:]+0x9c
C  [libawt_lwawt.dylib+0x44517]  -[AWTStarter starter:]+0x389
C  [Foundation+0x92dd0]  __NSThreadPerformPerform+0x125
C  [CoreFoundation+0x80a01]  __CFRUNLOOP_IS_CALLING_OUT_TO_A_SOURCE0_PERFORM_FUNCTION__+0x11
C  [CoreFoundation+0x72b8d]  __CFRunLoopDoSources0+0x10d
C  [CoreFoundation+0x721bf]  __CFRunLoopRun+0x39f
C  [CoreFoundation+0x71bd8]  CFRunLoopRunSpecific+0x128
C  [java+0x6463]  CreateExecutionEnvironment+0x367
C  [java+0x21ac]  JLI_Launch+0x7a0
C  [java+0x84c0]  main+0x65
C  [java+0x1a04]  start+0x34
C  0x0000000000000006


---------------  P R O C E S S  ---------------

Java Threads: ( => current thread )
  0x00007fa0bda20000 JavaThread "AWT-Shutdown" [_thread_blocked, id=22055, stack(0x0000000174724000,0x0000000174824000)]
  0x00007fa0bcadb800 JavaThread "Java2D Disposer" daemon [_thread_blocked, id=50735, stack(0x0000000122140000,0x0000000122240000)]
  0x00007fa0bca80000 JavaThread "Java2D Queue Flusher" daemon [_thread_blocked, id=51207, stack(0x0000000121817000,0x0000000121917000)]
=>0x00007fa0bd06b800 JavaThread "AppKit Thread" daemon [_thread_in_native, id=1811, stack(0x00007fff5d243000,0x00007fff5da43000)]
  0x00007fa0bc804000 JavaThread "Service Thread" daemon [_thread_blocked, id=18179, stack(0x000000011b963000,0x000000011ba63000)]
  0x00007fa0bc03b800 JavaThread "C1 CompilerThread2" daemon [_thread_blocked, id=17667, stack(0x000000011b860000,0x000000011b960000)]
  0x00007fa0bc038000 JavaThread "C2 CompilerThread1" daemon [_thread_blocked, id=17155, stack(0x000000011b75d000,0x000000011b85d000)]
  0x00007fa0bd001000 JavaThread "C2 CompilerThread0" daemon [_thread_blocked, id=16643, stack(0x000000011b65a000,0x000000011b75a000)]
  0x00007fa0bd003000 JavaThread "Signal Dispatcher" daemon [_thread_blocked, id=13331, stack(0x000000011b557000,0x000000011b657000)]
  0x00007fa0bc033000 JavaThread "Finalizer" daemon [_thread_blocked, id=11523, stack(0x0000000119b33000,0x0000000119c33000)]
  0x00007fa0bc032000 JavaThread "Reference Handler" daemon [_thread_blocked, id=11011, stack(0x0000000119a30000,0x0000000119b30000)]
  0x00007fa0bc005800 JavaThread "main" [_thread_in_native, id=4867, stack(0x00000001022d4000,0x00000001023d4000)]

Other Threads:
  0x00007fa0bc02f800 VMThread [stack: 0x000000011992d000,0x0000000119a2d000] [id=10499]
  0x00007fa0bc863000 WatcherThread [stack: 0x000000011ba66000,0x000000011bb66000] [id=18691]

VM state:not at safepoint (normal execution)

VM Mutex/Monitor currently owned by a thread: None

Heap:
 PSYoungGen      total 133120K, used 66008K [0x0000000795580000, 0x00000007a0800000, 0x00000007c0000000)
  eden space 111104K, 52% used [0x0000000795580000,0x0000000798ed6390,0x000000079c200000)
  from space 22016K, 33% used [0x000000079c200000,0x000000079c920020,0x000000079d780000)
  to   space 20992K, 0% used [0x000000079f380000,0x000000079f380000,0x00000007a0800000)
 ParOldGen       total 211456K, used 35181K [0x0000000740000000, 0x000000074ce80000, 0x0000000795580000)
  object space 211456K, 16% used [0x0000000740000000,0x000000074225b7c8,0x000000074ce80000)
 Metaspace       used 12937K, capacity 13121K, committed 13440K, reserved 1060864K
  class space    used 1316K, capacity 1375K, committed 1408K, reserved 1048576K

Card table byte_map: [0x0000000112f7e000,0x000000011337f000] byte_map_base: 0x000000010f57e000

Marking Bits: (ParMarkBitMap*) 0x00000001034dee20
 Begin Bits: [0x0000000113a36000, 0x0000000115a36000)
 End Bits:   [0x0000000115a36000, 0x0000000117a36000)

Polling page: 0x00000001023e4000

CodeCache: size=245760Kb used=7700Kb max_used=7700Kb free=238059Kb
 bounds [0x0000000103bbe000, 0x000000010435e000, 0x0000000112bbe000]
 total_blobs=2438 nmethods=1866 adapters=485
 compilation: enabled

Compilation events (10 events):
Event: 39.871 Thread 0x00007fa0bc03b800 2037  s    3       org.lwjgl.opengl.EventQueue::putEvent (80 bytes)
Event: 39.871 Thread 0x00007fa0bc03b800 nmethod 2037 0x0000000103ff23d0 code [0x0000000103ff2620, 0x0000000103ff36e8]
Event: 40.164 Thread 0x00007fa0bc03b800 2038       3       org.newdawn.slick.state.StateBasedGame::isAcceptingInput (19 bytes)
Event: 40.164 Thread 0x00007fa0bc03b800 nmethod 2038 0x0000000103ff1dd0 code [0x0000000103ff1f60, 0x0000000103ff22c8]
Event: 40.288 Thread 0x00007fa0bc03b800 2039       3       org.lwjgl.BufferChecks::checkBuffer (16 bytes)
Event: 40.288 Thread 0x00007fa0bc03b800 nmethod 2039 0x0000000103ff14d0 code [0x0000000103ff1680, 0x0000000103ff1ba8]
Event: 40.376 Thread 0x00007fa0bc03b800 2040       3       sun.misc.FloatingDecimal$BinaryToASCIIBuffer::estimateDecExp (182 bytes)
Event: 40.376 Thread 0x00007fa0bc03b800 nmethod 2040 0x0000000103ff0d90 code [0x0000000103ff0f60, 0x0000000103ff1450]
Event: 40.464 Thread 0x00007fa0bc03b800 2041       3       java.util.concurrent.locks.ReentrantLock$Sync::nonfairTryAcquire (67 bytes)
Event: 40.465 Thread 0x00007fa0bc03b800 nmethod 2041 0x0000000104006490 code [0x0000000104006640, 0x0000000104006d68]

GC Heap History (10 events):
Event: 12.689 GC heap before
{Heap before GC invocations=15 (full 5):
 PSYoungGen      total 88576K, used 86627K [0x0000000795580000, 0x000000079d500000, 0x00000007c0000000)
  eden space 70656K, 98% used [0x0000000795580000,0x0000000799935080,0x0000000799a80000)
  from space 17920K, 96% used [0x0000000799a80000,0x000000079ab63c48,0x000000079ac00000)
  to   space 21504K, 0% used [0x000000079c000000,0x000000079c000000,0x000000079d500000)
 ParOldGen       total 158208K, used 73773K [0x0000000740000000, 0x0000000749a80000, 0x0000000795580000)
  object space 158208K, 46% used [0x0000000740000000,0x000000074480b570,0x0000000749a80000)
 Metaspace       used 10991K, capacity 11201K, committed 11520K, reserved 1058816K
  class space    used 1154K, capacity 1247K, committed 1280K, reserved 1048576K
Event: 12.691 GC heap after
Heap after GC invocations=15 (full 5):
 PSYoungGen      total 104960K, used 2992K [0x0000000795580000, 0x000000079d200000, 0x00000007c0000000)
  eden space 86528K, 0% used [0x0000000795580000,0x0000000795580000,0x000000079aa00000)
  from space 18432K, 16% used [0x000000079c000000,0x000000079c2ec360,0x000000079d200000)
  to   space 20480K, 0% used [0x000000079aa00000,0x000000079aa00000,0x000000079be00000)
 ParOldGen       total 158208K, used 73773K [0x0000000740000000, 0x0000000749a80000, 0x0000000795580000)
  object space 158208K, 46% used [0x0000000740000000,0x000000074480b570,0x0000000749a80000)
 Metaspace       used 10991K, capacity 11201K, committed 11520K, reserved 1058816K
  class space    used 1154K, capacity 1247K, committed 1280K, reserved 1048576K
}
Event: 13.268 GC heap before
{Heap before GC invocations=16 (full 5):
 PSYoungGen      total 104960K, used 78773K [0x0000000795580000, 0x000000079d200000, 0x00000007c0000000)
  eden space 86528K, 87% used [0x0000000795580000,0x0000000799f812b0,0x000000079aa00000)
  from space 18432K, 16% used [0x000000079c000000,0x000000079c2ec360,0x000000079d200000)
  to   space 20480K, 0% used [0x000000079aa00000,0x000000079aa00000,0x000000079be00000)
 ParOldGen       total 158208K, used 73773K [0x0000000740000000, 0x0000000749a80000, 0x0000000795580000)
  object space 158208K, 46% used [0x0000000740000000,0x000000074480b570,0x0000000749a80000)
 Metaspace       used 10991K, capacity 11201K, committed 11520K, reserved 1058816K
  class space    used 1154K, capacity 1247K, committed 1280K, reserved 1048576K
Event: 13.278 GC heap after
Heap after GC invocations=16 (full 5):
 PSYoungGen      total 107008K, used 17391K [0x0000000795580000, 0x000000079ee00000, 0x00000007c0000000)
  eden space 86528K, 0% used [0x0000000795580000,0x0000000795580000,0x000000079aa00000)
  from space 20480K, 84% used [0x000000079aa00000,0x000000079bafbe60,0x000000079be00000)
  to   space 23040K, 0% used [0x000000079d780000,0x000000079d780000,0x000000079ee00000)
 ParOldGen       total 158208K, used 73773K [0x0000000740000000, 0x0000000749a80000, 0x0000000795580000)
  object space 158208K, 46% used [0x0000000740000000,0x000000074480b570,0x0000000749a80000)
 Metaspace       used 10991K, capacity 11201K, committed 11520K, reserved 1058816K
  class space    used 1154K, capacity 1247K, committed 1280K, reserved 1048576K
}
Event: 13.605 GC heap before
{Heap before GC invocations=17 (full 5):
 PSYoungGen      total 107008K, used 89312K [0x0000000795580000, 0x000000079ee00000, 0x00000007c0000000)
  eden space 86528K, 83% used [0x0000000795580000,0x0000000799bbc430,0x000000079aa00000)
  from space 20480K, 84% used [0x000000079aa00000,0x000000079bafbe60,0x000000079be00000)
  to   space 23040K, 0% used [0x000000079d780000,0x000000079d780000,0x000000079ee00000)
 ParOldGen       total 158208K, used 73773K [0x0000000740000000, 0x0000000749a80000, 0x0000000795580000)
  object space 158208K, 46% used [0x0000000740000000,0x000000074480b570,0x0000000749a80000)
 Metaspace       used 10992K, capacity 11201K, committed 11520K, reserved 1058816K
  class space    used 1154K, capacity 1247K, committed 1280K, reserved 1048576K
Event: 13.611 GC heap after
Heap after GC invocations=17 (full 5):
 PSYoungGen      total 134144K, used 9164K [0x0000000795580000, 0x000000079ee80000, 0x00000007c0000000)
  eden space 111104K, 0% used [0x0000000795580000,0x0000000795580000,0x000000079c200000)
  from space 23040K, 39% used [0x000000079d780000,0x000000079e073340,0x000000079ee00000)
  to   space 22016K, 0% used [0x000000079c200000,0x000000079c200000,0x000000079d780000)
 ParOldGen       total 158208K, used 73773K [0x0000000740000000, 0x0000000749a80000, 0x0000000795580000)
  object space 158208K, 46% used [0x0000000740000000,0x000000074480b570,0x0000000749a80000)
 Metaspace       used 10992K, capacity 11201K, committed 11520K, reserved 1058816K
  class space    used 1154K, capacity 1247K, committed 1280K, reserved 1048576K
}
Event: 17.176 GC heap before
{Heap before GC invocations=18 (full 6):
 PSYoungGen      total 134144K, used 120268K [0x0000000795580000, 0x000000079ee80000, 0x00000007c0000000)
  eden space 111104K, 100% used [0x0000000795580000,0x000000079c200000,0x000000079c200000)
  from space 23040K, 39% used [0x000000079d780000,0x000000079e073340,0x000000079ee00000)
  to   space 22016K, 0% used [0x000000079c200000,0x000000079c200000,0x000000079d780000)
 ParOldGen       total 218624K, used 199267K [0x0000000740000000, 0x000000074d580000, 0x0000000795580000)
  object space 218624K, 91% used [0x0000000740000000,0x000000074c298d38,0x000000074d580000)
 Metaspace       used 12433K, capacity 12609K, committed 12928K, reserved 1060864K
  class space    used 1304K, capacity 1375K, committed 1408K, reserved 1048576K
Event: 17.239 GC heap after
Heap after GC invocations=18 (full 6):
 PSYoungGen      total 134144K, used 0K [0x0000000795580000, 0x000000079ee80000, 0x00000007c0000000)
  eden space 111104K, 0% used [0x0000000795580000,0x0000000795580000,0x000000079c200000)
  from space 23040K, 0% used [0x000000079d780000,0x000000079d780000,0x000000079ee00000)
  to   space 22016K, 0% used [0x000000079c200000,0x000000079c200000,0x000000079d780000)
 ParOldGen       total 211456K, used 35173K [0x0000000740000000, 0x000000074ce80000, 0x0000000795580000)
  object space 211456K, 16% used [0x0000000740000000,0x00000007422597c8,0x000000074ce80000)
 Metaspace       used 12433K, capacity 12609K, committed 12928K, reserved 1060864K
  class space    used 1304K, capacity 1375K, committed 1408K, reserved 1048576K
}
Event: 21.431 GC heap before
{Heap before GC invocations=19 (full 6):
 PSYoungGen      total 134144K, used 111104K [0x0000000795580000, 0x000000079ee80000, 0x00000007c0000000)
  eden space 111104K, 100% used [0x0000000795580000,0x000000079c200000,0x000000079c200000)
  from space 23040K, 0% used [0x000000079d780000,0x000000079d780000,0x000000079ee00000)
  to   space 22016K, 0% used [0x000000079c200000,0x000000079c200000,0x000000079d780000)
 ParOldGen       total 211456K, used 35173K [0x0000000740000000, 0x000000074ce80000, 0x0000000795580000)
  object space 211456K, 16% used [0x0000000740000000,0x00000007422597c8,0x000000074ce80000)
 Metaspace       used 12781K, capacity 12929K, committed 13184K, reserved 1060864K
  class space    used 1315K, capacity 1375K, committed 1408K, reserved 1048576K
Event: 21.438 GC heap after
Heap after GC invocations=19 (full 6):
 PSYoungGen      total 133120K, used 7296K [0x0000000795580000, 0x00000007a0800000, 0x00000007c0000000)
  eden space 111104K, 0% used [0x0000000795580000,0x0000000795580000,0x000000079c200000)
  from space 22016K, 33% used [0x000000079c200000,0x000000079c920020,0x000000079d780000)
  to   space 20992K, 0% used [0x000000079f380000,0x000000079f380000,0x00000007a0800000)
 ParOldGen       total 211456K, used 35181K [0x0000000740000000, 0x000000074ce80000, 0x0000000795580000)
  object space 211456K, 16% used [0x0000000740000000,0x000000074225b7c8,0x000000074ce80000)
 Metaspace       used 12781K, capacity 12929K, committed 13184K, reserved 1060864K
  class space    used 1315K, capacity 1375K, committed 1408K, reserved 1048576K
}

Deoptimization events (10 events):
Event: 17.634 Thread 0x00007fa0bc005800 Uncommon trap: reason=unstable_if action=reinterpret pc=0x00000001040482a0 method=org.newdawn.slick.openal.WaveData.convertAudioBytes([BZ)Ljava/nio/ByteBuffer; @ 48
Event: 17.764 Thread 0x00007fa0bc005800 Uncommon trap: reason=unstable_if action=reinterpret pc=0x00000001041442a4 method=java.nio.DirectByteBuffer.put([BII)Ljava/nio/ByteBuffer; @ 5
Event: 21.888 Thread 0x00007fa0bc005800 Uncommon trap: reason=unstable_if action=reinterpret pc=0x00000001042f3b0c method=org.newdawn.slick.Input.poll(II)V @ 209
Event: 23.771 Thread 0x00007fa0bc005800 Uncommon trap: reason=null_check action=make_not_entrant pc=0x0000000103d5cc00 method=org.newdawn.slick.AngelCodeFont.drawString(FFLjava/lang/String;Lorg/newdawn/slick/Color;II)V @ 54
Event: 23.771 Thread 0x00007fa0bc005800 Uncommon trap: reason=unstable_if action=reinterpret pc=0x0000000103d51b30 method=java.util.LinkedHashMap.afterNodeAccess(Ljava/util/HashMap$Node;)V @ 14
Event: 24.764 Thread 0x00007fa0bc005800 Uncommon trap: reason=unstable_if action=reinterpret pc=0x0000000103f9fb18 method=org.newdawn.slick.Input.poll(II)V @ 400
Event: 24.808 Thread 0x00007fa0bc005800 Uncommon trap: reason=unstable_if action=reinterpret pc=0x0000000103ce1158 method=java.util.LinkedHashMap.afterNodeAccess(Ljava/util/HashMap$Node;)V @ 41
Event: 27.388 Thread 0x00007fa0bc005800 Uncommon trap: reason=unstable_if action=reinterpret pc=0x0000000103e15cb0 method=java.lang.Math.min(FF)F @ 11
Event: 27.388 Thread 0x00007fa0bc005800 Uncommon trap: reason=unstable_if action=reinterpret pc=0x00000001042a06a8 method=java.lang.Math.min(FF)F @ 11
Event: 38.198 Thread 0x00007fa0bc005800 Uncommon trap: reason=unstable_if action=reinterpret pc=0x0000000103fd5dbc method=org.newdawn.slick.AngelCodeFont.drawString(FFLjava/lang/String;Lorg/newdawn/slick/Color;II)V @ 110

Internal exceptions (10 events):
Event: 0.338 Thread 0x00007fa0bc005800 Exception <a 'java/io/FileNotFoundException'> (0x0000000795a22ca0) thrown at [/Users/java_re/workspace/8-2-build-macosx-x86_64/jdk8u60/4407/hotspot/src/share/vm/prims/jni.cpp, line 709]
Event: 0.339 Thread 0x00007fa0bc005800 Exception <a 'java/io/FileNotFoundException'> (0x0000000795a237f0) thrown at [/Users/java_re/workspace/8-2-build-macosx-x86_64/jdk8u60/4407/hotspot/src/share/vm/prims/jni.cpp, line 709]
Event: 0.590 Thread 0x00007fa0bc005800 Exception <a 'java/lang/NoClassDefFoundError': net/java/games/input/ControllerEnvironment> (0x0000000795f1b5d8) thrown at [/Users/java_re/workspace/8-2-build-macosx-x86_64/jdk8u60/4407/hotspot/src/share/vm/classfile/systemDictionary.cpp, line 199]
Event: 3.358 Thread 0x00007fa0bc005800 Exception <a 'java/security/PrivilegedActionException'> (0x0000000796b6ce88) thrown at [/Users/java_re/workspace/8-2-build-macosx-x86_64/jdk8u60/4407/hotspot/src/share/vm/prims/jvm.cpp, line 1386]
Event: 3.358 Thread 0x00007fa0bc005800 Exception <a 'java/security/PrivilegedActionException'> (0x0000000796b6ea70) thrown at [/Users/java_re/workspace/8-2-build-macosx-x86_64/jdk8u60/4407/hotspot/src/share/vm/prims/jvm.cpp, line 1386]
Event: 3.358 Thread 0x00007fa0bc005800 Exception <a 'java/security/PrivilegedActionException'> (0x0000000796b6fb90) thrown at [/Users/java_re/workspace/8-2-build-macosx-x86_64/jdk8u60/4407/hotspot/src/share/vm/prims/jvm.cpp, line 1386]
Event: 3.359 Thread 0x00007fa0bc005800 Exception <a 'java/security/PrivilegedActionException'> (0x0000000796b74cb0) thrown at [/Users/java_re/workspace/8-2-build-macosx-x86_64/jdk8u60/4407/hotspot/src/share/vm/prims/jvm.cpp, line 1386]
Event: 3.359 Thread 0x00007fa0bc005800 Exception <a 'java/security/PrivilegedActionException'> (0x0000000796b75908) thrown at [/Users/java_re/workspace/8-2-build-macosx-x86_64/jdk8u60/4407/hotspot/src/share/vm/prims/jvm.cpp, line 1386]
Event: 3.359 Thread 0x00007fa0bc005800 Exception <a 'java/security/PrivilegedActionException'> (0x0000000796b76530) thrown at [/Users/java_re/workspace/8-2-build-macosx-x86_64/jdk8u60/4407/hotspot/src/share/vm/prims/jvm.cpp, line 1386]
Event: 23.771 Thread 0x00007fa0bc005800 Implicit null exception at 0x0000000103d5c72e to 0x0000000103d5cbc6

Events (10 events):
Event: 27.591 Thread 0x00007fa0bda20000 Thread added: 0x00007fa0bda20000
Event: 28.361 loading class java/lang/Math$RandomNumberGeneratorHolder
Event: 28.361 loading class java/lang/Math$RandomNumberGeneratorHolder done
Event: 29.543 Thread 0x00007fa0bc005800 DEOPT PACKING pc=0x00000001040287cd sp=0x00000001023d3370
Event: 29.543 Thread 0x00007fa0bc005800 DEOPT UNPACKING pc=0x0000000103c05633 sp=0x00000001023d3118 mode 0
Event: 38.198 Thread 0x00007fa0bc005800 Uncommon trap: trap_request=0xffffff65 fr.pc=0x0000000103fd5dbc
Event: 38.198 Thread 0x00007fa0bc005800 DEOPT PACKING pc=0x0000000103fd5dbc sp=0x00000001023d32c0
Event: 38.198 Thread 0x00007fa0bc005800 DEOPT UNPACKING pc=0x0000000103bc3229 sp=0x00000001023d3220 mode 2
Event: 40.947 loading class org/lwjgl/opengl/CallbackUtil
Event: 40.947 loading class org/lwjgl/opengl/CallbackUtil done


Dynamic libraries:
0x000000000c3f8000 	/System/Library/Frameworks/Cocoa.framework/Versions/A/Cocoa
0x000000000c3f8000 	/System/Library/Frameworks/Security.framework/Versions/A/Security
0x000000000c3f8000 	/System/Library/Frameworks/ApplicationServices.framework/Versions/A/ApplicationServices
0x000000000c3f8000 	/usr/lib/libz.1.dylib
0x000000000c3f8000 	/usr/lib/libSystem.B.dylib
0x000000000c3f8000 	/usr/lib/libobjc.A.dylib
0x000000000c3f8000 	/System/Library/Frameworks/CoreFoundation.framework/Versions/A/CoreFoundation
0x000000000c3f8000 	/System/Library/Frameworks/Foundation.framework/Versions/C/Foundation
0x000000000c3f8000 	/System/Library/Frameworks/AppKit.framework/Versions/C/AppKit
0x000000000c3f8000 	/System/Library/Frameworks/CoreData.framework/Versions/A/CoreData
0x000000000c3f8000 	/System/Library/PrivateFrameworks/RemoteViewServices.framework/Versions/A/RemoteViewServices
0x000000000c3f8000 	/System/Library/PrivateFrameworks/UIFoundation.framework/Versions/A/UIFoundation
0x000000000c3f8000 	/System/Library/Frameworks/IOSurface.framework/Versions/A/IOSurface
0x000000000c3f8000 	/System/Library/Frameworks/AudioToolbox.framework/Versions/A/AudioToolbox
0x000000000c3f8000 	/System/Library/Frameworks/AudioUnit.framework/Versions/A/AudioUnit
0x000000000c3f8000 	/System/Library/PrivateFrameworks/DataDetectorsCore.framework/Versions/A/DataDetectorsCore
0x000000000c3f8000 	/System/Library/PrivateFrameworks/DesktopServicesPriv.framework/Versions/A/DesktopServicesPriv
0x000000000c3f8000 	/System/Library/Frameworks/Carbon.framework/Versions/A/Frameworks/HIToolbox.framework/Versions/A/HIToolbox
0x000000000c3f8000 	/System/Library/Frameworks/QuartzCore.framework/Versions/A/QuartzCore
0x000000000c3f8000 	/System/Library/Frameworks/Carbon.framework/Versions/A/Frameworks/SpeechRecognition.framework/Versions/A/SpeechRecognition
0x000000000c3f8000 	/usr/lib/libauto.dylib
0x000000000c3f8000 	/usr/lib/libicucore.A.dylib
0x000000000c3f8000 	/usr/lib/libxml2.2.dylib
0x000000000c3f8000 	/System/Library/PrivateFrameworks/CoreUI.framework/Versions/A/CoreUI
0x000000000c3f8000 	/System/Library/Frameworks/CoreAudio.framework/Versions/A/CoreAudio
0x000000000c3f8000 	/System/Library/Frameworks/DiskArbitration.framework/Versions/A/DiskArbitration
0x000000000c3f8000 	/usr/lib/liblangid.dylib
0x000000000c3f8000 	/System/Library/PrivateFrameworks/MultitouchSupport.framework/Versions/A/MultitouchSupport
0x000000000c3f8000 	/System/Library/Frameworks/IOKit.framework/Versions/A/IOKit
0x000000000c3f8000 	/usr/lib/libDiagnosticMessagesClient.dylib
0x000000000c3f8000 	/System/Library/Frameworks/CoreServices.framework/Versions/A/CoreServices
0x000000000c3f8000 	/System/Library/PrivateFrameworks/PerformanceAnalysis.framework/Versions/A/PerformanceAnalysis
0x000000000c3f8000 	/System/Library/PrivateFrameworks/GenerationalStorage.framework/Versions/A/GenerationalStorage
0x000000000c3f8000 	/System/Library/Frameworks/OpenGL.framework/Versions/A/OpenGL
0x000000000c3f8000 	/System/Library/PrivateFrameworks/Sharing.framework/Versions/A/Sharing
0x000000000c3f8000 	/System/Library/Frameworks/CoreGraphics.framework/Versions/A/CoreGraphics
0x000000000c3f8000 	/System/Library/Frameworks/CoreText.framework/Versions/A/CoreText
0x000000000c3f8000 	/System/Library/Frameworks/ImageIO.framework/Versions/A/ImageIO
0x000000000c3f8000 	/usr/lib/libextension.dylib
0x000000000c3f8000 	/System/Library/PrivateFrameworks/Backup.framework/Versions/A/Backup
0x000000000c3f8000 	/usr/lib/libarchive.2.dylib
0x000000000c3f8000 	/System/Library/Frameworks/CFNetwork.framework/Versions/A/CFNetwork
0x000000000c3f8000 	/System/Library/Frameworks/SystemConfiguration.framework/Versions/A/SystemConfiguration
0x000000000c3f8000 	/usr/lib/libCRFSuite.dylib
0x000000000c3f8000 	/usr/lib/libc++.1.dylib
0x000000000c3f8000 	/usr/lib/libc++abi.dylib
0x000000000c3f8000 	/usr/lib/system/libcache.dylib
0x000000000c3f8000 	/usr/lib/system/libcommonCrypto.dylib
0x000000000c3f8000 	/usr/lib/system/libcompiler_rt.dylib
0x000000000c3f8000 	/usr/lib/system/libcopyfile.dylib
0x000000000c3f8000 	/usr/lib/system/libcorecrypto.dylib
0x000000000c3f8000 	/usr/lib/system/libdispatch.dylib
0x000000000c3f8000 	/usr/lib/system/libdyld.dylib
0x000000000c3f8000 	/usr/lib/system/libkeymgr.dylib
0x000000000c3f8000 	/usr/lib/system/liblaunch.dylib
0x000000000c3f8000 	/usr/lib/system/libmacho.dylib
0x000000000c3f8000 	/usr/lib/system/libquarantine.dylib
0x000000000c3f8000 	/usr/lib/system/libremovefile.dylib
0x000000000c3f8000 	/usr/lib/system/libsystem_asl.dylib
0x000000000c3f8000 	/usr/lib/system/libsystem_blocks.dylib
0x000000000c3f8000 	/usr/lib/system/libsystem_c.dylib
0x000000000c3f8000 	/usr/lib/system/libsystem_configuration.dylib
0x000000000c3f8000 	/usr/lib/system/libsystem_coreservices.dylib
0x000000000c3f8000 	/usr/lib/system/libsystem_coretls.dylib
0x000000000c3f8000 	/usr/lib/system/libsystem_dnssd.dylib
0x000000000c3f8000 	/usr/lib/system/libsystem_info.dylib
0x000000000c3f8000 	/usr/lib/system/libsystem_kernel.dylib
0x000000000c3f8000 	/usr/lib/system/libsystem_m.dylib
0x000000000c3f8000 	/usr/lib/system/libsystem_malloc.dylib
0x000000000c3f8000 	/usr/lib/system/libsystem_network.dylib
0x000000000c3f8000 	/usr/lib/system/libsystem_networkextension.dylib
0x000000000c3f8000 	/usr/lib/system/libsystem_notify.dylib
0x000000000c3f8000 	/usr/lib/system/libsystem_platform.dylib
0x000000000c3f8000 	/usr/lib/system/libsystem_pthread.dylib
0x000000000c3f8000 	/usr/lib/system/libsystem_sandbox.dylib
0x000000000c3f8000 	/usr/lib/system/libsystem_secinit.dylib
0x000000000c3f8000 	/usr/lib/system/libsystem_stats.dylib
0x000000000c3f8000 	/usr/lib/system/libsystem_trace.dylib
0x000000000c3f8000 	/usr/lib/system/libunc.dylib
0x000000000c3f8000 	/usr/lib/system/libunwind.dylib
0x000000000c3f8000 	/usr/lib/system/libxpc.dylib
0x000000000c3f8000 	/usr/lib/libbz2.1.0.dylib
0x000000000c3f8000 	/usr/lib/liblzma.5.dylib
0x000000000c3f8000 	/usr/lib/libbsm.0.dylib
0x000000000c3f8000 	/usr/lib/libsqlite3.dylib
0x000000000c3f8000 	/usr/lib/system/libkxld.dylib
0x000000000c3f8000 	/usr/lib/libxar.1.dylib
0x000000000c3f8000 	/usr/lib/libpam.2.dylib
0x000000000c3f8000 	/usr/lib/libOpenScriptingUtil.dylib
0x000000000c3f8000 	/System/Library/Frameworks/CoreServices.framework/Versions/A/Frameworks/FSEvents.framework/Versions/A/FSEvents
0x000000000c3f8000 	/System/Library/Frameworks/CoreServices.framework/Versions/A/Frameworks/CarbonCore.framework/Versions/A/CarbonCore
0x000000000c3f8000 	/System/Library/Frameworks/CoreServices.framework/Versions/A/Frameworks/Metadata.framework/Versions/A/Metadata
0x000000000c3f8000 	/System/Library/Frameworks/CoreServices.framework/Versions/A/Frameworks/OSServices.framework/Versions/A/OSServices
0x000000000c3f8000 	/System/Library/Frameworks/CoreServices.framework/Versions/A/Frameworks/SearchKit.framework/Versions/A/SearchKit
0x000000000c3f8000 	/System/Library/Frameworks/CoreServices.framework/Versions/A/Frameworks/AE.framework/Versions/A/AE
0x000000000c3f8000 	/System/Library/Frameworks/CoreServices.framework/Versions/A/Frameworks/LaunchServices.framework/Versions/A/LaunchServices
0x000000000c3f8000 	/System/Library/Frameworks/CoreServices.framework/Versions/A/Frameworks/DictionaryServices.framework/Versions/A/DictionaryServices
0x000000000c3f8000 	/System/Library/Frameworks/NetFS.framework/Versions/A/NetFS
0x000000000c3f8000 	/System/Library/PrivateFrameworks/NetAuth.framework/Versions/A/NetAuth
0x000000000c3f8000 	/System/Library/PrivateFrameworks/login.framework/Versions/A/Frameworks/loginsupport.framework/Versions/A/loginsupport
0x000000000c3f8000 	/System/Library/PrivateFrameworks/TCC.framework/Versions/A/TCC
0x000000000c3f8000 	/usr/lib/libmecabra.dylib
0x000000000c3f8000 	/System/Library/Frameworks/ApplicationServices.framework/Versions/A/Frameworks/ATS.framework/Versions/A/ATS
0x000000000c3f8000 	/System/Library/Frameworks/ApplicationServices.framework/Versions/A/Frameworks/ColorSync.framework/Versions/A/ColorSync
0x000000000c3f8000 	/System/Library/Frameworks/ApplicationServices.framework/Versions/A/Frameworks/HIServices.framework/Versions/A/HIServices
0x000000000c3f8000 	/System/Library/Frameworks/ApplicationServices.framework/Versions/A/Frameworks/LangAnalysis.framework/Versions/A/LangAnalysis
0x000000000c3f8000 	/System/Library/Frameworks/ApplicationServices.framework/Versions/A/Frameworks/PrintCore.framework/Versions/A/PrintCore
0x000000000c3f8000 	/System/Library/Frameworks/ApplicationServices.framework/Versions/A/Frameworks/QD.framework/Versions/A/QD
0x000000000c3f8000 	/System/Library/Frameworks/ApplicationServices.framework/Versions/A/Frameworks/SpeechSynthesis.framework/Versions/A/SpeechSynthesis
0x000000000c3f8000 	/System/Library/Frameworks/Accelerate.framework/Versions/A/Accelerate
0x000000000c3f8000 	/System/Library/Frameworks/Accelerate.framework/Versions/A/Frameworks/vImage.framework/Versions/A/vImage
0x000000000c3f8000 	/System/Library/Frameworks/Accelerate.framework/Versions/A/Frameworks/vecLib.framework/Versions/A/vecLib
0x000000000c3f8000 	/System/Library/Frameworks/Accelerate.framework/Versions/A/Frameworks/vecLib.framework/Versions/A/libvDSP.dylib
0x000000000c3f8000 	/System/Library/Frameworks/Accelerate.framework/Versions/A/Frameworks/vecLib.framework/Versions/A/libvMisc.dylib
0x000000000c3f8000 	/System/Library/Frameworks/Accelerate.framework/Versions/A/Frameworks/vecLib.framework/Versions/A/libLAPACK.dylib
0x000000000c3f8000 	/System/Library/Frameworks/Accelerate.framework/Versions/A/Frameworks/vecLib.framework/Versions/A/libBLAS.dylib
0x000000000c3f8000 	/System/Library/Frameworks/Accelerate.framework/Versions/A/Frameworks/vecLib.framework/Versions/A/libLinearAlgebra.dylib
0x000000000c3f8000 	/System/Library/Frameworks/ApplicationServices.framework/Versions/A/Frameworks/ATS.framework/Versions/A/Resources/libFontParser.dylib
0x000000000c3f8000 	/System/Library/Frameworks/ApplicationServices.framework/Versions/A/Frameworks/ATS.framework/Versions/A/Resources/libFontRegistry.dylib
0x000000000c3f8000 	/System/Library/PrivateFrameworks/AppleVPA.framework/Versions/A/AppleVPA
0x000000000c3f8000 	/System/Library/PrivateFrameworks/AppleJPEG.framework/Versions/A/AppleJPEG
0x000000000c3f8000 	/System/Library/Frameworks/ImageIO.framework/Versions/A/Resources/libJPEG.dylib
0x000000000c3f8000 	/System/Library/Frameworks/ImageIO.framework/Versions/A/Resources/libTIFF.dylib
0x000000000c3f8000 	/System/Library/Frameworks/ImageIO.framework/Versions/A/Resources/libPng.dylib
0x000000000c3f8000 	/System/Library/Frameworks/ImageIO.framework/Versions/A/Resources/libGIF.dylib
0x000000000c3f8000 	/System/Library/Frameworks/ImageIO.framework/Versions/A/Resources/libJP2.dylib
0x000000000c3f8000 	/System/Library/Frameworks/ImageIO.framework/Versions/A/Resources/libRadiance.dylib
0x000000000c3f8000 	/System/Library/Frameworks/CoreVideo.framework/Versions/A/CoreVideo
0x000000000c3f8000 	/System/Library/Frameworks/OpenGL.framework/Versions/A/Libraries/libGLU.dylib
0x000000000c3f8000 	/System/Library/Frameworks/OpenGL.framework/Versions/A/Libraries/libGFXShared.dylib
0x000000000c3f8000 	/System/Library/Frameworks/OpenGL.framework/Versions/A/Libraries/libGL.dylib
0x000000000c3f8000 	/System/Library/Frameworks/OpenGL.framework/Versions/A/Libraries/libGLImage.dylib
0x000000000c3f8000 	/System/Library/Frameworks/OpenGL.framework/Versions/A/Libraries/libCVMSPluginSupport.dylib
0x000000000c3f8000 	/System/Library/Frameworks/OpenGL.framework/Versions/A/Libraries/libCoreVMClient.dylib
0x000000000c3f8000 	/usr/lib/libcups.2.dylib
0x000000000c3f8000 	/System/Library/Frameworks/Kerberos.framework/Versions/A/Kerberos
0x000000000c3f8000 	/System/Library/Frameworks/GSS.framework/Versions/A/GSS
0x000000000c3f8000 	/usr/lib/libresolv.9.dylib
0x000000000c3f8000 	/usr/lib/libiconv.2.dylib
0x000000000c3f8000 	/System/Library/PrivateFrameworks/Heimdal.framework/Versions/A/Heimdal
0x000000000c3f8000 	/usr/lib/libheimdal-asn1.dylib
0x000000000c3f8000 	/System/Library/Frameworks/OpenDirectory.framework/Versions/A/OpenDirectory
0x000000000c3f8000 	/System/Library/PrivateFrameworks/CommonAuth.framework/Versions/A/CommonAuth
0x000000000c3f8000 	/System/Library/Frameworks/OpenDirectory.framework/Versions/A/Frameworks/CFOpenDirectory.framework/Versions/A/CFOpenDirectory
0x000000000c3f8000 	/System/Library/Frameworks/SecurityFoundation.framework/Versions/A/SecurityFoundation
0x000000000c3f8000 	/System/Library/PrivateFrameworks/LanguageModeling.framework/Versions/A/LanguageModeling
0x000000000c3f8000 	/usr/lib/libcmph.dylib
0x000000000c3f8000 	/System/Library/Frameworks/ServiceManagement.framework/Versions/A/ServiceManagement
0x000000000c3f8000 	/usr/lib/libxslt.1.dylib
0x000000000c3f8000 	/System/Library/Frameworks/Carbon.framework/Versions/A/Frameworks/Ink.framework/Versions/A/Ink
0x000000000c3f8000 	/System/Library/Frameworks/QuartzCore.framework/Versions/A/Frameworks/CoreImage.framework/Versions/A/CoreImage
0x000000000c3f8000 	/System/Library/PrivateFrameworks/CrashReporterSupport.framework/Versions/A/CrashReporterSupport
0x000000000c3f8000 	/System/Library/Frameworks/OpenCL.framework/Versions/A/OpenCL
0x000000000c3f8000 	/System/Library/PrivateFrameworks/FaceCore.framework/Versions/A/FaceCore
0x000000000c3f8000 	/System/Library/PrivateFrameworks/DesktopServicesPriv.framework/Versions/A_/DesktopServicesPriv
0x000000000c3f8000 	/System/Library/PrivateFrameworks/Ubiquity.framework/Versions/A/Ubiquity
0x000000000c3f8000 	/System/Library/PrivateFrameworks/IconServices.framework/Versions/A/IconServices
0x000000000c3f8000 	/System/Library/PrivateFrameworks/ChunkingLibrary.framework/Versions/A/ChunkingLibrary
0x000000000c3f8000 	/System/Library/PrivateFrameworks/Apple80211.framework/Versions/A/Apple80211
0x000000000c3f8000 	/System/Library/Frameworks/CoreWLAN.framework/Versions/A/CoreWLAN
0x000000000c3f8000 	/System/Library/Frameworks/IOBluetooth.framework/Versions/A/IOBluetooth
0x000000000c3f8000 	/System/Library/PrivateFrameworks/CoreWiFi.framework/Versions/A/CoreWiFi
0x000000000c3f8000 	/System/Library/Frameworks/CoreBluetooth.framework/Versions/A/CoreBluetooth
0x000000000c3f8000 	/System/Library/PrivateFrameworks/DebugSymbols.framework/Versions/A/DebugSymbols
0x000000000c3f8000 	/System/Library/PrivateFrameworks/CoreSymbolication.framework/Versions/A/CoreSymbolication
0x000000000c3f8000 	/System/Library/PrivateFrameworks/Symbolication.framework/Versions/A/Symbolication
0x000000000c3f8000 	/System/Library/PrivateFrameworks/SpeechRecognitionCore.framework/Versions/A/SpeechRecognitionCore
0x0000000102c00000 	/Library/Java/JavaVirtualMachines/jdk1.8.0_60.jdk/Contents/Home/jre/lib/server/libjvm.dylib
0x000000000c3f8000 	/usr/lib/libstdc++.6.dylib
0x00000001023d6000 	/Library/Java/JavaVirtualMachines/jdk1.8.0_60.jdk/Contents/Home/jre/lib/libverify.dylib
0x0000000103b89000 	/Library/Java/JavaVirtualMachines/jdk1.8.0_60.jdk/Contents/Home/jre/lib/libjava.dylib
0x00000001023ee000 	/Library/Java/JavaVirtualMachines/jdk1.8.0_60.jdk/Contents/Home/jre/lib/libzip.dylib
0x0000000119c35000 	/System/Library/Frameworks/JavaVM.framework/Frameworks/JavaRuntimeSupport.framework/JavaRuntimeSupport
0x0000000119c50000 	/System/Library/Frameworks/JavaVM.framework/Versions/A/Frameworks/JavaNativeFoundation.framework/Versions/A/JavaNativeFoundation
0x0000000119c65000 	/System/Library/Frameworks/JavaVM.framework/Versions/A/JavaVM
0x000000000c3f8000 	/System/Library/Frameworks/Carbon.framework/Versions/A/Carbon
0x0000000119c72000 	/System/Library/PrivateFrameworks/JavaLaunching.framework/Versions/A/JavaLaunching
0x000000000c3f8000 	/System/Library/Frameworks/Carbon.framework/Versions/A/Frameworks/CommonPanels.framework/Versions/A/CommonPanels
0x000000000c3f8000 	/System/Library/Frameworks/Carbon.framework/Versions/A/Frameworks/Help.framework/Versions/A/Help
0x000000000c3f8000 	/System/Library/Frameworks/Carbon.framework/Versions/A/Frameworks/ImageCapture.framework/Versions/A/ImageCapture
0x000000000c3f8000 	/System/Library/Frameworks/Carbon.framework/Versions/A/Frameworks/OpenScripting.framework/Versions/A/OpenScripting
0x000000000c3f8000 	/System/Library/Frameworks/Carbon.framework/Versions/A/Frameworks/Print.framework/Versions/A/Print
0x000000000c3f8000 	/System/Library/Frameworks/Carbon.framework/Versions/A/Frameworks/SecurityHI.framework/Versions/A/SecurityHI
0x000000011bbbb000 	/Library/Java/JavaVirtualMachines/jdk1.8.0_60.jdk/Contents/Home/jre/lib/libawt.dylib
0x000000011bc63000 	/Library/Java/JavaVirtualMachines/jdk1.8.0_60.jdk/Contents/Home/jre/lib/./libmlib_image.dylib
0x000000011bd2f000 	/Library/Java/JavaVirtualMachines/jdk1.8.0_60.jdk/Contents/Home/jre/lib/libawt_lwawt.dylib
0x000000011bde4000 	/Library/Java/JavaVirtualMachines/jdk1.8.0_60.jdk/Contents/Home/jre/lib/./libosxapp.dylib
0x000000000c3f8000 	/System/Library/Frameworks/ExceptionHandling.framework/Versions/A/ExceptionHandling
0x000000000c3f8000 	/System/Library/PrivateFrameworks/CoreServicesInternal.framework/Versions/A/CoreServicesInternal
0x000000000c3f8000 	/System/Library/PrivateFrameworks/CloudDocs.framework/Versions/A/CloudDocs
0x000000000c3f8000 	/System/Library/PrivateFrameworks/CoreDuet.framework/Versions/A/CoreDuet
0x000000000c3f8000 	/System/Library/Frameworks/CloudKit.framework/Versions/A/CloudKit
0x000000000c3f8000 	/System/Library/PrivateFrameworks/ProtocolBuffer.framework/Versions/A/ProtocolBuffer
0x000000000c3f8000 	/System/Library/PrivateFrameworks/CoreDuetDaemonProtocol.framework/Versions/A/CoreDuetDaemonProtocol
0x000000000c3f8000 	/System/Library/PrivateFrameworks/CoreDuetDebugLogging.framework/Versions/A/CoreDuetDebugLogging
0x000000000c3f8000 	/System/Library/PrivateFrameworks/MMCS.framework/Versions/A/MMCS
0x000000000c3f8000 	/System/Library/Frameworks/CoreLocation.framework/Versions/A/CoreLocation
0x000000000c3f8000 	/System/Library/PrivateFrameworks/ProtectedCloudStorage.framework/Versions/A/ProtectedCloudStorage
0x000000000c3f8000 	/System/Library/PrivateFrameworks/GeoServices.framework/Versions/A/GeoServices
0x000000000c3f8000 	/System/Library/Frameworks/CoreGraphics.framework/Versions/A/Resources/libCGCMS.A.dylib
0x000000000c3f8000 	/System/Library/Frameworks/CoreGraphics.framework/Versions/A/Resources/libRIP.A.dylib
0x000000000c3f8000 	/System/Library/Frameworks/CoreGraphics.framework/Versions/A/Resources/libCGXType.A.dylib
0x000000000c3f8000 	/System/Library/Frameworks/OpenCL.framework/Versions/A/Libraries/libcldcpuengine.dylib
0x000000000c3f8000 	/System/Library/PrivateFrameworks/DiskImages.framework/Versions/A/DiskImages
0x000000000c3f8000 	/System/Library/Frameworks/DiscRecording.framework/Versions/A/DiscRecording
0x000000000c3f8000 	/usr/lib/libcsfde.dylib
0x000000000c3f8000 	/usr/lib/libcurl.4.dylib
0x000000000c3f8000 	/System/Library/PrivateFrameworks/MediaKit.framework/Versions/A/MediaKit
0x000000000c3f8000 	/usr/lib/libCoreStorage.dylib
0x000000000c3f8000 	/System/Library/PrivateFrameworks/EFILogin.framework/Versions/A/EFILogin
0x000000000c3f8000 	/usr/lib/libutil.dylib
0x000000000c3f8000 	/System/Library/PrivateFrameworks/FindMyDevice.framework/Versions/A/FindMyDevice
0x000000000c3f8000 	/System/Library/Frameworks/LDAP.framework/Versions/A/LDAP
0x000000000c3f8000 	/usr/lib/libsasl2.2.dylib
0x000000000c3f8000 	/System/Library/PrivateFrameworks/CoreDaemon.framework/Versions/B/CoreDaemon
0x000000000c3f8000 	/usr/lib/libcrypto.0.9.8.dylib
0x000000000c3f8000 	/System/Library/PrivateFrameworks/AppleSRP.framework/Versions/A/AppleSRP
0x000000000c3f8000 	/System/Library/PrivateFrameworks/TrustEvaluationAgent.framework/Versions/A/TrustEvaluationAgent
0x000000011f01b000 	cl_kernels
0x000000011f01d000 	/System/Library/Frameworks/OpenCL.framework/Versions/A/Libraries/ImageFormats/unorm8_bgra.dylib
0x000000011f00d000 	cl_kernels
0x000000000c3f8000 	/System/Library/PrivateFrameworks/FamilyControls.framework/Versions/A/FamilyControls
0x000000000c3f8000 	/System/Library/PrivateFrameworks/CommerceKit.framework/Versions/A/Frameworks/CommerceCore.framework/Versions/A/CommerceCore
0x000000000c3f8000 	/System/Library/PrivateFrameworks/SystemAdministration.framework/Versions/A/SystemAdministration
0x000000000c3f8000 	/System/Library/PrivateFrameworks/AppContainer.framework/Versions/A/AppContainer
0x000000000c3f8000 	/System/Library/PrivateFrameworks/SecCodeWrapper.framework/Versions/A/SecCodeWrapper
0x000000000c3f8000 	/System/Library/Frameworks/DirectoryService.framework/Versions/A/DirectoryService
0x000000000c3f8000 	/System/Library/PrivateFrameworks/LoginUIKit.framework/Versions/A/Frameworks/LoginUICore.framework/Versions/A/LoginUICore
0x000000000c3f8000 	/usr/lib/libodfde.dylib
0x00000001202a1000 	/Library/Java/JavaVirtualMachines/jdk1.8.0_60.jdk/Contents/Home/jre/lib/libfontmanager.dylib
0x0000000120308000 	/Users/Vincent/Documents/workspace/Dead's Mirror Slick/lib/native/macosx/liblwjgl.dylib
0x000000011e498000 	/Library/Java/JavaVirtualMachines/jdk1.8.0_60.jdk/Contents/Home/jre/lib/libjawt.dylib
0x000000000c3f8000 	/System/Library/Frameworks/OpenGL.framework/Versions/A/Resources/GLEngine.bundle/GLEngine
0x000000000c3f8000 	/System/Library/Frameworks/OpenGL.framework/Versions/A/Libraries/libGLProgrammability.dylib
0x000000012038a000 	/System/Library/Extensions/AppleIntelBDWGraphicsGLDriver.bundle/Contents/MacOS/AppleIntelBDWGraphicsGLDriver
0x000000000c3f8000 	/System/Library/PrivateFrameworks/IOAccelerator.framework/Versions/A/IOAccelerator
0x000000000c3f8000 	/System/Library/PrivateFrameworks/GPUSupport.framework/Versions/A/Libraries/libGPUSupportMercury.dylib
0x000000000c3f8000 	/System/Library/Frameworks/OpenGL.framework/Versions/A/Resources/GLRendererFloat.bundle/GLRendererFloat
0x00000001222f5000 	/Library/Java/JavaVirtualMachines/jdk1.8.0_60.jdk/Contents/Home/jre/lib/libnet.dylib
0x00000001224ef000 	/Library/Java/JavaVirtualMachines/jdk1.8.0_60.jdk/Contents/Home/jre/lib/libnio.dylib
0x000000000c3f8000 	/System/Library/Frameworks/ApplicationServices.framework/Versions/A/Frameworks/ATS.framework/Versions/A/Resources/libTrueTypeScaler.dylib
0x000000016e268000 	/Library/Java/JavaVirtualMachines/jdk1.8.0_60.jdk/Contents/Home/jre/lib/libt2k.dylib
0x000000016dd4a000 	/Library/Java/JavaVirtualMachines/jdk1.8.0_60.jdk/Contents/Home/jre/lib/libjpeg.dylib
0x000000016e735000 	/Users/Vincent/Documents/workspace/Dead's Mirror Slick/lib/native/macosx/openal.dylib
0x000000016e791000 	/System/Library/Components/CoreAudio.component/Contents/MacOS/CoreAudio
0x0000000120a94000 	/System/Library/Extensions/AppleHDA.kext/Contents/PlugIns/AppleHDAHALPlugIn.bundle/Contents/MacOS/AppleHDAHALPlugIn

VM Arguments:
jvm_args: -Djava.library.path=/Users/Vincent/Documents/workspace/Dead's Mirror Slick/lib/native/macosx -Dfile.encoding=UTF-8 
java_command: Principal.StateGame
java_class_path (initial): /Users/Vincent/Documents/workspace/Dead's Mirror Slick/bin:/Users/Vincent/Documents/workspace/Dead's Mirror Slick/lib/jar/lwjgl.jar:/Users/Vincent/Documents/workspace/Dead's Mirror Slick/lib/jar/slick.jar:/Users/Vincent/Documents/workspace/Dead's Mirror Slick/lib/jar/jogg-0.0.7.jar:/Users/Vincent/Documents/workspace/Dead's Mirror Slick/lib/jar/jorbis-0.0.15.jar:/Users/Vincent/Documents/workspace/Dead's Mirror Slick/lib/jar/lwjgl_util.jar:/Users/Vincent/Documents/workspace/Dead's Mirror Slick/lib/jar/slick-util.jar:/Users/Vincent/Documents/workspace/Dead's Mirror Slick/lib/jar/SlickUtils-1.3.jar
Launcher Type: SUN_STANDARD

Environment Variables:
PATH=/usr/bin:/bin:/usr/sbin:/sbin
SHELL=/bin/bash

Signal Handlers:
SIGSEGV: [libjvm.dylib+0x5a6d31], sa_mask[0]=11111111011111110111111111111111, sa_flags=SA_ONSTACK|SA_RESTART|SA_SIGINFO
SIGBUS: [libjvm.dylib+0x5a6d31], sa_mask[0]=11111111011111110111111111111111, sa_flags=SA_RESTART|SA_SIGINFO
SIGFPE: [libjvm.dylib+0x480a4c], sa_mask[0]=11111111011111110111111111111111, sa_flags=SA_RESTART|SA_SIGINFO
SIGPIPE: [libjvm.dylib+0x480a4c], sa_mask[0]=11111111011111110111111111111111, sa_flags=SA_RESTART|SA_SIGINFO
SIGXFSZ: [libjvm.dylib+0x480a4c], sa_mask[0]=11111111011111110111111111111111, sa_flags=SA_RESTART|SA_SIGINFO
SIGILL: [libjvm.dylib+0x480a4c], sa_mask[0]=11111111011111110111111111111111, sa_flags=SA_RESTART|SA_SIGINFO
SIGUSR1: SIG_DFL, sa_mask[0]=00000000000000000000000000000000, sa_flags=none
SIGUSR2: [libjvm.dylib+0x48056a], sa_mask[0]=00100000000000000000000000000000, sa_flags=SA_RESTART|SA_SIGINFO
SIGHUP: [libjvm.dylib+0x47eb41], sa_mask[0]=11111111011111110111111111111111, sa_flags=SA_RESTART|SA_SIGINFO
SIGINT: [libjvm.dylib+0x47eb41], sa_mask[0]=11111111011111110111111111111111, sa_flags=SA_RESTART|SA_SIGINFO
SIGTERM: [libjvm.dylib+0x47eb41], sa_mask[0]=11111111011111110111111111111111, sa_flags=SA_RESTART|SA_SIGINFO
SIGQUIT: [libjvm.dylib+0x47eb41], sa_mask[0]=11111111011111110111111111111111, sa_flags=SA_RESTART|SA_SIGINFO


---------------  S Y S T E M  ---------------

OS:Bsduname:Darwin 14.5.0 Darwin Kernel Version 14.5.0: Tue Sep  1 21:23:09 PDT 2015; root:xnu-2782.50.1~1/RELEASE_X86_64 x86_64
rlimit: STACK 8192k, CORE 0k, NPROC 709, NOFILE 10240, AS infinity
load average:1.51 1.52 1.54

CPU:total 4 (2 cores per cpu, 2 threads per core) family 6 model 61 stepping 4, cmov, cx8, fxsr, mmx, sse, sse2, sse3, ssse3, sse4.1, sse4.2, popcnt, avx, avx2, aes, clmul, erms, 3dnowpref, lzcnt, ht, tsc, tscinvbit, bmi1, bmi2, adx

Memory: 4k page, physical 8388608k(2097672k free)

/proc/meminfo:


vm_info: Java HotSpot(TM) 64-Bit Server VM (25.60-b23) for bsd-amd64 JRE (1.8.0_60-b27), built on Aug  4 2015 10:47:24 by "java_re" with gcc 4.2.1 (Based on Apple Inc. build 5658) (LLVM build 2336.11.00)

time: Sun Jan 31 16:21:27 2016
elapsed time: 40 seconds (0d 0h 0m 40s)

