#
# A fatal error has been detected by the Java Runtime Environment:
#
#  SIGSEGV (0xb) at pc=0x00007fff8e5328f2, pid=13037, tid=1811
#
# JRE version: Java(TM) SE Runtime Environment (8.0_60-b27) (build 1.8.0_60-b27)
# Java VM: Java HotSpot(TM) 64-Bit Server VM (25.60-b23 mixed mode bsd-amd64 compressed oops)
# Problematic frame:
# C  [libGPUSupportMercury.dylib+0xb8f2]  gldAttachDrawable+0x60
#
# Failed to write core dump. Core dumps have been disabled. To enable core dumping, try "ulimit -c unlimited" before starting Java again
#
# If you would like to submit a bug report, please visit:
#   http://bugreport.java.com/bugreport/crash.jsp
# The crash happened outside the Java Virtual Machine in native code.
# See problematic frame for where to report the bug.
#

---------------  T H R E A D  ---------------

Current thread (0x00007f8eca92d000):  JavaThread "AppKit Thread" daemon [_thread_in_native, id=1811, stack(0x00007fff51160000,0x00007fff51960000)]

siginfo: si_signo: 11 (SIGSEGV), si_code: 0 (unknown), si_addr: 0x0000000000000000

Registers:
RAX=0xb000000000000000, RBX=0x000000000000271e, RCX=0x0000000000000000, RDX=0x00007f8ec9e88a28
RSP=0x00007fff5195a8d0, RBP=0x00007fff5195a9d0, RSI=0x0000000000000050, RDI=0x00007fff73daf070
R8 =0x00007f8ecd009e60, R9 =0x00007f8ecc800000, R10=0x000000000000003c, R11=0x0000000000000206
R12=0x0000000000002718, R13=0x00007f8eca98e600, R14=0x0000000000000050, R15=0x0000000000000000
RIP=0x00007fff8e5328f2, EFLAGS=0x0000000000010212, ERR=0x0000000000000000
  TRAPNO=0x000000000000000d

Top of Stack: (sp=0x00007fff5195a8d0)
0x00007fff5195a8d0:   00007fff5195a944 00007f8ec9e3e260
0x00007fff5195a8e0:   ffffffffffffffff 0000206000000040
0x00007fff5195a8f0:   00007f8ec9e3e278 00007fff8e5ba64f
0x00007fff5195a900:   0000000000000000 b000000000000000
0x00007fff5195a910:   0000000300000003 00007fff5195aa58
0x00007fff5195a920:   00007fff5195a9e4 0000000000015c6f
0x00007fff5195a930:   00007fff5195a9dc 00007fff5195a9e0
0x00007fff5195a940:   00007fff5195a9c0 00007fff88b70299
0x00007fff5195a950:   0000000000000000 000000000000c5cc
0x00007fff5195a960:   0000003400001200 0000040b00000000
0x00007fff5195a970:   00007fff5195a9a0 00007fff88b09a9a
0x00007fff5195a980:   00007fff5195aa18 000000000000c5cc
0x00007fff5195a990:   00007fff5195a9d0 000000001f973a0a
0x00007fff5195a9a0:   8000c022dfa68e24 00007f8ecd000000
0x00007fff5195a9b0:   0000000000002718 0000000000000000
0x00007fff5195a9c0:   0000000000000050 0000000000000000
0x00007fff5195a9d0:   00007fff5195aa20 00007fff8d2c97e8
0x00007fff5195a9e0:   00007f8ecd009e60 0000000000000000
0x00007fff5195a9f0:   00007f8ec9e88a28 00007f8ec9c02b50
0x00007fff5195aa00:   0000000000000000 00007f8ecb92e750
0x00007fff5195aa10:   00007f8ecb92c800 00007fff73daf070
0x00007fff5195aa20:   00007fff5195ab10 00007fff86770870
0x00007fff5195aa30:   4089000000000000 406e000000000000
0x00007fff5195aa40:   4053800000000000 4089000000000000
0x00007fff5195aa50:   4083700000000000 0000000000000000
0x00007fff5195aa60:   4036000000000000 4089000000000000
0x00007fff5195aa70:   4082c00000000000 0000000000000000
0x00007fff5195aa80:   0000000000000000 0000000000000001
0x00007fff5195aa90:   00007f8ec9e88a28 0000000000000001
0x00007fff5195aaa0:   00007fff5195ab10 00007fff8677566b
0x00007fff5195aab0:   0000000100000003 00007f8ecb92e750
0x00007fff5195aac0:   00007f8ecb92e688 000000028f84ffff 

Instructions: (pc=0x00007fff8e5328f2)
0x00007fff8e5328d2:   48 85 d2 b8 01 00 00 00 bb 15 27 00 00 0f 44 d8
0x00007fff8e5328e2:   e9 7f 01 00 00 49 8b 45 08 48 89 85 38 ff ff ff
0x00007fff8e5328f2:   48 8b 00 48 89 85 30 ff ff ff 83 fe 4f 0f 8f fd
0x00007fff8e532902:   00 00 00 48 89 d0 bb 15 27 00 00 83 fe 35 0f 84 

Register to memory mapping:

RAX=0xb000000000000000 is an unknown value
RBX=0x000000000000271e is an unknown value
RCX=0x0000000000000000 is an unknown value
RDX=0x00007f8ec9e88a28 is an unknown value
RSP=0x00007fff5195a8d0 is pointing into the stack for thread: 0x00007f8eca92d000
RBP=0x00007fff5195a9d0 is pointing into the stack for thread: 0x00007f8eca92d000
RSI=0x0000000000000050 is an unknown value
RDI=0x00007fff73daf070: __stack_chk_guard+0 in /usr/lib/system/libsystem_c.dylib at 0x00007fff8430c000
R8 =0x00007f8ecd009e60 is an unknown value
R9 =0x00007f8ecc800000 is an unknown value
R10=0x000000000000003c is an unknown value
R11=0x0000000000000206 is an unknown value
R12=0x0000000000002718 is an unknown value
R13=0x00007f8eca98e600 is an unknown value
R14=0x0000000000000050 is an unknown value
R15=0x0000000000000000 is an unknown value


Stack: [0x00007fff51160000,0x00007fff51960000],  sp=0x00007fff5195a8d0,  free space=8170k
Native frames: (J=compiled Java code, j=interpreted, Vv=VM code, C=native code)
C  [libGPUSupportMercury.dylib+0xb8f2]  gldAttachDrawable+0x60
C  [GLEngine+0x167e8]  gliAttachDrawableWithOptions+0x101
C  [OpenGL+0x3870]  glcGetIOAccelService+0xe03
C  [OpenGL+0x7412]  CGLSetPBuffer+0xb90
C  [OpenGL+0x7735]  CGLSetSurface+0x124
C  [AppKit+0x332c34]  NSOpenGLContextAttachOnScreenViewSurface+0x109
C  [AppKit+0x31db7c]  -[NSOpenGLContext setView:]+0x83
C  [liblwjgl.dylib+0xa586]  -[MacOSXOpenGLView lockFocus]+0x76
C  [AppKit+0xe1f45]  -[NSView _recursiveDisplayRectIfNeededIgnoringOpacity:isVisibleRect:rectIsVisibleRectForView:topView:]+0x740
C  [AppKit+0xe2fa0]  -[NSView _recursiveDisplayRectIfNeededIgnoringOpacity:isVisibleRect:rectIsVisibleRectForView:topView:]+0x179b
C  [AppKit+0xe12f3]  -[NSThemeFrame _recursiveDisplayRectIfNeededIgnoringOpacity:isVisibleRect:rectIsVisibleRectForView:topView:]+0x14d
C  [AppKit+0xdd68b]  -[NSView _displayRectIgnoringOpacity:isVisibleRect:rectIsVisibleRectForView:]+0xac9
C  [AppKit+0x951ae]  -[NSView displayIfNeeded]+0x754
C  [AppKit+0x94a09]  -[NSWindow displayIfNeeded]+0xec
C  [AppKit+0x94672]  _handleWindowNeedsDisplayOrLayoutOrUpdateConstraints+0x3a8
C  [AppKit+0x7ca171]  __83-[NSWindow _postWindowNeedsDisplayOrLayoutOrUpdateConstraintsUnlessPostingDisabled]_block_invoke1540+0x2e
C  [CoreFoundation+0x80127]  __CFRUNLOOP_IS_CALLING_OUT_TO_AN_OBSERVER_CALLBACK_FUNCTION__+0x17
C  [CoreFoundation+0x80080]  __CFRunLoopDoObservers+0x170
C  [CoreFoundation+0x72188]  __CFRunLoopRun+0x368
C  [CoreFoundation+0x71bd8]  CFRunLoopRunSpecific+0x128
C  [HIToolbox+0x3256f]  RunCurrentEventLoopInMode+0xeb
C  [HIToolbox+0x321ee]  ReceiveNextEventCommon+0xb3
C  [HIToolbox+0x3212b]  _BlockUntilNextEventMatchingListInModeWithFilter+0x47
C  [AppKit+0x918ab]  _DPSNextEvent+0x3d2
C  [AppKit+0x90e58]  -[NSApplication nextEventMatchingMask:untilDate:inMode:dequeue:]+0x15a
C  [libosxapp.dylib+0x23aa]  -[NSApplicationAWT nextEventMatchingMask:untilDate:inMode:dequeue:]+0x7c
C  [AppKit+0x86af3]  -[NSApplication run]+0x252
C  [libosxapp.dylib+0x214d]  +[NSApplicationAWT runAWTLoopWithApp:]+0x9c
C  [libawt_lwawt.dylib+0x44517]  -[AWTStarter starter:]+0x389
C  [Foundation+0x92dd0]  __NSThreadPerformPerform+0x125
C  [CoreFoundation+0x80a01]  __CFRUNLOOP_IS_CALLING_OUT_TO_A_SOURCE0_PERFORM_FUNCTION__+0x11
C  [CoreFoundation+0x72b8d]  __CFRunLoopDoSources0+0x10d
C  [CoreFoundation+0x721bf]  __CFRunLoopRun+0x39f
C  [CoreFoundation+0x71bd8]  CFRunLoopRunSpecific+0x128
C  [java+0x6463]  CreateExecutionEnvironment+0x367
C  [java+0x21ac]  JLI_Launch+0x7a0
C  [java+0x84c0]  main+0x65
C  [java+0x1a04]  start+0x34
C  0x0000000000000006


---------------  P R O C E S S  ---------------

Java Threads: ( => current thread )
  0x00007f8ecb922000 JavaThread "AWT-Shutdown" [_thread_blocked, id=35695, stack(0x000000017af3f000,0x000000017b03f000)]
  0x00007f8eca9f1000 JavaThread "Java2D Disposer" daemon [_thread_blocked, id=50439, stack(0x000000012e3c3000,0x000000012e4c3000)]
  0x00007f8eca1a6000 JavaThread "Java2D Queue Flusher" daemon [_thread_blocked, id=50695, stack(0x000000012da9a000,0x000000012db9a000)]
=>0x00007f8eca92d000 JavaThread "AppKit Thread" daemon [_thread_in_native, id=1811, stack(0x00007fff51160000,0x00007fff51960000)]
  0x00007f8ecb808000 JavaThread "Service Thread" daemon [_thread_blocked, id=18179, stack(0x0000000127be1000,0x0000000127ce1000)]
  0x00007f8eca818800 JavaThread "C1 CompilerThread2" daemon [_thread_blocked, id=17667, stack(0x0000000127ade000,0x0000000127bde000)]
  0x00007f8eca04f800 JavaThread "C2 CompilerThread1" daemon [_thread_blocked, id=17155, stack(0x00000001279db000,0x0000000127adb000)]
  0x00007f8ecb00e800 JavaThread "C2 CompilerThread0" daemon [_thread_blocked, id=16643, stack(0x00000001278d8000,0x00000001279d8000)]
  0x00007f8eca04b800 JavaThread "Signal Dispatcher" daemon [_thread_blocked, id=13331, stack(0x00000001277d5000,0x00000001278d5000)]
  0x00007f8eca815800 JavaThread "Finalizer" daemon [_thread_blocked, id=11523, stack(0x0000000125db1000,0x0000000125eb1000)]
  0x00007f8eca03f000 JavaThread "Reference Handler" daemon [_thread_blocked, id=11011, stack(0x0000000125cae000,0x0000000125dae000)]
  0x00007f8eca804000 JavaThread "main" [_thread_in_native, id=4867, stack(0x000000010fd8a000,0x000000010fe8a000)]

Other Threads:
  0x00007f8ecb01f000 VMThread [stack: 0x0000000125bab000,0x0000000125cab000] [id=10499]
  0x00007f8ecb805800 WatcherThread [stack: 0x0000000127ce4000,0x0000000127de4000] [id=18691]

VM state:not at safepoint (normal execution)

VM Mutex/Monitor currently owned by a thread: None

Heap:
 PSYoungGen      total 118784K, used 43776K [0x0000000795580000, 0x000000079e800000, 0x00000007c0000000)
  eden space 102912K, 37% used [0x0000000795580000,0x0000000797b10028,0x000000079ba00000)
  from space 15872K, 33% used [0x000000079d880000,0x000000079ddb0020,0x000000079e800000)
  to   space 23552K, 0% used [0x000000079ba00000,0x000000079ba00000,0x000000079d100000)
 ParOldGen       total 135680K, used 34263K [0x0000000740000000, 0x0000000748480000, 0x0000000795580000)
  object space 135680K, 25% used [0x0000000740000000,0x0000000742175d10,0x0000000748480000)
 Metaspace       used 12947K, capacity 13121K, committed 13440K, reserved 1060864K
  class space    used 1316K, capacity 1375K, committed 1408K, reserved 1048576K

Card table byte_map: [0x000000011f24c000,0x000000011f64d000] byte_map_base: 0x000000011b84c000

Marking Bits: (ParMarkBitMap*) 0x000000010f6dee20
 Begin Bits: [0x000000011fd04000, 0x0000000121d04000)
 End Bits:   [0x0000000121d04000, 0x0000000123d04000)

Polling page: 0x000000010e2c0000

CodeCache: size=245760Kb used=7710Kb max_used=7754Kb free=238049Kb
 bounds [0x000000010fe8c000, 0x000000011065c000, 0x000000011ee8c000]
 total_blobs=2406 nmethods=1834 adapters=485
 compilation: enabled

Compilation events (10 events):
Event: 45.673 Thread 0x00007f8ecb00e800 2051       4       java.nio.DirectByteBuffer::put (123 bytes)
Event: 45.680 Thread 0x00007f8ecb00e800 nmethod 2051 0x0000000110315050 code [0x00000001103151c0, 0x0000000110315658]
Event: 45.730 Thread 0x00007f8eca04f800 2052       4       java.util.Arrays::copyOf (19 bytes)
Event: 45.732 Thread 0x00007f8eca04f800 nmethod 2052 0x00000001105a53d0 code [0x00000001105a5520, 0x00000001105a5718]
Event: 46.394 Thread 0x00007f8ecb00e800 2053       4       org.newdawn.slick.Input::poll (1561 bytes)
Event: 46.644 Thread 0x00007f8ecb00e800 nmethod 2053 0x000000011063ae50 code [0x000000011063bae0, 0x0000000110644600]
Event: 46.761 Thread 0x00007f8eca04f800 2054       4       org.newdawn.slick.tiled.TiledMap::getLayerIndex (50 bytes)
Event: 46.765 Thread 0x00007f8eca04f800 nmethod 2054 0x0000000110314790 code [0x0000000110314900, 0x0000000110314df8]
Event: 49.081 Thread 0x00007f8ecb00e800 2055       4       java.net.URLClassLoader$2::<init> (15 bytes)
Event: 49.081 Thread 0x00007f8ecb00e800 nmethod 2055 0x0000000110027f90 code [0x00000001100280e0, 0x0000000110028178]

GC Heap History (10 events):
Event: 14.545 GC heap before
{Heap before GC invocations=15 (full 4):
 PSYoungGen      total 77824K, used 54592K [0x0000000795580000, 0x000000079b000000, 0x00000007c0000000)
  eden space 65024K, 76% used [0x0000000795580000,0x00000007985deec0,0x0000000799500000)
  from space 12800K, 39% used [0x000000079a380000,0x000000079a8714f8,0x000000079b000000)
  to   space 13824K, 0% used [0x0000000799500000,0x0000000799500000,0x000000079a280000)
 ParOldGen       total 223744K, used 197106K [0x0000000740000000, 0x000000074da80000, 0x0000000795580000)
  object space 223744K, 88% used [0x0000000740000000,0x000000074c07cbe0,0x000000074da80000)
 Metaspace       used 10994K, capacity 11201K, committed 11520K, reserved 1058816K
  class space    used 1154K, capacity 1247K, committed 1280K, reserved 1048576K
Event: 14.547 GC heap after
Heap after GC invocations=15 (full 4):
 PSYoungGen      total 78848K, used 194K [0x0000000795580000, 0x000000079c000000, 0x00000007c0000000)
  eden space 65024K, 0% used [0x0000000795580000,0x0000000795580000,0x0000000799500000)
  from space 13824K, 1% used [0x0000000799500000,0x00000007995309d0,0x000000079a280000)
  to   space 13824K, 0% used [0x000000079b280000,0x000000079b280000,0x000000079c000000)
 ParOldGen       total 223744K, used 197106K [0x0000000740000000, 0x000000074da80000, 0x0000000795580000)
  object space 223744K, 88% used [0x0000000740000000,0x000000074c07cbe0,0x000000074da80000)
 Metaspace       used 10994K, capacity 11201K, committed 11520K, reserved 1058816K
  class space    used 1154K, capacity 1247K, committed 1280K, reserved 1048576K
}
Event: 15.304 GC heap before
{Heap before GC invocations=16 (full 4):
 PSYoungGen      total 78848K, used 65218K [0x0000000795580000, 0x000000079c000000, 0x00000007c0000000)
  eden space 65024K, 100% used [0x0000000795580000,0x0000000799500000,0x0000000799500000)
  from space 13824K, 1% used [0x0000000799500000,0x00000007995309d0,0x000000079a280000)
  to   space 13824K, 0% used [0x000000079b280000,0x000000079b280000,0x000000079c000000)
 ParOldGen       total 223744K, used 197106K [0x0000000740000000, 0x000000074da80000, 0x0000000795580000)
  object space 223744K, 88% used [0x0000000740000000,0x000000074c07cbe0,0x000000074da80000)
 Metaspace       used 12271K, capacity 12481K, committed 12672K, reserved 1060864K
  class space    used 1288K, capacity 1375K, committed 1408K, reserved 1048576K
Event: 15.327 GC heap after
Heap after GC invocations=16 (full 4):
 PSYoungGen      total 93184K, used 12392K [0x0000000795580000, 0x000000079ca00000, 0x00000007c0000000)
  eden space 79360K, 0% used [0x0000000795580000,0x0000000795580000,0x000000079a300000)
  from space 13824K, 89% used [0x000000079b280000,0x000000079be9a368,0x000000079c000000)
  to   space 15872K, 0% used [0x000000079a300000,0x000000079a300000,0x000000079b280000)
 ParOldGen       total 223744K, used 197178K [0x0000000740000000, 0x000000074da80000, 0x0000000795580000)
  object space 223744K, 88% used [0x0000000740000000,0x000000074c08ebf0,0x000000074da80000)
 Metaspace       used 12271K, capacity 12481K, committed 12672K, reserved 1060864K
  class space    used 1288K, capacity 1375K, committed 1408K, reserved 1048576K
}
Event: 17.337 GC heap before
{Heap before GC invocations=17 (full 4):
 PSYoungGen      total 93184K, used 91752K [0x0000000795580000, 0x000000079ca00000, 0x00000007c0000000)
  eden space 79360K, 100% used [0x0000000795580000,0x000000079a300000,0x000000079a300000)
  from space 13824K, 89% used [0x000000079b280000,0x000000079be9a368,0x000000079c000000)
  to   space 15872K, 0% used [0x000000079a300000,0x000000079a300000,0x000000079b280000)
 ParOldGen       total 223744K, used 197178K [0x0000000740000000, 0x000000074da80000, 0x0000000795580000)
  object space 223744K, 88% used [0x0000000740000000,0x000000074c08ebf0,0x000000074da80000)
 Metaspace       used 12575K, capacity 12737K, committed 12928K, reserved 1060864K
  class space    used 1313K, capacity 1375K, committed 1408K, reserved 1048576K
Event: 17.386 GC heap after
Heap after GC invocations=17 (full 4):
 PSYoungGen      total 95232K, used 15872K [0x0000000795580000, 0x000000079f080000, 0x00000007c0000000)
  eden space 79360K, 0% used [0x0000000795580000,0x0000000795580000,0x000000079a300000)
  from space 15872K, 100% used [0x000000079a300000,0x000000079b280000,0x000000079b280000)
  to   space 24576K, 0% used [0x000000079d880000,0x000000079d880000,0x000000079f080000)
 ParOldGen       total 223744K, used 213308K [0x0000000740000000, 0x000000074da80000, 0x0000000795580000)
  object space 223744K, 95% used [0x0000000740000000,0x000000074d04f1b0,0x000000074da80000)
 Metaspace       used 12575K, capacity 12737K, committed 12928K, reserved 1060864K
  class space    used 1313K, capacity 1375K, committed 1408K, reserved 1048576K
}
Event: 17.386 GC heap before
{Heap before GC invocations=18 (full 5):
 PSYoungGen      total 95232K, used 15872K [0x0000000795580000, 0x000000079f080000, 0x00000007c0000000)
  eden space 79360K, 0% used [0x0000000795580000,0x0000000795580000,0x000000079a300000)
  from space 15872K, 100% used [0x000000079a300000,0x000000079b280000,0x000000079b280000)
  to   space 24576K, 0% used [0x000000079d880000,0x000000079d880000,0x000000079f080000)
 ParOldGen       total 223744K, used 213308K [0x0000000740000000, 0x000000074da80000, 0x0000000795580000)
  object space 223744K, 95% used [0x0000000740000000,0x000000074d04f1b0,0x000000074da80000)
 Metaspace       used 12575K, capacity 12737K, committed 12928K, reserved 1060864K
  class space    used 1313K, capacity 1375K, committed 1408K, reserved 1048576K
Event: 17.510 GC heap after
Heap after GC invocations=18 (full 5):
 PSYoungGen      total 95232K, used 0K [0x0000000795580000, 0x000000079f080000, 0x00000007c0000000)
  eden space 79360K, 0% used [0x0000000795580000,0x0000000795580000,0x000000079a300000)
  from space 15872K, 0% used [0x000000079a300000,0x000000079a300000,0x000000079b280000)
  to   space 24576K, 0% used [0x000000079d880000,0x000000079d880000,0x000000079f080000)
 ParOldGen       total 135680K, used 34255K [0x0000000740000000, 0x0000000748480000, 0x0000000795580000)
  object space 135680K, 25% used [0x0000000740000000,0x0000000742173d10,0x0000000748480000)
 Metaspace       used 12575K, capacity 12737K, committed 12928K, reserved 1060864K
  class space    used 1313K, capacity 1375K, committed 1408K, reserved 1048576K
}
Event: 38.266 GC heap before
{Heap before GC invocations=19 (full 5):
 PSYoungGen      total 95232K, used 79360K [0x0000000795580000, 0x000000079f080000, 0x00000007c0000000)
  eden space 79360K, 100% used [0x0000000795580000,0x000000079a300000,0x000000079a300000)
  from space 15872K, 0% used [0x000000079a300000,0x000000079a300000,0x000000079b280000)
  to   space 24576K, 0% used [0x000000079d880000,0x000000079d880000,0x000000079f080000)
 ParOldGen       total 135680K, used 34255K [0x0000000740000000, 0x0000000748480000, 0x0000000795580000)
  object space 135680K, 25% used [0x0000000740000000,0x0000000742173d10,0x0000000748480000)
 Metaspace       used 12902K, capacity 13057K, committed 13184K, reserved 1060864K
  class space    used 1315K, capacity 1375K, committed 1408K, reserved 1048576K
Event: 38.274 GC heap after
Heap after GC invocations=19 (full 5):
 PSYoungGen      total 118784K, used 5312K [0x0000000795580000, 0x000000079e800000, 0x00000007c0000000)
  eden space 102912K, 0% used [0x0000000795580000,0x0000000795580000,0x000000079ba00000)
  from space 15872K, 33% used [0x000000079d880000,0x000000079ddb0020,0x000000079e800000)
  to   space 23552K, 0% used [0x000000079ba00000,0x000000079ba00000,0x000000079d100000)
 ParOldGen       total 135680K, used 34263K [0x0000000740000000, 0x0000000748480000, 0x0000000795580000)
  object space 135680K, 25% used [0x0000000740000000,0x0000000742175d10,0x0000000748480000)
 Metaspace       used 12902K, capacity 13057K, committed 13184K, reserved 1060864K
  class space    used 1315K, capacity 1375K, committed 1408K, reserved 1048576K
}

Deoptimization events (10 events):
Event: 8.398 Thread 0x00007f8eca804000 Uncommon trap: reason=unstable_if action=reinterpret pc=0x000000011035e8c4 method=org.newdawn.slick.openal.OggInputStream.readPCM()V @ 481
Event: 8.929 Thread 0x00007f8eca804000 Uncommon trap: reason=unstable_if action=reinterpret pc=0x000000011035139c method=com.jcraft.jogg.StreamState.body_expand(I)V @ 10
Event: 8.929 Thread 0x00007f8eca804000 Uncommon trap: reason=unstable_if action=reinterpret pc=0x00000001102a9bd0 method=com.jcraft.jorbis.Residue0._2inverse(Lcom/jcraft/jorbis/Block;Ljava/lang/Object;[[FI)I @ 243
Event: 11.310 Thread 0x00007f8eca804000 Uncommon trap: reason=unstable_if action=reinterpret pc=0x0000000110311370 method=com.jcraft.jorbis.Mapping0.inverse(Lcom/jcraft/jorbis/Block;Ljava/lang/Object;)I @ 301
Event: 13.556 Thread 0x00007f8eca804000 Uncommon trap: reason=unstable_if action=reinterpret pc=0x000000011036d250 method=org.newdawn.slick.openal.OggInputStream.readPCM()V @ 283
Event: 13.619 Thread 0x00007f8eca804000 Uncommon trap: reason=unstable_if action=reinterpret pc=0x0000000110353b44 method=org.newdawn.slick.openal.OggInputStream.readPCM()V @ 283
Event: 17.862 Thread 0x00007f8eca804000 Uncommon trap: reason=unstable_if action=reinterpret pc=0x00000001103edbe4 method=java.nio.DirectByteBuffer.put([BII)Ljava/nio/ByteBuffer; @ 5
Event: 22.346 Thread 0x00007f8eca804000 Uncommon trap: reason=unstable_if action=reinterpret pc=0x00000001104d0140 method=org.newdawn.slick.Input.poll(II)V @ 1094
Event: 25.188 Thread 0x00007f8eca804000 Uncommon trap: reason=unstable_if action=reinterpret pc=0x0000000110482de8 method=java.lang.Math.min(FF)F @ 11
Event: 37.068 Thread 0x00007f8eca804000 Uncommon trap: reason=unstable_if action=reinterpret pc=0x000000011054f8f4 method=org.newdawn.slick.Input.poll(II)V @ 400

Internal exceptions (10 events):
Event: 0.255 Thread 0x00007f8eca804000 Exception <a 'java/lang/NoSuchFieldError': method resolution failed> (0x00000007959a7ba8) thrown at [/Users/java_re/workspace/8-2-build-macosx-x86_64/jdk8u60/4407/hotspot/src/share/vm/prims/methodHandles.cpp, line 1146]
Event: 0.699 Thread 0x00007f8eca804000 Exception <a 'java/io/FileNotFoundException'> (0x0000000795a22cb0) thrown at [/Users/java_re/workspace/8-2-build-macosx-x86_64/jdk8u60/4407/hotspot/src/share/vm/prims/jni.cpp, line 709]
Event: 0.699 Thread 0x00007f8eca804000 Exception <a 'java/io/FileNotFoundException'> (0x0000000795a23800) thrown at [/Users/java_re/workspace/8-2-build-macosx-x86_64/jdk8u60/4407/hotspot/src/share/vm/prims/jni.cpp, line 709]
Event: 1.029 Thread 0x00007f8eca804000 Exception <a 'java/lang/NoClassDefFoundError': net/java/games/input/ControllerEnvironment> (0x0000000795f1b4c8) thrown at [/Users/java_re/workspace/8-2-build-macosx-x86_64/jdk8u60/4407/hotspot/src/share/vm/classfile/systemDictionary.cpp, line 199]
Event: 5.030 Thread 0x00007f8eca804000 Exception <a 'java/security/PrivilegedActionException'> (0x0000000796b69c20) thrown at [/Users/java_re/workspace/8-2-build-macosx-x86_64/jdk8u60/4407/hotspot/src/share/vm/prims/jvm.cpp, line 1386]
Event: 5.030 Thread 0x00007f8eca804000 Exception <a 'java/security/PrivilegedActionException'> (0x0000000796b6b808) thrown at [/Users/java_re/workspace/8-2-build-macosx-x86_64/jdk8u60/4407/hotspot/src/share/vm/prims/jvm.cpp, line 1386]
Event: 5.030 Thread 0x00007f8eca804000 Exception <a 'java/security/PrivilegedActionException'> (0x0000000796b6c928) thrown at [/Users/java_re/workspace/8-2-build-macosx-x86_64/jdk8u60/4407/hotspot/src/share/vm/prims/jvm.cpp, line 1386]
Event: 5.030 Thread 0x00007f8eca804000 Exception <a 'java/security/PrivilegedActionException'> (0x0000000796b71a48) thrown at [/Users/java_re/workspace/8-2-build-macosx-x86_64/jdk8u60/4407/hotspot/src/share/vm/prims/jvm.cpp, line 1386]
Event: 5.030 Thread 0x00007f8eca804000 Exception <a 'java/security/PrivilegedActionException'> (0x0000000796b726a0) thrown at [/Users/java_re/workspace/8-2-build-macosx-x86_64/jdk8u60/4407/hotspot/src/share/vm/prims/jvm.cpp, line 1386]
Event: 5.030 Thread 0x00007f8eca804000 Exception <a 'java/security/PrivilegedActionException'> (0x0000000796b732c8) thrown at [/Users/java_re/workspace/8-2-build-macosx-x86_64/jdk8u60/4407/hotspot/src/share/vm/prims/jvm.cpp, line 1386]

Events (10 events):
Event: 40.689 Executing VM operation: RevokeBias
Event: 40.689 Executing VM operation: RevokeBias done
Event: 40.689 Thread 0x00007f8eca339800 Thread exited: 0x00007f8eca339800
Event: 41.065 Thread 0x00007f8ecaaeb000 Thread added: 0x00007f8ecaaeb000
Event: 45.664 Executing VM operation: RevokeBias
Event: 45.664 Executing VM operation: RevokeBias done
Event: 45.664 Thread 0x00007f8ecaaeb000 Thread exited: 0x00007f8ecaaeb000
Event: 46.373 Thread 0x00007f8ecb922000 Thread added: 0x00007f8ecb922000
Event: 49.765 loading class org/lwjgl/opengl/CallbackUtil
Event: 49.765 loading class org/lwjgl/opengl/CallbackUtil done


Dynamic libraries:
0x0000000003cc9000 	/System/Library/Frameworks/Cocoa.framework/Versions/A/Cocoa
0x0000000003cc9000 	/System/Library/Frameworks/Security.framework/Versions/A/Security
0x0000000003cc9000 	/System/Library/Frameworks/ApplicationServices.framework/Versions/A/ApplicationServices
0x0000000003cc9000 	/usr/lib/libz.1.dylib
0x0000000003cc9000 	/usr/lib/libSystem.B.dylib
0x0000000003cc9000 	/usr/lib/libobjc.A.dylib
0x0000000003cc9000 	/System/Library/Frameworks/CoreFoundation.framework/Versions/A/CoreFoundation
0x0000000003cc9000 	/System/Library/Frameworks/Foundation.framework/Versions/C/Foundation
0x0000000003cc9000 	/System/Library/Frameworks/AppKit.framework/Versions/C/AppKit
0x0000000003cc9000 	/System/Library/Frameworks/CoreData.framework/Versions/A/CoreData
0x0000000003cc9000 	/System/Library/PrivateFrameworks/RemoteViewServices.framework/Versions/A/RemoteViewServices
0x0000000003cc9000 	/System/Library/PrivateFrameworks/UIFoundation.framework/Versions/A/UIFoundation
0x0000000003cc9000 	/System/Library/Frameworks/IOSurface.framework/Versions/A/IOSurface
0x0000000003cc9000 	/System/Library/Frameworks/AudioToolbox.framework/Versions/A/AudioToolbox
0x0000000003cc9000 	/System/Library/Frameworks/AudioUnit.framework/Versions/A/AudioUnit
0x0000000003cc9000 	/System/Library/PrivateFrameworks/DataDetectorsCore.framework/Versions/A/DataDetectorsCore
0x000000010e2c1000 	/System/Library/PrivateFrameworks/DesktopServicesPriv.framework/Versions/A/DesktopServicesPriv
0x0000000003cc9000 	/System/Library/Frameworks/Carbon.framework/Versions/A/Frameworks/HIToolbox.framework/Versions/A/HIToolbox
0x0000000003cc9000 	/System/Library/Frameworks/QuartzCore.framework/Versions/A/QuartzCore
0x0000000003cc9000 	/System/Library/Frameworks/Carbon.framework/Versions/A/Frameworks/SpeechRecognition.framework/Versions/A/SpeechRecognition
0x0000000003cc9000 	/usr/lib/libauto.dylib
0x0000000003cc9000 	/usr/lib/libicucore.A.dylib
0x0000000003cc9000 	/usr/lib/libxml2.2.dylib
0x0000000003cc9000 	/System/Library/PrivateFrameworks/CoreUI.framework/Versions/A/CoreUI
0x0000000003cc9000 	/System/Library/Frameworks/CoreAudio.framework/Versions/A/CoreAudio
0x0000000003cc9000 	/System/Library/Frameworks/DiskArbitration.framework/Versions/A/DiskArbitration
0x0000000003cc9000 	/usr/lib/liblangid.dylib
0x0000000003cc9000 	/System/Library/PrivateFrameworks/MultitouchSupport.framework/Versions/A/MultitouchSupport
0x0000000003cc9000 	/System/Library/Frameworks/IOKit.framework/Versions/A/IOKit
0x0000000003cc9000 	/usr/lib/libDiagnosticMessagesClient.dylib
0x0000000003cc9000 	/System/Library/Frameworks/CoreServices.framework/Versions/A/CoreServices
0x0000000003cc9000 	/System/Library/PrivateFrameworks/PerformanceAnalysis.framework/Versions/A/PerformanceAnalysis
0x0000000003cc9000 	/System/Library/PrivateFrameworks/GenerationalStorage.framework/Versions/A/GenerationalStorage
0x0000000003cc9000 	/System/Library/Frameworks/OpenGL.framework/Versions/A/OpenGL
0x0000000003cc9000 	/System/Library/PrivateFrameworks/Sharing.framework/Versions/A/Sharing
0x0000000003cc9000 	/System/Library/Frameworks/CoreGraphics.framework/Versions/A/CoreGraphics
0x0000000003cc9000 	/System/Library/Frameworks/CoreText.framework/Versions/A/CoreText
0x0000000003cc9000 	/System/Library/Frameworks/ImageIO.framework/Versions/A/ImageIO
0x0000000003cc9000 	/usr/lib/libextension.dylib
0x0000000003cc9000 	/System/Library/PrivateFrameworks/Backup.framework/Versions/A/Backup
0x0000000003cc9000 	/usr/lib/libarchive.2.dylib
0x0000000003cc9000 	/System/Library/Frameworks/CFNetwork.framework/Versions/A/CFNetwork
0x0000000003cc9000 	/System/Library/Frameworks/SystemConfiguration.framework/Versions/A/SystemConfiguration
0x0000000003cc9000 	/usr/lib/libCRFSuite.dylib
0x0000000003cc9000 	/usr/lib/libc++.1.dylib
0x0000000003cc9000 	/usr/lib/libc++abi.dylib
0x0000000003cc9000 	/usr/lib/system/libcache.dylib
0x0000000003cc9000 	/usr/lib/system/libcommonCrypto.dylib
0x0000000003cc9000 	/usr/lib/system/libcompiler_rt.dylib
0x0000000003cc9000 	/usr/lib/system/libcopyfile.dylib
0x0000000003cc9000 	/usr/lib/system/libcorecrypto.dylib
0x0000000003cc9000 	/usr/lib/system/libdispatch.dylib
0x0000000003cc9000 	/usr/lib/system/libdyld.dylib
0x0000000003cc9000 	/usr/lib/system/libkeymgr.dylib
0x0000000003cc9000 	/usr/lib/system/liblaunch.dylib
0x0000000003cc9000 	/usr/lib/system/libmacho.dylib
0x0000000003cc9000 	/usr/lib/system/libquarantine.dylib
0x0000000003cc9000 	/usr/lib/system/libremovefile.dylib
0x0000000003cc9000 	/usr/lib/system/libsystem_asl.dylib
0x0000000003cc9000 	/usr/lib/system/libsystem_blocks.dylib
0x0000000003cc9000 	/usr/lib/system/libsystem_c.dylib
0x0000000003cc9000 	/usr/lib/system/libsystem_configuration.dylib
0x0000000003cc9000 	/usr/lib/system/libsystem_coreservices.dylib
0x0000000003cc9000 	/usr/lib/system/libsystem_coretls.dylib
0x0000000003cc9000 	/usr/lib/system/libsystem_dnssd.dylib
0x0000000003cc9000 	/usr/lib/system/libsystem_info.dylib
0x0000000003cc9000 	/usr/lib/system/libsystem_kernel.dylib
0x0000000003cc9000 	/usr/lib/system/libsystem_m.dylib
0x0000000003cc9000 	/usr/lib/system/libsystem_malloc.dylib
0x0000000003cc9000 	/usr/lib/system/libsystem_network.dylib
0x0000000003cc9000 	/usr/lib/system/libsystem_networkextension.dylib
0x0000000003cc9000 	/usr/lib/system/libsystem_notify.dylib
0x0000000003cc9000 	/usr/lib/system/libsystem_platform.dylib
0x0000000003cc9000 	/usr/lib/system/libsystem_pthread.dylib
0x0000000003cc9000 	/usr/lib/system/libsystem_sandbox.dylib
0x0000000003cc9000 	/usr/lib/system/libsystem_secinit.dylib
0x0000000003cc9000 	/usr/lib/system/libsystem_stats.dylib
0x0000000003cc9000 	/usr/lib/system/libsystem_trace.dylib
0x0000000003cc9000 	/usr/lib/system/libunc.dylib
0x0000000003cc9000 	/usr/lib/system/libunwind.dylib
0x0000000003cc9000 	/usr/lib/system/libxpc.dylib
0x0000000003cc9000 	/usr/lib/libbz2.1.0.dylib
0x0000000003cc9000 	/usr/lib/liblzma.5.dylib
0x0000000003cc9000 	/usr/lib/libbsm.0.dylib
0x0000000003cc9000 	/usr/lib/libsqlite3.dylib
0x0000000003cc9000 	/usr/lib/system/libkxld.dylib
0x0000000003cc9000 	/usr/lib/libxar.1.dylib
0x0000000003cc9000 	/usr/lib/libpam.2.dylib
0x0000000003cc9000 	/usr/lib/libOpenScriptingUtil.dylib
0x0000000003cc9000 	/System/Library/Frameworks/CoreServices.framework/Versions/A/Frameworks/FSEvents.framework/Versions/A/FSEvents
0x0000000003cc9000 	/System/Library/Frameworks/CoreServices.framework/Versions/A/Frameworks/CarbonCore.framework/Versions/A/CarbonCore
0x0000000003cc9000 	/System/Library/Frameworks/CoreServices.framework/Versions/A/Frameworks/Metadata.framework/Versions/A/Metadata
0x0000000003cc9000 	/System/Library/Frameworks/CoreServices.framework/Versions/A/Frameworks/OSServices.framework/Versions/A/OSServices
0x0000000003cc9000 	/System/Library/Frameworks/CoreServices.framework/Versions/A/Frameworks/SearchKit.framework/Versions/A/SearchKit
0x0000000003cc9000 	/System/Library/Frameworks/CoreServices.framework/Versions/A/Frameworks/AE.framework/Versions/A/AE
0x0000000003cc9000 	/System/Library/Frameworks/CoreServices.framework/Versions/A/Frameworks/LaunchServices.framework/Versions/A/LaunchServices
0x0000000003cc9000 	/System/Library/Frameworks/CoreServices.framework/Versions/A/Frameworks/DictionaryServices.framework/Versions/A/DictionaryServices
0x0000000003cc9000 	/System/Library/Frameworks/NetFS.framework/Versions/A/NetFS
0x0000000003cc9000 	/System/Library/PrivateFrameworks/NetAuth.framework/Versions/A/NetAuth
0x0000000003cc9000 	/System/Library/PrivateFrameworks/login.framework/Versions/A/Frameworks/loginsupport.framework/Versions/A/loginsupport
0x0000000003cc9000 	/System/Library/PrivateFrameworks/TCC.framework/Versions/A/TCC
0x0000000003cc9000 	/usr/lib/libmecabra.dylib
0x0000000003cc9000 	/System/Library/Frameworks/ApplicationServices.framework/Versions/A/Frameworks/ATS.framework/Versions/A/ATS
0x0000000003cc9000 	/System/Library/Frameworks/ApplicationServices.framework/Versions/A/Frameworks/ColorSync.framework/Versions/A/ColorSync
0x0000000003cc9000 	/System/Library/Frameworks/ApplicationServices.framework/Versions/A/Frameworks/HIServices.framework/Versions/A/HIServices
0x0000000003cc9000 	/System/Library/Frameworks/ApplicationServices.framework/Versions/A/Frameworks/LangAnalysis.framework/Versions/A/LangAnalysis
0x0000000003cc9000 	/System/Library/Frameworks/ApplicationServices.framework/Versions/A/Frameworks/PrintCore.framework/Versions/A/PrintCore
0x0000000003cc9000 	/System/Library/Frameworks/ApplicationServices.framework/Versions/A/Frameworks/QD.framework/Versions/A/QD
0x0000000003cc9000 	/System/Library/Frameworks/ApplicationServices.framework/Versions/A/Frameworks/SpeechSynthesis.framework/Versions/A/SpeechSynthesis
0x0000000003cc9000 	/System/Library/Frameworks/Accelerate.framework/Versions/A/Accelerate
0x0000000003cc9000 	/System/Library/Frameworks/Accelerate.framework/Versions/A/Frameworks/vImage.framework/Versions/A/vImage
0x0000000003cc9000 	/System/Library/Frameworks/Accelerate.framework/Versions/A/Frameworks/vecLib.framework/Versions/A/vecLib
0x0000000003cc9000 	/System/Library/Frameworks/Accelerate.framework/Versions/A/Frameworks/vecLib.framework/Versions/A/libvDSP.dylib
0x0000000003cc9000 	/System/Library/Frameworks/Accelerate.framework/Versions/A/Frameworks/vecLib.framework/Versions/A/libvMisc.dylib
0x0000000003cc9000 	/System/Library/Frameworks/Accelerate.framework/Versions/A/Frameworks/vecLib.framework/Versions/A/libLAPACK.dylib
0x0000000003cc9000 	/System/Library/Frameworks/Accelerate.framework/Versions/A/Frameworks/vecLib.framework/Versions/A/libBLAS.dylib
0x0000000003cc9000 	/System/Library/Frameworks/Accelerate.framework/Versions/A/Frameworks/vecLib.framework/Versions/A/libLinearAlgebra.dylib
0x0000000003cc9000 	/System/Library/Frameworks/ApplicationServices.framework/Versions/A/Frameworks/ATS.framework/Versions/A/Resources/libFontParser.dylib
0x0000000003cc9000 	/System/Library/Frameworks/ApplicationServices.framework/Versions/A/Frameworks/ATS.framework/Versions/A/Resources/libFontRegistry.dylib
0x0000000003cc9000 	/System/Library/PrivateFrameworks/AppleVPA.framework/Versions/A/AppleVPA
0x0000000003cc9000 	/System/Library/PrivateFrameworks/AppleJPEG.framework/Versions/A/AppleJPEG
0x0000000003cc9000 	/System/Library/Frameworks/ImageIO.framework/Versions/A/Resources/libJPEG.dylib
0x0000000003cc9000 	/System/Library/Frameworks/ImageIO.framework/Versions/A/Resources/libTIFF.dylib
0x0000000003cc9000 	/System/Library/Frameworks/ImageIO.framework/Versions/A/Resources/libPng.dylib
0x0000000003cc9000 	/System/Library/Frameworks/ImageIO.framework/Versions/A/Resources/libGIF.dylib
0x0000000003cc9000 	/System/Library/Frameworks/ImageIO.framework/Versions/A/Resources/libJP2.dylib
0x0000000003cc9000 	/System/Library/Frameworks/ImageIO.framework/Versions/A/Resources/libRadiance.dylib
0x0000000003cc9000 	/System/Library/Frameworks/CoreVideo.framework/Versions/A/CoreVideo
0x0000000003cc9000 	/System/Library/Frameworks/OpenGL.framework/Versions/A/Libraries/libGLU.dylib
0x0000000003cc9000 	/System/Library/Frameworks/OpenGL.framework/Versions/A/Libraries/libGFXShared.dylib
0x0000000003cc9000 	/System/Library/Frameworks/OpenGL.framework/Versions/A/Libraries/libGL.dylib
0x0000000003cc9000 	/System/Library/Frameworks/OpenGL.framework/Versions/A/Libraries/libGLImage.dylib
0x0000000003cc9000 	/System/Library/Frameworks/OpenGL.framework/Versions/A/Libraries/libCVMSPluginSupport.dylib
0x0000000003cc9000 	/System/Library/Frameworks/OpenGL.framework/Versions/A/Libraries/libCoreVMClient.dylib
0x0000000003cc9000 	/usr/lib/libcups.2.dylib
0x0000000003cc9000 	/System/Library/Frameworks/Kerberos.framework/Versions/A/Kerberos
0x0000000003cc9000 	/System/Library/Frameworks/GSS.framework/Versions/A/GSS
0x0000000003cc9000 	/usr/lib/libresolv.9.dylib
0x0000000003cc9000 	/usr/lib/libiconv.2.dylib
0x0000000003cc9000 	/System/Library/PrivateFrameworks/Heimdal.framework/Versions/A/Heimdal
0x0000000003cc9000 	/usr/lib/libheimdal-asn1.dylib
0x0000000003cc9000 	/System/Library/Frameworks/OpenDirectory.framework/Versions/A/OpenDirectory
0x0000000003cc9000 	/System/Library/PrivateFrameworks/CommonAuth.framework/Versions/A/CommonAuth
0x0000000003cc9000 	/System/Library/Frameworks/OpenDirectory.framework/Versions/A/Frameworks/CFOpenDirectory.framework/Versions/A/CFOpenDirectory
0x0000000003cc9000 	/System/Library/Frameworks/SecurityFoundation.framework/Versions/A/SecurityFoundation
0x0000000003cc9000 	/System/Library/PrivateFrameworks/LanguageModeling.framework/Versions/A/LanguageModeling
0x0000000003cc9000 	/usr/lib/libcmph.dylib
0x0000000003cc9000 	/System/Library/Frameworks/ServiceManagement.framework/Versions/A/ServiceManagement
0x0000000003cc9000 	/usr/lib/libxslt.1.dylib
0x0000000003cc9000 	/System/Library/Frameworks/Carbon.framework/Versions/A/Frameworks/Ink.framework/Versions/A/Ink
0x0000000003cc9000 	/System/Library/Frameworks/QuartzCore.framework/Versions/A/Frameworks/CoreImage.framework/Versions/A/CoreImage
0x0000000003cc9000 	/System/Library/PrivateFrameworks/CrashReporterSupport.framework/Versions/A/CrashReporterSupport
0x0000000003cc9000 	/System/Library/Frameworks/OpenCL.framework/Versions/A/OpenCL
0x0000000003cc9000 	/System/Library/PrivateFrameworks/FaceCore.framework/Versions/A/FaceCore
0x000000010e2c9000 	/System/Library/PrivateFrameworks/DesktopServicesPriv.framework/Versions/A_/DesktopServicesPriv
0x0000000003cc9000 	/System/Library/PrivateFrameworks/Ubiquity.framework/Versions/A/Ubiquity
0x0000000003cc9000 	/System/Library/PrivateFrameworks/IconServices.framework/Versions/A/IconServices
0x0000000003cc9000 	/System/Library/PrivateFrameworks/ChunkingLibrary.framework/Versions/A/ChunkingLibrary
0x0000000003cc9000 	/System/Library/PrivateFrameworks/Apple80211.framework/Versions/A/Apple80211
0x0000000003cc9000 	/System/Library/Frameworks/CoreWLAN.framework/Versions/A/CoreWLAN
0x0000000003cc9000 	/System/Library/Frameworks/IOBluetooth.framework/Versions/A/IOBluetooth
0x0000000003cc9000 	/System/Library/PrivateFrameworks/CoreWiFi.framework/Versions/A/CoreWiFi
0x0000000003cc9000 	/System/Library/Frameworks/CoreBluetooth.framework/Versions/A/CoreBluetooth
0x0000000003cc9000 	/System/Library/PrivateFrameworks/DebugSymbols.framework/Versions/A/DebugSymbols
0x0000000003cc9000 	/System/Library/PrivateFrameworks/CoreSymbolication.framework/Versions/A/CoreSymbolication
0x0000000003cc9000 	/System/Library/PrivateFrameworks/Symbolication.framework/Versions/A/Symbolication
0x0000000003cc9000 	/System/Library/PrivateFrameworks/SpeechRecognitionCore.framework/Versions/A/SpeechRecognitionCore
0x000000010ee00000 	/Library/Java/JavaVirtualMachines/jdk1.8.0_60.jdk/Contents/Home/jre/lib/server/libjvm.dylib
0x0000000003cc9000 	/usr/lib/libstdc++.6.dylib
0x000000010e556000 	/Library/Java/JavaVirtualMachines/jdk1.8.0_60.jdk/Contents/Home/jre/lib/libverify.dylib
0x000000010e564000 	/Library/Java/JavaVirtualMachines/jdk1.8.0_60.jdk/Contents/Home/jre/lib/libjava.dylib
0x000000010e5a2000 	/Library/Java/JavaVirtualMachines/jdk1.8.0_60.jdk/Contents/Home/jre/lib/libzip.dylib
0x0000000125eb3000 	/System/Library/Frameworks/JavaVM.framework/Frameworks/JavaRuntimeSupport.framework/JavaRuntimeSupport
0x0000000125ece000 	/System/Library/Frameworks/JavaVM.framework/Versions/A/Frameworks/JavaNativeFoundation.framework/Versions/A/JavaNativeFoundation
0x0000000125ee3000 	/System/Library/Frameworks/JavaVM.framework/Versions/A/JavaVM
0x0000000003cc9000 	/System/Library/Frameworks/Carbon.framework/Versions/A/Carbon
0x0000000125ef0000 	/System/Library/PrivateFrameworks/JavaLaunching.framework/Versions/A/JavaLaunching
0x0000000003cc9000 	/System/Library/Frameworks/Carbon.framework/Versions/A/Frameworks/CommonPanels.framework/Versions/A/CommonPanels
0x0000000003cc9000 	/System/Library/Frameworks/Carbon.framework/Versions/A/Frameworks/Help.framework/Versions/A/Help
0x0000000003cc9000 	/System/Library/Frameworks/Carbon.framework/Versions/A/Frameworks/ImageCapture.framework/Versions/A/ImageCapture
0x0000000003cc9000 	/System/Library/Frameworks/Carbon.framework/Versions/A/Frameworks/OpenScripting.framework/Versions/A/OpenScripting
0x0000000003cc9000 	/System/Library/Frameworks/Carbon.framework/Versions/A/Frameworks/Print.framework/Versions/A/Print
0x0000000003cc9000 	/System/Library/Frameworks/Carbon.framework/Versions/A/Frameworks/SecurityHI.framework/Versions/A/SecurityHI
0x0000000127e3c000 	/Library/Java/JavaVirtualMachines/jdk1.8.0_60.jdk/Contents/Home/jre/lib/libawt.dylib
0x0000000127ee4000 	/Library/Java/JavaVirtualMachines/jdk1.8.0_60.jdk/Contents/Home/jre/lib/./libmlib_image.dylib
0x0000000127fb0000 	/Library/Java/JavaVirtualMachines/jdk1.8.0_60.jdk/Contents/Home/jre/lib/libawt_lwawt.dylib
0x0000000128065000 	/Library/Java/JavaVirtualMachines/jdk1.8.0_60.jdk/Contents/Home/jre/lib/./libosxapp.dylib
0x0000000003cc9000 	/System/Library/Frameworks/ExceptionHandling.framework/Versions/A/ExceptionHandling
0x0000000003cc9000 	/System/Library/PrivateFrameworks/CoreServicesInternal.framework/Versions/A/CoreServicesInternal
0x0000000003cc9000 	/System/Library/PrivateFrameworks/CloudDocs.framework/Versions/A/CloudDocs
0x0000000003cc9000 	/System/Library/PrivateFrameworks/CoreDuet.framework/Versions/A/CoreDuet
0x0000000003cc9000 	/System/Library/Frameworks/CloudKit.framework/Versions/A/CloudKit
0x0000000003cc9000 	/System/Library/PrivateFrameworks/ProtocolBuffer.framework/Versions/A/ProtocolBuffer
0x0000000003cc9000 	/System/Library/PrivateFrameworks/CoreDuetDaemonProtocol.framework/Versions/A/CoreDuetDaemonProtocol
0x0000000003cc9000 	/System/Library/PrivateFrameworks/CoreDuetDebugLogging.framework/Versions/A/CoreDuetDebugLogging
0x0000000003cc9000 	/System/Library/PrivateFrameworks/MMCS.framework/Versions/A/MMCS
0x0000000003cc9000 	/System/Library/Frameworks/CoreLocation.framework/Versions/A/CoreLocation
0x0000000003cc9000 	/System/Library/PrivateFrameworks/ProtectedCloudStorage.framework/Versions/A/ProtectedCloudStorage
0x0000000003cc9000 	/System/Library/PrivateFrameworks/GeoServices.framework/Versions/A/GeoServices
0x0000000003cc9000 	/System/Library/Frameworks/CoreGraphics.framework/Versions/A/Resources/libCGCMS.A.dylib
0x0000000003cc9000 	/System/Library/Frameworks/CoreGraphics.framework/Versions/A/Resources/libRIP.A.dylib
0x0000000003cc9000 	/System/Library/Frameworks/CoreGraphics.framework/Versions/A/Resources/libCGXType.A.dylib
0x0000000003cc9000 	/System/Library/Frameworks/OpenCL.framework/Versions/A/Libraries/libcldcpuengine.dylib
0x0000000003cc9000 	/System/Library/PrivateFrameworks/DiskImages.framework/Versions/A/DiskImages
0x0000000003cc9000 	/System/Library/Frameworks/DiscRecording.framework/Versions/A/DiscRecording
0x0000000003cc9000 	/usr/lib/libcsfde.dylib
0x0000000003cc9000 	/usr/lib/libcurl.4.dylib
0x0000000003cc9000 	/System/Library/PrivateFrameworks/MediaKit.framework/Versions/A/MediaKit
0x0000000003cc9000 	/usr/lib/libCoreStorage.dylib
0x0000000003cc9000 	/System/Library/PrivateFrameworks/EFILogin.framework/Versions/A/EFILogin
0x0000000003cc9000 	/usr/lib/libutil.dylib
0x0000000003cc9000 	/System/Library/PrivateFrameworks/FindMyDevice.framework/Versions/A/FindMyDevice
0x0000000003cc9000 	/System/Library/Frameworks/LDAP.framework/Versions/A/LDAP
0x0000000003cc9000 	/usr/lib/libsasl2.2.dylib
0x0000000003cc9000 	/System/Library/PrivateFrameworks/CoreDaemon.framework/Versions/B/CoreDaemon
0x0000000003cc9000 	/usr/lib/libcrypto.0.9.8.dylib
0x0000000003cc9000 	/System/Library/PrivateFrameworks/AppleSRP.framework/Versions/A/AppleSRP
0x0000000003cc9000 	/System/Library/PrivateFrameworks/TrustEvaluationAgent.framework/Versions/A/TrustEvaluationAgent
0x000000012b29d000 	cl_kernels
0x000000012b29f000 	/System/Library/Frameworks/OpenCL.framework/Versions/A/Libraries/ImageFormats/unorm8_bgra.dylib
0x000000012b28f000 	cl_kernels
0x0000000003cc9000 	/System/Library/PrivateFrameworks/FamilyControls.framework/Versions/A/FamilyControls
0x0000000003cc9000 	/System/Library/PrivateFrameworks/CommerceKit.framework/Versions/A/Frameworks/CommerceCore.framework/Versions/A/CommerceCore
0x0000000003cc9000 	/System/Library/PrivateFrameworks/SystemAdministration.framework/Versions/A/SystemAdministration
0x0000000003cc9000 	/System/Library/PrivateFrameworks/AppContainer.framework/Versions/A/AppContainer
0x0000000003cc9000 	/System/Library/PrivateFrameworks/SecCodeWrapper.framework/Versions/A/SecCodeWrapper
0x0000000003cc9000 	/System/Library/Frameworks/DirectoryService.framework/Versions/A/DirectoryService
0x0000000003cc9000 	/System/Library/PrivateFrameworks/LoginUIKit.framework/Versions/A/Frameworks/LoginUICore.framework/Versions/A/LoginUICore
0x0000000003cc9000 	/usr/lib/libodfde.dylib
0x000000012c523000 	/Library/Java/JavaVirtualMachines/jdk1.8.0_60.jdk/Contents/Home/jre/lib/libfontmanager.dylib
0x000000012c58a000 	/Users/Vincent/Documents/workspace/Dead's Mirror Slick/lib/native/macosx/liblwjgl.dylib
0x000000012a71a000 	/Library/Java/JavaVirtualMachines/jdk1.8.0_60.jdk/Contents/Home/jre/lib/libjawt.dylib
0x0000000003cc9000 	/System/Library/Frameworks/OpenGL.framework/Versions/A/Resources/GLEngine.bundle/GLEngine
0x0000000003cc9000 	/System/Library/Frameworks/OpenGL.framework/Versions/A/Libraries/libGLProgrammability.dylib
0x000000012c60c000 	/System/Library/Extensions/AppleIntelBDWGraphicsGLDriver.bundle/Contents/MacOS/AppleIntelBDWGraphicsGLDriver
0x0000000003cc9000 	/System/Library/PrivateFrameworks/IOAccelerator.framework/Versions/A/IOAccelerator
0x0000000003cc9000 	/System/Library/PrivateFrameworks/GPUSupport.framework/Versions/A/Libraries/libGPUSupportMercury.dylib
0x0000000003cc9000 	/System/Library/Frameworks/OpenGL.framework/Versions/A/Resources/GLRendererFloat.bundle/GLRendererFloat
0x000000012e578000 	/Library/Java/JavaVirtualMachines/jdk1.8.0_60.jdk/Contents/Home/jre/lib/libnet.dylib
0x000000012e772000 	/Library/Java/JavaVirtualMachines/jdk1.8.0_60.jdk/Contents/Home/jre/lib/libnio.dylib
0x0000000003cc9000 	/System/Library/Frameworks/ApplicationServices.framework/Versions/A/Frameworks/ATS.framework/Versions/A/Resources/libTrueTypeScaler.dylib
0x000000017a4b7000 	/Library/Java/JavaVirtualMachines/jdk1.8.0_60.jdk/Contents/Home/jre/lib/libt2k.dylib
0x000000017a604000 	/Library/Java/JavaVirtualMachines/jdk1.8.0_60.jdk/Contents/Home/jre/lib/libjpeg.dylib
0x000000017a9b1000 	/Users/Vincent/Documents/workspace/Dead's Mirror Slick/lib/native/macosx/openal.dylib
0x000000017aa20000 	/System/Library/Components/CoreAudio.component/Contents/MacOS/CoreAudio
0x000000012cd17000 	/System/Library/Extensions/AppleHDA.kext/Contents/PlugIns/AppleHDAHALPlugIn.bundle/Contents/MacOS/AppleHDAHALPlugIn

VM Arguments:
jvm_args: -Djava.library.path=/Users/Vincent/Documents/workspace/Dead's Mirror Slick/lib/native/macosx -Dfile.encoding=UTF-8 
java_command: Principal.StateGame
java_class_path (initial): /Users/Vincent/Documents/workspace/Dead's Mirror Slick/bin:/Users/Vincent/Documents/workspace/Dead's Mirror Slick/lib/jar/lwjgl.jar:/Users/Vincent/Documents/workspace/Dead's Mirror Slick/lib/jar/slick.jar:/Users/Vincent/Documents/workspace/Dead's Mirror Slick/lib/jar/jogg-0.0.7.jar:/Users/Vincent/Documents/workspace/Dead's Mirror Slick/lib/jar/jorbis-0.0.15.jar:/Users/Vincent/Documents/workspace/Dead's Mirror Slick/lib/jar/lwjgl_util.jar:/Users/Vincent/Documents/workspace/Dead's Mirror Slick/lib/jar/slick-util.jar:/Users/Vincent/Documents/workspace/Dead's Mirror Slick/lib/jar/SlickUtils-1.3.jar
Launcher Type: SUN_STANDARD

Environment Variables:
PATH=/usr/bin:/bin:/usr/sbin:/sbin
SHELL=/bin/bash

Signal Handlers:
SIGSEGV: [libjvm.dylib+0x5a6d31], sa_mask[0]=11111111011111110111111111111111, sa_flags=SA_ONSTACK|SA_RESTART|SA_SIGINFO
SIGBUS: [libjvm.dylib+0x5a6d31], sa_mask[0]=11111111011111110111111111111111, sa_flags=SA_RESTART|SA_SIGINFO
SIGFPE: [libjvm.dylib+0x480a4c], sa_mask[0]=11111111011111110111111111111111, sa_flags=SA_RESTART|SA_SIGINFO
SIGPIPE: [libjvm.dylib+0x480a4c], sa_mask[0]=11111111011111110111111111111111, sa_flags=SA_RESTART|SA_SIGINFO
SIGXFSZ: [libjvm.dylib+0x480a4c], sa_mask[0]=11111111011111110111111111111111, sa_flags=SA_RESTART|SA_SIGINFO
SIGILL: [libjvm.dylib+0x480a4c], sa_mask[0]=11111111011111110111111111111111, sa_flags=SA_RESTART|SA_SIGINFO
SIGUSR1: SIG_DFL, sa_mask[0]=00000000000000000000000000000000, sa_flags=none
SIGUSR2: [libjvm.dylib+0x48056a], sa_mask[0]=00100000000000000000000000000000, sa_flags=SA_RESTART|SA_SIGINFO
SIGHUP: [libjvm.dylib+0x47eb41], sa_mask[0]=11111111011111110111111111111111, sa_flags=SA_RESTART|SA_SIGINFO
SIGINT: [libjvm.dylib+0x47eb41], sa_mask[0]=11111111011111110111111111111111, sa_flags=SA_RESTART|SA_SIGINFO
SIGTERM: [libjvm.dylib+0x47eb41], sa_mask[0]=11111111011111110111111111111111, sa_flags=SA_RESTART|SA_SIGINFO
SIGQUIT: [libjvm.dylib+0x47eb41], sa_mask[0]=11111111011111110111111111111111, sa_flags=SA_RESTART|SA_SIGINFO


---------------  S Y S T E M  ---------------

OS:Bsduname:Darwin 14.5.0 Darwin Kernel Version 14.5.0: Wed Jul 29 02:26:53 PDT 2015; root:xnu-2782.40.9~1/RELEASE_X86_64 x86_64
rlimit: STACK 8192k, CORE 0k, NPROC 709, NOFILE 10240, AS infinity
load average:2.45 2.48 2.63

CPU:total 4 (2 cores per cpu, 2 threads per core) family 6 model 61 stepping 4, cmov, cx8, fxsr, mmx, sse, sse2, sse3, ssse3, sse4.1, sse4.2, popcnt, avx, avx2, aes, clmul, erms, 3dnowpref, lzcnt, ht, tsc, tscinvbit, bmi1, bmi2, adx

Memory: 4k page, physical 8388608k(195920k free)

/proc/meminfo:


vm_info: Java HotSpot(TM) 64-Bit Server VM (25.60-b23) for bsd-amd64 JRE (1.8.0_60-b27), built on Aug  4 2015 10:47:24 by "java_re" with gcc 4.2.1 (Based on Apple Inc. build 5658) (LLVM build 2336.11.00)

time: Sun Jan 31 00:51:38 2016
elapsed time: 49 seconds (0d 0h 0m 49s)

