#
# A fatal error has been detected by the Java Runtime Environment:
#
#  SIGSEGV (0xb) at pc=0x00007fff96f0d8f2, pid=1430, tid=1811
#
# JRE version: Java(TM) SE Runtime Environment (8.0_60-b27) (build 1.8.0_60-b27)
# Java VM: Java HotSpot(TM) 64-Bit Server VM (25.60-b23 mixed mode bsd-amd64 compressed oops)
# Problematic frame:
# C  [libGPUSupportMercury.dylib+0xb8f2]  gldAttachDrawable+0x60
#
# Failed to write core dump. Core dumps have been disabled. To enable core dumping, try "ulimit -c unlimited" before starting Java again
#
# If you would like to submit a bug report, please visit:
#   http://bugreport.java.com/bugreport/crash.jsp
# The crash happened outside the Java Virtual Machine in native code.
# See problematic frame for where to report the bug.
#

---------------  T H R E A D  ---------------

Current thread (0x00007fc173054000):  JavaThread "AppKit Thread" daemon [_thread_in_native, id=1811, stack(0x00007fff5bcbf000,0x00007fff5c4bf000)]

siginfo: si_signo: 11 (SIGSEGV), si_code: 0 (unknown), si_addr: 0x0000000000000000

Registers:
RAX=0x6000000000000000, RBX=0x000000000000271e, RCX=0x0000000000000000, RDX=0x00007fc177420f78
RSP=0x00007fff5c4b88b0, RBP=0x00007fff5c4b89b0, RSI=0x0000000000000050, RDI=0x00007fff7c78a070
R8 =0x00007fc175809e60, R9 =0x00007fc175000000, R10=0x000000000000003c, R11=0x0000000000000206
R12=0x0000000000002718, R13=0x00007fc172902a00, R14=0x0000000000000050, R15=0x0000000000000000
RIP=0x00007fff96f0d8f2, EFLAGS=0x0000000000010212, ERR=0x0000000000000000
  TRAPNO=0x000000000000000d

Top of Stack: (sp=0x00007fff5c4b88b0)
0x00007fff5c4b88b0:   00007fff5c4b8924 00007fc1724525e0
0x00007fff5c4b88c0:   ffffffffffffffff 0000206000000040
0x00007fff5c4b88d0:   00007fc1724525f8 00007fff96f9564f
0x00007fff5c4b88e0:   0000000000000000 6000000000000000
0x00007fff5c4b88f0:   0000000300000003 00007fff5c4b8a38
0x00007fff5c4b8900:   00007fff5c4b89c4 000000000002b663
0x00007fff5c4b8910:   00007fff5c4b89bc 00007fff5c4b89c0
0x00007fff5c4b8920:   00007fff5c4b89a0 00007fff9154b299
0x00007fff5c4b8930:   0000000000000000 000000000000075e
0x00007fff5c4b8940:   0000003400001200 0000040b00000000
0x00007fff5c4b8950:   00007fff5c4b8980 00007fff914e4a9a
0x00007fff5c4b8960:   00007fff5c4b89f8 000000000000075e
0x00007fff5c4b8970:   00007fff5c4b89b0 00000000316f4e18
0x00007fff5c4b8980:   f100f851893dd6a0 00007fc175800000
0x00007fff5c4b8990:   0000000000002718 0000000000000000
0x00007fff5c4b89a0:   0000000000000050 0000000000000000
0x00007fff5c4b89b0:   00007fff5c4b8a00 00007fff95ca47e8
0x00007fff5c4b89c0:   00007fc175809e60 0000000000000000
0x00007fff5c4b89d0:   00007fc177420f78 00007fc172458530
0x00007fff5c4b89e0:   0000000000000000 00007fc17408fd50
0x00007fff5c4b89f0:   00007fc17408de00 00007fff7c78a070
0x00007fff5c4b8a00:   00007fff5c4b8af0 00007fff8f14b870
0x00007fff5c4b8a10:   4089000000000000 406e000000000000
0x00007fff5c4b8a20:   4053800000000000 4089000000000000
0x00007fff5c4b8a30:   4083700000000000 0000000000000000
0x00007fff5c4b8a40:   4036000000000000 4089000000000000
0x00007fff5c4b8a50:   4082c00000000000 0000000000000000
0x00007fff5c4b8a60:   0000000000000000 0000000000000001
0x00007fff5c4b8a70:   00007fc177420f78 0000000000000001
0x00007fff5c4b8a80:   00007fff5c4b8af0 00007fff8f15066b
0x00007fff5c4b8a90:   0000000100000003 00007fc17408fd50
0x00007fff5c4b8aa0:   00007fc17408fc88 000000029821ffff 

Instructions: (pc=0x00007fff96f0d8f2)
0x00007fff96f0d8d2:   48 85 d2 b8 01 00 00 00 bb 15 27 00 00 0f 44 d8
0x00007fff96f0d8e2:   e9 7f 01 00 00 49 8b 45 08 48 89 85 38 ff ff ff
0x00007fff96f0d8f2:   48 8b 00 48 89 85 30 ff ff ff 83 fe 4f 0f 8f fd
0x00007fff96f0d902:   00 00 00 48 89 d0 bb 15 27 00 00 83 fe 35 0f 84 

Register to memory mapping:

RAX=0x6000000000000000 is an unknown value
RBX=0x000000000000271e is an unknown value
RCX=0x0000000000000000 is an unknown value
RDX=0x00007fc177420f78 is an unknown value
RSP=0x00007fff5c4b88b0 is pointing into the stack for thread: 0x00007fc173054000
RBP=0x00007fff5c4b89b0 is pointing into the stack for thread: 0x00007fc173054000
RSI=0x0000000000000050 is an unknown value
RDI=0x00007fff7c78a070: __stack_chk_guard+0 in /usr/lib/system/libsystem_c.dylib at 0x00007fff8cce7000
R8 =0x00007fc175809e60 is an unknown value
R9 =0x00007fc175000000 is an unknown value
R10=0x000000000000003c is an unknown value
R11=0x0000000000000206 is an unknown value
R12=0x0000000000002718 is an unknown value
R13=0x00007fc172902a00 is an unknown value
R14=0x0000000000000050 is an unknown value
R15=0x0000000000000000 is an unknown value


Stack: [0x00007fff5bcbf000,0x00007fff5c4bf000],  sp=0x00007fff5c4b88b0,  free space=8166k
Native frames: (J=compiled Java code, j=interpreted, Vv=VM code, C=native code)
C  [libGPUSupportMercury.dylib+0xb8f2]  gldAttachDrawable+0x60
C  [GLEngine+0x167e8]  gliAttachDrawableWithOptions+0x101
C  [OpenGL+0x3870]  glcGetIOAccelService+0xe03
C  [OpenGL+0x7412]  CGLSetPBuffer+0xb90
C  [OpenGL+0x7735]  CGLSetSurface+0x124
C  [AppKit+0x332c34]  NSOpenGLContextAttachOnScreenViewSurface+0x109
C  [AppKit+0x31db7c]  -[NSOpenGLContext setView:]+0x83
C  [liblwjgl.dylib+0xa586]  -[MacOSXOpenGLView lockFocus]+0x76
C  [AppKit+0xe1f45]  -[NSView _recursiveDisplayRectIfNeededIgnoringOpacity:isVisibleRect:rectIsVisibleRectForView:topView:]+0x740
C  [AppKit+0xe2fa0]  -[NSView _recursiveDisplayRectIfNeededIgnoringOpacity:isVisibleRect:rectIsVisibleRectForView:topView:]+0x179b
C  [AppKit+0xe12f3]  -[NSThemeFrame _recursiveDisplayRectIfNeededIgnoringOpacity:isVisibleRect:rectIsVisibleRectForView:topView:]+0x14d
C  [AppKit+0xdd68b]  -[NSView _displayRectIgnoringOpacity:isVisibleRect:rectIsVisibleRectForView:]+0xac9
C  [AppKit+0x951ae]  -[NSView displayIfNeeded]+0x754
C  [AppKit+0x94a09]  -[NSWindow displayIfNeeded]+0xec
C  [AppKit+0x94672]  _handleWindowNeedsDisplayOrLayoutOrUpdateConstraints+0x3a8
C  [Foundation+0x4ba23]  __NSFireTimer+0x5f
C  [CoreFoundation+0xb72e4]  __CFRUNLOOP_IS_CALLING_OUT_TO_A_TIMER_CALLBACK_FUNCTION__+0x14
C  [CoreFoundation+0xb6f73]  __CFRunLoopDoTimer+0x423
C  [CoreFoundation+0x12a53d]  __CFRunLoopDoTimers+0x12d
C  [CoreFoundation+0x72608]  __CFRunLoopRun+0x7e8
C  [CoreFoundation+0x71bd8]  CFRunLoopRunSpecific+0x128
C  [HIToolbox+0x3256f]  RunCurrentEventLoopInMode+0xeb
C  [HIToolbox+0x322ea]  ReceiveNextEventCommon+0x1af
C  [HIToolbox+0x3212b]  _BlockUntilNextEventMatchingListInModeWithFilter+0x47
C  [AppKit+0x918ab]  _DPSNextEvent+0x3d2
C  [AppKit+0x90e58]  -[NSApplication nextEventMatchingMask:untilDate:inMode:dequeue:]+0x15a
C  [libosxapp.dylib+0x23aa]  -[NSApplicationAWT nextEventMatchingMask:untilDate:inMode:dequeue:]+0x7c
C  [AppKit+0x86af3]  -[NSApplication run]+0x252
C  [libosxapp.dylib+0x214d]  +[NSApplicationAWT runAWTLoopWithApp:]+0x9c
C  [libawt_lwawt.dylib+0x44517]  -[AWTStarter starter:]+0x389
C  [Foundation+0x92dd0]  __NSThreadPerformPerform+0x125
C  [CoreFoundation+0x80a01]  __CFRUNLOOP_IS_CALLING_OUT_TO_A_SOURCE0_PERFORM_FUNCTION__+0x11
C  [CoreFoundation+0x72b8d]  __CFRunLoopDoSources0+0x10d
C  [CoreFoundation+0x721bf]  __CFRunLoopRun+0x39f
C  [CoreFoundation+0x71bd8]  CFRunLoopRunSpecific+0x128
C  [java+0x6463]  CreateExecutionEnvironment+0x367
C  [java+0x21ac]  JLI_Launch+0x7a0
C  [java+0x84c0]  main+0x65
C  [java+0x1a04]  start+0x34
C  0x0000000000000006


---------------  P R O C E S S  ---------------

Java Threads: ( => current thread )
  0x00007fc173d13000 JavaThread "AWT-Shutdown" [_thread_blocked, id=12347, stack(0x000000017013f000,0x000000017023f000)]
  0x00007fc1740aa000 JavaThread "Java2D Disposer" daemon [_thread_blocked, id=50971, stack(0x0000000123748000,0x0000000123848000)]
  0x00007fc173195000 JavaThread "Java2D Queue Flusher" daemon [_thread_blocked, id=50735, stack(0x0000000122e21000,0x0000000122f21000)]
=>0x00007fc173054000 JavaThread "AppKit Thread" daemon [_thread_in_native, id=1811, stack(0x00007fff5bcbf000,0x00007fff5c4bf000)]
  0x00007fc173863800 JavaThread "Service Thread" daemon [_thread_blocked, id=18179, stack(0x000000011cee3000,0x000000011cfe3000)]
  0x00007fc173047000 JavaThread "C1 CompilerThread2" daemon [_thread_blocked, id=17667, stack(0x000000011cde0000,0x000000011cee0000)]
  0x00007fc173046800 JavaThread "C2 CompilerThread1" daemon [_thread_blocked, id=17155, stack(0x000000011ccdd000,0x000000011cddd000)]
  0x00007fc173045000 JavaThread "C2 CompilerThread0" daemon [_thread_blocked, id=16643, stack(0x000000011cbda000,0x000000011ccda000)]
  0x00007fc173044000 JavaThread "Signal Dispatcher" daemon [_thread_blocked, id=12567, stack(0x000000011cad7000,0x000000011cbd7000)]
  0x00007fc173840800 JavaThread "Finalizer" daemon [_thread_blocked, id=11523, stack(0x000000011b0af000,0x000000011b1af000)]
  0x00007fc173840000 JavaThread "Reference Handler" daemon [_thread_blocked, id=11011, stack(0x000000011afac000,0x000000011b0ac000)]
  0x00007fc173807800 JavaThread "main" [_thread_in_native, id=4867, stack(0x0000000103858000,0x0000000103958000)]

Other Threads:
  0x00007fc17383d800 VMThread [stack: 0x000000011aea9000,0x000000011afa9000] [id=10499]
  0x00007fc173836800 WatcherThread [stack: 0x000000011cfe6000,0x000000011d0e6000] [id=18691]

VM state:not at safepoint (normal execution)

VM Mutex/Monitor currently owned by a thread: None

Heap:
 PSYoungGen      total 43008K, used 12771K [0x0000000795580000, 0x0000000799700000, 0x00000007c0000000)
  eden space 33280K, 36% used [0x0000000795580000,0x0000000796150c28,0x0000000797600000)
  from space 9728K, 6% used [0x0000000797600000,0x00000007976a8000,0x0000000797f80000)
  to   space 10752K, 0% used [0x0000000798c80000,0x0000000798c80000,0x0000000799700000)
 ParOldGen       total 165376K, used 150370K [0x0000000740000000, 0x000000074a180000, 0x0000000795580000)
  object space 165376K, 90% used [0x0000000740000000,0x00000007492d8b60,0x000000074a180000)
 Metaspace       used 12679K, capacity 12801K, committed 12928K, reserved 1060864K
  class space    used 1312K, capacity 1375K, committed 1408K, reserved 1048576K

Card table byte_map: [0x0000000114549000,0x000000011494a000] byte_map_base: 0x0000000110b49000

Marking Bits: (ParMarkBitMap*) 0x0000000104adee20
 Begin Bits: [0x0000000115001000, 0x0000000117001000)
 End Bits:   [0x0000000117001000, 0x0000000119001000)

Polling page: 0x000000010399d000

CodeCache: size=245760Kb used=6642Kb max_used=6670Kb free=239117Kb
 bounds [0x0000000105189000, 0x0000000105819000, 0x0000000114189000]
 total_blobs=2190 nmethods=1619 adapters=484
 compilation: enabled

Compilation events (10 events):
Event: 32.413 Thread 0x00007fc173046800 1722       4       package1.Chargement::update (29 bytes)
Event: 32.414 Thread 0x00007fc173046800 nmethod 1722 0x00000001053eab90 code [0x00000001053eace0, 0x00000001053ead58]
Event: 33.033 Thread 0x00007fc173047000 1723       3       java.lang.Object::wait (6 bytes)
Event: 33.034 Thread 0x00007fc173047000 nmethod 1723 0x000000010531cc90 code [0x000000010531ce00, 0x000000010531d008]
Event: 33.288 Thread 0x00007fc173047000 1724       3       sun.awt.AWTAutoShutdown::notifyToolkitThreadBusy (8 bytes)
Event: 33.288 Thread 0x00007fc173047000 nmethod 1724 0x00000001053a9590 code [0x00000001053a9700, 0x00000001053a98c8]
Event: 33.289 Thread 0x00007fc173047000 1725       3       sun.awt.AWTAutoShutdown::notifyToolkitThreadFree (8 bytes)
Event: 33.289 Thread 0x00007fc173047000 nmethod 1725 0x00000001053c5c90 code [0x00000001053c5e00, 0x00000001053c5fc8]
Event: 33.771 Thread 0x00007fc173047000 1726   !   3       org.lwjgl.opengl.Display::processMessages (44 bytes)
Event: 33.772 Thread 0x00007fc173047000 nmethod 1726 0x000000010534df50 code [0x000000010534e1e0, 0x000000010534f1e8]

GC Heap History (10 events):
Event: 7.696 GC heap before
{Heap before GC invocations=5 (full 0):
 PSYoungGen      total 38400K, used 36603K [0x0000000795580000, 0x0000000798000000, 0x00000007c0000000)
  eden space 33280K, 100% used [0x0000000795580000,0x0000000797600000,0x0000000797600000)
  from space 5120K, 64% used [0x0000000797b00000,0x0000000797e3ec80,0x0000000798000000)
  to   space 5120K, 0% used [0x0000000797600000,0x0000000797600000,0x0000000797b00000)
 ParOldGen       total 153600K, used 142198K [0x0000000740000000, 0x0000000749600000, 0x0000000795580000)
  object space 153600K, 92% used [0x0000000740000000,0x0000000748addb90,0x0000000749600000)
 Metaspace       used 12311K, capacity 12481K, committed 12672K, reserved 1060864K
  class space    used 1299K, capacity 1375K, committed 1408K, reserved 1048576K
Event: 7.704 GC heap after
Heap after GC invocations=5 (full 0):
 PSYoungGen      total 37888K, used 5106K [0x0000000795580000, 0x0000000798980000, 0x00000007c0000000)
  eden space 32768K, 0% used [0x0000000795580000,0x0000000795580000,0x0000000797580000)
  from space 5120K, 99% used [0x0000000797600000,0x0000000797afc910,0x0000000797b00000)
  to   space 10240K, 0% used [0x0000000797f80000,0x0000000797f80000,0x0000000798980000)
 ParOldGen       total 153600K, used 144463K [0x0000000740000000, 0x0000000749600000, 0x0000000795580000)
  object space 153600K, 94% used [0x0000000740000000,0x0000000748d13c30,0x0000000749600000)
 Metaspace       used 12311K, capacity 12481K, committed 12672K, reserved 1060864K
  class space    used 1299K, capacity 1375K, committed 1408K, reserved 1048576K
}
Event: 7.705 GC heap before
{Heap before GC invocations=6 (full 1):
 PSYoungGen      total 37888K, used 5106K [0x0000000795580000, 0x0000000798980000, 0x00000007c0000000)
  eden space 32768K, 0% used [0x0000000795580000,0x0000000795580000,0x0000000797580000)
  from space 5120K, 99% used [0x0000000797600000,0x0000000797afc910,0x0000000797b00000)
  to   space 10240K, 0% used [0x0000000797f80000,0x0000000797f80000,0x0000000798980000)
 ParOldGen       total 153600K, used 144463K [0x0000000740000000, 0x0000000749600000, 0x0000000795580000)
  object space 153600K, 94% used [0x0000000740000000,0x0000000748d13c30,0x0000000749600000)
 Metaspace       used 12311K, capacity 12481K, committed 12672K, reserved 1060864K
  class space    used 1299K, capacity 1375K, committed 1408K, reserved 1048576K
Event: 7.743 GC heap after
Heap after GC invocations=6 (full 1):
 PSYoungGen      total 37888K, used 0K [0x0000000795580000, 0x0000000798980000, 0x00000007c0000000)
  eden space 32768K, 0% used [0x0000000795580000,0x0000000795580000,0x0000000797580000)
  from space 5120K, 0% used [0x0000000797600000,0x0000000797600000,0x0000000797b00000)
  to   space 10240K, 0% used [0x0000000797f80000,0x0000000797f80000,0x0000000798980000)
 ParOldGen       total 69632K, used 8954K [0x0000000740000000, 0x0000000744400000, 0x0000000795580000)
  object space 69632K, 12% used [0x0000000740000000,0x00000007408bea30,0x0000000744400000)
 Metaspace       used 12311K, capacity 12481K, committed 12672K, reserved 1060864K
  class space    used 1299K, capacity 1375K, committed 1408K, reserved 1048576K
}
Event: 9.434 GC heap before
{Heap before GC invocations=7 (full 2):
 PSYoungGen      total 37888K, used 32768K [0x0000000795580000, 0x0000000798980000, 0x00000007c0000000)
  eden space 32768K, 100% used [0x0000000795580000,0x0000000797580000,0x0000000797580000)
  from space 5120K, 0% used [0x0000000797600000,0x0000000797600000,0x0000000797b00000)
  to   space 10240K, 0% used [0x0000000797f80000,0x0000000797f80000,0x0000000798980000)
 ParOldGen       total 100352K, used 88801K [0x0000000740000000, 0x0000000746200000, 0x0000000795580000)
  object space 100352K, 88% used [0x0000000740000000,0x00000007456b8460,0x0000000746200000)
 Metaspace       used 12329K, capacity 12481K, committed 12672K, reserved 1060864K
  class space    used 1303K, capacity 1375K, committed 1408K, reserved 1048576K
Event: 9.451 GC heap after
Heap after GC invocations=7 (full 2):
 PSYoungGen      total 37888K, used 0K [0x0000000795580000, 0x0000000798980000, 0x00000007c0000000)
  eden space 32768K, 0% used [0x0000000795580000,0x0000000795580000,0x0000000797580000)
  from space 5120K, 0% used [0x0000000797600000,0x0000000797600000,0x0000000797b00000)
  to   space 10240K, 0% used [0x0000000797f80000,0x0000000797f80000,0x0000000798980000)
 ParOldGen       total 99328K, used 12418K [0x0000000740000000, 0x0000000746100000, 0x0000000795580000)
  object space 99328K, 12% used [0x0000000740000000,0x0000000740c20bc0,0x0000000746100000)
 Metaspace       used 12329K, capacity 12481K, committed 12672K, reserved 1060864K
  class space    used 1303K, capacity 1375K, committed 1408K, reserved 1048576K
}
Event: 9.728 GC heap before
{Heap before GC invocations=8 (full 2):
 PSYoungGen      total 37888K, used 32099K [0x0000000795580000, 0x0000000798980000, 0x00000007c0000000)
  eden space 32768K, 97% used [0x0000000795580000,0x00000007974d8eb8,0x0000000797580000)
  from space 5120K, 0% used [0x0000000797600000,0x0000000797600000,0x0000000797b00000)
  to   space 10240K, 0% used [0x0000000797f80000,0x0000000797f80000,0x0000000798980000)
 ParOldGen       total 99328K, used 12418K [0x0000000740000000, 0x0000000746100000, 0x0000000795580000)
  object space 99328K, 12% used [0x0000000740000000,0x0000000740c20bc0,0x0000000746100000)
 Metaspace       used 12449K, capacity 12609K, committed 12928K, reserved 1060864K
  class space    used 1309K, capacity 1375K, committed 1408K, reserved 1048576K
Event: 9.731 GC heap after
Heap after GC invocations=8 (full 2):
 PSYoungGen      total 43520K, used 5028K [0x0000000795580000, 0x0000000799580000, 0x00000007c0000000)
  eden space 33280K, 0% used [0x0000000795580000,0x0000000795580000,0x0000000797600000)
  from space 10240K, 49% used [0x0000000797f80000,0x00000007984690b0,0x0000000798980000)
  to   space 9728K, 0% used [0x0000000797600000,0x0000000797600000,0x0000000797f80000)
 ParOldGen       total 99328K, used 12426K [0x0000000740000000, 0x0000000746100000, 0x0000000795580000)
  object space 99328K, 12% used [0x0000000740000000,0x0000000740c22bc0,0x0000000746100000)
 Metaspace       used 12449K, capacity 12609K, committed 12928K, reserved 1060864K
  class space    used 1309K, capacity 1375K, committed 1408K, reserved 1048576K
}
Event: 11.323 GC heap before
{Heap before GC invocations=9 (full 2):
 PSYoungGen      total 43520K, used 38308K [0x0000000795580000, 0x0000000799580000, 0x00000007c0000000)
  eden space 33280K, 100% used [0x0000000795580000,0x0000000797600000,0x0000000797600000)
  from space 10240K, 49% used [0x0000000797f80000,0x00000007984690b0,0x0000000798980000)
  to   space 9728K, 0% used [0x0000000797600000,0x0000000797600000,0x0000000797f80000)
 ParOldGen       total 165376K, used 150362K [0x0000000740000000, 0x000000074a180000, 0x0000000795580000)
  object space 165376K, 90% used [0x0000000740000000,0x00000007492d6b60,0x000000074a180000)
 Metaspace       used 12518K, capacity 12673K, committed 12928K, reserved 1060864K
  class space    used 1310K, capacity 1375K, committed 1408K, reserved 1048576K
Event: 11.326 GC heap after
Heap after GC invocations=9 (full 2):
 PSYoungGen      total 43008K, used 672K [0x0000000795580000, 0x0000000799700000, 0x00000007c0000000)
  eden space 33280K, 0% used [0x0000000795580000,0x0000000795580000,0x0000000797600000)
  from space 9728K, 6% used [0x0000000797600000,0x00000007976a8000,0x0000000797f80000)
  to   space 10752K, 0% used [0x0000000798c80000,0x0000000798c80000,0x0000000799700000)
 ParOldGen       total 165376K, used 150370K [0x0000000740000000, 0x000000074a180000, 0x0000000795580000)
  object space 165376K, 90% used [0x0000000740000000,0x00000007492d8b60,0x000000074a180000)
 Metaspace       used 12518K, capacity 12673K, committed 12928K, reserved 1060864K
  class space    used 1310K, capacity 1375K, committed 1408K, reserved 1048576K
}

Deoptimization events (10 events):
Event: 8.662 Thread 0x00007fc173807800 Uncommon trap: reason=unstable_if action=reinterpret pc=0x00000001056a03f0 method=org.newdawn.slick.openal.OggInputStream.readPCM()V @ 481
Event: 9.485 Thread 0x00007fc173807800 Uncommon trap: reason=unstable_if action=reinterpret pc=0x000000010562de48 method=org.newdawn.slick.openal.OggInputStream.readPCM()V @ 481
Event: 9.604 Thread 0x00007fc173807800 Uncommon trap: reason=unstable_if action=reinterpret pc=0x00000001055ff3a0 method=org.newdawn.slick.openal.WaveData.convertAudioBytes([BZ)Ljava/nio/ByteBuffer; @ 48
Event: 10.944 Thread 0x00007fc173807800 Uncommon trap: reason=unstable_if action=reinterpret pc=0x0000000105704024 method=java.nio.DirectByteBuffer.put([BII)Ljava/nio/ByteBuffer; @ 5
Event: 15.681 Thread 0x00007fc173807800 Uncommon trap: reason=bimorphic action=maybe_recompile pc=0x00000001054503e0 method=org.newdawn.slick.Input.poll(II)V @ 300
Event: 16.271 Thread 0x00007fc173807800 Uncommon trap: reason=bimorphic action=maybe_recompile pc=0x00000001054503e0 method=org.newdawn.slick.Input.poll(II)V @ 300
Event: 19.419 Thread 0x00007fc173807800 Uncommon trap: reason=bimorphic action=maybe_recompile pc=0x00000001054503e0 method=org.newdawn.slick.Input.poll(II)V @ 300
Event: 21.082 Thread 0x00007fc173807800 Uncommon trap: reason=bimorphic action=maybe_recompile pc=0x00000001054503e0 method=org.newdawn.slick.Input.poll(II)V @ 300
Event: 33.409 Thread 0x00007fc173807800 Uncommon trap: reason=unstable_if action=reinterpret pc=0x0000000105805a98 method=org.lwjgl.opengl.MacOSXDisplay.update()V @ 86
Event: 34.568 Thread 0x00007fc173807800 Uncommon trap: reason=unstable_if action=reinterpret pc=0x000000010549cd4c method=org.newdawn.slick.AppGameContainer.gameLoop()V @ 60

Internal exceptions (10 events):
Event: 0.414 Thread 0x00007fc173807800 Exception <a 'java/lang/NoSuchFieldError': method resolution failed> (0x00000007959a7ba8) thrown at [/Users/java_re/workspace/8-2-build-macosx-x86_64/jdk8u60/4407/hotspot/src/share/vm/prims/methodHandles.cpp, line 1146]
Event: 0.740 Thread 0x00007fc173807800 Exception <a 'java/io/FileNotFoundException'> (0x0000000795a22a50) thrown at [/Users/java_re/workspace/8-2-build-macosx-x86_64/jdk8u60/4407/hotspot/src/share/vm/prims/jni.cpp, line 709]
Event: 0.740 Thread 0x00007fc173807800 Exception <a 'java/io/FileNotFoundException'> (0x0000000795a235a0) thrown at [/Users/java_re/workspace/8-2-build-macosx-x86_64/jdk8u60/4407/hotspot/src/share/vm/prims/jni.cpp, line 709]
Event: 1.188 Thread 0x00007fc173807800 Exception <a 'java/lang/NoClassDefFoundError': net/java/games/input/ControllerEnvironment> (0x0000000795f1b4c8) thrown at [/Users/java_re/workspace/8-2-build-macosx-x86_64/jdk8u60/4407/hotspot/src/share/vm/classfile/systemDictionary.cpp, line 199]
Event: 5.164 Thread 0x00007fc173807800 Exception <a 'java/security/PrivilegedActionException'> (0x0000000796b234d8) thrown at [/Users/java_re/workspace/8-2-build-macosx-x86_64/jdk8u60/4407/hotspot/src/share/vm/prims/jvm.cpp, line 1386]
Event: 5.164 Thread 0x00007fc173807800 Exception <a 'java/security/PrivilegedActionException'> (0x0000000796b250c0) thrown at [/Users/java_re/workspace/8-2-build-macosx-x86_64/jdk8u60/4407/hotspot/src/share/vm/prims/jvm.cpp, line 1386]
Event: 5.164 Thread 0x00007fc173807800 Exception <a 'java/security/PrivilegedActionException'> (0x0000000796b261e0) thrown at [/Users/java_re/workspace/8-2-build-macosx-x86_64/jdk8u60/4407/hotspot/src/share/vm/prims/jvm.cpp, line 1386]
Event: 5.165 Thread 0x00007fc173807800 Exception <a 'java/security/PrivilegedActionException'> (0x0000000796b2b300) thrown at [/Users/java_re/workspace/8-2-build-macosx-x86_64/jdk8u60/4407/hotspot/src/share/vm/prims/jvm.cpp, line 1386]
Event: 5.165 Thread 0x00007fc173807800 Exception <a 'java/security/PrivilegedActionException'> (0x0000000796b2bf58) thrown at [/Users/java_re/workspace/8-2-build-macosx-x86_64/jdk8u60/4407/hotspot/src/share/vm/prims/jvm.cpp, line 1386]
Event: 5.165 Thread 0x00007fc173807800 Exception <a 'java/security/PrivilegedActionException'> (0x0000000796b2cb80) thrown at [/Users/java_re/workspace/8-2-build-macosx-x86_64/jdk8u60/4407/hotspot/src/share/vm/prims/jvm.cpp, line 1386]

Events (10 events):
Event: 33.034 Thread 0x00007fc173047000 flushing nmethod 0x00000001053a9450
Event: 33.288 Thread 0x00007fc173047000 flushing nmethod 0x00000001053c5b90
Event: 33.409 Thread 0x00007fc173807800 Uncommon trap: trap_request=0xffffff65 fr.pc=0x0000000105805a98
Event: 33.409 Thread 0x00007fc173807800 DEOPT PACKING pc=0x0000000105805a98 sp=0x00000001039577d0
Event: 33.409 Thread 0x00007fc173807800 DEOPT UNPACKING pc=0x000000010518e229 sp=0x0000000103957738 mode 2
Event: 34.568 Thread 0x00007fc173807800 Uncommon trap: trap_request=0xffffff65 fr.pc=0x000000010549cd4c
Event: 34.568 Thread 0x00007fc173807800 DEOPT PACKING pc=0x000000010549cd4c sp=0x0000000103957830
Event: 34.569 Thread 0x00007fc173807800 DEOPT UNPACKING pc=0x000000010518e229 sp=0x0000000103957808 mode 2
Event: 34.577 loading class org/lwjgl/opengl/CallbackUtil
Event: 34.577 loading class org/lwjgl/opengl/CallbackUtil done


Dynamic libraries:
0x000000000c6a4000 	/System/Library/Frameworks/Cocoa.framework/Versions/A/Cocoa
0x000000000c6a4000 	/System/Library/Frameworks/Security.framework/Versions/A/Security
0x000000000c6a4000 	/System/Library/Frameworks/ApplicationServices.framework/Versions/A/ApplicationServices
0x000000000c6a4000 	/usr/lib/libz.1.dylib
0x000000000c6a4000 	/usr/lib/libSystem.B.dylib
0x000000000c6a4000 	/usr/lib/libobjc.A.dylib
0x000000000c6a4000 	/System/Library/Frameworks/CoreFoundation.framework/Versions/A/CoreFoundation
0x000000000c6a4000 	/System/Library/Frameworks/Foundation.framework/Versions/C/Foundation
0x000000000c6a4000 	/System/Library/Frameworks/AppKit.framework/Versions/C/AppKit
0x000000000c6a4000 	/System/Library/Frameworks/CoreData.framework/Versions/A/CoreData
0x000000000c6a4000 	/System/Library/PrivateFrameworks/RemoteViewServices.framework/Versions/A/RemoteViewServices
0x000000000c6a4000 	/System/Library/PrivateFrameworks/UIFoundation.framework/Versions/A/UIFoundation
0x000000000c6a4000 	/System/Library/Frameworks/IOSurface.framework/Versions/A/IOSurface
0x000000000c6a4000 	/System/Library/Frameworks/AudioToolbox.framework/Versions/A/AudioToolbox
0x000000000c6a4000 	/System/Library/Frameworks/AudioUnit.framework/Versions/A/AudioUnit
0x000000000c6a4000 	/System/Library/PrivateFrameworks/DataDetectorsCore.framework/Versions/A/DataDetectorsCore
0x000000000c6a4000 	/System/Library/PrivateFrameworks/DesktopServicesPriv.framework/Versions/A/DesktopServicesPriv
0x000000000c6a4000 	/System/Library/Frameworks/Carbon.framework/Versions/A/Frameworks/HIToolbox.framework/Versions/A/HIToolbox
0x000000000c6a4000 	/System/Library/Frameworks/QuartzCore.framework/Versions/A/QuartzCore
0x000000000c6a4000 	/System/Library/Frameworks/Carbon.framework/Versions/A/Frameworks/SpeechRecognition.framework/Versions/A/SpeechRecognition
0x000000000c6a4000 	/usr/lib/libauto.dylib
0x000000000c6a4000 	/usr/lib/libicucore.A.dylib
0x000000000c6a4000 	/usr/lib/libxml2.2.dylib
0x000000000c6a4000 	/System/Library/PrivateFrameworks/CoreUI.framework/Versions/A/CoreUI
0x000000000c6a4000 	/System/Library/Frameworks/CoreAudio.framework/Versions/A/CoreAudio
0x000000000c6a4000 	/System/Library/Frameworks/DiskArbitration.framework/Versions/A/DiskArbitration
0x000000000c6a4000 	/usr/lib/liblangid.dylib
0x000000000c6a4000 	/System/Library/PrivateFrameworks/MultitouchSupport.framework/Versions/A/MultitouchSupport
0x000000000c6a4000 	/System/Library/Frameworks/IOKit.framework/Versions/A/IOKit
0x000000000c6a4000 	/usr/lib/libDiagnosticMessagesClient.dylib
0x000000000c6a4000 	/System/Library/Frameworks/CoreServices.framework/Versions/A/CoreServices
0x000000000c6a4000 	/System/Library/PrivateFrameworks/PerformanceAnalysis.framework/Versions/A/PerformanceAnalysis
0x000000000c6a4000 	/System/Library/PrivateFrameworks/GenerationalStorage.framework/Versions/A/GenerationalStorage
0x000000000c6a4000 	/System/Library/Frameworks/OpenGL.framework/Versions/A/OpenGL
0x000000000c6a4000 	/System/Library/PrivateFrameworks/Sharing.framework/Versions/A/Sharing
0x000000000c6a4000 	/System/Library/Frameworks/CoreGraphics.framework/Versions/A/CoreGraphics
0x000000000c6a4000 	/System/Library/Frameworks/CoreText.framework/Versions/A/CoreText
0x000000000c6a4000 	/System/Library/Frameworks/ImageIO.framework/Versions/A/ImageIO
0x000000000c6a4000 	/usr/lib/libextension.dylib
0x000000000c6a4000 	/System/Library/PrivateFrameworks/Backup.framework/Versions/A/Backup
0x000000000c6a4000 	/usr/lib/libarchive.2.dylib
0x000000000c6a4000 	/System/Library/Frameworks/CFNetwork.framework/Versions/A/CFNetwork
0x000000000c6a4000 	/System/Library/Frameworks/SystemConfiguration.framework/Versions/A/SystemConfiguration
0x000000000c6a4000 	/usr/lib/libCRFSuite.dylib
0x000000000c6a4000 	/usr/lib/libc++.1.dylib
0x000000000c6a4000 	/usr/lib/libc++abi.dylib
0x000000000c6a4000 	/usr/lib/system/libcache.dylib
0x000000000c6a4000 	/usr/lib/system/libcommonCrypto.dylib
0x000000000c6a4000 	/usr/lib/system/libcompiler_rt.dylib
0x000000000c6a4000 	/usr/lib/system/libcopyfile.dylib
0x000000000c6a4000 	/usr/lib/system/libcorecrypto.dylib
0x000000000c6a4000 	/usr/lib/system/libdispatch.dylib
0x000000000c6a4000 	/usr/lib/system/libdyld.dylib
0x000000000c6a4000 	/usr/lib/system/libkeymgr.dylib
0x000000000c6a4000 	/usr/lib/system/liblaunch.dylib
0x000000000c6a4000 	/usr/lib/system/libmacho.dylib
0x000000000c6a4000 	/usr/lib/system/libquarantine.dylib
0x000000000c6a4000 	/usr/lib/system/libremovefile.dylib
0x000000000c6a4000 	/usr/lib/system/libsystem_asl.dylib
0x000000000c6a4000 	/usr/lib/system/libsystem_blocks.dylib
0x000000000c6a4000 	/usr/lib/system/libsystem_c.dylib
0x000000000c6a4000 	/usr/lib/system/libsystem_configuration.dylib
0x000000000c6a4000 	/usr/lib/system/libsystem_coreservices.dylib
0x000000000c6a4000 	/usr/lib/system/libsystem_coretls.dylib
0x000000000c6a4000 	/usr/lib/system/libsystem_dnssd.dylib
0x000000000c6a4000 	/usr/lib/system/libsystem_info.dylib
0x000000000c6a4000 	/usr/lib/system/libsystem_kernel.dylib
0x000000000c6a4000 	/usr/lib/system/libsystem_m.dylib
0x000000000c6a4000 	/usr/lib/system/libsystem_malloc.dylib
0x000000000c6a4000 	/usr/lib/system/libsystem_network.dylib
0x000000000c6a4000 	/usr/lib/system/libsystem_networkextension.dylib
0x000000000c6a4000 	/usr/lib/system/libsystem_notify.dylib
0x000000000c6a4000 	/usr/lib/system/libsystem_platform.dylib
0x000000000c6a4000 	/usr/lib/system/libsystem_pthread.dylib
0x000000000c6a4000 	/usr/lib/system/libsystem_sandbox.dylib
0x000000000c6a4000 	/usr/lib/system/libsystem_secinit.dylib
0x000000000c6a4000 	/usr/lib/system/libsystem_stats.dylib
0x000000000c6a4000 	/usr/lib/system/libsystem_trace.dylib
0x000000000c6a4000 	/usr/lib/system/libunc.dylib
0x000000000c6a4000 	/usr/lib/system/libunwind.dylib
0x000000000c6a4000 	/usr/lib/system/libxpc.dylib
0x000000000c6a4000 	/usr/lib/libbz2.1.0.dylib
0x000000000c6a4000 	/usr/lib/liblzma.5.dylib
0x000000000c6a4000 	/usr/lib/libbsm.0.dylib
0x000000000c6a4000 	/usr/lib/libsqlite3.dylib
0x000000000c6a4000 	/usr/lib/system/libkxld.dylib
0x000000000c6a4000 	/usr/lib/libxar.1.dylib
0x000000000c6a4000 	/usr/lib/libpam.2.dylib
0x000000000c6a4000 	/usr/lib/libOpenScriptingUtil.dylib
0x000000000c6a4000 	/System/Library/Frameworks/CoreServices.framework/Versions/A/Frameworks/FSEvents.framework/Versions/A/FSEvents
0x000000000c6a4000 	/System/Library/Frameworks/CoreServices.framework/Versions/A/Frameworks/CarbonCore.framework/Versions/A/CarbonCore
0x000000000c6a4000 	/System/Library/Frameworks/CoreServices.framework/Versions/A/Frameworks/Metadata.framework/Versions/A/Metadata
0x000000000c6a4000 	/System/Library/Frameworks/CoreServices.framework/Versions/A/Frameworks/OSServices.framework/Versions/A/OSServices
0x000000000c6a4000 	/System/Library/Frameworks/CoreServices.framework/Versions/A/Frameworks/SearchKit.framework/Versions/A/SearchKit
0x000000000c6a4000 	/System/Library/Frameworks/CoreServices.framework/Versions/A/Frameworks/AE.framework/Versions/A/AE
0x000000000c6a4000 	/System/Library/Frameworks/CoreServices.framework/Versions/A/Frameworks/LaunchServices.framework/Versions/A/LaunchServices
0x000000000c6a4000 	/System/Library/Frameworks/CoreServices.framework/Versions/A/Frameworks/DictionaryServices.framework/Versions/A/DictionaryServices
0x000000000c6a4000 	/System/Library/Frameworks/NetFS.framework/Versions/A/NetFS
0x000000000c6a4000 	/System/Library/PrivateFrameworks/NetAuth.framework/Versions/A/NetAuth
0x000000000c6a4000 	/System/Library/PrivateFrameworks/login.framework/Versions/A/Frameworks/loginsupport.framework/Versions/A/loginsupport
0x000000000c6a4000 	/System/Library/PrivateFrameworks/TCC.framework/Versions/A/TCC
0x000000000c6a4000 	/usr/lib/libmecabra.dylib
0x000000000c6a4000 	/System/Library/Frameworks/ApplicationServices.framework/Versions/A/Frameworks/ATS.framework/Versions/A/ATS
0x000000000c6a4000 	/System/Library/Frameworks/ApplicationServices.framework/Versions/A/Frameworks/ColorSync.framework/Versions/A/ColorSync
0x000000000c6a4000 	/System/Library/Frameworks/ApplicationServices.framework/Versions/A/Frameworks/HIServices.framework/Versions/A/HIServices
0x000000000c6a4000 	/System/Library/Frameworks/ApplicationServices.framework/Versions/A/Frameworks/LangAnalysis.framework/Versions/A/LangAnalysis
0x000000000c6a4000 	/System/Library/Frameworks/ApplicationServices.framework/Versions/A/Frameworks/PrintCore.framework/Versions/A/PrintCore
0x000000000c6a4000 	/System/Library/Frameworks/ApplicationServices.framework/Versions/A/Frameworks/QD.framework/Versions/A/QD
0x000000000c6a4000 	/System/Library/Frameworks/ApplicationServices.framework/Versions/A/Frameworks/SpeechSynthesis.framework/Versions/A/SpeechSynthesis
0x000000000c6a4000 	/System/Library/Frameworks/Accelerate.framework/Versions/A/Accelerate
0x000000000c6a4000 	/System/Library/Frameworks/Accelerate.framework/Versions/A/Frameworks/vImage.framework/Versions/A/vImage
0x000000000c6a4000 	/System/Library/Frameworks/Accelerate.framework/Versions/A/Frameworks/vecLib.framework/Versions/A/vecLib
0x000000000c6a4000 	/System/Library/Frameworks/Accelerate.framework/Versions/A/Frameworks/vecLib.framework/Versions/A/libvDSP.dylib
0x000000000c6a4000 	/System/Library/Frameworks/Accelerate.framework/Versions/A/Frameworks/vecLib.framework/Versions/A/libvMisc.dylib
0x000000000c6a4000 	/System/Library/Frameworks/Accelerate.framework/Versions/A/Frameworks/vecLib.framework/Versions/A/libLAPACK.dylib
0x000000000c6a4000 	/System/Library/Frameworks/Accelerate.framework/Versions/A/Frameworks/vecLib.framework/Versions/A/libBLAS.dylib
0x000000000c6a4000 	/System/Library/Frameworks/Accelerate.framework/Versions/A/Frameworks/vecLib.framework/Versions/A/libLinearAlgebra.dylib
0x000000000c6a4000 	/System/Library/Frameworks/ApplicationServices.framework/Versions/A/Frameworks/ATS.framework/Versions/A/Resources/libFontParser.dylib
0x000000000c6a4000 	/System/Library/Frameworks/ApplicationServices.framework/Versions/A/Frameworks/ATS.framework/Versions/A/Resources/libFontRegistry.dylib
0x000000000c6a4000 	/System/Library/PrivateFrameworks/AppleVPA.framework/Versions/A/AppleVPA
0x000000000c6a4000 	/System/Library/PrivateFrameworks/AppleJPEG.framework/Versions/A/AppleJPEG
0x000000000c6a4000 	/System/Library/Frameworks/ImageIO.framework/Versions/A/Resources/libJPEG.dylib
0x000000000c6a4000 	/System/Library/Frameworks/ImageIO.framework/Versions/A/Resources/libTIFF.dylib
0x000000000c6a4000 	/System/Library/Frameworks/ImageIO.framework/Versions/A/Resources/libPng.dylib
0x000000000c6a4000 	/System/Library/Frameworks/ImageIO.framework/Versions/A/Resources/libGIF.dylib
0x000000000c6a4000 	/System/Library/Frameworks/ImageIO.framework/Versions/A/Resources/libJP2.dylib
0x000000000c6a4000 	/System/Library/Frameworks/ImageIO.framework/Versions/A/Resources/libRadiance.dylib
0x000000000c6a4000 	/System/Library/Frameworks/CoreVideo.framework/Versions/A/CoreVideo
0x000000000c6a4000 	/System/Library/Frameworks/OpenGL.framework/Versions/A/Libraries/libGLU.dylib
0x000000000c6a4000 	/System/Library/Frameworks/OpenGL.framework/Versions/A/Libraries/libGFXShared.dylib
0x000000000c6a4000 	/System/Library/Frameworks/OpenGL.framework/Versions/A/Libraries/libGL.dylib
0x000000000c6a4000 	/System/Library/Frameworks/OpenGL.framework/Versions/A/Libraries/libGLImage.dylib
0x000000000c6a4000 	/System/Library/Frameworks/OpenGL.framework/Versions/A/Libraries/libCVMSPluginSupport.dylib
0x000000000c6a4000 	/System/Library/Frameworks/OpenGL.framework/Versions/A/Libraries/libCoreVMClient.dylib
0x000000000c6a4000 	/usr/lib/libcups.2.dylib
0x000000000c6a4000 	/System/Library/Frameworks/Kerberos.framework/Versions/A/Kerberos
0x000000000c6a4000 	/System/Library/Frameworks/GSS.framework/Versions/A/GSS
0x000000000c6a4000 	/usr/lib/libresolv.9.dylib
0x000000000c6a4000 	/usr/lib/libiconv.2.dylib
0x000000000c6a4000 	/System/Library/PrivateFrameworks/Heimdal.framework/Versions/A/Heimdal
0x000000000c6a4000 	/usr/lib/libheimdal-asn1.dylib
0x000000000c6a4000 	/System/Library/Frameworks/OpenDirectory.framework/Versions/A/OpenDirectory
0x000000000c6a4000 	/System/Library/PrivateFrameworks/CommonAuth.framework/Versions/A/CommonAuth
0x000000000c6a4000 	/System/Library/Frameworks/OpenDirectory.framework/Versions/A/Frameworks/CFOpenDirectory.framework/Versions/A/CFOpenDirectory
0x000000000c6a4000 	/System/Library/Frameworks/SecurityFoundation.framework/Versions/A/SecurityFoundation
0x000000000c6a4000 	/System/Library/PrivateFrameworks/LanguageModeling.framework/Versions/A/LanguageModeling
0x000000000c6a4000 	/usr/lib/libcmph.dylib
0x000000000c6a4000 	/System/Library/Frameworks/ServiceManagement.framework/Versions/A/ServiceManagement
0x000000000c6a4000 	/usr/lib/libxslt.1.dylib
0x000000000c6a4000 	/System/Library/Frameworks/Carbon.framework/Versions/A/Frameworks/Ink.framework/Versions/A/Ink
0x000000000c6a4000 	/System/Library/Frameworks/QuartzCore.framework/Versions/A/Frameworks/CoreImage.framework/Versions/A/CoreImage
0x000000000c6a4000 	/System/Library/PrivateFrameworks/CrashReporterSupport.framework/Versions/A/CrashReporterSupport
0x000000000c6a4000 	/System/Library/Frameworks/OpenCL.framework/Versions/A/OpenCL
0x000000000c6a4000 	/System/Library/PrivateFrameworks/FaceCore.framework/Versions/A/FaceCore
0x000000000c6a4000 	/System/Library/PrivateFrameworks/Ubiquity.framework/Versions/A/Ubiquity
0x000000000c6a4000 	/System/Library/PrivateFrameworks/IconServices.framework/Versions/A/IconServices
0x000000000c6a4000 	/System/Library/PrivateFrameworks/ChunkingLibrary.framework/Versions/A/ChunkingLibrary
0x000000000c6a4000 	/System/Library/PrivateFrameworks/Apple80211.framework/Versions/A/Apple80211
0x000000000c6a4000 	/System/Library/Frameworks/CoreWLAN.framework/Versions/A/CoreWLAN
0x000000000c6a4000 	/System/Library/Frameworks/IOBluetooth.framework/Versions/A/IOBluetooth
0x000000000c6a4000 	/System/Library/PrivateFrameworks/CoreWiFi.framework/Versions/A/CoreWiFi
0x000000000c6a4000 	/System/Library/Frameworks/CoreBluetooth.framework/Versions/A/CoreBluetooth
0x000000000c6a4000 	/System/Library/PrivateFrameworks/DebugSymbols.framework/Versions/A/DebugSymbols
0x000000000c6a4000 	/System/Library/PrivateFrameworks/CoreSymbolication.framework/Versions/A/CoreSymbolication
0x000000000c6a4000 	/System/Library/PrivateFrameworks/Symbolication.framework/Versions/A/Symbolication
0x000000000c6a4000 	/System/Library/PrivateFrameworks/SpeechRecognitionCore.framework/Versions/A/SpeechRecognitionCore
0x0000000104200000 	/Library/Java/JavaVirtualMachines/jdk1.8.0_60.jdk/Contents/Home/jre/lib/server/libjvm.dylib
0x000000000c6a4000 	/usr/lib/libstdc++.6.dylib
0x000000010395a000 	/Library/Java/JavaVirtualMachines/jdk1.8.0_60.jdk/Contents/Home/jre/lib/libverify.dylib
0x0000000103968000 	/Library/Java/JavaVirtualMachines/jdk1.8.0_60.jdk/Contents/Home/jre/lib/libjava.dylib
0x00000001039a7000 	/Library/Java/JavaVirtualMachines/jdk1.8.0_60.jdk/Contents/Home/jre/lib/libzip.dylib
0x000000011b1b1000 	/System/Library/Frameworks/JavaVM.framework/Frameworks/JavaRuntimeSupport.framework/JavaRuntimeSupport
0x000000011b1cc000 	/System/Library/Frameworks/JavaVM.framework/Versions/A/Frameworks/JavaNativeFoundation.framework/Versions/A/JavaNativeFoundation
0x000000011b1e1000 	/System/Library/Frameworks/JavaVM.framework/Versions/A/JavaVM
0x000000000c6a4000 	/System/Library/Frameworks/Carbon.framework/Versions/A/Carbon
0x000000011b1ee000 	/System/Library/PrivateFrameworks/JavaLaunching.framework/Versions/A/JavaLaunching
0x000000000c6a4000 	/System/Library/Frameworks/Carbon.framework/Versions/A/Frameworks/CommonPanels.framework/Versions/A/CommonPanels
0x000000000c6a4000 	/System/Library/Frameworks/Carbon.framework/Versions/A/Frameworks/Help.framework/Versions/A/Help
0x000000000c6a4000 	/System/Library/Frameworks/Carbon.framework/Versions/A/Frameworks/ImageCapture.framework/Versions/A/ImageCapture
0x000000000c6a4000 	/System/Library/Frameworks/Carbon.framework/Versions/A/Frameworks/OpenScripting.framework/Versions/A/OpenScripting
0x000000000c6a4000 	/System/Library/Frameworks/Carbon.framework/Versions/A/Frameworks/Print.framework/Versions/A/Print
0x000000000c6a4000 	/System/Library/Frameworks/Carbon.framework/Versions/A/Frameworks/SecurityHI.framework/Versions/A/SecurityHI
0x000000011d13e000 	/Library/Java/JavaVirtualMachines/jdk1.8.0_60.jdk/Contents/Home/jre/lib/libawt.dylib
0x000000011d1e6000 	/Library/Java/JavaVirtualMachines/jdk1.8.0_60.jdk/Contents/Home/jre/lib/./libmlib_image.dylib
0x000000011d2b2000 	/Library/Java/JavaVirtualMachines/jdk1.8.0_60.jdk/Contents/Home/jre/lib/libawt_lwawt.dylib
0x000000011d367000 	/Library/Java/JavaVirtualMachines/jdk1.8.0_60.jdk/Contents/Home/jre/lib/./libosxapp.dylib
0x000000000c6a4000 	/System/Library/Frameworks/ExceptionHandling.framework/Versions/A/ExceptionHandling
0x000000000c6a4000 	/System/Library/PrivateFrameworks/CoreServicesInternal.framework/Versions/A/CoreServicesInternal
0x000000000c6a4000 	/System/Library/PrivateFrameworks/CloudDocs.framework/Versions/A/CloudDocs
0x000000000c6a4000 	/System/Library/PrivateFrameworks/CoreDuet.framework/Versions/A/CoreDuet
0x000000000c6a4000 	/System/Library/Frameworks/CloudKit.framework/Versions/A/CloudKit
0x000000000c6a4000 	/System/Library/PrivateFrameworks/ProtocolBuffer.framework/Versions/A/ProtocolBuffer
0x000000000c6a4000 	/System/Library/PrivateFrameworks/CoreDuetDaemonProtocol.framework/Versions/A/CoreDuetDaemonProtocol
0x000000000c6a4000 	/System/Library/PrivateFrameworks/CoreDuetDebugLogging.framework/Versions/A/CoreDuetDebugLogging
0x000000000c6a4000 	/System/Library/PrivateFrameworks/MMCS.framework/Versions/A/MMCS
0x000000000c6a4000 	/System/Library/Frameworks/CoreLocation.framework/Versions/A/CoreLocation
0x000000000c6a4000 	/System/Library/PrivateFrameworks/ProtectedCloudStorage.framework/Versions/A/ProtectedCloudStorage
0x000000000c6a4000 	/System/Library/PrivateFrameworks/GeoServices.framework/Versions/A/GeoServices
0x000000000c6a4000 	/System/Library/Frameworks/CoreGraphics.framework/Versions/A/Resources/libCGCMS.A.dylib
0x000000000c6a4000 	/System/Library/Frameworks/CoreGraphics.framework/Versions/A/Resources/libRIP.A.dylib
0x000000000c6a4000 	/System/Library/Frameworks/CoreGraphics.framework/Versions/A/Resources/libCGXType.A.dylib
0x000000000c6a4000 	/System/Library/Frameworks/OpenCL.framework/Versions/A/Libraries/libcldcpuengine.dylib
0x000000000c6a4000 	/System/Library/PrivateFrameworks/DiskImages.framework/Versions/A/DiskImages
0x000000000c6a4000 	/System/Library/Frameworks/DiscRecording.framework/Versions/A/DiscRecording
0x000000000c6a4000 	/usr/lib/libcsfde.dylib
0x000000000c6a4000 	/usr/lib/libcurl.4.dylib
0x000000000c6a4000 	/System/Library/PrivateFrameworks/MediaKit.framework/Versions/A/MediaKit
0x000000000c6a4000 	/usr/lib/libCoreStorage.dylib
0x000000000c6a4000 	/System/Library/PrivateFrameworks/EFILogin.framework/Versions/A/EFILogin
0x000000000c6a4000 	/usr/lib/libutil.dylib
0x000000000c6a4000 	/System/Library/PrivateFrameworks/FindMyDevice.framework/Versions/A/FindMyDevice
0x000000000c6a4000 	/System/Library/Frameworks/LDAP.framework/Versions/A/LDAP
0x000000000c6a4000 	/usr/lib/libsasl2.2.dylib
0x000000000c6a4000 	/System/Library/PrivateFrameworks/CoreDaemon.framework/Versions/B/CoreDaemon
0x000000000c6a4000 	/usr/lib/libcrypto.0.9.8.dylib
0x000000000c6a4000 	/System/Library/PrivateFrameworks/AppleSRP.framework/Versions/A/AppleSRP
0x000000000c6a4000 	/System/Library/PrivateFrameworks/TrustEvaluationAgent.framework/Versions/A/TrustEvaluationAgent
0x000000011d76f000 	cl_kernels
0x000000012062c000 	/System/Library/Frameworks/OpenCL.framework/Versions/A/Libraries/ImageFormats/unorm8_bgra.dylib
0x000000011d761000 	cl_kernels
0x000000000c6a4000 	/System/Library/PrivateFrameworks/FamilyControls.framework/Versions/A/FamilyControls
0x000000000c6a4000 	/System/Library/PrivateFrameworks/CommerceKit.framework/Versions/A/Frameworks/CommerceCore.framework/Versions/A/CommerceCore
0x000000000c6a4000 	/System/Library/PrivateFrameworks/SystemAdministration.framework/Versions/A/SystemAdministration
0x000000000c6a4000 	/System/Library/PrivateFrameworks/AppContainer.framework/Versions/A/AppContainer
0x000000000c6a4000 	/System/Library/PrivateFrameworks/SecCodeWrapper.framework/Versions/A/SecCodeWrapper
0x000000000c6a4000 	/System/Library/Frameworks/DirectoryService.framework/Versions/A/DirectoryService
0x000000000c6a4000 	/System/Library/PrivateFrameworks/LoginUIKit.framework/Versions/A/Frameworks/LoginUICore.framework/Versions/A/LoginUICore
0x000000000c6a4000 	/usr/lib/libodfde.dylib
0x00000001218b0000 	/Library/Java/JavaVirtualMachines/jdk1.8.0_60.jdk/Contents/Home/jre/lib/libfontmanager.dylib
0x0000000121917000 	/Users/Vincent/Documents/workspace/Dead's Mirror Slick/lib/native/macosx/liblwjgl.dylib
0x000000011fac7000 	/Library/Java/JavaVirtualMachines/jdk1.8.0_60.jdk/Contents/Home/jre/lib/libjawt.dylib
0x000000000c6a4000 	/System/Library/Frameworks/OpenGL.framework/Versions/A/Resources/GLEngine.bundle/GLEngine
0x000000000c6a4000 	/System/Library/Frameworks/OpenGL.framework/Versions/A/Libraries/libGLProgrammability.dylib
0x0000000121999000 	/System/Library/Extensions/AppleIntelBDWGraphicsGLDriver.bundle/Contents/MacOS/AppleIntelBDWGraphicsGLDriver
0x000000000c6a4000 	/System/Library/PrivateFrameworks/IOAccelerator.framework/Versions/A/IOAccelerator
0x000000000c6a4000 	/System/Library/PrivateFrameworks/GPUSupport.framework/Versions/A/Libraries/libGPUSupportMercury.dylib
0x000000000c6a4000 	/System/Library/Frameworks/OpenGL.framework/Versions/A/Resources/GLRendererFloat.bundle/GLRendererFloat
0x00000001238fd000 	/Library/Java/JavaVirtualMachines/jdk1.8.0_60.jdk/Contents/Home/jre/lib/libnet.dylib
0x0000000123af7000 	/Library/Java/JavaVirtualMachines/jdk1.8.0_60.jdk/Contents/Home/jre/lib/libnio.dylib
0x000000000c6a4000 	/System/Library/Frameworks/ApplicationServices.framework/Versions/A/Frameworks/ATS.framework/Versions/A/Resources/libTrueTypeScaler.dylib
0x000000016f915000 	/Library/Java/JavaVirtualMachines/jdk1.8.0_60.jdk/Contents/Home/jre/lib/libt2k.dylib
0x000000016f1ee000 	/Library/Java/JavaVirtualMachines/jdk1.8.0_60.jdk/Contents/Home/jre/lib/libjpeg.dylib
0x000000016f241000 	/Users/Vincent/Documents/workspace/Dead's Mirror Slick/lib/native/macosx/openal.dylib
0x000000016fde2000 	/System/Library/Components/CoreAudio.component/Contents/MacOS/CoreAudio
0x00000001220a3000 	/System/Library/Extensions/AppleHDA.kext/Contents/PlugIns/AppleHDAHALPlugIn.bundle/Contents/MacOS/AppleHDAHALPlugIn

VM Arguments:
jvm_args: -Djava.library.path=/Users/Vincent/Documents/workspace/Dead's Mirror Slick/lib/native/macosx -Dfile.encoding=UTF-8 
java_command: Principal.StateGame
java_class_path (initial): /Users/Vincent/Documents/workspace/Dead's Mirror Slick/bin:/Users/Vincent/Documents/workspace/Dead's Mirror Slick/lib/jar/lwjgl.jar:/Users/Vincent/Documents/workspace/Dead's Mirror Slick/lib/jar/slick.jar:/Users/Vincent/Documents/workspace/Dead's Mirror Slick/lib/jar/jogg-0.0.7.jar:/Users/Vincent/Documents/workspace/Dead's Mirror Slick/lib/jar/jorbis-0.0.15.jar:/Users/Vincent/Documents/workspace/Dead's Mirror Slick/lib/jar/lwjgl_util.jar:/Users/Vincent/Documents/workspace/Dead's Mirror Slick/lib/jar/slick-util.jar:/Users/Vincent/Documents/workspace/Dead's Mirror Slick/lib/jar/SlickUtils-1.3.jar
Launcher Type: SUN_STANDARD

Environment Variables:
PATH=/usr/bin:/bin:/usr/sbin:/sbin
SHELL=/bin/bash

Signal Handlers:
SIGSEGV: [libjvm.dylib+0x5a6d31], sa_mask[0]=11111111011111110111111111111111, sa_flags=SA_ONSTACK|SA_RESTART|SA_SIGINFO
SIGBUS: [libjvm.dylib+0x5a6d31], sa_mask[0]=11111111011111110111111111111111, sa_flags=SA_RESTART|SA_SIGINFO
SIGFPE: [libjvm.dylib+0x480a4c], sa_mask[0]=11111111011111110111111111111111, sa_flags=SA_RESTART|SA_SIGINFO
SIGPIPE: [libjvm.dylib+0x480a4c], sa_mask[0]=11111111011111110111111111111111, sa_flags=SA_RESTART|SA_SIGINFO
SIGXFSZ: [libjvm.dylib+0x480a4c], sa_mask[0]=11111111011111110111111111111111, sa_flags=SA_RESTART|SA_SIGINFO
SIGILL: [libjvm.dylib+0x480a4c], sa_mask[0]=11111111011111110111111111111111, sa_flags=SA_RESTART|SA_SIGINFO
SIGUSR1: SIG_DFL, sa_mask[0]=00000000000000000000000000000000, sa_flags=none
SIGUSR2: [libjvm.dylib+0x48056a], sa_mask[0]=00100000000000000000000000000000, sa_flags=SA_RESTART|SA_SIGINFO
SIGHUP: [libjvm.dylib+0x47eb41], sa_mask[0]=11111111011111110111111111111111, sa_flags=SA_RESTART|SA_SIGINFO
SIGINT: [libjvm.dylib+0x47eb41], sa_mask[0]=11111111011111110111111111111111, sa_flags=SA_RESTART|SA_SIGINFO
SIGTERM: [libjvm.dylib+0x47eb41], sa_mask[0]=11111111011111110111111111111111, sa_flags=SA_RESTART|SA_SIGINFO
SIGQUIT: [libjvm.dylib+0x47eb41], sa_mask[0]=11111111011111110111111111111111, sa_flags=SA_RESTART|SA_SIGINFO


---------------  S Y S T E M  ---------------

OS:Bsduname:Darwin 14.5.0 Darwin Kernel Version 14.5.0: Wed Jul 29 02:26:53 PDT 2015; root:xnu-2782.40.9~1/RELEASE_X86_64 x86_64
rlimit: STACK 8192k, CORE 0k, NPROC 709, NOFILE 10240, AS infinity
load average:2.11 2.05 2.04

CPU:total 4 (2 cores per cpu, 2 threads per core) family 6 model 61 stepping 4, cmov, cx8, fxsr, mmx, sse, sse2, sse3, ssse3, sse4.1, sse4.2, popcnt, avx, avx2, aes, clmul, erms, 3dnowpref, lzcnt, ht, tsc, tscinvbit, bmi1, bmi2, adx

Memory: 4k page, physical 8388608k(65496k free)

/proc/meminfo:


vm_info: Java HotSpot(TM) 64-Bit Server VM (25.60-b23) for bsd-amd64 JRE (1.8.0_60-b27), built on Aug  4 2015 10:47:24 by "java_re" with gcc 4.2.1 (Based on Apple Inc. build 5658) (LLVM build 2336.11.00)

time: Mon Jan 18 16:10:34 2016
elapsed time: 34 seconds (0d 0h 0m 34s)

