#
# A fatal error has been detected by the Java Runtime Environment:
#
#  SIGSEGV (0xb) at pc=0x00007fff8bed60dd, pid=4505, tid=1811
#
# JRE version: Java(TM) SE Runtime Environment (8.0_60-b27) (build 1.8.0_60-b27)
# Java VM: Java HotSpot(TM) 64-Bit Server VM (25.60-b23 mixed mode bsd-amd64 compressed oops)
# Problematic frame:
# C  [libobjc.A.dylib+0x10dd]  objc_msgSend+0x1d
#
# Failed to write core dump. Core dumps have been disabled. To enable core dumping, try "ulimit -c unlimited" before starting Java again
#
# If you would like to submit a bug report, please visit:
#   http://bugreport.java.com/bugreport/crash.jsp
# The crash happened outside the Java Virtual Machine in native code.
# See problematic frame for where to report the bug.
#

---------------  T H R E A D  ---------------

Current thread (0x00007f9fec97f800):  JavaThread "AppKit Thread" daemon [_thread_in_native, id=1811, stack(0x00007fff4f65f000,0x00007fff4fe5f000)]

siginfo: si_signo: 11 (SIGSEGV), si_code: 1 (SEGV_MAPERR), si_addr: 0x000007f9feb46bb8

Registers:
RAX=0x00007f9feb46c300, RBX=0x00007fff4fe5aa18, RCX=0x0000000000000000, RDX=0x00007f9feb4288b0
RSP=0x00007fff4fe5a838, RBP=0x00007fff4fe5a840, RSI=0x00007fff84c8d41e, RDI=0x00007f9feb46c300
R8 =0x00007fff4fe5a820, R9 =0x0000000000000062, R10=0x00007fff84c8d41e, R11=0x000007f9feb46ba0
R12=0x00007f9feb5149b0, R13=0x00000000000f4326, R14=0x00007f9feb49bc70, R15=0x00007fff4fe5a978
RIP=0x00007fff8bed60dd, EFLAGS=0x0000000000010206, ERR=0x0000000000000004
  TRAPNO=0x000000000000000e

Top of Stack: (sp=0x00007fff4fe5a838)
0x00007fff4fe5a838:   00007fff80a5345c 00007fff4fe5aba0
0x00007fff4fe5a848:   00007fff80943634 00007fff4fe5a8cc
0x00007fff4fe5a858:   00007fff4fe5a8d0 00007fff4fe5a8d4
0x00007fff4fe5a868:   00007fff71549e00 ffffffffffffffff
0x00007fff4fe5a878:   0000000000000930 00007fff71549e18
0x00007fff4fe5a888:   00007f9feb49bc70 0000000000000000
0x00007fff4fe5a898:   00007fff4fe5a970 0000000000000000
0x00007fff4fe5a8a8:   00007f9feb65f430 00007fff4fe5a9f0
0x00007fff4fe5a8b8:   0000000000000062 00000000000f4328
0x00007fff4fe5a8c8:   00007f9feb4288b0 00007f9feb65ee60
0x00007fff4fe5a8d8:   00007f9feb5149b0 0000000000000001
0x00007fff4fe5a8e8:   00000000000f4326 00007f9feb5149a0
0x00007fff4fe5a8f8:   00007fff87734c05 00000001eb445230
0x00007fff4fe5a908:   00007fff7160f0d0 0000000042000000
0x00007fff4fe5a918:   00007fff8773be63 00007fff71514240
0x00007fff4fe5a928:   00007fff4fe5a9f8 00007fff4fe5a950
0x00007fff4fe5a938:   00007fff4fe5a970 0000000000000000
0x00007fff4fe5a948:   000000000000000d 0005410300000001
0x00007fff4fe5a958:   00007f9feb5149d4 0000000000000000
0x00007fff4fe5a968:   0000000000000000 00007f9feb65f4b0
0x00007fff4fe5a978:   00007f9feb49bc70 0000002000000000
0x00007fff4fe5a988:   0000000000000000 00007fff7160f0d0
0x00007fff4fe5a998:   0000000042000000 00007fff8773b4f8
0x00007fff4fe5a9a8:   00007fff71514350 00007fff4fe5a908
0x00007fff4fe5a9b8:   0000000000000000 00007fff4fe5aa88
0x00007fff4fe5a9c8:   00007fff70e8aea0 00007fff4fe5aac0
0x00007fff4fe5a9d8:   00007fff8e37b770 00007fff4fe5aa70
0x00007fff4fe5a9e8:   00007fff843c14ed 0000000000000051
0x00007fff4fe5a9f8:   0000000000000000 00000000000f42e2
0x00007fff4fe5aa08:   0000000000000053 0000000000000000
0x00007fff4fe5aa18:   00000000000f4326 00007fff4fe5aa94
0x00007fff4fe5aa28:   0000000000441a01 00000000ffffffff 

Instructions: (pc=0x00007fff8bed60dd)
0x00007fff8bed60bd:   00 00 00 48 85 ff 2e 74 7a 40 f6 c7 01 2e 75 7e
0x00007fff8bed60cd:   49 bb f8 ff ff ff ff 7f 00 00 4c 23 1f 49 89 f2
0x00007fff8bed60dd:   45 23 53 18 49 c1 e2 04 4d 03 53 10 49 3b 32 75
0x00007fff8bed60ed:   04 41 ff 62 08 49 83 3a 00 74 6a 4d 3b 53 10 74 

Register to memory mapping:

RAX=0x00007f9feb46c300 is an unknown value
RBX=0x00007fff4fe5aa18 is pointing into the stack for thread: 0x00007f9fec97f800
RCX=0x0000000000000000 is an unknown value
RDX=0x00007f9feb4288b0 is an unknown value
RSP=0x00007fff4fe5a838 is pointing into the stack for thread: 0x00007f9fec97f800
RBP=0x00007fff4fe5a840 is pointing into the stack for thread: 0x00007f9fec97f800
RSI=0x00007fff84c8d41e: -[NSTitlebarContainerView transparent]+0x5e312 in /System/Library/Frameworks/AppKit.framework/Versions/C/AppKit at 0x00007fff8428c000
RDI=0x00007f9feb46c300 is an unknown value
R8 =0x00007fff4fe5a820 is pointing into the stack for thread: 0x00007f9fec97f800
R9 =0x0000000000000062 is an unknown value
R10=0x00007fff84c8d41e: -[NSTitlebarContainerView transparent]+0x5e312 in /System/Library/Frameworks/AppKit.framework/Versions/C/AppKit at 0x00007fff8428c000
R11=0x000007f9feb46ba0 is an unknown value
R12=0x00007f9feb5149b0 is an unknown value
R13=0x00000000000f4326 is an unknown value
R14=0x00007f9feb49bc70 is an unknown value
R15=0x00007fff4fe5a978 is pointing into the stack for thread: 0x00007f9fec97f800


Stack: [0x00007fff4f65f000,0x00007fff4fe5f000],  sp=0x00007fff4fe5a838,  free space=8174k
Native frames: (J=compiled Java code, j=interpreted, Vv=VM code, C=native code)
C  [libobjc.A.dylib+0x10dd]  objc_msgSend+0x1d
C  [CoreFoundation+0x10634]  _CFXNotificationPost+0xc44
C  [Foundation+0x7aa1]  -[NSNotificationCenter postNotificationName:object:userInfo:]+0x42
C  [AppKit+0x439c2]  -[NSSurface _disposeSurface]+0x98
C  [AppKit+0x43426]  -[NSSurface setWindow:]+0x42
C  [AppKit+0x33910]  -[NSView _setWindow:]+0xa33
C  [AppKit+0x6af91]  -[NSView removeFromSuperview]+0x1c5
C  [AppKit+0x14bd99]  -[NSView removeFromSuperviewWithoutNeedingDisplay]+0x26
C  [liblwjgl.dylib+0xa205]  +[MacOSXKeyableWindow destroyWindow]+0xb5
C  [Foundation+0x92dd0]  __NSThreadPerformPerform+0x125
C  [CoreFoundation+0x80a01]  __CFRUNLOOP_IS_CALLING_OUT_TO_A_SOURCE0_PERFORM_FUNCTION__+0x11
C  [CoreFoundation+0x72b8d]  __CFRunLoopDoSources0+0x10d
C  [CoreFoundation+0x721bf]  __CFRunLoopRun+0x39f
C  [CoreFoundation+0x71bd8]  CFRunLoopRunSpecific+0x128
C  [HIToolbox+0x3256f]  RunCurrentEventLoopInMode+0xeb
C  [HIToolbox+0x322ea]  ReceiveNextEventCommon+0x1af
C  [HIToolbox+0x3212b]  _BlockUntilNextEventMatchingListInModeWithFilter+0x47
C  [AppKit+0x918ab]  _DPSNextEvent+0x3d2
C  [AppKit+0x90e58]  -[NSApplication nextEventMatchingMask:untilDate:inMode:dequeue:]+0x15a
C  [libosxapp.dylib+0x23aa]  -[NSApplicationAWT nextEventMatchingMask:untilDate:inMode:dequeue:]+0x7c
C  [AppKit+0x86af3]  -[NSApplication run]+0x252
C  [libosxapp.dylib+0x214d]  +[NSApplicationAWT runAWTLoopWithApp:]+0x9c
C  [libawt_lwawt.dylib+0x44517]  -[AWTStarter starter:]+0x389
C  [Foundation+0x92dd0]  __NSThreadPerformPerform+0x125
C  [CoreFoundation+0x80a01]  __CFRUNLOOP_IS_CALLING_OUT_TO_A_SOURCE0_PERFORM_FUNCTION__+0x11
C  [CoreFoundation+0x72b8d]  __CFRunLoopDoSources0+0x10d
C  [CoreFoundation+0x721bf]  __CFRunLoopRun+0x39f
C  [CoreFoundation+0x71bd8]  CFRunLoopRunSpecific+0x128
C  [java+0x6463]  CreateExecutionEnvironment+0x367
C  [java+0x21ac]  JLI_Launch+0x7a0
C  [java+0x84c0]  main+0x65
C  [java+0x1a04]  start+0x34
C  0x0000000000000006


---------------  P R O C E S S  ---------------

Java Threads: ( => current thread )
  0x00007f9fec982000 JavaThread "AWT-Shutdown" [_thread_blocked, id=36151, stack(0x00000001325a4000,0x00000001326a4000)]
  0x00007f9fec1b8800 JavaThread "Java2D Queue Flusher" daemon [_thread_blocked, id=51463, stack(0x0000000130bb9000,0x0000000130cb9000)]
  0x00007f9fed176000 JavaThread "Java2D Disposer" daemon [_thread_blocked, id=50207, stack(0x0000000130ab6000,0x0000000130bb6000)]
=>0x00007f9fec97f800 JavaThread "AppKit Thread" daemon [_thread_in_native, id=1811, stack(0x00007fff4f65f000,0x00007fff4fe5f000)]
  0x00007f9fed028800 JavaThread "Service Thread" daemon [_thread_blocked, id=18179, stack(0x0000000129543000,0x0000000129643000)]
  0x00007f9fed028000 JavaThread "C1 CompilerThread2" daemon [_thread_blocked, id=17667, stack(0x0000000129440000,0x0000000129540000)]
  0x00007f9fec814000 JavaThread "C2 CompilerThread1" daemon [_thread_blocked, id=17155, stack(0x000000012933d000,0x000000012943d000)]
  0x00007f9fec812800 JavaThread "C2 CompilerThread0" daemon [_thread_blocked, id=16643, stack(0x000000012923a000,0x000000012933a000)]
  0x00007f9fec828800 JavaThread "Signal Dispatcher" daemon [_thread_blocked, id=13335, stack(0x0000000129137000,0x0000000129237000)]
  0x00007f9feb83d000 JavaThread "Finalizer" daemon [_thread_blocked, id=11523, stack(0x000000012770f000,0x000000012780f000)]
  0x00007f9feb83c000 JavaThread "Reference Handler" daemon [_thread_blocked, id=11011, stack(0x000000012760c000,0x000000012770c000)]
  0x00007f9fec009800 JavaThread "main" [_thread_in_native, id=4867, stack(0x000000010feb8000,0x000000010ffb8000)]

Other Threads:
  0x00007f9feb839800 VMThread [stack: 0x0000000127509000,0x0000000127609000] [id=10499]
  0x00007f9fed056000 WatcherThread [stack: 0x0000000129646000,0x0000000129746000] [id=18691]

VM state:not at safepoint (normal execution)

VM Mutex/Monitor currently owned by a thread: None

Heap:
 PSYoungGen      total 71680K, used 30899K [0x0000000795580000, 0x000000079a080000, 0x00000007c0000000)
  eden space 66560K, 38% used [0x0000000795580000,0x0000000796eb2d50,0x0000000799680000)
  from space 5120K, 99% used [0x0000000799b80000,0x000000079a07a178,0x000000079a080000)
  to   space 5120K, 0% used [0x0000000799680000,0x0000000799680000,0x0000000799b80000)
 ParOldGen       total 87552K, used 41662K [0x0000000740000000, 0x0000000745580000, 0x0000000795580000)
  object space 87552K, 47% used [0x0000000740000000,0x00000007428af888,0x0000000745580000)
 Metaspace       used 10982K, capacity 11189K, committed 11520K, reserved 1058816K
  class space    used 1156K, capacity 1245K, committed 1280K, reserved 1048576K

Card table byte_map: [0x0000000120b5a000,0x0000000120f5b000] byte_map_base: 0x000000011d15a000

Marking Bits: (ParMarkBitMap*) 0x00000001110dee20
 Begin Bits: [0x0000000121612000, 0x0000000123612000)
 End Bits:   [0x0000000123612000, 0x0000000125612000)

Polling page: 0x000000010fffd000

CodeCache: size=245760Kb used=5153Kb max_used=5159Kb free=240606Kb
 bounds [0x000000011179a000, 0x0000000111caa000, 0x000000012079a000]
 total_blobs=1728 nmethods=1204 adapters=438
 compilation: enabled

Compilation events (10 events):
Event: 423.906 Thread 0x00007f9fed028000 1200       3       java.nio.Bits::getLong (18 bytes)
Event: 423.907 Thread 0x00007f9fed028000 nmethod 1200 0x0000000111ca2750 code [0x0000000111ca28c0, 0x0000000111ca2ab8]
Event: 423.972 Thread 0x00007f9fec814000 1201       4       sun.misc.FloatingDecimal$BinaryToASCIIBuffer::dtoa (1509 bytes)
Event: 424.000 Thread 0x00007f9fec814000 nmethod 1201 0x0000000111ca5a90 code [0x0000000111ca5cc0, 0x0000000111ca6ff8]
Event: 429.256 Thread 0x00007f9fed028000 1203       3       org.newdawn.slick.state.StateBasedGame::transitioning (20 bytes)
Event: 429.256 Thread 0x00007f9fed028000 nmethod 1203 0x0000000111c9a790 code [0x0000000111c9a900, 0x0000000111c9aaf0]
Event: 429.256 Thread 0x00007f9fed028000 1202       1       org.newdawn.slick.state.BasicGameState::isAcceptingInput (2 bytes)
Event: 429.256 Thread 0x00007f9fed028000 nmethod 1202 0x0000000111c9a4d0 code [0x0000000111c9a620, 0x0000000111c9a730]
Event: 429.256 Thread 0x00007f9fed028000 1204       1       org.newdawn.slick.command.InputProvider$InputListenerImpl::isAcceptingInput (2 bytes)
Event: 429.256 Thread 0x00007f9fed028000 nmethod 1204 0x0000000111c9a210 code [0x0000000111c9a360, 0x0000000111c9a470]

GC Heap History (4 events):
Event: 1.426 GC heap before
{Heap before GC invocations=1 (full 0):
 PSYoungGen      total 38400K, used 29274K [0x0000000795580000, 0x0000000798000000, 0x00000007c0000000)
  eden space 33280K, 87% used [0x0000000795580000,0x0000000797216898,0x0000000797600000)
  from space 5120K, 0% used [0x0000000797b00000,0x0000000797b00000,0x0000000798000000)
  to   space 5120K, 0% used [0x0000000797600000,0x0000000797600000,0x0000000797b00000)
 ParOldGen       total 87552K, used 0K [0x0000000740000000, 0x0000000745580000, 0x0000000795580000)
  object space 87552K, 0% used [0x0000000740000000,0x0000000740000000,0x0000000745580000)
 Metaspace       used 10536K, capacity 10677K, committed 11008K, reserved 1058816K
  class space    used 1134K, capacity 1181K, committed 1280K, reserved 1048576K
Event: 1.442 GC heap after
Heap after GC invocations=1 (full 0):
 PSYoungGen      total 38400K, used 5112K [0x0000000795580000, 0x000000079a080000, 0x00000007c0000000)
  eden space 33280K, 0% used [0x0000000795580000,0x0000000795580000,0x0000000797600000)
  from space 5120K, 99% used [0x0000000797600000,0x0000000797afe178,0x0000000797b00000)
  to   space 5120K, 0% used [0x0000000799b80000,0x0000000799b80000,0x000000079a080000)
 ParOldGen       total 87552K, used 21962K [0x0000000740000000, 0x0000000745580000, 0x0000000795580000)
  object space 87552K, 25% used [0x0000000740000000,0x0000000741572828,0x0000000745580000)
 Metaspace       used 10536K, capacity 10677K, committed 11008K, reserved 1058816K
  class space    used 1134K, capacity 1181K, committed 1280K, reserved 1048576K
}
Event: 1.554 GC heap before
{Heap before GC invocations=2 (full 0):
 PSYoungGen      total 38400K, used 38392K [0x0000000795580000, 0x000000079a080000, 0x00000007c0000000)
  eden space 33280K, 100% used [0x0000000795580000,0x0000000797600000,0x0000000797600000)
  from space 5120K, 99% used [0x0000000797600000,0x0000000797afe178,0x0000000797b00000)
  to   space 5120K, 0% used [0x0000000799b80000,0x0000000799b80000,0x000000079a080000)
 ParOldGen       total 87552K, used 21962K [0x0000000740000000, 0x0000000745580000, 0x0000000795580000)
  object space 87552K, 25% used [0x0000000740000000,0x0000000741572828,0x0000000745580000)
 Metaspace       used 10582K, capacity 10773K, committed 11008K, reserved 1058816K
  class space    used 1136K, capacity 1213K, committed 1280K, reserved 1048576K
Event: 1.567 GC heap after
Heap after GC invocations=2 (full 0):
 PSYoungGen      total 71680K, used 5096K [0x0000000795580000, 0x000000079a080000, 0x00000007c0000000)
  eden space 66560K, 0% used [0x0000000795580000,0x0000000795580000,0x0000000799680000)
  from space 5120K, 99% used [0x0000000799b80000,0x000000079a07a178,0x000000079a080000)
  to   space 5120K, 0% used [0x0000000799680000,0x0000000799680000,0x0000000799b80000)
 ParOldGen       total 87552K, used 41662K [0x0000000740000000, 0x0000000745580000, 0x0000000795580000)
  object space 87552K, 47% used [0x0000000740000000,0x00000007428af888,0x0000000745580000)
 Metaspace       used 10582K, capacity 10773K, committed 11008K, reserved 1058816K
  class space    used 1136K, capacity 1213K, committed 1280K, reserved 1048576K
}

Deoptimization events (10 events):
Event: 1.606 Thread 0x00007f9fec009800 Uncommon trap: reason=unstable_if action=reinterpret pc=0x0000000111a6b254 method=java.awt.image.ComponentColorModel.getAlpha(Ljava/lang/Object;)I @ 4
Event: 10.898 Thread 0x00007f9fec009800 Uncommon trap: reason=unstable_if action=reinterpret pc=0x0000000111be9c28 method=java.lang.Long.stringSize(J)I @ 17
Event: 10.902 Thread 0x00007f9fec009800 Uncommon trap: reason=unstable_if action=reinterpret pc=0x0000000111bcc7ac method=java.lang.Long.stringSize(J)I @ 17
Event: 13.366 Thread 0x00007f9fec009800 Uncommon trap: reason=unstable_if action=reinterpret pc=0x0000000111bf8398 method=org.newdawn.slick.Input.poll(II)V @ 1039
Event: 409.874 Thread 0x00007f9fec009800 Uncommon trap: reason=unstable_if action=reinterpret pc=0x0000000111c55f38 method=package1.Joueur.update(I)V @ 16
Event: 409.980 Thread 0x00007f9fec009800 Uncommon trap: reason=unstable_if action=reinterpret pc=0x0000000111c7e148 method=org.newdawn.slick.Animation.nextFrame(J)V @ 77
Event: 410.081 Thread 0x00007f9fec009800 Uncommon trap: reason=unstable_if action=reinterpret pc=0x0000000111c75730 method=org.newdawn.slick.Animation.nextFrame(J)V @ 77
Event: 411.374 Thread 0x00007f9fec009800 Uncommon trap: reason=unstable_if action=reinterpret pc=0x0000000111c57314 method=package1.Camera.update(Lorg/newdawn/slick/GameContainer;)V @ 131
Event: 418.149 Thread 0x00007f9fec009800 Uncommon trap: reason=unstable_if action=reinterpret pc=0x0000000111c9c49c method=sun.misc.FloatingDecimal$BinaryToASCIIBuffer.developLongDigits(IJI)V @ 129
Event: 431.023 Thread 0x00007f9fec009800 Uncommon trap: reason=unstable_if action=reinterpret pc=0x0000000111c72838 method=org.newdawn.slick.AppGameContainer.gameLoop()V @ 60

Internal exceptions (10 events):
Event: 0.146 Thread 0x00007f9fec009800 Exception <a 'java/security/PrivilegedActionException'> (0x00000007958c3a98) thrown at [/Users/java_re/workspace/8-2-build-macosx-x86_64/jdk8u60/4407/hotspot/src/share/vm/prims/jvm.cpp, line 1386]
Event: 0.146 Thread 0x00007f9fec009800 Exception <a 'java/security/PrivilegedActionException'> (0x00000007958c6f20) thrown at [/Users/java_re/workspace/8-2-build-macosx-x86_64/jdk8u60/4407/hotspot/src/share/vm/prims/jvm.cpp, line 1386]
Event: 0.146 Thread 0x00007f9fec009800 Exception <a 'java/security/PrivilegedActionException'> (0x00000007958c7130) thrown at [/Users/java_re/workspace/8-2-build-macosx-x86_64/jdk8u60/4407/hotspot/src/share/vm/prims/jvm.cpp, line 1386]
Event: 0.188 Thread 0x00007f9fec009800 Exception <a 'java/lang/NoSuchFieldError': method resolution failed> (0x0000000795997210) thrown at [/Users/java_re/workspace/8-2-build-macosx-x86_64/jdk8u60/4407/hotspot/src/share/vm/prims/methodHandles.cpp, line 1146]
Event: 0.190 Thread 0x00007f9fec009800 Exception <a 'java/lang/NoSuchFieldError': method resolution failed> (0x00000007959a4960) thrown at [/Users/java_re/workspace/8-2-build-macosx-x86_64/jdk8u60/4407/hotspot/src/share/vm/prims/methodHandles.cpp, line 1146]
Event: 0.546 Thread 0x00007f9fec009800 Exception <a 'java/io/FileNotFoundException'> (0x0000000795a1f820) thrown at [/Users/java_re/workspace/8-2-build-macosx-x86_64/jdk8u60/4407/hotspot/src/share/vm/prims/jni.cpp, line 709]
Event: 0.546 Thread 0x00007f9fec009800 Exception <a 'java/io/FileNotFoundException'> (0x0000000795a20370) thrown at [/Users/java_re/workspace/8-2-build-macosx-x86_64/jdk8u60/4407/hotspot/src/share/vm/prims/jni.cpp, line 709]
Event: 0.833 Thread 0x00007f9fec009800 Exception <a 'java/lang/NoClassDefFoundError': net/java/games/input/ControllerEnvironment> (0x0000000795f0e950) thrown at [/Users/java_re/workspace/8-2-build-macosx-x86_64/jdk8u60/4407/hotspot/src/share/vm/classfile/systemDictionary.cpp, line 199]
Event: 1.575 Thread 0x00007f9fec009800 Implicit null exception at 0x0000000111a69866 to 0x0000000111a69e35
Event: 1.576 Thread 0x00007f9fec009800 Implicit null exception at 0x0000000111a600e4 to 0x0000000111a60311

Events (10 events):
Event: 411.374 Thread 0x00007f9fec009800 DEOPT PACKING pc=0x0000000111c57314 sp=0x000000010ffb7810
Event: 411.374 Thread 0x00007f9fec009800 DEOPT UNPACKING pc=0x000000011179f229 sp=0x000000010ffb7748 mode 2
Event: 418.149 Thread 0x00007f9fec009800 Uncommon trap: trap_request=0xffffff65 fr.pc=0x0000000111c9c49c
Event: 418.149 Thread 0x00007f9fec009800 DEOPT PACKING pc=0x0000000111c9c49c sp=0x000000010ffb7460
Event: 418.149 Thread 0x00007f9fec009800 DEOPT UNPACKING pc=0x000000011179f229 sp=0x000000010ffb72b8 mode 2
Event: 431.023 Thread 0x00007f9fec009800 Uncommon trap: trap_request=0xffffff65 fr.pc=0x0000000111c72838
Event: 431.023 Thread 0x00007f9fec009800 DEOPT PACKING pc=0x0000000111c72838 sp=0x000000010ffb78a0
Event: 431.023 Thread 0x00007f9fec009800 DEOPT UNPACKING pc=0x000000011179f229 sp=0x000000010ffb7818 mode 2
Event: 431.030 loading class org/lwjgl/opengl/CallbackUtil
Event: 431.030 loading class org/lwjgl/opengl/CallbackUtil done


Dynamic libraries:
0x0000000000247000 	/System/Library/Frameworks/Cocoa.framework/Versions/A/Cocoa
0x0000000000247000 	/System/Library/Frameworks/Security.framework/Versions/A/Security
0x0000000000247000 	/System/Library/Frameworks/ApplicationServices.framework/Versions/A/ApplicationServices
0x0000000000247000 	/usr/lib/libz.1.dylib
0x0000000000247000 	/usr/lib/libSystem.B.dylib
0x0000000000247000 	/usr/lib/libobjc.A.dylib
0x0000000000247000 	/System/Library/Frameworks/CoreFoundation.framework/Versions/A/CoreFoundation
0x0000000000247000 	/System/Library/Frameworks/Foundation.framework/Versions/C/Foundation
0x0000000000247000 	/System/Library/Frameworks/AppKit.framework/Versions/C/AppKit
0x0000000000247000 	/System/Library/Frameworks/CoreData.framework/Versions/A/CoreData
0x0000000000247000 	/System/Library/PrivateFrameworks/RemoteViewServices.framework/Versions/A/RemoteViewServices
0x0000000000247000 	/System/Library/PrivateFrameworks/UIFoundation.framework/Versions/A/UIFoundation
0x0000000000247000 	/System/Library/Frameworks/IOSurface.framework/Versions/A/IOSurface
0x0000000000247000 	/System/Library/Frameworks/AudioToolbox.framework/Versions/A/AudioToolbox
0x0000000000247000 	/System/Library/Frameworks/AudioUnit.framework/Versions/A/AudioUnit
0x0000000000247000 	/System/Library/PrivateFrameworks/DataDetectorsCore.framework/Versions/A/DataDetectorsCore
0x0000000000247000 	/System/Library/PrivateFrameworks/DesktopServicesPriv.framework/Versions/A/DesktopServicesPriv
0x0000000000247000 	/System/Library/Frameworks/Carbon.framework/Versions/A/Frameworks/HIToolbox.framework/Versions/A/HIToolbox
0x0000000000247000 	/System/Library/Frameworks/QuartzCore.framework/Versions/A/QuartzCore
0x0000000000247000 	/System/Library/Frameworks/Carbon.framework/Versions/A/Frameworks/SpeechRecognition.framework/Versions/A/SpeechRecognition
0x0000000000247000 	/usr/lib/libauto.dylib
0x0000000000247000 	/usr/lib/libicucore.A.dylib
0x0000000000247000 	/usr/lib/libxml2.2.dylib
0x0000000000247000 	/System/Library/PrivateFrameworks/CoreUI.framework/Versions/A/CoreUI
0x0000000000247000 	/System/Library/Frameworks/CoreAudio.framework/Versions/A/CoreAudio
0x0000000000247000 	/System/Library/Frameworks/DiskArbitration.framework/Versions/A/DiskArbitration
0x0000000000247000 	/usr/lib/liblangid.dylib
0x0000000000247000 	/System/Library/PrivateFrameworks/MultitouchSupport.framework/Versions/A/MultitouchSupport
0x0000000000247000 	/System/Library/Frameworks/IOKit.framework/Versions/A/IOKit
0x0000000000247000 	/usr/lib/libDiagnosticMessagesClient.dylib
0x0000000000247000 	/System/Library/Frameworks/CoreServices.framework/Versions/A/CoreServices
0x0000000000247000 	/System/Library/PrivateFrameworks/PerformanceAnalysis.framework/Versions/A/PerformanceAnalysis
0x0000000000247000 	/System/Library/PrivateFrameworks/GenerationalStorage.framework/Versions/A/GenerationalStorage
0x0000000000247000 	/System/Library/Frameworks/OpenGL.framework/Versions/A/OpenGL
0x0000000000247000 	/System/Library/PrivateFrameworks/Sharing.framework/Versions/A/Sharing
0x0000000000247000 	/System/Library/Frameworks/CoreGraphics.framework/Versions/A/CoreGraphics
0x0000000000247000 	/System/Library/Frameworks/CoreText.framework/Versions/A/CoreText
0x0000000000247000 	/System/Library/Frameworks/ImageIO.framework/Versions/A/ImageIO
0x0000000000247000 	/usr/lib/libextension.dylib
0x0000000000247000 	/System/Library/PrivateFrameworks/Backup.framework/Versions/A/Backup
0x0000000000247000 	/usr/lib/libarchive.2.dylib
0x0000000000247000 	/System/Library/Frameworks/CFNetwork.framework/Versions/A/CFNetwork
0x0000000000247000 	/System/Library/Frameworks/SystemConfiguration.framework/Versions/A/SystemConfiguration
0x0000000000247000 	/usr/lib/libCRFSuite.dylib
0x0000000000247000 	/usr/lib/libc++.1.dylib
0x0000000000247000 	/usr/lib/libc++abi.dylib
0x0000000000247000 	/usr/lib/system/libcache.dylib
0x0000000000247000 	/usr/lib/system/libcommonCrypto.dylib
0x0000000000247000 	/usr/lib/system/libcompiler_rt.dylib
0x0000000000247000 	/usr/lib/system/libcopyfile.dylib
0x0000000000247000 	/usr/lib/system/libcorecrypto.dylib
0x0000000000247000 	/usr/lib/system/libdispatch.dylib
0x0000000000247000 	/usr/lib/system/libdyld.dylib
0x0000000000247000 	/usr/lib/system/libkeymgr.dylib
0x0000000000247000 	/usr/lib/system/liblaunch.dylib
0x0000000000247000 	/usr/lib/system/libmacho.dylib
0x0000000000247000 	/usr/lib/system/libquarantine.dylib
0x0000000000247000 	/usr/lib/system/libremovefile.dylib
0x0000000000247000 	/usr/lib/system/libsystem_asl.dylib
0x0000000000247000 	/usr/lib/system/libsystem_blocks.dylib
0x0000000000247000 	/usr/lib/system/libsystem_c.dylib
0x0000000000247000 	/usr/lib/system/libsystem_configuration.dylib
0x0000000000247000 	/usr/lib/system/libsystem_coreservices.dylib
0x0000000000247000 	/usr/lib/system/libsystem_coretls.dylib
0x0000000000247000 	/usr/lib/system/libsystem_dnssd.dylib
0x0000000000247000 	/usr/lib/system/libsystem_info.dylib
0x0000000000247000 	/usr/lib/system/libsystem_kernel.dylib
0x0000000000247000 	/usr/lib/system/libsystem_m.dylib
0x0000000000247000 	/usr/lib/system/libsystem_malloc.dylib
0x0000000000247000 	/usr/lib/system/libsystem_network.dylib
0x0000000000247000 	/usr/lib/system/libsystem_networkextension.dylib
0x0000000000247000 	/usr/lib/system/libsystem_notify.dylib
0x0000000000247000 	/usr/lib/system/libsystem_platform.dylib
0x0000000000247000 	/usr/lib/system/libsystem_pthread.dylib
0x0000000000247000 	/usr/lib/system/libsystem_sandbox.dylib
0x0000000000247000 	/usr/lib/system/libsystem_secinit.dylib
0x0000000000247000 	/usr/lib/system/libsystem_stats.dylib
0x0000000000247000 	/usr/lib/system/libsystem_trace.dylib
0x0000000000247000 	/usr/lib/system/libunc.dylib
0x0000000000247000 	/usr/lib/system/libunwind.dylib
0x0000000000247000 	/usr/lib/system/libxpc.dylib
0x0000000000247000 	/usr/lib/libbz2.1.0.dylib
0x0000000000247000 	/usr/lib/liblzma.5.dylib
0x0000000000247000 	/usr/lib/libbsm.0.dylib
0x0000000000247000 	/usr/lib/libsqlite3.dylib
0x0000000000247000 	/usr/lib/system/libkxld.dylib
0x0000000000247000 	/usr/lib/libxar.1.dylib
0x0000000000247000 	/usr/lib/libpam.2.dylib
0x0000000000247000 	/usr/lib/libOpenScriptingUtil.dylib
0x0000000000247000 	/System/Library/Frameworks/CoreServices.framework/Versions/A/Frameworks/FSEvents.framework/Versions/A/FSEvents
0x0000000000247000 	/System/Library/Frameworks/CoreServices.framework/Versions/A/Frameworks/CarbonCore.framework/Versions/A/CarbonCore
0x0000000000247000 	/System/Library/Frameworks/CoreServices.framework/Versions/A/Frameworks/Metadata.framework/Versions/A/Metadata
0x0000000000247000 	/System/Library/Frameworks/CoreServices.framework/Versions/A/Frameworks/OSServices.framework/Versions/A/OSServices
0x0000000000247000 	/System/Library/Frameworks/CoreServices.framework/Versions/A/Frameworks/SearchKit.framework/Versions/A/SearchKit
0x0000000000247000 	/System/Library/Frameworks/CoreServices.framework/Versions/A/Frameworks/AE.framework/Versions/A/AE
0x0000000000247000 	/System/Library/Frameworks/CoreServices.framework/Versions/A/Frameworks/LaunchServices.framework/Versions/A/LaunchServices
0x0000000000247000 	/System/Library/Frameworks/CoreServices.framework/Versions/A/Frameworks/DictionaryServices.framework/Versions/A/DictionaryServices
0x0000000000247000 	/System/Library/Frameworks/NetFS.framework/Versions/A/NetFS
0x0000000000247000 	/System/Library/PrivateFrameworks/NetAuth.framework/Versions/A/NetAuth
0x0000000000247000 	/System/Library/PrivateFrameworks/login.framework/Versions/A/Frameworks/loginsupport.framework/Versions/A/loginsupport
0x0000000000247000 	/System/Library/PrivateFrameworks/TCC.framework/Versions/A/TCC
0x0000000000247000 	/usr/lib/libmecabra.dylib
0x0000000000247000 	/System/Library/Frameworks/ApplicationServices.framework/Versions/A/Frameworks/ATS.framework/Versions/A/ATS
0x0000000000247000 	/System/Library/Frameworks/ApplicationServices.framework/Versions/A/Frameworks/ColorSync.framework/Versions/A/ColorSync
0x0000000000247000 	/System/Library/Frameworks/ApplicationServices.framework/Versions/A/Frameworks/HIServices.framework/Versions/A/HIServices
0x0000000000247000 	/System/Library/Frameworks/ApplicationServices.framework/Versions/A/Frameworks/LangAnalysis.framework/Versions/A/LangAnalysis
0x0000000000247000 	/System/Library/Frameworks/ApplicationServices.framework/Versions/A/Frameworks/PrintCore.framework/Versions/A/PrintCore
0x0000000000247000 	/System/Library/Frameworks/ApplicationServices.framework/Versions/A/Frameworks/QD.framework/Versions/A/QD
0x0000000000247000 	/System/Library/Frameworks/ApplicationServices.framework/Versions/A/Frameworks/SpeechSynthesis.framework/Versions/A/SpeechSynthesis
0x0000000000247000 	/System/Library/Frameworks/Accelerate.framework/Versions/A/Accelerate
0x0000000000247000 	/System/Library/Frameworks/Accelerate.framework/Versions/A/Frameworks/vImage.framework/Versions/A/vImage
0x0000000000247000 	/System/Library/Frameworks/Accelerate.framework/Versions/A/Frameworks/vecLib.framework/Versions/A/vecLib
0x0000000000247000 	/System/Library/Frameworks/Accelerate.framework/Versions/A/Frameworks/vecLib.framework/Versions/A/libvDSP.dylib
0x0000000000247000 	/System/Library/Frameworks/Accelerate.framework/Versions/A/Frameworks/vecLib.framework/Versions/A/libvMisc.dylib
0x0000000000247000 	/System/Library/Frameworks/Accelerate.framework/Versions/A/Frameworks/vecLib.framework/Versions/A/libLAPACK.dylib
0x0000000000247000 	/System/Library/Frameworks/Accelerate.framework/Versions/A/Frameworks/vecLib.framework/Versions/A/libBLAS.dylib
0x0000000000247000 	/System/Library/Frameworks/Accelerate.framework/Versions/A/Frameworks/vecLib.framework/Versions/A/libLinearAlgebra.dylib
0x0000000000247000 	/System/Library/Frameworks/ApplicationServices.framework/Versions/A/Frameworks/ATS.framework/Versions/A/Resources/libFontParser.dylib
0x0000000000247000 	/System/Library/Frameworks/ApplicationServices.framework/Versions/A/Frameworks/ATS.framework/Versions/A/Resources/libFontRegistry.dylib
0x0000000000247000 	/System/Library/PrivateFrameworks/AppleVPA.framework/Versions/A/AppleVPA
0x0000000000247000 	/System/Library/PrivateFrameworks/AppleJPEG.framework/Versions/A/AppleJPEG
0x0000000000247000 	/System/Library/Frameworks/ImageIO.framework/Versions/A/Resources/libJPEG.dylib
0x0000000000247000 	/System/Library/Frameworks/ImageIO.framework/Versions/A/Resources/libTIFF.dylib
0x0000000000247000 	/System/Library/Frameworks/ImageIO.framework/Versions/A/Resources/libPng.dylib
0x0000000000247000 	/System/Library/Frameworks/ImageIO.framework/Versions/A/Resources/libGIF.dylib
0x0000000000247000 	/System/Library/Frameworks/ImageIO.framework/Versions/A/Resources/libJP2.dylib
0x0000000000247000 	/System/Library/Frameworks/ImageIO.framework/Versions/A/Resources/libRadiance.dylib
0x0000000000247000 	/System/Library/Frameworks/CoreVideo.framework/Versions/A/CoreVideo
0x0000000000247000 	/System/Library/Frameworks/OpenGL.framework/Versions/A/Libraries/libGLU.dylib
0x0000000000247000 	/System/Library/Frameworks/OpenGL.framework/Versions/A/Libraries/libGFXShared.dylib
0x0000000000247000 	/System/Library/Frameworks/OpenGL.framework/Versions/A/Libraries/libGL.dylib
0x0000000000247000 	/System/Library/Frameworks/OpenGL.framework/Versions/A/Libraries/libGLImage.dylib
0x0000000000247000 	/System/Library/Frameworks/OpenGL.framework/Versions/A/Libraries/libCVMSPluginSupport.dylib
0x0000000000247000 	/System/Library/Frameworks/OpenGL.framework/Versions/A/Libraries/libCoreVMClient.dylib
0x0000000000247000 	/usr/lib/libcups.2.dylib
0x0000000000247000 	/System/Library/Frameworks/Kerberos.framework/Versions/A/Kerberos
0x0000000000247000 	/System/Library/Frameworks/GSS.framework/Versions/A/GSS
0x0000000000247000 	/usr/lib/libresolv.9.dylib
0x0000000000247000 	/usr/lib/libiconv.2.dylib
0x0000000000247000 	/System/Library/PrivateFrameworks/Heimdal.framework/Versions/A/Heimdal
0x0000000000247000 	/usr/lib/libheimdal-asn1.dylib
0x0000000000247000 	/System/Library/Frameworks/OpenDirectory.framework/Versions/A/OpenDirectory
0x0000000000247000 	/System/Library/PrivateFrameworks/CommonAuth.framework/Versions/A/CommonAuth
0x0000000000247000 	/System/Library/Frameworks/OpenDirectory.framework/Versions/A/Frameworks/CFOpenDirectory.framework/Versions/A/CFOpenDirectory
0x0000000000247000 	/System/Library/Frameworks/SecurityFoundation.framework/Versions/A/SecurityFoundation
0x0000000000247000 	/System/Library/PrivateFrameworks/LanguageModeling.framework/Versions/A/LanguageModeling
0x0000000000247000 	/usr/lib/libcmph.dylib
0x0000000000247000 	/System/Library/Frameworks/ServiceManagement.framework/Versions/A/ServiceManagement
0x0000000000247000 	/usr/lib/libxslt.1.dylib
0x0000000000247000 	/System/Library/Frameworks/Carbon.framework/Versions/A/Frameworks/Ink.framework/Versions/A/Ink
0x0000000000247000 	/System/Library/Frameworks/QuartzCore.framework/Versions/A/Frameworks/CoreImage.framework/Versions/A/CoreImage
0x0000000000247000 	/System/Library/PrivateFrameworks/CrashReporterSupport.framework/Versions/A/CrashReporterSupport
0x0000000000247000 	/System/Library/Frameworks/OpenCL.framework/Versions/A/OpenCL
0x0000000000247000 	/System/Library/PrivateFrameworks/FaceCore.framework/Versions/A/FaceCore
0x0000000000247000 	/System/Library/PrivateFrameworks/Ubiquity.framework/Versions/A/Ubiquity
0x0000000000247000 	/System/Library/PrivateFrameworks/IconServices.framework/Versions/A/IconServices
0x0000000000247000 	/System/Library/PrivateFrameworks/ChunkingLibrary.framework/Versions/A/ChunkingLibrary
0x0000000000247000 	/System/Library/PrivateFrameworks/Apple80211.framework/Versions/A/Apple80211
0x0000000000247000 	/System/Library/Frameworks/CoreWLAN.framework/Versions/A/CoreWLAN
0x0000000000247000 	/System/Library/Frameworks/IOBluetooth.framework/Versions/A/IOBluetooth
0x0000000000247000 	/System/Library/PrivateFrameworks/CoreWiFi.framework/Versions/A/CoreWiFi
0x0000000000247000 	/System/Library/Frameworks/CoreBluetooth.framework/Versions/A/CoreBluetooth
0x0000000000247000 	/System/Library/PrivateFrameworks/DebugSymbols.framework/Versions/A/DebugSymbols
0x0000000000247000 	/System/Library/PrivateFrameworks/CoreSymbolication.framework/Versions/A/CoreSymbolication
0x0000000000247000 	/System/Library/PrivateFrameworks/Symbolication.framework/Versions/A/Symbolication
0x0000000000247000 	/System/Library/PrivateFrameworks/SpeechRecognitionCore.framework/Versions/A/SpeechRecognitionCore
0x0000000110800000 	/Library/Java/JavaVirtualMachines/jdk1.8.0_60.jdk/Contents/Home/jre/lib/server/libjvm.dylib
0x0000000000247000 	/usr/lib/libstdc++.6.dylib
0x000000010ffba000 	/Library/Java/JavaVirtualMachines/jdk1.8.0_60.jdk/Contents/Home/jre/lib/libverify.dylib
0x000000010ffc8000 	/Library/Java/JavaVirtualMachines/jdk1.8.0_60.jdk/Contents/Home/jre/lib/libjava.dylib
0x0000000111791000 	/Library/Java/JavaVirtualMachines/jdk1.8.0_60.jdk/Contents/Home/jre/lib/libzip.dylib
0x0000000127811000 	/System/Library/Frameworks/JavaVM.framework/Frameworks/JavaRuntimeSupport.framework/JavaRuntimeSupport
0x000000012782c000 	/System/Library/Frameworks/JavaVM.framework/Versions/A/Frameworks/JavaNativeFoundation.framework/Versions/A/JavaNativeFoundation
0x0000000127841000 	/System/Library/Frameworks/JavaVM.framework/Versions/A/JavaVM
0x0000000000247000 	/System/Library/Frameworks/Carbon.framework/Versions/A/Carbon
0x000000012784e000 	/System/Library/PrivateFrameworks/JavaLaunching.framework/Versions/A/JavaLaunching
0x0000000000247000 	/System/Library/Frameworks/Carbon.framework/Versions/A/Frameworks/CommonPanels.framework/Versions/A/CommonPanels
0x0000000000247000 	/System/Library/Frameworks/Carbon.framework/Versions/A/Frameworks/Help.framework/Versions/A/Help
0x0000000000247000 	/System/Library/Frameworks/Carbon.framework/Versions/A/Frameworks/ImageCapture.framework/Versions/A/ImageCapture
0x0000000000247000 	/System/Library/Frameworks/Carbon.framework/Versions/A/Frameworks/OpenScripting.framework/Versions/A/OpenScripting
0x0000000000247000 	/System/Library/Frameworks/Carbon.framework/Versions/A/Frameworks/Print.framework/Versions/A/Print
0x0000000000247000 	/System/Library/Frameworks/Carbon.framework/Versions/A/Frameworks/SecurityHI.framework/Versions/A/SecurityHI
0x000000012979e000 	/Library/Java/JavaVirtualMachines/jdk1.8.0_60.jdk/Contents/Home/jre/lib/libawt.dylib
0x0000000129846000 	/Library/Java/JavaVirtualMachines/jdk1.8.0_60.jdk/Contents/Home/jre/lib/./libmlib_image.dylib
0x0000000129912000 	/Library/Java/JavaVirtualMachines/jdk1.8.0_60.jdk/Contents/Home/jre/lib/libawt_lwawt.dylib
0x00000001299c7000 	/Library/Java/JavaVirtualMachines/jdk1.8.0_60.jdk/Contents/Home/jre/lib/./libosxapp.dylib
0x0000000000247000 	/System/Library/Frameworks/ExceptionHandling.framework/Versions/A/ExceptionHandling
0x0000000000247000 	/System/Library/PrivateFrameworks/CoreServicesInternal.framework/Versions/A/CoreServicesInternal
0x0000000000247000 	/System/Library/PrivateFrameworks/CloudDocs.framework/Versions/A/CloudDocs
0x0000000000247000 	/System/Library/PrivateFrameworks/CoreDuet.framework/Versions/A/CoreDuet
0x0000000000247000 	/System/Library/Frameworks/CloudKit.framework/Versions/A/CloudKit
0x0000000000247000 	/System/Library/PrivateFrameworks/ProtocolBuffer.framework/Versions/A/ProtocolBuffer
0x0000000000247000 	/System/Library/PrivateFrameworks/CoreDuetDaemonProtocol.framework/Versions/A/CoreDuetDaemonProtocol
0x0000000000247000 	/System/Library/PrivateFrameworks/CoreDuetDebugLogging.framework/Versions/A/CoreDuetDebugLogging
0x0000000000247000 	/System/Library/PrivateFrameworks/MMCS.framework/Versions/A/MMCS
0x0000000000247000 	/System/Library/Frameworks/CoreLocation.framework/Versions/A/CoreLocation
0x0000000000247000 	/System/Library/PrivateFrameworks/ProtectedCloudStorage.framework/Versions/A/ProtectedCloudStorage
0x0000000000247000 	/System/Library/PrivateFrameworks/GeoServices.framework/Versions/A/GeoServices
0x0000000000247000 	/System/Library/Frameworks/CoreGraphics.framework/Versions/A/Resources/libCGCMS.A.dylib
0x0000000000247000 	/System/Library/Frameworks/CoreGraphics.framework/Versions/A/Resources/libRIP.A.dylib
0x0000000000247000 	/System/Library/Frameworks/CoreGraphics.framework/Versions/A/Resources/libCGXType.A.dylib
0x0000000000247000 	/System/Library/Frameworks/OpenCL.framework/Versions/A/Libraries/libcldcpuengine.dylib
0x0000000000247000 	/System/Library/PrivateFrameworks/DiskImages.framework/Versions/A/DiskImages
0x0000000000247000 	/System/Library/Frameworks/DiscRecording.framework/Versions/A/DiscRecording
0x0000000000247000 	/usr/lib/libcsfde.dylib
0x0000000000247000 	/usr/lib/libcurl.4.dylib
0x0000000000247000 	/System/Library/PrivateFrameworks/MediaKit.framework/Versions/A/MediaKit
0x0000000000247000 	/usr/lib/libCoreStorage.dylib
0x0000000000247000 	/System/Library/PrivateFrameworks/EFILogin.framework/Versions/A/EFILogin
0x0000000000247000 	/usr/lib/libutil.dylib
0x0000000000247000 	/System/Library/PrivateFrameworks/FindMyDevice.framework/Versions/A/FindMyDevice
0x0000000000247000 	/System/Library/Frameworks/LDAP.framework/Versions/A/LDAP
0x0000000000247000 	/usr/lib/libsasl2.2.dylib
0x0000000000247000 	/System/Library/PrivateFrameworks/CoreDaemon.framework/Versions/B/CoreDaemon
0x0000000000247000 	/usr/lib/libcrypto.0.9.8.dylib
0x0000000000247000 	/System/Library/PrivateFrameworks/AppleSRP.framework/Versions/A/AppleSRP
0x0000000000247000 	/System/Library/PrivateFrameworks/TrustEvaluationAgent.framework/Versions/A/TrustEvaluationAgent
0x000000012cbfb000 	cl_kernels
0x000000012cbfd000 	/System/Library/Frameworks/OpenCL.framework/Versions/A/Libraries/ImageFormats/unorm8_bgra.dylib
0x000000012cbed000 	cl_kernels
0x0000000000247000 	/System/Library/PrivateFrameworks/FamilyControls.framework/Versions/A/FamilyControls
0x0000000000247000 	/System/Library/PrivateFrameworks/CommerceKit.framework/Versions/A/Frameworks/CommerceCore.framework/Versions/A/CommerceCore
0x0000000000247000 	/System/Library/PrivateFrameworks/SystemAdministration.framework/Versions/A/SystemAdministration
0x0000000000247000 	/System/Library/PrivateFrameworks/AppContainer.framework/Versions/A/AppContainer
0x0000000000247000 	/System/Library/PrivateFrameworks/SecCodeWrapper.framework/Versions/A/SecCodeWrapper
0x0000000000247000 	/System/Library/Frameworks/DirectoryService.framework/Versions/A/DirectoryService
0x0000000000247000 	/System/Library/PrivateFrameworks/LoginUIKit.framework/Versions/A/Frameworks/LoginUICore.framework/Versions/A/LoginUICore
0x0000000000247000 	/usr/lib/libodfde.dylib
0x000000012de81000 	/Library/Java/JavaVirtualMachines/jdk1.8.0_60.jdk/Contents/Home/jre/lib/libfontmanager.dylib
0x000000012dee8000 	/Users/Vincent/Documents/workspace/Dead's Mirror Slick/lib/native/macosx/liblwjgl.dylib
0x000000012c075000 	/Library/Java/JavaVirtualMachines/jdk1.8.0_60.jdk/Contents/Home/jre/lib/libjawt.dylib
0x0000000000247000 	/System/Library/Frameworks/OpenGL.framework/Versions/A/Resources/GLEngine.bundle/GLEngine
0x0000000000247000 	/System/Library/Frameworks/OpenGL.framework/Versions/A/Libraries/libGLProgrammability.dylib
0x000000012df6a000 	/System/Library/Extensions/AppleIntelBDWGraphicsGLDriver.bundle/Contents/MacOS/AppleIntelBDWGraphicsGLDriver
0x0000000000247000 	/System/Library/PrivateFrameworks/IOAccelerator.framework/Versions/A/IOAccelerator
0x0000000000247000 	/System/Library/PrivateFrameworks/GPUSupport.framework/Versions/A/Libraries/libGPUSupportMercury.dylib
0x0000000000247000 	/System/Library/Frameworks/OpenGL.framework/Versions/A/Resources/GLRendererFloat.bundle/GLRendererFloat
0x00000001306c7000 	/Library/Java/JavaVirtualMachines/jdk1.8.0_60.jdk/Contents/Home/jre/lib/libnio.dylib
0x00000001306d7000 	/Library/Java/JavaVirtualMachines/jdk1.8.0_60.jdk/Contents/Home/jre/lib/./libnet.dylib

VM Arguments:
jvm_args: -Djava.library.path=/Users/Vincent/Documents/workspace/Dead's Mirror Slick/lib/native/macosx -Dfile.encoding=UTF-8 
java_command: Principal.StateGame
java_class_path (initial): /Users/Vincent/Documents/workspace/Dead's Mirror Slick/bin:/Users/Vincent/Documents/workspace/Dead's Mirror Slick/lib/jar/lwjgl.jar:/Users/Vincent/Documents/workspace/Dead's Mirror Slick/lib/jar/slick.jar:/Users/Vincent/Documents/workspace/Dead's Mirror Slick/lib/jar/lwjgl_util.jar
Launcher Type: SUN_STANDARD

Environment Variables:
PATH=/usr/bin:/bin:/usr/sbin:/sbin
SHELL=/bin/bash

Signal Handlers:
SIGSEGV: [libjvm.dylib+0x5a6d31], sa_mask[0]=11111111011111110111111111111111, sa_flags=SA_ONSTACK|SA_RESTART|SA_SIGINFO
SIGBUS: [libjvm.dylib+0x5a6d31], sa_mask[0]=11111111011111110111111111111111, sa_flags=SA_RESTART|SA_SIGINFO
SIGFPE: [libjvm.dylib+0x480a4c], sa_mask[0]=11111111011111110111111111111111, sa_flags=SA_RESTART|SA_SIGINFO
SIGPIPE: [libjvm.dylib+0x480a4c], sa_mask[0]=11111111011111110111111111111111, sa_flags=SA_RESTART|SA_SIGINFO
SIGXFSZ: [libjvm.dylib+0x480a4c], sa_mask[0]=11111111011111110111111111111111, sa_flags=SA_RESTART|SA_SIGINFO
SIGILL: [libjvm.dylib+0x480a4c], sa_mask[0]=11111111011111110111111111111111, sa_flags=SA_RESTART|SA_SIGINFO
SIGUSR1: SIG_DFL, sa_mask[0]=00000000000000000000000000000000, sa_flags=none
SIGUSR2: [libjvm.dylib+0x48056a], sa_mask[0]=00100000000000000000000000000000, sa_flags=SA_RESTART|SA_SIGINFO
SIGHUP: [libjvm.dylib+0x47eb41], sa_mask[0]=11111111011111110111111111111111, sa_flags=SA_RESTART|SA_SIGINFO
SIGINT: [libjvm.dylib+0x47eb41], sa_mask[0]=11111111011111110111111111111111, sa_flags=SA_RESTART|SA_SIGINFO
SIGTERM: [libjvm.dylib+0x47eb41], sa_mask[0]=11111111011111110111111111111111, sa_flags=SA_RESTART|SA_SIGINFO
SIGQUIT: [libjvm.dylib+0x47eb41], sa_mask[0]=11111111011111110111111111111111, sa_flags=SA_RESTART|SA_SIGINFO


---------------  S Y S T E M  ---------------

OS:Bsduname:Darwin 14.5.0 Darwin Kernel Version 14.5.0: Wed Jul 29 02:26:53 PDT 2015; root:xnu-2782.40.9~1/RELEASE_X86_64 x86_64
rlimit: STACK 8192k, CORE 0k, NPROC 709, NOFILE 10240, AS infinity
load average:1.94 2.07 1.99

CPU:total 4 (2 cores per cpu, 2 threads per core) family 6 model 61 stepping 4, cmov, cx8, fxsr, mmx, sse, sse2, sse3, ssse3, sse4.1, sse4.2, popcnt, avx, avx2, aes, clmul, erms, 3dnowpref, lzcnt, ht, tsc, tscinvbit, bmi1, bmi2, adx

Memory: 4k page, physical 8388608k(133288k free)

/proc/meminfo:


vm_info: Java HotSpot(TM) 64-Bit Server VM (25.60-b23) for bsd-amd64 JRE (1.8.0_60-b27), built on Aug  4 2015 10:47:24 by "java_re" with gcc 4.2.1 (Based on Apple Inc. build 5658) (LLVM build 2336.11.00)

time: Tue Jan 12 10:07:26 2016
elapsed time: 431 seconds (0d 0h 7m 11s)

