#
# A fatal error has been detected by the Java Runtime Environment:
#
#  SIGSEGV (0xb) at pc=0x00007fff8f9580dd, pid=1707, tid=1811
#
# JRE version: Java(TM) SE Runtime Environment (8.0_60-b27) (build 1.8.0_60-b27)
# Java VM: Java HotSpot(TM) 64-Bit Server VM (25.60-b23 mixed mode bsd-amd64 compressed oops)
# Problematic frame:
# C  [libobjc.A.dylib+0x10dd]  objc_msgSend+0x1d
#
# Failed to write core dump. Core dumps have been disabled. To enable core dumping, try "ulimit -c unlimited" before starting Java again
#
# If you would like to submit a bug report, please visit:
#   http://bugreport.java.com/bugreport/crash.jsp
# The crash happened outside the Java Virtual Machine in native code.
# See problematic frame for where to report the bug.
#

---------------  T H R E A D  ---------------

Current thread (0x00007f999d055800):  JavaThread "AppKit Thread" daemon [_thread_in_native, id=1811, stack(0x00007fff58359000,0x00007fff58b59000)]

siginfo: si_signo: 11 (SIGSEGV), si_code: 1 (SEGV_MAPERR), si_addr: 0x0000000000000018

Registers:
RAX=0x00007f999b538db0, RBX=0x00007fff58b54888, RCX=0x0000000000000000, RDX=0x00007f99a04a68a0
RSP=0x00007fff58b546a8, RBP=0x00007fff58b546b0, RSI=0x00007fff8870f41e, RDI=0x00007f999b538db0
R8 =0x00007fff58b54690, R9 =0x0000000000000062, R10=0x00007fff8870f41e, R11=0x0000000000000000
R12=0x00007f999b607c50, R13=0x00000000000f4301, R14=0x00007f999b7a03f0, R15=0x00007fff58b547e8
RIP=0x00007fff8f9580dd, EFLAGS=0x0000000000010246, ERR=0x0000000000000004
  TRAPNO=0x000000000000000e

Top of Stack: (sp=0x00007fff58b546a8)
0x00007fff58b546a8:   00007fff844d545c 00007fff58b54a10
0x00007fff58b546b8:   00007fff843c5634 00007fff58b5473c
0x00007fff58b546c8:   00007fff58b54740 00007fff58b54744
0x00007fff58b546d8:   00007fff74fcbe00 ffffffffffffffff
0x00007fff58b546e8:   0000000000000930 00007fff74fcbe18
0x00007fff58b546f8:   00007f999b7a03f0 0000000000000000
0x00007fff58b54708:   00007fff58b547e0 0000000000000000
0x00007fff58b54718:   00007f999b79fd30 00007fff58b54860
0x00007fff58b54728:   0000000000000062 00000000000f4303
0x00007fff58b54738:   00007f99a04a68a0 00007f999b79f790
0x00007fff58b54748:   00007f999b607c50 0000000000000001
0x00007fff58b54758:   00000000000f4301 00007f999b607c40
0x00007fff58b54768:   00007fff8b1b6c05 000000019c18ec30
0x00007fff58b54778:   00007fff750910d0 0000000042000000
0x00007fff58b54788:   00007fff8b1bde63 00007fff74f96240
0x00007fff58b54798:   00007fff58b54868 00007fff58b547c0
0x00007fff58b547a8:   00007fff58b547e0 0000000000000000
0x00007fff58b547b8:   000000000000001b 0007690300000001
0x00007fff58b547c8:   00007f999b607c74 0000000000000000
0x00007fff58b547d8:   00007f99a04a5100 00007f999b79fdb0
0x00007fff58b547e8:   00007f999b7a03f0 0000002000000000
0x00007fff58b547f8:   0000000000000000 00007fff750910d0
0x00007fff58b54808:   0000000042000000 00007fff8b1bd4f8
0x00007fff58b54818:   00007fff74f96350 00007fff58b54778
0x00007fff58b54828:   0000000000000000 00007fff58b548f8
0x00007fff58b54838:   00007fff7490cea0 00007fff58b54930
0x00007fff58b54848:   00007fff91dfd770 00007fff58b548e0
0x00007fff58b54858:   00007fff87e434ed 0000000000000051
0x00007fff58b54868:   0000000000000000 00000000000f42e3
0x00007fff58b54878:   0000000000000053 0000000000000000
0x00007fff58b54888:   00000000000f4301 00007fff58b54904
0x00007fff58b54898:   000000000061c501 00000000ffffffff 

Instructions: (pc=0x00007fff8f9580dd)
0x00007fff8f9580bd:   00 00 00 48 85 ff 2e 74 7a 40 f6 c7 01 2e 75 7e
0x00007fff8f9580cd:   49 bb f8 ff ff ff ff 7f 00 00 4c 23 1f 49 89 f2
0x00007fff8f9580dd:   45 23 53 18 49 c1 e2 04 4d 03 53 10 49 3b 32 75
0x00007fff8f9580ed:   04 41 ff 62 08 49 83 3a 00 74 6a 4d 3b 53 10 74 

Register to memory mapping:

RAX=0x00007f999b538db0 is an unknown value
RBX=0x00007fff58b54888 is pointing into the stack for thread: 0x00007f999d055800
RCX=0x0000000000000000 is an unknown value
RDX=0x00007f99a04a68a0 is an unknown value
RSP=0x00007fff58b546a8 is pointing into the stack for thread: 0x00007f999d055800
RBP=0x00007fff58b546b0 is pointing into the stack for thread: 0x00007f999d055800
RSI=0x00007fff8870f41e: -[NSTitlebarContainerView transparent]+0x5e312 in /System/Library/Frameworks/AppKit.framework/Versions/C/AppKit at 0x00007fff87d0e000
RDI=0x00007f999b538db0 is an unknown value
R8 =0x00007fff58b54690 is pointing into the stack for thread: 0x00007f999d055800
R9 =0x0000000000000062 is an unknown value
R10=0x00007fff8870f41e: -[NSTitlebarContainerView transparent]+0x5e312 in /System/Library/Frameworks/AppKit.framework/Versions/C/AppKit at 0x00007fff87d0e000
R11=0x0000000000000000 is an unknown value
R12=0x00007f999b607c50 is an unknown value
R13=0x00000000000f4301 is an unknown value
R14=0x00007f999b7a03f0 is an unknown value
R15=0x00007fff58b547e8 is pointing into the stack for thread: 0x00007f999d055800


Stack: [0x00007fff58359000,0x00007fff58b59000],  sp=0x00007fff58b546a8,  free space=8173k
Native frames: (J=compiled Java code, j=interpreted, Vv=VM code, C=native code)
C  [libobjc.A.dylib+0x10dd]  objc_msgSend+0x1d
C  [CoreFoundation+0x10634]  _CFXNotificationPost+0xc44
C  [Foundation+0x7aa1]  -[NSNotificationCenter postNotificationName:object:userInfo:]+0x42
C  [AppKit+0x439c2]  -[NSSurface _disposeSurface]+0x98
C  [AppKit+0x43426]  -[NSSurface setWindow:]+0x42
C  [AppKit+0x33910]  -[NSView _setWindow:]+0xa33
C  [AppKit+0x6af91]  -[NSView removeFromSuperview]+0x1c5
C  [AppKit+0x14bd99]  -[NSView removeFromSuperviewWithoutNeedingDisplay]+0x26
C  [liblwjgl.dylib+0xa205]  +[MacOSXKeyableWindow destroyWindow]+0xb5
C  [Foundation+0x92dd0]  __NSThreadPerformPerform+0x125
C  [CoreFoundation+0x80a01]  __CFRUNLOOP_IS_CALLING_OUT_TO_A_SOURCE0_PERFORM_FUNCTION__+0x11
C  [CoreFoundation+0x72b8d]  __CFRunLoopDoSources0+0x10d
C  [CoreFoundation+0x721bf]  __CFRunLoopRun+0x39f
C  [CoreFoundation+0x71bd8]  CFRunLoopRunSpecific+0x128
C  [HIToolbox+0x3256f]  RunCurrentEventLoopInMode+0xeb
C  [HIToolbox+0x321ee]  ReceiveNextEventCommon+0xb3
C  [HIToolbox+0x3212b]  _BlockUntilNextEventMatchingListInModeWithFilter+0x47
C  [AppKit+0x918ab]  _DPSNextEvent+0x3d2
C  [AppKit+0x90e58]  -[NSApplication nextEventMatchingMask:untilDate:inMode:dequeue:]+0x15a
C  [libosxapp.dylib+0x23aa]  -[NSApplicationAWT nextEventMatchingMask:untilDate:inMode:dequeue:]+0x7c
C  [AppKit+0x86af3]  -[NSApplication run]+0x252
C  [libosxapp.dylib+0x214d]  +[NSApplicationAWT runAWTLoopWithApp:]+0x9c
C  [libawt_lwawt.dylib+0x44517]  -[AWTStarter starter:]+0x389
C  [Foundation+0x92dd0]  __NSThreadPerformPerform+0x125
C  [CoreFoundation+0x80a01]  __CFRUNLOOP_IS_CALLING_OUT_TO_A_SOURCE0_PERFORM_FUNCTION__+0x11
C  [CoreFoundation+0x72b8d]  __CFRunLoopDoSources0+0x10d
C  [CoreFoundation+0x721bf]  __CFRunLoopRun+0x39f
C  [CoreFoundation+0x71bd8]  CFRunLoopRunSpecific+0x128
C  [java+0x6463]  CreateExecutionEnvironment+0x367
C  [java+0x21ac]  JLI_Launch+0x7a0
C  [java+0x84c0]  main+0x65
C  [java+0x1a04]  start+0x34
C  0x0000000000000006


---------------  P R O C E S S  ---------------

Java Threads: ( => current thread )
  0x00007f99a1801000 JavaThread "AWT-Shutdown" [_thread_blocked, id=36799, stack(0x0000000173ecb000,0x0000000173fcb000)]
  0x00007f999d205000 JavaThread "Java2D Disposer" daemon [_thread_blocked, id=50467, stack(0x000000012724c000,0x000000012734c000)]
  0x00007f999d1a8800 JavaThread "Java2D Queue Flusher" daemon [_thread_blocked, id=51207, stack(0x0000000126923000,0x0000000126a23000)]
=>0x00007f999d055800 JavaThread "AppKit Thread" daemon [_thread_in_native, id=1811, stack(0x00007fff58359000,0x00007fff58b59000)]
  0x00007f999b841000 JavaThread "Service Thread" daemon [_thread_blocked, id=17923, stack(0x0000000120966000,0x0000000120a66000)]
  0x00007f999d047800 JavaThread "C1 CompilerThread2" daemon [_thread_blocked, id=17411, stack(0x0000000120863000,0x0000000120963000)]
  0x00007f999d047000 JavaThread "C2 CompilerThread1" daemon [_thread_blocked, id=16899, stack(0x0000000120760000,0x0000000120860000)]
  0x00007f999d045800 JavaThread "C2 CompilerThread0" daemon [_thread_blocked, id=16387, stack(0x000000012065d000,0x000000012075d000)]
  0x00007f999d03d800 JavaThread "Signal Dispatcher" daemon [_thread_blocked, id=12307, stack(0x000000012055a000,0x000000012065a000)]
  0x00007f999c836800 JavaThread "Finalizer" daemon [_thread_blocked, id=11523, stack(0x000000011ebb9000,0x000000011ecb9000)]
  0x00007f999c801000 JavaThread "Reference Handler" daemon [_thread_blocked, id=11011, stack(0x000000011eab6000,0x000000011ebb6000)]
  0x00007f999d006800 JavaThread "main" [_thread_in_native, id=4867, stack(0x0000000108b8a000,0x0000000108c8a000)]

Other Threads:
  0x00007f999d032800 VMThread [stack: 0x000000011e9b3000,0x000000011eab3000] [id=10499]
  0x00007f999d000800 WatcherThread [stack: 0x0000000120a69000,0x0000000120b69000] [id=18435]

VM state:not at safepoint (normal execution)

VM Mutex/Monitor currently owned by a thread: None

Heap:
 PSYoungGen      total 36864K, used 11374K [0x0000000795580000, 0x0000000797f00000, 0x00000007c0000000)
  eden space 32256K, 34% used [0x0000000795580000,0x0000000796083948,0x0000000797500000)
  from space 4608K, 2% used [0x0000000797a80000,0x0000000797a98000,0x0000000797f00000)
  to   space 5120K, 0% used [0x0000000797500000,0x0000000797500000,0x0000000797a00000)
 ParOldGen       total 85504K, used 10686K [0x0000000740000000, 0x0000000745380000, 0x0000000795580000)
  object space 85504K, 12% used [0x0000000740000000,0x0000000740a6fa18,0x0000000745380000)
 Metaspace       used 12896K, capacity 13057K, committed 13184K, reserved 1060864K
  class space    used 1321K, capacity 1375K, committed 1408K, reserved 1048576K

Card table byte_map: [0x000000011804c000,0x000000011844d000] byte_map_base: 0x000000011464c000

Marking Bits: (ParMarkBitMap*) 0x00000001084dee20
 Begin Bits: [0x0000000118b04000, 0x000000011ab04000)
 End Bits:   [0x000000011ab04000, 0x000000011cb04000)

Polling page: 0x00000001070c7000

CodeCache: size=245760Kb used=8725Kb max_used=8745Kb free=237034Kb
 bounds [0x0000000108c8c000, 0x000000010954c000, 0x0000000117c8c000]
 total_blobs=2384 nmethods=1813 adapters=484
 compilation: enabled

Compilation events (10 events):
Event: 145.434 Thread 0x00007f999d047800 2068       3       org.lwjgl.opengl.MacOSXNativeKeyboard::getMappedKeyCode (34 bytes)
Event: 145.435 Thread 0x00007f999d047800 nmethod 2068 0x0000000108dc9690 code [0x0000000108dc98a0, 0x0000000108dca548]
Event: 145.435 Thread 0x00007f999d047800 2069       3       org.lwjgl.input.Keyboard$KeyEvent::access$302 (7 bytes)
Event: 145.436 Thread 0x00007f999d047800 nmethod 2069 0x00000001091c6750 code [0x00000001091c68a0, 0x00000001091c69d0]
Event: 173.493 Thread 0x00007f999d047000 2070   !   4       org.lwjgl.input.Mouse::isButtonDown (61 bytes)
Event: 173.497 Thread 0x00007f999d047000 nmethod 2070 0x0000000109236890 code [0x0000000109236a00, 0x0000000109236d18]
Event: 173.718 Thread 0x00007f999d047800 2071  s    3       org.lwjgl.opengl.EventQueue::putEvent (80 bytes)
Event: 173.719 Thread 0x00007f999d047800 nmethod 2071 0x000000010925b850 code [0x000000010925baa0, 0x000000010925cb68]
Event: 173.897 Thread 0x00007f999d047800 2072       3       org.lwjgl.opengl.MacOSXNativeMouse::putMouseEventWithCoords (58 bytes)
Event: 173.897 Thread 0x00007f999d047800 nmethod 2072 0x00000001093fcc50 code [0x00000001093fce40, 0x00000001093fd6e8]

GC Heap History (10 events):
Event: 100.511 GC heap before
{Heap before GC invocations=21 (full 3):
 PSYoungGen      total 36352K, used 35872K [0x0000000795580000, 0x0000000798380000, 0x00000007c0000000)
  eden space 34816K, 100% used [0x0000000795580000,0x0000000797780000,0x0000000797780000)
  from space 1536K, 68% used [0x0000000797800000,0x0000000797908000,0x0000000797980000)
  to   space 6144K, 0% used [0x0000000797d80000,0x0000000797d80000,0x0000000798380000)
 ParOldGen       total 85504K, used 9742K [0x0000000740000000, 0x0000000745380000, 0x0000000795580000)
  object space 85504K, 11% used [0x0000000740000000,0x00000007409839f8,0x0000000745380000)
 Metaspace       used 12876K, capacity 13057K, committed 13184K, reserved 1060864K
  class space    used 1318K, capacity 1375K, committed 1408K, reserved 1048576K
Event: 100.514 GC heap after
Heap after GC invocations=21 (full 3):
 PSYoungGen      total 38912K, used 1088K [0x0000000795580000, 0x0000000798200000, 0x00000007c0000000)
  eden space 34304K, 0% used [0x0000000795580000,0x0000000795580000,0x0000000797700000)
  from space 4608K, 23% used [0x0000000797d80000,0x0000000797e90000,0x0000000798200000)
  to   space 5632K, 0% used [0x0000000797700000,0x0000000797700000,0x0000000797c80000)
 ParOldGen       total 85504K, used 9742K [0x0000000740000000, 0x0000000745380000, 0x0000000795580000)
  object space 85504K, 11% used [0x0000000740000000,0x00000007409839f8,0x0000000745380000)
 Metaspace       used 12876K, capacity 13057K, committed 13184K, reserved 1060864K
  class space    used 1318K, capacity 1375K, committed 1408K, reserved 1048576K
}
Event: 109.199 GC heap before
{Heap before GC invocations=22 (full 3):
 PSYoungGen      total 38912K, used 35392K [0x0000000795580000, 0x0000000798200000, 0x00000007c0000000)
  eden space 34304K, 100% used [0x0000000795580000,0x0000000797700000,0x0000000797700000)
  from space 4608K, 23% used [0x0000000797d80000,0x0000000797e90000,0x0000000798200000)
  to   space 5632K, 0% used [0x0000000797700000,0x0000000797700000,0x0000000797c80000)
 ParOldGen       total 85504K, used 9742K [0x0000000740000000, 0x0000000745380000, 0x0000000795580000)
  object space 85504K, 11% used [0x0000000740000000,0x00000007409839f8,0x0000000745380000)
 Metaspace       used 12876K, capacity 13057K, committed 13184K, reserved 1060864K
  class space    used 1318K, capacity 1375K, committed 1408K, reserved 1048576K
Event: 109.202 GC heap after
Heap after GC invocations=22 (full 3):
 PSYoungGen      total 34816K, used 992K [0x0000000795580000, 0x0000000798180000, 0x00000007c0000000)
  eden space 33792K, 0% used [0x0000000795580000,0x0000000795580000,0x0000000797680000)
  from space 1024K, 96% used [0x0000000797700000,0x00000007977f8000,0x0000000797800000)
  to   space 5632K, 0% used [0x0000000797c00000,0x0000000797c00000,0x0000000798180000)
 ParOldGen       total 85504K, used 9742K [0x0000000740000000, 0x0000000745380000, 0x0000000795580000)
  object space 85504K, 11% used [0x0000000740000000,0x00000007409839f8,0x0000000745380000)
 Metaspace       used 12876K, capacity 13057K, committed 13184K, reserved 1060864K
  class space    used 1318K, capacity 1375K, committed 1408K, reserved 1048576K
}
Event: 121.380 GC heap before
{Heap before GC invocations=23 (full 3):
 PSYoungGen      total 34816K, used 34784K [0x0000000795580000, 0x0000000798180000, 0x00000007c0000000)
  eden space 33792K, 100% used [0x0000000795580000,0x0000000797680000,0x0000000797680000)
  from space 1024K, 96% used [0x0000000797700000,0x00000007977f8000,0x0000000797800000)
  to   space 5632K, 0% used [0x0000000797c00000,0x0000000797c00000,0x0000000798180000)
 ParOldGen       total 85504K, used 9742K [0x0000000740000000, 0x0000000745380000, 0x0000000795580000)
  object space 85504K, 11% used [0x0000000740000000,0x00000007409839f8,0x0000000745380000)
 Metaspace       used 12876K, capacity 13057K, committed 13184K, reserved 1060864K
  class space    used 1318K, capacity 1375K, committed 1408K, reserved 1048576K
Event: 121.384 GC heap after
Heap after GC invocations=23 (full 3):
 PSYoungGen      total 37376K, used 1056K [0x0000000795580000, 0x0000000798000000, 0x00000007c0000000)
  eden space 33280K, 0% used [0x0000000795580000,0x0000000795580000,0x0000000797600000)
  from space 4096K, 25% used [0x0000000797c00000,0x0000000797d08000,0x0000000798000000)
  to   space 5120K, 0% used [0x0000000797600000,0x0000000797600000,0x0000000797b00000)
 ParOldGen       total 85504K, used 9750K [0x0000000740000000, 0x0000000745380000, 0x0000000795580000)
  object space 85504K, 11% used [0x0000000740000000,0x00000007409859f8,0x0000000745380000)
 Metaspace       used 12876K, capacity 13057K, committed 13184K, reserved 1060864K
  class space    used 1318K, capacity 1375K, committed 1408K, reserved 1048576K
}
Event: 145.704 GC heap before
{Heap before GC invocations=24 (full 3):
 PSYoungGen      total 37376K, used 34336K [0x0000000795580000, 0x0000000798000000, 0x00000007c0000000)
  eden space 33280K, 100% used [0x0000000795580000,0x0000000797600000,0x0000000797600000)
  from space 4096K, 25% used [0x0000000797c00000,0x0000000797d08000,0x0000000798000000)
  to   space 5120K, 0% used [0x0000000797600000,0x0000000797600000,0x0000000797b00000)
 ParOldGen       total 85504K, used 9750K [0x0000000740000000, 0x0000000745380000, 0x0000000795580000)
  object space 85504K, 11% used [0x0000000740000000,0x00000007409859f8,0x0000000745380000)
 Metaspace       used 12889K, capacity 13057K, committed 13184K, reserved 1060864K
  class space    used 1321K, capacity 1375K, committed 1408K, reserved 1048576K
Event: 145.707 GC heap after
Heap after GC invocations=24 (full 3):
 PSYoungGen      total 33792K, used 640K [0x0000000795580000, 0x0000000797f80000, 0x00000007c0000000)
  eden space 32768K, 0% used [0x0000000795580000,0x0000000795580000,0x0000000797580000)
  from space 1024K, 62% used [0x0000000797600000,0x00000007976a0000,0x0000000797700000)
  to   space 5120K, 0% used [0x0000000797a80000,0x0000000797a80000,0x0000000797f80000)
 ParOldGen       total 85504K, used 10174K [0x0000000740000000, 0x0000000745380000, 0x0000000795580000)
  object space 85504K, 11% used [0x0000000740000000,0x00000007409efa18,0x0000000745380000)
 Metaspace       used 12889K, capacity 13057K, committed 13184K, reserved 1060864K
  class space    used 1321K, capacity 1375K, committed 1408K, reserved 1048576K
}
Event: 166.406 GC heap before
{Heap before GC invocations=25 (full 3):
 PSYoungGen      total 33792K, used 33408K [0x0000000795580000, 0x0000000797f80000, 0x00000007c0000000)
  eden space 32768K, 100% used [0x0000000795580000,0x0000000797580000,0x0000000797580000)
  from space 1024K, 62% used [0x0000000797600000,0x00000007976a0000,0x0000000797700000)
  to   space 5120K, 0% used [0x0000000797a80000,0x0000000797a80000,0x0000000797f80000)
 ParOldGen       total 85504K, used 10174K [0x0000000740000000, 0x0000000745380000, 0x0000000795580000)
  object space 85504K, 11% used [0x0000000740000000,0x00000007409efa18,0x0000000745380000)
 Metaspace       used 12889K, capacity 13057K, committed 13184K, reserved 1060864K
  class space    used 1321K, capacity 1375K, committed 1408K, reserved 1048576K
Event: 166.408 GC heap after
Heap after GC invocations=25 (full 3):
 PSYoungGen      total 36864K, used 96K [0x0000000795580000, 0x0000000797f00000, 0x00000007c0000000)
  eden space 32256K, 0% used [0x0000000795580000,0x0000000795580000,0x0000000797500000)
  from space 4608K, 2% used [0x0000000797a80000,0x0000000797a98000,0x0000000797f00000)
  to   space 5120K, 0% used [0x0000000797500000,0x0000000797500000,0x0000000797a00000)
 ParOldGen       total 85504K, used 10686K [0x0000000740000000, 0x0000000745380000, 0x0000000795580000)
  object space 85504K, 12% used [0x0000000740000000,0x0000000740a6fa18,0x0000000745380000)
 Metaspace       used 12889K, capacity 13057K, committed 13184K, reserved 1060864K
  class space    used 1321K, capacity 1375K, committed 1408K, reserved 1048576K
}

Deoptimization events (10 events):
Event: 20.565 Thread 0x00007f999d006800 Uncommon trap: reason=unstable_if action=reinterpret pc=0x0000000108f6e224 method=java.lang.Math.min(FF)F @ 11
Event: 26.842 Thread 0x00007f999d006800 Uncommon trap: reason=unstable_if action=reinterpret pc=0x00000001092c6ccc method=org.newdawn.slick.Input.poll(II)V @ 400
Event: 48.830 Thread 0x00007f999d006800 Uncommon trap: reason=unstable_if action=reinterpret pc=0x0000000109131818 method=sun.misc.FloatingDecimal$BinaryToASCIIBuffer.dtoa(IJIZ)V @ 522
Event: 66.974 Thread 0x00007f999c801000 Uncommon trap: reason=unstable_if action=reinterpret pc=0x00000001090bbe48 method=sun.misc.VM.addFinalRefCount(I)V @ 14
Event: 71.582 Thread 0x00007f999d006800 Uncommon trap: reason=unstable_if action=reinterpret pc=0x00000001090f35bc method=org.lwjgl.opengl.MacOSXDisplay.update()V @ 86
Event: 80.370 Thread 0x00007f999d006800 Uncommon trap: reason=unstable_if action=reinterpret pc=0x00000001090d2d5c method=package1.Joueur.render(Lorg/newdawn/slick/Graphics;LGraphisme/Dialogue;)V @ 301
Event: 90.108 Thread 0x00007f999d006800 Uncommon trap: reason=unstable_if action=reinterpret pc=0x00000001093d3c68 method=Principal.BattleGameState.render(Lorg/newdawn/slick/GameContainer;Lorg/newdawn/slick/state/StateBasedGame;Lorg/newdawn/slick/Graphics;)V @ 152
Event: 95.887 Thread 0x00007f999d006800 Uncommon trap: reason=unstable_if action=reinterpret pc=0x000000010946b6b0 method=Principal.BattleGameState.render(Lorg/newdawn/slick/GameContainer;Lorg/newdawn/slick/state/StateBasedGame;Lorg/newdawn/slick/Graphics;)V @ 275
Event: 130.527 Thread 0x00007f999d006800 Uncommon trap: reason=unstable_if action=reinterpret pc=0x00000001094d5cfc method=Principal.BattleGameState.render(Lorg/newdawn/slick/GameContainer;Lorg/newdawn/slick/state/StateBasedGame;Lorg/newdawn/slick/Graphics;)V @ 2376
Event: 174.361 Thread 0x00007f999d006800 Uncommon trap: reason=unstable_if action=reinterpret pc=0x00000001090ec28c method=org.newdawn.slick.AppGameContainer.gameLoop()V @ 60

Internal exceptions (10 events):
Event: 0.206 Thread 0x00007f999d006800 Exception <a 'java/lang/NoSuchFieldError': method resolution failed> (0x00000007959a7ba8) thrown at [/Users/java_re/workspace/8-2-build-macosx-x86_64/jdk8u60/4407/hotspot/src/share/vm/prims/methodHandles.cpp, line 1146]
Event: 0.428 Thread 0x00007f999d006800 Exception <a 'java/io/FileNotFoundException'> (0x0000000795a22ca8) thrown at [/Users/java_re/workspace/8-2-build-macosx-x86_64/jdk8u60/4407/hotspot/src/share/vm/prims/jni.cpp, line 709]
Event: 0.428 Thread 0x00007f999d006800 Exception <a 'java/io/FileNotFoundException'> (0x0000000795a237f8) thrown at [/Users/java_re/workspace/8-2-build-macosx-x86_64/jdk8u60/4407/hotspot/src/share/vm/prims/jni.cpp, line 709]
Event: 0.768 Thread 0x00007f999d006800 Exception <a 'java/lang/NoClassDefFoundError': net/java/games/input/ControllerEnvironment> (0x0000000795f1b4c8) thrown at [/Users/java_re/workspace/8-2-build-macosx-x86_64/jdk8u60/4407/hotspot/src/share/vm/classfile/systemDictionary.cpp, line 199]
Event: 4.042 Thread 0x00007f999d006800 Exception <a 'java/security/PrivilegedActionException'> (0x0000000796b23ee8) thrown at [/Users/java_re/workspace/8-2-build-macosx-x86_64/jdk8u60/4407/hotspot/src/share/vm/prims/jvm.cpp, line 1386]
Event: 4.042 Thread 0x00007f999d006800 Exception <a 'java/security/PrivilegedActionException'> (0x0000000796b25ad0) thrown at [/Users/java_re/workspace/8-2-build-macosx-x86_64/jdk8u60/4407/hotspot/src/share/vm/prims/jvm.cpp, line 1386]
Event: 4.042 Thread 0x00007f999d006800 Exception <a 'java/security/PrivilegedActionException'> (0x0000000796b26bf0) thrown at [/Users/java_re/workspace/8-2-build-macosx-x86_64/jdk8u60/4407/hotspot/src/share/vm/prims/jvm.cpp, line 1386]
Event: 4.042 Thread 0x00007f999d006800 Exception <a 'java/security/PrivilegedActionException'> (0x0000000796b2bd10) thrown at [/Users/java_re/workspace/8-2-build-macosx-x86_64/jdk8u60/4407/hotspot/src/share/vm/prims/jvm.cpp, line 1386]
Event: 4.042 Thread 0x00007f999d006800 Exception <a 'java/security/PrivilegedActionException'> (0x0000000796b2c968) thrown at [/Users/java_re/workspace/8-2-build-macosx-x86_64/jdk8u60/4407/hotspot/src/share/vm/prims/jvm.cpp, line 1386]
Event: 4.042 Thread 0x00007f999d006800 Exception <a 'java/security/PrivilegedActionException'> (0x0000000796b2d590) thrown at [/Users/java_re/workspace/8-2-build-macosx-x86_64/jdk8u60/4407/hotspot/src/share/vm/prims/jvm.cpp, line 1386]

Events (10 events):
Event: 173.497 Thread 0x00007f999d047000 flushing nmethod 0x0000000108db33d0
Event: 173.497 Thread 0x00007f999d047000 flushing nmethod 0x0000000108db9250
Event: 173.719 Thread 0x00007f999d047800 flushing nmethod 0x0000000108dc8d90
Event: 173.719 Thread 0x00007f999d047800 flushing nmethod 0x0000000108dd14d0
Event: 173.898 Thread 0x00007f999d047800 flushing nmethod 0x0000000108e1e6d0
Event: 174.361 Thread 0x00007f999d006800 Uncommon trap: trap_request=0xffffff65 fr.pc=0x00000001090ec28c
Event: 174.361 Thread 0x00007f999d006800 DEOPT PACKING pc=0x00000001090ec28c sp=0x0000000108c89830
Event: 174.361 Thread 0x00007f999d006800 DEOPT UNPACKING pc=0x0000000108c91229 sp=0x0000000108c89808 mode 2
Event: 174.374 loading class org/lwjgl/opengl/CallbackUtil
Event: 174.374 loading class org/lwjgl/opengl/CallbackUtil done


Dynamic libraries:
0x0000000003cc9000 	/System/Library/Frameworks/Cocoa.framework/Versions/A/Cocoa
0x0000000003cc9000 	/System/Library/Frameworks/Security.framework/Versions/A/Security
0x0000000003cc9000 	/System/Library/Frameworks/ApplicationServices.framework/Versions/A/ApplicationServices
0x0000000003cc9000 	/usr/lib/libz.1.dylib
0x0000000003cc9000 	/usr/lib/libSystem.B.dylib
0x0000000003cc9000 	/usr/lib/libobjc.A.dylib
0x0000000003cc9000 	/System/Library/Frameworks/CoreFoundation.framework/Versions/A/CoreFoundation
0x0000000003cc9000 	/System/Library/Frameworks/Foundation.framework/Versions/C/Foundation
0x0000000003cc9000 	/System/Library/Frameworks/AppKit.framework/Versions/C/AppKit
0x0000000003cc9000 	/System/Library/Frameworks/CoreData.framework/Versions/A/CoreData
0x0000000003cc9000 	/System/Library/PrivateFrameworks/RemoteViewServices.framework/Versions/A/RemoteViewServices
0x0000000003cc9000 	/System/Library/PrivateFrameworks/UIFoundation.framework/Versions/A/UIFoundation
0x0000000003cc9000 	/System/Library/Frameworks/IOSurface.framework/Versions/A/IOSurface
0x0000000003cc9000 	/System/Library/Frameworks/AudioToolbox.framework/Versions/A/AudioToolbox
0x0000000003cc9000 	/System/Library/Frameworks/AudioUnit.framework/Versions/A/AudioUnit
0x0000000003cc9000 	/System/Library/PrivateFrameworks/DataDetectorsCore.framework/Versions/A/DataDetectorsCore
0x00000001070c8000 	/System/Library/PrivateFrameworks/DesktopServicesPriv.framework/Versions/A/DesktopServicesPriv
0x0000000003cc9000 	/System/Library/Frameworks/Carbon.framework/Versions/A/Frameworks/HIToolbox.framework/Versions/A/HIToolbox
0x0000000003cc9000 	/System/Library/Frameworks/QuartzCore.framework/Versions/A/QuartzCore
0x0000000003cc9000 	/System/Library/Frameworks/Carbon.framework/Versions/A/Frameworks/SpeechRecognition.framework/Versions/A/SpeechRecognition
0x0000000003cc9000 	/usr/lib/libauto.dylib
0x0000000003cc9000 	/usr/lib/libicucore.A.dylib
0x0000000003cc9000 	/usr/lib/libxml2.2.dylib
0x0000000003cc9000 	/System/Library/PrivateFrameworks/CoreUI.framework/Versions/A/CoreUI
0x0000000003cc9000 	/System/Library/Frameworks/CoreAudio.framework/Versions/A/CoreAudio
0x0000000003cc9000 	/System/Library/Frameworks/DiskArbitration.framework/Versions/A/DiskArbitration
0x0000000003cc9000 	/usr/lib/liblangid.dylib
0x0000000003cc9000 	/System/Library/PrivateFrameworks/MultitouchSupport.framework/Versions/A/MultitouchSupport
0x0000000003cc9000 	/System/Library/Frameworks/IOKit.framework/Versions/A/IOKit
0x0000000003cc9000 	/usr/lib/libDiagnosticMessagesClient.dylib
0x0000000003cc9000 	/System/Library/Frameworks/CoreServices.framework/Versions/A/CoreServices
0x0000000003cc9000 	/System/Library/PrivateFrameworks/PerformanceAnalysis.framework/Versions/A/PerformanceAnalysis
0x0000000003cc9000 	/System/Library/PrivateFrameworks/GenerationalStorage.framework/Versions/A/GenerationalStorage
0x0000000003cc9000 	/System/Library/Frameworks/OpenGL.framework/Versions/A/OpenGL
0x0000000003cc9000 	/System/Library/PrivateFrameworks/Sharing.framework/Versions/A/Sharing
0x0000000003cc9000 	/System/Library/Frameworks/CoreGraphics.framework/Versions/A/CoreGraphics
0x0000000003cc9000 	/System/Library/Frameworks/CoreText.framework/Versions/A/CoreText
0x0000000003cc9000 	/System/Library/Frameworks/ImageIO.framework/Versions/A/ImageIO
0x0000000003cc9000 	/usr/lib/libextension.dylib
0x0000000003cc9000 	/System/Library/PrivateFrameworks/Backup.framework/Versions/A/Backup
0x0000000003cc9000 	/usr/lib/libarchive.2.dylib
0x0000000003cc9000 	/System/Library/Frameworks/CFNetwork.framework/Versions/A/CFNetwork
0x0000000003cc9000 	/System/Library/Frameworks/SystemConfiguration.framework/Versions/A/SystemConfiguration
0x0000000003cc9000 	/usr/lib/libCRFSuite.dylib
0x0000000003cc9000 	/usr/lib/libc++.1.dylib
0x0000000003cc9000 	/usr/lib/libc++abi.dylib
0x0000000003cc9000 	/usr/lib/system/libcache.dylib
0x0000000003cc9000 	/usr/lib/system/libcommonCrypto.dylib
0x0000000003cc9000 	/usr/lib/system/libcompiler_rt.dylib
0x0000000003cc9000 	/usr/lib/system/libcopyfile.dylib
0x0000000003cc9000 	/usr/lib/system/libcorecrypto.dylib
0x0000000003cc9000 	/usr/lib/system/libdispatch.dylib
0x0000000003cc9000 	/usr/lib/system/libdyld.dylib
0x0000000003cc9000 	/usr/lib/system/libkeymgr.dylib
0x0000000003cc9000 	/usr/lib/system/liblaunch.dylib
0x0000000003cc9000 	/usr/lib/system/libmacho.dylib
0x0000000003cc9000 	/usr/lib/system/libquarantine.dylib
0x0000000003cc9000 	/usr/lib/system/libremovefile.dylib
0x0000000003cc9000 	/usr/lib/system/libsystem_asl.dylib
0x0000000003cc9000 	/usr/lib/system/libsystem_blocks.dylib
0x0000000003cc9000 	/usr/lib/system/libsystem_c.dylib
0x0000000003cc9000 	/usr/lib/system/libsystem_configuration.dylib
0x0000000003cc9000 	/usr/lib/system/libsystem_coreservices.dylib
0x0000000003cc9000 	/usr/lib/system/libsystem_coretls.dylib
0x0000000003cc9000 	/usr/lib/system/libsystem_dnssd.dylib
0x0000000003cc9000 	/usr/lib/system/libsystem_info.dylib
0x0000000003cc9000 	/usr/lib/system/libsystem_kernel.dylib
0x0000000003cc9000 	/usr/lib/system/libsystem_m.dylib
0x0000000003cc9000 	/usr/lib/system/libsystem_malloc.dylib
0x0000000003cc9000 	/usr/lib/system/libsystem_network.dylib
0x0000000003cc9000 	/usr/lib/system/libsystem_networkextension.dylib
0x0000000003cc9000 	/usr/lib/system/libsystem_notify.dylib
0x0000000003cc9000 	/usr/lib/system/libsystem_platform.dylib
0x0000000003cc9000 	/usr/lib/system/libsystem_pthread.dylib
0x0000000003cc9000 	/usr/lib/system/libsystem_sandbox.dylib
0x0000000003cc9000 	/usr/lib/system/libsystem_secinit.dylib
0x0000000003cc9000 	/usr/lib/system/libsystem_stats.dylib
0x0000000003cc9000 	/usr/lib/system/libsystem_trace.dylib
0x0000000003cc9000 	/usr/lib/system/libunc.dylib
0x0000000003cc9000 	/usr/lib/system/libunwind.dylib
0x0000000003cc9000 	/usr/lib/system/libxpc.dylib
0x0000000003cc9000 	/usr/lib/libbz2.1.0.dylib
0x0000000003cc9000 	/usr/lib/liblzma.5.dylib
0x0000000003cc9000 	/usr/lib/libbsm.0.dylib
0x0000000003cc9000 	/usr/lib/libsqlite3.dylib
0x0000000003cc9000 	/usr/lib/system/libkxld.dylib
0x0000000003cc9000 	/usr/lib/libxar.1.dylib
0x0000000003cc9000 	/usr/lib/libpam.2.dylib
0x0000000003cc9000 	/usr/lib/libOpenScriptingUtil.dylib
0x0000000003cc9000 	/System/Library/Frameworks/CoreServices.framework/Versions/A/Frameworks/FSEvents.framework/Versions/A/FSEvents
0x0000000003cc9000 	/System/Library/Frameworks/CoreServices.framework/Versions/A/Frameworks/CarbonCore.framework/Versions/A/CarbonCore
0x0000000003cc9000 	/System/Library/Frameworks/CoreServices.framework/Versions/A/Frameworks/Metadata.framework/Versions/A/Metadata
0x0000000003cc9000 	/System/Library/Frameworks/CoreServices.framework/Versions/A/Frameworks/OSServices.framework/Versions/A/OSServices
0x0000000003cc9000 	/System/Library/Frameworks/CoreServices.framework/Versions/A/Frameworks/SearchKit.framework/Versions/A/SearchKit
0x0000000003cc9000 	/System/Library/Frameworks/CoreServices.framework/Versions/A/Frameworks/AE.framework/Versions/A/AE
0x0000000003cc9000 	/System/Library/Frameworks/CoreServices.framework/Versions/A/Frameworks/LaunchServices.framework/Versions/A/LaunchServices
0x0000000003cc9000 	/System/Library/Frameworks/CoreServices.framework/Versions/A/Frameworks/DictionaryServices.framework/Versions/A/DictionaryServices
0x0000000003cc9000 	/System/Library/Frameworks/NetFS.framework/Versions/A/NetFS
0x0000000003cc9000 	/System/Library/PrivateFrameworks/NetAuth.framework/Versions/A/NetAuth
0x0000000003cc9000 	/System/Library/PrivateFrameworks/login.framework/Versions/A/Frameworks/loginsupport.framework/Versions/A/loginsupport
0x0000000003cc9000 	/System/Library/PrivateFrameworks/TCC.framework/Versions/A/TCC
0x0000000003cc9000 	/usr/lib/libmecabra.dylib
0x0000000003cc9000 	/System/Library/Frameworks/ApplicationServices.framework/Versions/A/Frameworks/ATS.framework/Versions/A/ATS
0x0000000003cc9000 	/System/Library/Frameworks/ApplicationServices.framework/Versions/A/Frameworks/ColorSync.framework/Versions/A/ColorSync
0x0000000003cc9000 	/System/Library/Frameworks/ApplicationServices.framework/Versions/A/Frameworks/HIServices.framework/Versions/A/HIServices
0x0000000003cc9000 	/System/Library/Frameworks/ApplicationServices.framework/Versions/A/Frameworks/LangAnalysis.framework/Versions/A/LangAnalysis
0x0000000003cc9000 	/System/Library/Frameworks/ApplicationServices.framework/Versions/A/Frameworks/PrintCore.framework/Versions/A/PrintCore
0x0000000003cc9000 	/System/Library/Frameworks/ApplicationServices.framework/Versions/A/Frameworks/QD.framework/Versions/A/QD
0x0000000003cc9000 	/System/Library/Frameworks/ApplicationServices.framework/Versions/A/Frameworks/SpeechSynthesis.framework/Versions/A/SpeechSynthesis
0x0000000003cc9000 	/System/Library/Frameworks/Accelerate.framework/Versions/A/Accelerate
0x0000000003cc9000 	/System/Library/Frameworks/Accelerate.framework/Versions/A/Frameworks/vImage.framework/Versions/A/vImage
0x0000000003cc9000 	/System/Library/Frameworks/Accelerate.framework/Versions/A/Frameworks/vecLib.framework/Versions/A/vecLib
0x0000000003cc9000 	/System/Library/Frameworks/Accelerate.framework/Versions/A/Frameworks/vecLib.framework/Versions/A/libvDSP.dylib
0x0000000003cc9000 	/System/Library/Frameworks/Accelerate.framework/Versions/A/Frameworks/vecLib.framework/Versions/A/libvMisc.dylib
0x0000000003cc9000 	/System/Library/Frameworks/Accelerate.framework/Versions/A/Frameworks/vecLib.framework/Versions/A/libLAPACK.dylib
0x0000000003cc9000 	/System/Library/Frameworks/Accelerate.framework/Versions/A/Frameworks/vecLib.framework/Versions/A/libBLAS.dylib
0x0000000003cc9000 	/System/Library/Frameworks/Accelerate.framework/Versions/A/Frameworks/vecLib.framework/Versions/A/libLinearAlgebra.dylib
0x0000000003cc9000 	/System/Library/Frameworks/ApplicationServices.framework/Versions/A/Frameworks/ATS.framework/Versions/A/Resources/libFontParser.dylib
0x0000000003cc9000 	/System/Library/Frameworks/ApplicationServices.framework/Versions/A/Frameworks/ATS.framework/Versions/A/Resources/libFontRegistry.dylib
0x0000000003cc9000 	/System/Library/PrivateFrameworks/AppleVPA.framework/Versions/A/AppleVPA
0x0000000003cc9000 	/System/Library/PrivateFrameworks/AppleJPEG.framework/Versions/A/AppleJPEG
0x0000000003cc9000 	/System/Library/Frameworks/ImageIO.framework/Versions/A/Resources/libJPEG.dylib
0x0000000003cc9000 	/System/Library/Frameworks/ImageIO.framework/Versions/A/Resources/libTIFF.dylib
0x0000000003cc9000 	/System/Library/Frameworks/ImageIO.framework/Versions/A/Resources/libPng.dylib
0x0000000003cc9000 	/System/Library/Frameworks/ImageIO.framework/Versions/A/Resources/libGIF.dylib
0x0000000003cc9000 	/System/Library/Frameworks/ImageIO.framework/Versions/A/Resources/libJP2.dylib
0x0000000003cc9000 	/System/Library/Frameworks/ImageIO.framework/Versions/A/Resources/libRadiance.dylib
0x0000000003cc9000 	/System/Library/Frameworks/CoreVideo.framework/Versions/A/CoreVideo
0x0000000003cc9000 	/System/Library/Frameworks/OpenGL.framework/Versions/A/Libraries/libGLU.dylib
0x0000000003cc9000 	/System/Library/Frameworks/OpenGL.framework/Versions/A/Libraries/libGFXShared.dylib
0x0000000003cc9000 	/System/Library/Frameworks/OpenGL.framework/Versions/A/Libraries/libGL.dylib
0x0000000003cc9000 	/System/Library/Frameworks/OpenGL.framework/Versions/A/Libraries/libGLImage.dylib
0x0000000003cc9000 	/System/Library/Frameworks/OpenGL.framework/Versions/A/Libraries/libCVMSPluginSupport.dylib
0x0000000003cc9000 	/System/Library/Frameworks/OpenGL.framework/Versions/A/Libraries/libCoreVMClient.dylib
0x0000000003cc9000 	/usr/lib/libcups.2.dylib
0x0000000003cc9000 	/System/Library/Frameworks/Kerberos.framework/Versions/A/Kerberos
0x0000000003cc9000 	/System/Library/Frameworks/GSS.framework/Versions/A/GSS
0x0000000003cc9000 	/usr/lib/libresolv.9.dylib
0x0000000003cc9000 	/usr/lib/libiconv.2.dylib
0x0000000003cc9000 	/System/Library/PrivateFrameworks/Heimdal.framework/Versions/A/Heimdal
0x0000000003cc9000 	/usr/lib/libheimdal-asn1.dylib
0x0000000003cc9000 	/System/Library/Frameworks/OpenDirectory.framework/Versions/A/OpenDirectory
0x0000000003cc9000 	/System/Library/PrivateFrameworks/CommonAuth.framework/Versions/A/CommonAuth
0x0000000003cc9000 	/System/Library/Frameworks/OpenDirectory.framework/Versions/A/Frameworks/CFOpenDirectory.framework/Versions/A/CFOpenDirectory
0x0000000003cc9000 	/System/Library/Frameworks/SecurityFoundation.framework/Versions/A/SecurityFoundation
0x0000000003cc9000 	/System/Library/PrivateFrameworks/LanguageModeling.framework/Versions/A/LanguageModeling
0x0000000003cc9000 	/usr/lib/libcmph.dylib
0x0000000003cc9000 	/System/Library/Frameworks/ServiceManagement.framework/Versions/A/ServiceManagement
0x0000000003cc9000 	/usr/lib/libxslt.1.dylib
0x0000000003cc9000 	/System/Library/Frameworks/Carbon.framework/Versions/A/Frameworks/Ink.framework/Versions/A/Ink
0x0000000003cc9000 	/System/Library/Frameworks/QuartzCore.framework/Versions/A/Frameworks/CoreImage.framework/Versions/A/CoreImage
0x0000000003cc9000 	/System/Library/PrivateFrameworks/CrashReporterSupport.framework/Versions/A/CrashReporterSupport
0x0000000003cc9000 	/System/Library/Frameworks/OpenCL.framework/Versions/A/OpenCL
0x0000000003cc9000 	/System/Library/PrivateFrameworks/FaceCore.framework/Versions/A/FaceCore
0x00000001070d4000 	/System/Library/PrivateFrameworks/DesktopServicesPriv.framework/Versions/A_/DesktopServicesPriv
0x0000000003cc9000 	/System/Library/PrivateFrameworks/Ubiquity.framework/Versions/A/Ubiquity
0x0000000003cc9000 	/System/Library/PrivateFrameworks/IconServices.framework/Versions/A/IconServices
0x0000000003cc9000 	/System/Library/PrivateFrameworks/ChunkingLibrary.framework/Versions/A/ChunkingLibrary
0x0000000003cc9000 	/System/Library/PrivateFrameworks/Apple80211.framework/Versions/A/Apple80211
0x0000000003cc9000 	/System/Library/Frameworks/CoreWLAN.framework/Versions/A/CoreWLAN
0x0000000003cc9000 	/System/Library/Frameworks/IOBluetooth.framework/Versions/A/IOBluetooth
0x0000000003cc9000 	/System/Library/PrivateFrameworks/CoreWiFi.framework/Versions/A/CoreWiFi
0x0000000003cc9000 	/System/Library/Frameworks/CoreBluetooth.framework/Versions/A/CoreBluetooth
0x0000000003cc9000 	/System/Library/PrivateFrameworks/DebugSymbols.framework/Versions/A/DebugSymbols
0x0000000003cc9000 	/System/Library/PrivateFrameworks/CoreSymbolication.framework/Versions/A/CoreSymbolication
0x0000000003cc9000 	/System/Library/PrivateFrameworks/Symbolication.framework/Versions/A/Symbolication
0x0000000003cc9000 	/System/Library/PrivateFrameworks/SpeechRecognitionCore.framework/Versions/A/SpeechRecognitionCore
0x0000000107c00000 	/Library/Java/JavaVirtualMachines/jdk1.8.0_60.jdk/Contents/Home/jre/lib/server/libjvm.dylib
0x0000000003cc9000 	/usr/lib/libstdc++.6.dylib
0x000000010735d000 	/Library/Java/JavaVirtualMachines/jdk1.8.0_60.jdk/Contents/Home/jre/lib/libverify.dylib
0x000000010736b000 	/Library/Java/JavaVirtualMachines/jdk1.8.0_60.jdk/Contents/Home/jre/lib/libjava.dylib
0x00000001073a9000 	/Library/Java/JavaVirtualMachines/jdk1.8.0_60.jdk/Contents/Home/jre/lib/libzip.dylib
0x000000011ecbb000 	/System/Library/Frameworks/JavaVM.framework/Frameworks/JavaRuntimeSupport.framework/JavaRuntimeSupport
0x000000011ecd6000 	/System/Library/Frameworks/JavaVM.framework/Versions/A/Frameworks/JavaNativeFoundation.framework/Versions/A/JavaNativeFoundation
0x000000011eceb000 	/System/Library/Frameworks/JavaVM.framework/Versions/A/JavaVM
0x0000000003cc9000 	/System/Library/Frameworks/Carbon.framework/Versions/A/Carbon
0x000000011ecf8000 	/System/Library/PrivateFrameworks/JavaLaunching.framework/Versions/A/JavaLaunching
0x0000000003cc9000 	/System/Library/Frameworks/Carbon.framework/Versions/A/Frameworks/CommonPanels.framework/Versions/A/CommonPanels
0x0000000003cc9000 	/System/Library/Frameworks/Carbon.framework/Versions/A/Frameworks/Help.framework/Versions/A/Help
0x0000000003cc9000 	/System/Library/Frameworks/Carbon.framework/Versions/A/Frameworks/ImageCapture.framework/Versions/A/ImageCapture
0x0000000003cc9000 	/System/Library/Frameworks/Carbon.framework/Versions/A/Frameworks/OpenScripting.framework/Versions/A/OpenScripting
0x0000000003cc9000 	/System/Library/Frameworks/Carbon.framework/Versions/A/Frameworks/Print.framework/Versions/A/Print
0x0000000003cc9000 	/System/Library/Frameworks/Carbon.framework/Versions/A/Frameworks/SecurityHI.framework/Versions/A/SecurityHI
0x0000000120bc0000 	/Library/Java/JavaVirtualMachines/jdk1.8.0_60.jdk/Contents/Home/jre/lib/libawt.dylib
0x0000000120c68000 	/Library/Java/JavaVirtualMachines/jdk1.8.0_60.jdk/Contents/Home/jre/lib/./libmlib_image.dylib
0x0000000120d34000 	/Library/Java/JavaVirtualMachines/jdk1.8.0_60.jdk/Contents/Home/jre/lib/libawt_lwawt.dylib
0x0000000120de9000 	/Library/Java/JavaVirtualMachines/jdk1.8.0_60.jdk/Contents/Home/jre/lib/./libosxapp.dylib
0x0000000003cc9000 	/System/Library/Frameworks/ExceptionHandling.framework/Versions/A/ExceptionHandling
0x0000000003cc9000 	/System/Library/PrivateFrameworks/CoreServicesInternal.framework/Versions/A/CoreServicesInternal
0x0000000003cc9000 	/System/Library/PrivateFrameworks/CloudDocs.framework/Versions/A/CloudDocs
0x0000000003cc9000 	/System/Library/PrivateFrameworks/CoreDuet.framework/Versions/A/CoreDuet
0x0000000003cc9000 	/System/Library/Frameworks/CloudKit.framework/Versions/A/CloudKit
0x0000000003cc9000 	/System/Library/PrivateFrameworks/ProtocolBuffer.framework/Versions/A/ProtocolBuffer
0x0000000003cc9000 	/System/Library/PrivateFrameworks/CoreDuetDaemonProtocol.framework/Versions/A/CoreDuetDaemonProtocol
0x0000000003cc9000 	/System/Library/PrivateFrameworks/CoreDuetDebugLogging.framework/Versions/A/CoreDuetDebugLogging
0x0000000003cc9000 	/System/Library/PrivateFrameworks/MMCS.framework/Versions/A/MMCS
0x0000000003cc9000 	/System/Library/Frameworks/CoreLocation.framework/Versions/A/CoreLocation
0x0000000003cc9000 	/System/Library/PrivateFrameworks/ProtectedCloudStorage.framework/Versions/A/ProtectedCloudStorage
0x0000000003cc9000 	/System/Library/PrivateFrameworks/GeoServices.framework/Versions/A/GeoServices
0x0000000003cc9000 	/System/Library/Frameworks/CoreGraphics.framework/Versions/A/Resources/libCGCMS.A.dylib
0x0000000003cc9000 	/System/Library/Frameworks/CoreGraphics.framework/Versions/A/Resources/libRIP.A.dylib
0x0000000003cc9000 	/System/Library/Frameworks/CoreGraphics.framework/Versions/A/Resources/libCGXType.A.dylib
0x0000000003cc9000 	/System/Library/Frameworks/OpenCL.framework/Versions/A/Libraries/libcldcpuengine.dylib
0x0000000003cc9000 	/System/Library/PrivateFrameworks/DiskImages.framework/Versions/A/DiskImages
0x0000000003cc9000 	/System/Library/Frameworks/DiscRecording.framework/Versions/A/DiscRecording
0x0000000003cc9000 	/usr/lib/libcsfde.dylib
0x0000000003cc9000 	/usr/lib/libcurl.4.dylib
0x0000000003cc9000 	/System/Library/PrivateFrameworks/MediaKit.framework/Versions/A/MediaKit
0x0000000003cc9000 	/usr/lib/libCoreStorage.dylib
0x0000000003cc9000 	/System/Library/PrivateFrameworks/EFILogin.framework/Versions/A/EFILogin
0x0000000003cc9000 	/usr/lib/libutil.dylib
0x0000000003cc9000 	/System/Library/PrivateFrameworks/FindMyDevice.framework/Versions/A/FindMyDevice
0x0000000003cc9000 	/System/Library/Frameworks/LDAP.framework/Versions/A/LDAP
0x0000000003cc9000 	/usr/lib/libsasl2.2.dylib
0x0000000003cc9000 	/System/Library/PrivateFrameworks/CoreDaemon.framework/Versions/B/CoreDaemon
0x0000000003cc9000 	/usr/lib/libcrypto.0.9.8.dylib
0x0000000003cc9000 	/System/Library/PrivateFrameworks/AppleSRP.framework/Versions/A/AppleSRP
0x0000000003cc9000 	/System/Library/PrivateFrameworks/TrustEvaluationAgent.framework/Versions/A/TrustEvaluationAgent
0x00000001240a4000 	cl_kernels
0x00000001240a6000 	/System/Library/Frameworks/OpenCL.framework/Versions/A/Libraries/ImageFormats/unorm8_bgra.dylib
0x0000000124096000 	cl_kernels
0x0000000003cc9000 	/System/Library/PrivateFrameworks/FamilyControls.framework/Versions/A/FamilyControls
0x0000000003cc9000 	/System/Library/PrivateFrameworks/CommerceKit.framework/Versions/A/Frameworks/CommerceCore.framework/Versions/A/CommerceCore
0x0000000003cc9000 	/System/Library/PrivateFrameworks/SystemAdministration.framework/Versions/A/SystemAdministration
0x0000000003cc9000 	/System/Library/PrivateFrameworks/AppContainer.framework/Versions/A/AppContainer
0x0000000003cc9000 	/System/Library/PrivateFrameworks/SecCodeWrapper.framework/Versions/A/SecCodeWrapper
0x0000000003cc9000 	/System/Library/Frameworks/DirectoryService.framework/Versions/A/DirectoryService
0x0000000003cc9000 	/System/Library/PrivateFrameworks/LoginUIKit.framework/Versions/A/Frameworks/LoginUICore.framework/Versions/A/LoginUICore
0x0000000003cc9000 	/usr/lib/libodfde.dylib
0x00000001253ad000 	/Library/Java/JavaVirtualMachines/jdk1.8.0_60.jdk/Contents/Home/jre/lib/libfontmanager.dylib
0x0000000125414000 	/Users/Vincent/Documents/workspace/Dead's Mirror Slick/lib/native/macosx/liblwjgl.dylib
0x0000000123521000 	/Library/Java/JavaVirtualMachines/jdk1.8.0_60.jdk/Contents/Home/jre/lib/libjawt.dylib
0x0000000003cc9000 	/System/Library/Frameworks/OpenGL.framework/Versions/A/Resources/GLEngine.bundle/GLEngine
0x0000000003cc9000 	/System/Library/Frameworks/OpenGL.framework/Versions/A/Libraries/libGLProgrammability.dylib
0x0000000125496000 	/System/Library/Extensions/AppleIntelBDWGraphicsGLDriver.bundle/Contents/MacOS/AppleIntelBDWGraphicsGLDriver
0x0000000003cc9000 	/System/Library/PrivateFrameworks/IOAccelerator.framework/Versions/A/IOAccelerator
0x0000000003cc9000 	/System/Library/PrivateFrameworks/GPUSupport.framework/Versions/A/Libraries/libGPUSupportMercury.dylib
0x0000000003cc9000 	/System/Library/Frameworks/OpenGL.framework/Versions/A/Resources/GLRendererFloat.bundle/GLRendererFloat
0x0000000127401000 	/Library/Java/JavaVirtualMachines/jdk1.8.0_60.jdk/Contents/Home/jre/lib/libnet.dylib
0x00000001275fb000 	/Library/Java/JavaVirtualMachines/jdk1.8.0_60.jdk/Contents/Home/jre/lib/libnio.dylib
0x0000000003cc9000 	/System/Library/Frameworks/ApplicationServices.framework/Versions/A/Frameworks/ATS.framework/Versions/A/Resources/libTrueTypeScaler.dylib
0x000000017335a000 	/Library/Java/JavaVirtualMachines/jdk1.8.0_60.jdk/Contents/Home/jre/lib/libt2k.dylib
0x0000000122635000 	/Library/Java/JavaVirtualMachines/jdk1.8.0_60.jdk/Contents/Home/jre/lib/libjpeg.dylib
0x0000000173827000 	/Users/Vincent/Documents/workspace/Dead's Mirror Slick/lib/native/macosx/openal.dylib
0x0000000173883000 	/System/Library/Components/CoreAudio.component/Contents/MacOS/CoreAudio
0x00000001225db000 	/System/Library/Extensions/AppleHDA.kext/Contents/PlugIns/AppleHDAHALPlugIn.bundle/Contents/MacOS/AppleHDAHALPlugIn

VM Arguments:
jvm_args: -Djava.library.path=/Users/Vincent/Documents/workspace/Dead's Mirror Slick/lib/native/macosx -Dfile.encoding=UTF-8 
java_command: Principal.StateGame
java_class_path (initial): /Users/Vincent/Documents/workspace/Dead's Mirror Slick/bin:/Users/Vincent/Documents/workspace/Dead's Mirror Slick/lib/jar/lwjgl.jar:/Users/Vincent/Documents/workspace/Dead's Mirror Slick/lib/jar/slick.jar:/Users/Vincent/Documents/workspace/Dead's Mirror Slick/lib/jar/jogg-0.0.7.jar:/Users/Vincent/Documents/workspace/Dead's Mirror Slick/lib/jar/jorbis-0.0.15.jar:/Users/Vincent/Documents/workspace/Dead's Mirror Slick/lib/jar/lwjgl_util.jar:/Users/Vincent/Documents/workspace/Dead's Mirror Slick/lib/jar/slick-util.jar:/Users/Vincent/Documents/workspace/Dead's Mirror Slick/lib/jar/SlickUtils-1.3.jar
Launcher Type: SUN_STANDARD

Environment Variables:
PATH=/usr/bin:/bin:/usr/sbin:/sbin
SHELL=/bin/bash

Signal Handlers:
SIGSEGV: [libjvm.dylib+0x5a6d31], sa_mask[0]=11111111011111110111111111111111, sa_flags=SA_ONSTACK|SA_RESTART|SA_SIGINFO
SIGBUS: [libjvm.dylib+0x5a6d31], sa_mask[0]=11111111011111110111111111111111, sa_flags=SA_RESTART|SA_SIGINFO
SIGFPE: [libjvm.dylib+0x480a4c], sa_mask[0]=11111111011111110111111111111111, sa_flags=SA_RESTART|SA_SIGINFO
SIGPIPE: [libjvm.dylib+0x480a4c], sa_mask[0]=11111111011111110111111111111111, sa_flags=SA_RESTART|SA_SIGINFO
SIGXFSZ: [libjvm.dylib+0x480a4c], sa_mask[0]=11111111011111110111111111111111, sa_flags=SA_RESTART|SA_SIGINFO
SIGILL: [libjvm.dylib+0x480a4c], sa_mask[0]=11111111011111110111111111111111, sa_flags=SA_RESTART|SA_SIGINFO
SIGUSR1: SIG_DFL, sa_mask[0]=00000000000000000000000000000000, sa_flags=none
SIGUSR2: [libjvm.dylib+0x48056a], sa_mask[0]=00100000000000000000000000000000, sa_flags=SA_RESTART|SA_SIGINFO
SIGHUP: [libjvm.dylib+0x47eb41], sa_mask[0]=11111111011111110111111111111111, sa_flags=SA_RESTART|SA_SIGINFO
SIGINT: [libjvm.dylib+0x47eb41], sa_mask[0]=11111111011111110111111111111111, sa_flags=SA_RESTART|SA_SIGINFO
SIGTERM: [libjvm.dylib+0x47eb41], sa_mask[0]=11111111011111110111111111111111, sa_flags=SA_RESTART|SA_SIGINFO
SIGQUIT: [libjvm.dylib+0x47eb41], sa_mask[0]=11111111011111110111111111111111, sa_flags=SA_RESTART|SA_SIGINFO


---------------  S Y S T E M  ---------------

OS:Bsduname:Darwin 14.5.0 Darwin Kernel Version 14.5.0: Wed Jul 29 02:26:53 PDT 2015; root:xnu-2782.40.9~1/RELEASE_X86_64 x86_64
rlimit: STACK 8192k, CORE 0k, NPROC 709, NOFILE 10240, AS infinity
load average:2.29 2.29 2.15

CPU:total 4 (2 cores per cpu, 2 threads per core) family 6 model 61 stepping 4, cmov, cx8, fxsr, mmx, sse, sse2, sse3, ssse3, sse4.1, sse4.2, popcnt, avx, avx2, aes, clmul, erms, 3dnowpref, lzcnt, ht, tsc, tscinvbit, bmi1, bmi2, adx

Memory: 4k page, physical 8388608k(720928k free)

/proc/meminfo:


vm_info: Java HotSpot(TM) 64-Bit Server VM (25.60-b23) for bsd-amd64 JRE (1.8.0_60-b27), built on Aug  4 2015 10:47:24 by "java_re" with gcc 4.2.1 (Based on Apple Inc. build 5658) (LLVM build 2336.11.00)

time: Wed Jan 20 03:55:28 2016
elapsed time: 174 seconds (0d 0h 2m 54s)

