#
# A fatal error has been detected by the Java Runtime Environment:
#
#  SIGSEGV (0xb) at pc=0x00007fff8f9580dd, pid=3070, tid=1811
#
# JRE version: Java(TM) SE Runtime Environment (8.0_60-b27) (build 1.8.0_60-b27)
# Java VM: Java HotSpot(TM) 64-Bit Server VM (25.60-b23 mixed mode bsd-amd64 compressed oops)
# Problematic frame:
# C  [libobjc.A.dylib+0x10dd]  objc_msgSend+0x1d
#
# Failed to write core dump. Core dumps have been disabled. To enable core dumping, try "ulimit -c unlimited" before starting Java again
#
# If you would like to submit a bug report, please visit:
#   http://bugreport.java.com/bugreport/crash.jsp
# The crash happened outside the Java Virtual Machine in native code.
# See problematic frame for where to report the bug.
#

---------------  T H R E A D  ---------------

Current thread (0x00007f9bd50de800):  JavaThread "AppKit Thread" daemon [_thread_in_native, id=1811, stack(0x00007fff566bb000,0x00007fff56ebb000)]

siginfo: si_signo: 11 (SIGSEGV), si_code: 1 (SEGV_MAPERR), si_addr: 0x000007f9bd3426c8

Registers:
RAX=0x00007f9bd3479fe0, RBX=0x00007fff56eb6888, RCX=0x0000000000000000, RDX=0x00007f9bd7d25020
RSP=0x00007fff56eb66a8, RBP=0x00007fff56eb66b0, RSI=0x00007fff8870f41e, RDI=0x00007f9bd3479fe0
R8 =0x00007fff56eb6690, R9 =0x0000000000000062, R10=0x00007fff8870f41e, R11=0x000007f9bd3426b0
R12=0x00007f9bd3406bf0, R13=0x00000000000f4300, R14=0x00007f9bd3482db0, R15=0x00007fff56eb67e8
RIP=0x00007fff8f9580dd, EFLAGS=0x0000000000010202, ERR=0x0000000000000004
  TRAPNO=0x000000000000000e

Top of Stack: (sp=0x00007fff56eb66a8)
0x00007fff56eb66a8:   00007fff844d545c 00007fff56eb6a10
0x00007fff56eb66b8:   00007fff843c5634 00007fff56eb673c
0x00007fff56eb66c8:   00007fff56eb6740 00007fff56eb6744
0x00007fff56eb66d8:   00007fff74fcbe00 ffffffffffffffff
0x00007fff56eb66e8:   0000000000000930 00007fff74fcbe18
0x00007fff56eb66f8:   00007f9bd3482db0 0000000000000000
0x00007fff56eb6708:   00007fff56eb67e0 0000000000000000
0x00007fff56eb6718:   00007f9bd3749120 00007fff56eb6860
0x00007fff56eb6728:   0000000000000062 00000000000f4302
0x00007fff56eb6738:   00007f9bd7d25020 00007f9bd3748b50
0x00007fff56eb6748:   00007f9bd3406bf0 0000000000000001
0x00007fff56eb6758:   00000000000f4300 00007f9bd3406be0
0x00007fff56eb6768:   00007fff8b1b6c05 00000001d3e58710
0x00007fff56eb6778:   00007fff750910d0 0000000042000000
0x00007fff56eb6788:   00007fff8b1bde63 00007fff74f96240
0x00007fff56eb6798:   00007fff56eb6868 00007fff56eb67c0
0x00007fff56eb67a8:   00007fff56eb67e0 0000000000000000
0x00007fff56eb67b8:   0000000000000013 0008030300000001
0x00007fff56eb67c8:   00007f9bd3406c14 0000000000000000
0x00007fff56eb67d8:   0000000000000000 00007f9bd37491a0
0x00007fff56eb67e8:   00007f9bd3482db0 0000002000000000
0x00007fff56eb67f8:   0000000000000000 00007fff750910d0
0x00007fff56eb6808:   0000000042000000 00007fff8b1bd4f8
0x00007fff56eb6818:   00007fff74f96350 00007fff56eb6778
0x00007fff56eb6828:   0000000000000000 00007fff56eb68f8
0x00007fff56eb6838:   00007fff7490cea0 00007fff56eb6930
0x00007fff56eb6848:   00007fff91dfd770 00007fff56eb68e0
0x00007fff56eb6858:   00007fff87e434ed 0000000000000051
0x00007fff56eb6868:   0000000000000000 00000000000f42e2
0x00007fff56eb6878:   0000000000000053 0000000000000000
0x00007fff56eb6888:   00000000000f4300 00007fff56eb6904
0x00007fff56eb6898:   000000000061a501 00000000ffffffff 

Instructions: (pc=0x00007fff8f9580dd)
0x00007fff8f9580bd:   00 00 00 48 85 ff 2e 74 7a 40 f6 c7 01 2e 75 7e
0x00007fff8f9580cd:   49 bb f8 ff ff ff ff 7f 00 00 4c 23 1f 49 89 f2
0x00007fff8f9580dd:   45 23 53 18 49 c1 e2 04 4d 03 53 10 49 3b 32 75
0x00007fff8f9580ed:   04 41 ff 62 08 49 83 3a 00 74 6a 4d 3b 53 10 74 

Register to memory mapping:

RAX=0x00007f9bd3479fe0 is an unknown value
RBX=0x00007fff56eb6888 is pointing into the stack for thread: 0x00007f9bd50de800
RCX=0x0000000000000000 is an unknown value
RDX=0x00007f9bd7d25020 is an unknown value
RSP=0x00007fff56eb66a8 is pointing into the stack for thread: 0x00007f9bd50de800
RBP=0x00007fff56eb66b0 is pointing into the stack for thread: 0x00007f9bd50de800
RSI=0x00007fff8870f41e: -[NSTitlebarContainerView transparent]+0x5e312 in /System/Library/Frameworks/AppKit.framework/Versions/C/AppKit at 0x00007fff87d0e000
RDI=0x00007f9bd3479fe0 is an unknown value
R8 =0x00007fff56eb6690 is pointing into the stack for thread: 0x00007f9bd50de800
R9 =0x0000000000000062 is an unknown value
R10=0x00007fff8870f41e: -[NSTitlebarContainerView transparent]+0x5e312 in /System/Library/Frameworks/AppKit.framework/Versions/C/AppKit at 0x00007fff87d0e000
R11=0x000007f9bd3426b0 is an unknown value
R12=0x00007f9bd3406bf0 is an unknown value
R13=0x00000000000f4300 is an unknown value
R14=0x00007f9bd3482db0 is an unknown value
R15=0x00007fff56eb67e8 is pointing into the stack for thread: 0x00007f9bd50de800


Stack: [0x00007fff566bb000,0x00007fff56ebb000],  sp=0x00007fff56eb66a8,  free space=8173k
Native frames: (J=compiled Java code, j=interpreted, Vv=VM code, C=native code)
C  [libobjc.A.dylib+0x10dd]  objc_msgSend+0x1d
C  [CoreFoundation+0x10634]  _CFXNotificationPost+0xc44
C  [Foundation+0x7aa1]  -[NSNotificationCenter postNotificationName:object:userInfo:]+0x42
C  [AppKit+0x439c2]  -[NSSurface _disposeSurface]+0x98
C  [AppKit+0x43426]  -[NSSurface setWindow:]+0x42
C  [AppKit+0x33910]  -[NSView _setWindow:]+0xa33
C  [AppKit+0x6af91]  -[NSView removeFromSuperview]+0x1c5
C  [AppKit+0x14bd99]  -[NSView removeFromSuperviewWithoutNeedingDisplay]+0x26
C  [liblwjgl.dylib+0xa205]  +[MacOSXKeyableWindow destroyWindow]+0xb5
C  [Foundation+0x92dd0]  __NSThreadPerformPerform+0x125
C  [CoreFoundation+0x80a01]  __CFRUNLOOP_IS_CALLING_OUT_TO_A_SOURCE0_PERFORM_FUNCTION__+0x11
C  [CoreFoundation+0x72b8d]  __CFRunLoopDoSources0+0x10d
C  [CoreFoundation+0x721bf]  __CFRunLoopRun+0x39f
C  [CoreFoundation+0x71bd8]  CFRunLoopRunSpecific+0x128
C  [HIToolbox+0x3256f]  RunCurrentEventLoopInMode+0xeb
C  [HIToolbox+0x322ea]  ReceiveNextEventCommon+0x1af
C  [HIToolbox+0x3212b]  _BlockUntilNextEventMatchingListInModeWithFilter+0x47
C  [AppKit+0x918ab]  _DPSNextEvent+0x3d2
C  [AppKit+0x90e58]  -[NSApplication nextEventMatchingMask:untilDate:inMode:dequeue:]+0x15a
C  [libosxapp.dylib+0x23aa]  -[NSApplicationAWT nextEventMatchingMask:untilDate:inMode:dequeue:]+0x7c
C  [AppKit+0x86af3]  -[NSApplication run]+0x252
C  [libosxapp.dylib+0x214d]  +[NSApplicationAWT runAWTLoopWithApp:]+0x9c
C  [libawt_lwawt.dylib+0x44517]  -[AWTStarter starter:]+0x389
C  [Foundation+0x92dd0]  __NSThreadPerformPerform+0x125
C  [CoreFoundation+0x80a01]  __CFRUNLOOP_IS_CALLING_OUT_TO_A_SOURCE0_PERFORM_FUNCTION__+0x11
C  [CoreFoundation+0x72b8d]  __CFRunLoopDoSources0+0x10d
C  [CoreFoundation+0x721bf]  __CFRunLoopRun+0x39f
C  [CoreFoundation+0x71bd8]  CFRunLoopRunSpecific+0x128
C  [java+0x6463]  CreateExecutionEnvironment+0x367
C  [java+0x21ac]  JLI_Launch+0x7a0
C  [java+0x84c0]  main+0x65
C  [java+0x1a04]  start+0x34
C  0x0000000000000006


---------------  P R O C E S S  ---------------

Java Threads: ( => current thread )
  0x00007f9bd4048000 JavaThread "AWT-Shutdown" [_thread_blocked, id=36959, stack(0x00000001760d7000,0x00000001761d7000)]
  0x00007f9bd3a33000 JavaThread "Java2D Disposer" daemon [_thread_blocked, id=50967, stack(0x0000000128e67000,0x0000000128f67000)]
  0x00007f9bd523a000 JavaThread "Java2D Queue Flusher" daemon [_thread_blocked, id=50467, stack(0x000000012853e000,0x000000012863e000)]
=>0x00007f9bd50de800 JavaThread "AppKit Thread" daemon [_thread_in_native, id=1811, stack(0x00007fff566bb000,0x00007fff56ebb000)]
  0x00007f9bd3834000 JavaThread "Service Thread" daemon [_thread_blocked, id=18179, stack(0x0000000122687000,0x0000000122787000)]
  0x00007f9bd3830800 JavaThread "C1 CompilerThread2" daemon [_thread_blocked, id=17667, stack(0x0000000122584000,0x0000000122684000)]
  0x00007f9bd3830000 JavaThread "C2 CompilerThread1" daemon [_thread_blocked, id=17155, stack(0x0000000122481000,0x0000000122581000)]
  0x00007f9bd5011800 JavaThread "C2 CompilerThread0" daemon [_thread_blocked, id=16643, stack(0x000000012237e000,0x000000012247e000)]
  0x00007f9bd5004000 JavaThread "Signal Dispatcher" daemon [_thread_blocked, id=13331, stack(0x000000012227b000,0x000000012237b000)]
  0x00007f9bd383b800 JavaThread "Finalizer" daemon [_thread_blocked, id=11523, stack(0x0000000120855000,0x0000000120955000)]
  0x00007f9bd4028000 JavaThread "Reference Handler" daemon [_thread_blocked, id=11011, stack(0x0000000120752000,0x0000000120852000)]
  0x00007f9bd4003000 JavaThread "main" [_thread_in_native, id=4867, stack(0x000000010a78a000,0x000000010a88a000)]

Other Threads:
  0x00007f9bd383b000 VMThread [stack: 0x000000012064f000,0x000000012074f000] [id=10499]
  0x00007f9bd382c800 WatcherThread [stack: 0x000000012278a000,0x000000012288a000] [id=18691]

VM state:not at safepoint (normal execution)

VM Mutex/Monitor currently owned by a thread: None

Heap:
 PSYoungGen      total 60928K, used 15705K [0x0000000795580000, 0x0000000799d00000, 0x00000007c0000000)
  eden space 52736K, 14% used [0x0000000795580000,0x0000000795d2e598,0x0000000798900000)
  from space 8192K, 95% used [0x0000000798d00000,0x00000007994a8000,0x0000000799500000)
  to   space 8192K, 0% used [0x0000000799500000,0x0000000799500000,0x0000000799d00000)
 ParOldGen       total 119296K, used 17299K [0x0000000740000000, 0x0000000747480000, 0x0000000795580000)
  object space 119296K, 14% used [0x0000000740000000,0x00000007410e4fd8,0x0000000747480000)
 Metaspace       used 12798K, capacity 12929K, committed 13184K, reserved 1060864K
  class space    used 1313K, capacity 1375K, committed 1408K, reserved 1048576K

Card table byte_map: [0x0000000119ca0000,0x000000011a0a1000] byte_map_base: 0x00000001162a0000

Marking Bits: (ParMarkBitMap*) 0x000000010a0dee20
 Begin Bits: [0x000000011a758000, 0x000000011c758000)
 End Bits:   [0x000000011c758000, 0x000000011e758000)

Polling page: 0x0000000108ffa000

CodeCache: size=245760Kb used=7637Kb max_used=7681Kb free=238122Kb
 bounds [0x000000010a8e0000, 0x000000010b0a0000, 0x00000001198e0000]
 total_blobs=2308 nmethods=1737 adapters=484
 compilation: enabled

Compilation events (10 events):
Event: 75.270 Thread 0x00007f9bd5011800 1953   !   4       java.io.BufferedWriter::write (117 bytes)
Event: 75.275 Thread 0x00007f9bd5011800 nmethod 1953 0x000000010ad46e50 code [0x000000010ad46fc0, 0x000000010ad47618]
Event: 75.703 Thread 0x00007f9bd3830000 1954       4       java.io.OutputStreamWriter::write (11 bytes)
Event: 75.713 Thread 0x00007f9bd3830000 nmethod 1954 0x000000010ac584d0 code [0x000000010ac586a0, 0x000000010ac59048]
Event: 76.342 Thread 0x00007f9bd5011800 1955   !   4       sun.nio.cs.StreamEncoder::flushBuffer (42 bytes)
Event: 76.356 Thread 0x00007f9bd5011800 nmethod 1955 0x000000010ad89890 code [0x000000010ad89a60, 0x000000010ad8aba8]
Event: 76.994 Thread 0x00007f9bd3830000 1956       4       Menu.InventaireGameState::render (1695 bytes)
Event: 78.224 Thread 0x00007f9bd3830000 nmethod 1956 0x000000010b086350 code [0x000000010b087340, 0x000000010b091470]
Event: 79.141 Thread 0x00007f9bd5011800 1957       4       java.lang.String::<init> (10 bytes)
Event: 79.142 Thread 0x00007f9bd5011800 nmethod 1957 0x000000010aabbdd0 code [0x000000010aabbf20, 0x000000010aabbf98]

GC Heap History (10 events):
Event: 8.084 GC heap before
{Heap before GC invocations=8 (full 1):
 PSYoungGen      total 41984K, used 37559K [0x0000000795580000, 0x0000000799c80000, 0x00000007c0000000)
  eden space 33280K, 97% used [0x0000000795580000,0x0000000797551118,0x0000000797600000)
  from space 8704K, 57% used [0x0000000797e00000,0x00000007982dcb38,0x0000000798680000)
  to   space 8192K, 0% used [0x0000000797600000,0x0000000797600000,0x0000000797e00000)
 ParOldGen       total 176128K, used 149297K [0x0000000740000000, 0x000000074ac00000, 0x0000000795580000)
  object space 176128K, 84% used [0x0000000740000000,0x00000007491cc4d8,0x000000074ac00000)
 Metaspace       used 10958K, capacity 11137K, committed 11264K, reserved 1058816K
  class space    used 1153K, capacity 1247K, committed 1280K, reserved 1048576K
Event: 8.091 GC heap after
Heap after GC invocations=8 (full 1):
 PSYoungGen      total 41472K, used 897K [0x0000000795580000, 0x000000079a080000, 0x00000007c0000000)
  eden space 33280K, 0% used [0x0000000795580000,0x0000000795580000,0x0000000797600000)
  from space 8192K, 10% used [0x0000000797600000,0x00000007976e0738,0x0000000797e00000)
  to   space 8704K, 0% used [0x0000000799800000,0x0000000799800000,0x000000079a080000)
 ParOldGen       total 176128K, used 157489K [0x0000000740000000, 0x000000074ac00000, 0x0000000795580000)
  object space 176128K, 89% used [0x0000000740000000,0x00000007499cc4e8,0x000000074ac00000)
 Metaspace       used 10958K, capacity 11137K, committed 11264K, reserved 1058816K
  class space    used 1153K, capacity 1247K, committed 1280K, reserved 1048576K
}
Event: 8.091 GC heap before
{Heap before GC invocations=9 (full 2):
 PSYoungGen      total 41472K, used 897K [0x0000000795580000, 0x000000079a080000, 0x00000007c0000000)
  eden space 33280K, 0% used [0x0000000795580000,0x0000000795580000,0x0000000797600000)
  from space 8192K, 10% used [0x0000000797600000,0x00000007976e0738,0x0000000797e00000)
  to   space 8704K, 0% used [0x0000000799800000,0x0000000799800000,0x000000079a080000)
 ParOldGen       total 176128K, used 157489K [0x0000000740000000, 0x000000074ac00000, 0x0000000795580000)
  object space 176128K, 89% used [0x0000000740000000,0x00000007499cc4e8,0x000000074ac00000)
 Metaspace       used 10958K, capacity 11137K, committed 11264K, reserved 1058816K
  class space    used 1153K, capacity 1247K, committed 1280K, reserved 1048576K
Event: 8.110 GC heap after
Heap after GC invocations=9 (full 2):
 PSYoungGen      total 41472K, used 0K [0x0000000795580000, 0x000000079a080000, 0x00000007c0000000)
  eden space 33280K, 0% used [0x0000000795580000,0x0000000795580000,0x0000000797600000)
  from space 8192K, 0% used [0x0000000797600000,0x0000000797600000,0x0000000797e00000)
  to   space 8704K, 0% used [0x0000000799800000,0x0000000799800000,0x000000079a080000)
 ParOldGen       total 91648K, used 11571K [0x0000000740000000, 0x0000000745980000, 0x0000000795580000)
  object space 91648K, 12% used [0x0000000740000000,0x0000000740b4cca8,0x0000000745980000)
 Metaspace       used 10958K, capacity 11137K, committed 11264K, reserved 1058816K
  class space    used 1153K, capacity 1247K, committed 1280K, reserved 1048576K
}
Event: 9.346 GC heap before
{Heap before GC invocations=10 (full 3):
 PSYoungGen      total 41472K, used 33280K [0x0000000795580000, 0x000000079a080000, 0x00000007c0000000)
  eden space 33280K, 100% used [0x0000000795580000,0x0000000797600000,0x0000000797600000)
  from space 8192K, 0% used [0x0000000797600000,0x0000000797600000,0x0000000797e00000)
  to   space 8704K, 0% used [0x0000000799800000,0x0000000799800000,0x000000079a080000)
 ParOldGen       total 91648K, used 75033K [0x0000000740000000, 0x0000000745980000, 0x0000000795580000)
  object space 91648K, 81% used [0x0000000740000000,0x00000007449466c8,0x0000000745980000)
 Metaspace       used 12200K, capacity 12417K, committed 12672K, reserved 1060864K
  class space    used 1287K, capacity 1375K, committed 1408K, reserved 1048576K
Event: 9.393 GC heap after
Heap after GC invocations=10 (full 3):
 PSYoungGen      total 41472K, used 0K [0x0000000795580000, 0x000000079a080000, 0x00000007c0000000)
  eden space 33280K, 0% used [0x0000000795580000,0x0000000795580000,0x0000000797600000)
  from space 8192K, 0% used [0x0000000797600000,0x0000000797600000,0x0000000797e00000)
  to   space 8704K, 0% used [0x0000000799800000,0x0000000799800000,0x000000079a080000)
 ParOldGen       total 119296K, used 17283K [0x0000000740000000, 0x0000000747480000, 0x0000000795580000)
  object space 119296K, 14% used [0x0000000740000000,0x00000007410e0fd8,0x0000000747480000)
 Metaspace       used 12200K, capacity 12417K, committed 12672K, reserved 1060864K
  class space    used 1287K, capacity 1375K, committed 1408K, reserved 1048576K
}
Event: 10.353 GC heap before
{Heap before GC invocations=11 (full 3):
 PSYoungGen      total 41472K, used 32887K [0x0000000795580000, 0x000000079a080000, 0x00000007c0000000)
  eden space 33280K, 98% used [0x0000000795580000,0x000000079759dcd8,0x0000000797600000)
  from space 8192K, 0% used [0x0000000797600000,0x0000000797600000,0x0000000797e00000)
  to   space 8704K, 0% used [0x0000000799800000,0x0000000799800000,0x000000079a080000)
 ParOldGen       total 119296K, used 17283K [0x0000000740000000, 0x0000000747480000, 0x0000000795580000)
  object space 119296K, 14% used [0x0000000740000000,0x00000007410e0fd8,0x0000000747480000)
 Metaspace       used 12376K, capacity 12545K, committed 12672K, reserved 1060864K
  class space    used 1305K, capacity 1375K, committed 1408K, reserved 1048576K
Event: 10.359 GC heap after
Heap after GC invocations=11 (full 3):
 PSYoungGen      total 52224K, used 6880K [0x0000000795580000, 0x0000000799f00000, 0x00000007c0000000)
  eden space 45056K, 0% used [0x0000000795580000,0x0000000795580000,0x0000000798180000)
  from space 7168K, 95% used [0x0000000799800000,0x0000000799eb8000,0x0000000799f00000)
  to   space 9216K, 0% used [0x0000000798d00000,0x0000000798d00000,0x0000000799600000)
 ParOldGen       total 119296K, used 17291K [0x0000000740000000, 0x0000000747480000, 0x0000000795580000)
  object space 119296K, 14% used [0x0000000740000000,0x00000007410e2fd8,0x0000000747480000)
 Metaspace       used 12376K, capacity 12545K, committed 12672K, reserved 1060864K
  class space    used 1305K, capacity 1375K, committed 1408K, reserved 1048576K
}
Event: 62.648 GC heap before
{Heap before GC invocations=12 (full 3):
 PSYoungGen      total 52224K, used 51936K [0x0000000795580000, 0x0000000799f00000, 0x00000007c0000000)
  eden space 45056K, 100% used [0x0000000795580000,0x0000000798180000,0x0000000798180000)
  from space 7168K, 95% used [0x0000000799800000,0x0000000799eb8000,0x0000000799f00000)
  to   space 9216K, 0% used [0x0000000798d00000,0x0000000798d00000,0x0000000799600000)
 ParOldGen       total 119296K, used 17291K [0x0000000740000000, 0x0000000747480000, 0x0000000795580000)
  object space 119296K, 14% used [0x0000000740000000,0x00000007410e2fd8,0x0000000747480000)
 Metaspace       used 12784K, capacity 12929K, committed 13184K, reserved 1060864K
  class space    used 1312K, capacity 1375K, committed 1408K, reserved 1048576K
Event: 62.659 GC heap after
Heap after GC invocations=12 (full 3):
 PSYoungGen      total 60928K, used 7840K [0x0000000795580000, 0x0000000799d00000, 0x00000007c0000000)
  eden space 52736K, 0% used [0x0000000795580000,0x0000000795580000,0x0000000798900000)
  from space 8192K, 95% used [0x0000000798d00000,0x00000007994a8000,0x0000000799500000)
  to   space 8192K, 0% used [0x0000000799500000,0x0000000799500000,0x0000000799d00000)
 ParOldGen       total 119296K, used 17299K [0x0000000740000000, 0x0000000747480000, 0x0000000795580000)
  object space 119296K, 14% used [0x0000000740000000,0x00000007410e4fd8,0x0000000747480000)
 Metaspace       used 12784K, capacity 12929K, committed 13184K, reserved 1060864K
  class space    used 1312K, capacity 1375K, committed 1408K, reserved 1048576K
}

Deoptimization events (10 events):
Event: 16.952 Thread 0x00007f9bd4003000 Uncommon trap: reason=bimorphic action=maybe_recompile pc=0x000000010af40354 method=org.newdawn.slick.Input.poll(II)V @ 300
Event: 17.450 Thread 0x00007f9bd4003000 Uncommon trap: reason=bimorphic action=maybe_recompile pc=0x000000010af40354 method=org.newdawn.slick.Input.poll(II)V @ 300
Event: 17.911 Thread 0x00007f9bd4003000 Uncommon trap: reason=bimorphic action=maybe_recompile pc=0x000000010af40354 method=org.newdawn.slick.Input.poll(II)V @ 300
Event: 19.129 Thread 0x00007f9bd4003000 Uncommon trap: reason=unstable_if action=reinterpret pc=0x000000010ad42ce4 method=java.lang.Math.min(FF)F @ 11
Event: 19.955 Thread 0x00007f9bd4003000 Uncommon trap: reason=bimorphic action=maybe_recompile pc=0x000000010af40354 method=org.newdawn.slick.Input.poll(II)V @ 300
Event: 59.474 Thread 0x00007f9bd4003000 Uncommon trap: reason=unstable_if action=reinterpret pc=0x000000010afd59e4 method=Menu.InventaireGameState.render(Lorg/newdawn/slick/GameContainer;Lorg/newdawn/slick/state/StateBasedGame;Lorg/newdawn/slick/Graphics;)V @ 131
Event: 74.383 Thread 0x00007f9bd4003000 Uncommon trap: reason=unstable_if action=reinterpret pc=0x000000010b0488ec method=Menu.InventaireGameState.render(Lorg/newdawn/slick/GameContainer;Lorg/newdawn/slick/state/StateBasedGame;Lorg/newdawn/slick/Graphics;)V @ 551
Event: 74.411 Thread 0x00007f9bd4003000 Uncommon trap: reason=unstable_if action=reinterpret pc=0x000000010afb1764 method=Menu.InventaireGameState.render(Lorg/newdawn/slick/GameContainer;Lorg/newdawn/slick/state/StateBasedGame;Lorg/newdawn/slick/Graphics;)V @ 131
Event: 79.820 Thread 0x00007f9bd4003000 Uncommon trap: reason=unstable_if action=reinterpret pc=0x000000010afe6ad8 method=org.lwjgl.opengl.MacOSXDisplay.update()V @ 86
Event: 80.154 Thread 0x00007f9bd4003000 Uncommon trap: reason=unstable_if action=reinterpret pc=0x000000010afeb68c method=org.newdawn.slick.AppGameContainer.gameLoop()V @ 60

Internal exceptions (10 events):
Event: 0.186 Thread 0x00007f9bd4003000 Exception <a 'java/lang/NoSuchFieldError': method resolution failed> (0x00000007959a7ba8) thrown at [/Users/java_re/workspace/8-2-build-macosx-x86_64/jdk8u60/4407/hotspot/src/share/vm/prims/methodHandles.cpp, line 1146]
Event: 0.399 Thread 0x00007f9bd4003000 Exception <a 'java/io/FileNotFoundException'> (0x0000000795a22ca8) thrown at [/Users/java_re/workspace/8-2-build-macosx-x86_64/jdk8u60/4407/hotspot/src/share/vm/prims/jni.cpp, line 709]
Event: 0.399 Thread 0x00007f9bd4003000 Exception <a 'java/io/FileNotFoundException'> (0x0000000795a237f8) thrown at [/Users/java_re/workspace/8-2-build-macosx-x86_64/jdk8u60/4407/hotspot/src/share/vm/prims/jni.cpp, line 709]
Event: 0.653 Thread 0x00007f9bd4003000 Exception <a 'java/lang/NoClassDefFoundError': net/java/games/input/ControllerEnvironment> (0x0000000795f1b4c8) thrown at [/Users/java_re/workspace/8-2-build-macosx-x86_64/jdk8u60/4407/hotspot/src/share/vm/classfile/systemDictionary.cpp, line 199]
Event: 3.630 Thread 0x00007f9bd4003000 Exception <a 'java/security/PrivilegedActionException'> (0x0000000796b27318) thrown at [/Users/java_re/workspace/8-2-build-macosx-x86_64/jdk8u60/4407/hotspot/src/share/vm/prims/jvm.cpp, line 1386]
Event: 3.630 Thread 0x00007f9bd4003000 Exception <a 'java/security/PrivilegedActionException'> (0x0000000796b28f00) thrown at [/Users/java_re/workspace/8-2-build-macosx-x86_64/jdk8u60/4407/hotspot/src/share/vm/prims/jvm.cpp, line 1386]
Event: 3.630 Thread 0x00007f9bd4003000 Exception <a 'java/security/PrivilegedActionException'> (0x0000000796b2a020) thrown at [/Users/java_re/workspace/8-2-build-macosx-x86_64/jdk8u60/4407/hotspot/src/share/vm/prims/jvm.cpp, line 1386]
Event: 3.630 Thread 0x00007f9bd4003000 Exception <a 'java/security/PrivilegedActionException'> (0x0000000796b2f140) thrown at [/Users/java_re/workspace/8-2-build-macosx-x86_64/jdk8u60/4407/hotspot/src/share/vm/prims/jvm.cpp, line 1386]
Event: 3.630 Thread 0x00007f9bd4003000 Exception <a 'java/security/PrivilegedActionException'> (0x0000000796b2fd98) thrown at [/Users/java_re/workspace/8-2-build-macosx-x86_64/jdk8u60/4407/hotspot/src/share/vm/prims/jvm.cpp, line 1386]
Event: 3.630 Thread 0x00007f9bd4003000 Exception <a 'java/security/PrivilegedActionException'> (0x0000000796b309c0) thrown at [/Users/java_re/workspace/8-2-build-macosx-x86_64/jdk8u60/4407/hotspot/src/share/vm/prims/jvm.cpp, line 1386]

Events (10 events):
Event: 74.411 Thread 0x00007f9bd4003000 DEOPT PACKING pc=0x000000010afb1764 sp=0x000000010a8896f0
Event: 74.411 Thread 0x00007f9bd4003000 DEOPT UNPACKING pc=0x000000010a8e5229 sp=0x000000010a889718 mode 2
Event: 79.820 Thread 0x00007f9bd4003000 Uncommon trap: trap_request=0xffffff65 fr.pc=0x000000010afe6ad8
Event: 79.820 Thread 0x00007f9bd4003000 DEOPT PACKING pc=0x000000010afe6ad8 sp=0x000000010a8897d0
Event: 79.820 Thread 0x00007f9bd4003000 DEOPT UNPACKING pc=0x000000010a8e5229 sp=0x000000010a889738 mode 2
Event: 80.154 Thread 0x00007f9bd4003000 Uncommon trap: trap_request=0xffffff65 fr.pc=0x000000010afeb68c
Event: 80.154 Thread 0x00007f9bd4003000 DEOPT PACKING pc=0x000000010afeb68c sp=0x000000010a889830
Event: 80.154 Thread 0x00007f9bd4003000 DEOPT UNPACKING pc=0x000000010a8e5229 sp=0x000000010a889808 mode 2
Event: 80.166 loading class org/lwjgl/opengl/CallbackUtil
Event: 80.166 loading class org/lwjgl/opengl/CallbackUtil done


Dynamic libraries:
0x0000000003cc9000 	/System/Library/Frameworks/Cocoa.framework/Versions/A/Cocoa
0x0000000003cc9000 	/System/Library/Frameworks/Security.framework/Versions/A/Security
0x0000000003cc9000 	/System/Library/Frameworks/ApplicationServices.framework/Versions/A/ApplicationServices
0x0000000003cc9000 	/usr/lib/libz.1.dylib
0x0000000003cc9000 	/usr/lib/libSystem.B.dylib
0x0000000003cc9000 	/usr/lib/libobjc.A.dylib
0x0000000003cc9000 	/System/Library/Frameworks/CoreFoundation.framework/Versions/A/CoreFoundation
0x0000000003cc9000 	/System/Library/Frameworks/Foundation.framework/Versions/C/Foundation
0x0000000003cc9000 	/System/Library/Frameworks/AppKit.framework/Versions/C/AppKit
0x0000000003cc9000 	/System/Library/Frameworks/CoreData.framework/Versions/A/CoreData
0x0000000003cc9000 	/System/Library/PrivateFrameworks/RemoteViewServices.framework/Versions/A/RemoteViewServices
0x0000000003cc9000 	/System/Library/PrivateFrameworks/UIFoundation.framework/Versions/A/UIFoundation
0x0000000003cc9000 	/System/Library/Frameworks/IOSurface.framework/Versions/A/IOSurface
0x0000000003cc9000 	/System/Library/Frameworks/AudioToolbox.framework/Versions/A/AudioToolbox
0x0000000003cc9000 	/System/Library/Frameworks/AudioUnit.framework/Versions/A/AudioUnit
0x0000000003cc9000 	/System/Library/PrivateFrameworks/DataDetectorsCore.framework/Versions/A/DataDetectorsCore
0x0000000108d61000 	/System/Library/PrivateFrameworks/DesktopServicesPriv.framework/Versions/A/DesktopServicesPriv
0x0000000003cc9000 	/System/Library/Frameworks/Carbon.framework/Versions/A/Frameworks/HIToolbox.framework/Versions/A/HIToolbox
0x0000000003cc9000 	/System/Library/Frameworks/QuartzCore.framework/Versions/A/QuartzCore
0x0000000003cc9000 	/System/Library/Frameworks/Carbon.framework/Versions/A/Frameworks/SpeechRecognition.framework/Versions/A/SpeechRecognition
0x0000000003cc9000 	/usr/lib/libauto.dylib
0x0000000003cc9000 	/usr/lib/libicucore.A.dylib
0x0000000003cc9000 	/usr/lib/libxml2.2.dylib
0x0000000003cc9000 	/System/Library/PrivateFrameworks/CoreUI.framework/Versions/A/CoreUI
0x0000000003cc9000 	/System/Library/Frameworks/CoreAudio.framework/Versions/A/CoreAudio
0x0000000003cc9000 	/System/Library/Frameworks/DiskArbitration.framework/Versions/A/DiskArbitration
0x0000000003cc9000 	/usr/lib/liblangid.dylib
0x0000000003cc9000 	/System/Library/PrivateFrameworks/MultitouchSupport.framework/Versions/A/MultitouchSupport
0x0000000003cc9000 	/System/Library/Frameworks/IOKit.framework/Versions/A/IOKit
0x0000000003cc9000 	/usr/lib/libDiagnosticMessagesClient.dylib
0x0000000003cc9000 	/System/Library/Frameworks/CoreServices.framework/Versions/A/CoreServices
0x0000000003cc9000 	/System/Library/PrivateFrameworks/PerformanceAnalysis.framework/Versions/A/PerformanceAnalysis
0x0000000003cc9000 	/System/Library/PrivateFrameworks/GenerationalStorage.framework/Versions/A/GenerationalStorage
0x0000000003cc9000 	/System/Library/Frameworks/OpenGL.framework/Versions/A/OpenGL
0x0000000003cc9000 	/System/Library/PrivateFrameworks/Sharing.framework/Versions/A/Sharing
0x0000000003cc9000 	/System/Library/Frameworks/CoreGraphics.framework/Versions/A/CoreGraphics
0x0000000003cc9000 	/System/Library/Frameworks/CoreText.framework/Versions/A/CoreText
0x0000000003cc9000 	/System/Library/Frameworks/ImageIO.framework/Versions/A/ImageIO
0x0000000003cc9000 	/usr/lib/libextension.dylib
0x0000000003cc9000 	/System/Library/PrivateFrameworks/Backup.framework/Versions/A/Backup
0x0000000003cc9000 	/usr/lib/libarchive.2.dylib
0x0000000003cc9000 	/System/Library/Frameworks/CFNetwork.framework/Versions/A/CFNetwork
0x0000000003cc9000 	/System/Library/Frameworks/SystemConfiguration.framework/Versions/A/SystemConfiguration
0x0000000003cc9000 	/usr/lib/libCRFSuite.dylib
0x0000000003cc9000 	/usr/lib/libc++.1.dylib
0x0000000003cc9000 	/usr/lib/libc++abi.dylib
0x0000000003cc9000 	/usr/lib/system/libcache.dylib
0x0000000003cc9000 	/usr/lib/system/libcommonCrypto.dylib
0x0000000003cc9000 	/usr/lib/system/libcompiler_rt.dylib
0x0000000003cc9000 	/usr/lib/system/libcopyfile.dylib
0x0000000003cc9000 	/usr/lib/system/libcorecrypto.dylib
0x0000000003cc9000 	/usr/lib/system/libdispatch.dylib
0x0000000003cc9000 	/usr/lib/system/libdyld.dylib
0x0000000003cc9000 	/usr/lib/system/libkeymgr.dylib
0x0000000003cc9000 	/usr/lib/system/liblaunch.dylib
0x0000000003cc9000 	/usr/lib/system/libmacho.dylib
0x0000000003cc9000 	/usr/lib/system/libquarantine.dylib
0x0000000003cc9000 	/usr/lib/system/libremovefile.dylib
0x0000000003cc9000 	/usr/lib/system/libsystem_asl.dylib
0x0000000003cc9000 	/usr/lib/system/libsystem_blocks.dylib
0x0000000003cc9000 	/usr/lib/system/libsystem_c.dylib
0x0000000003cc9000 	/usr/lib/system/libsystem_configuration.dylib
0x0000000003cc9000 	/usr/lib/system/libsystem_coreservices.dylib
0x0000000003cc9000 	/usr/lib/system/libsystem_coretls.dylib
0x0000000003cc9000 	/usr/lib/system/libsystem_dnssd.dylib
0x0000000003cc9000 	/usr/lib/system/libsystem_info.dylib
0x0000000003cc9000 	/usr/lib/system/libsystem_kernel.dylib
0x0000000003cc9000 	/usr/lib/system/libsystem_m.dylib
0x0000000003cc9000 	/usr/lib/system/libsystem_malloc.dylib
0x0000000003cc9000 	/usr/lib/system/libsystem_network.dylib
0x0000000003cc9000 	/usr/lib/system/libsystem_networkextension.dylib
0x0000000003cc9000 	/usr/lib/system/libsystem_notify.dylib
0x0000000003cc9000 	/usr/lib/system/libsystem_platform.dylib
0x0000000003cc9000 	/usr/lib/system/libsystem_pthread.dylib
0x0000000003cc9000 	/usr/lib/system/libsystem_sandbox.dylib
0x0000000003cc9000 	/usr/lib/system/libsystem_secinit.dylib
0x0000000003cc9000 	/usr/lib/system/libsystem_stats.dylib
0x0000000003cc9000 	/usr/lib/system/libsystem_trace.dylib
0x0000000003cc9000 	/usr/lib/system/libunc.dylib
0x0000000003cc9000 	/usr/lib/system/libunwind.dylib
0x0000000003cc9000 	/usr/lib/system/libxpc.dylib
0x0000000003cc9000 	/usr/lib/libbz2.1.0.dylib
0x0000000003cc9000 	/usr/lib/liblzma.5.dylib
0x0000000003cc9000 	/usr/lib/libbsm.0.dylib
0x0000000003cc9000 	/usr/lib/libsqlite3.dylib
0x0000000003cc9000 	/usr/lib/system/libkxld.dylib
0x0000000003cc9000 	/usr/lib/libxar.1.dylib
0x0000000003cc9000 	/usr/lib/libpam.2.dylib
0x0000000003cc9000 	/usr/lib/libOpenScriptingUtil.dylib
0x0000000003cc9000 	/System/Library/Frameworks/CoreServices.framework/Versions/A/Frameworks/FSEvents.framework/Versions/A/FSEvents
0x0000000003cc9000 	/System/Library/Frameworks/CoreServices.framework/Versions/A/Frameworks/CarbonCore.framework/Versions/A/CarbonCore
0x0000000003cc9000 	/System/Library/Frameworks/CoreServices.framework/Versions/A/Frameworks/Metadata.framework/Versions/A/Metadata
0x0000000003cc9000 	/System/Library/Frameworks/CoreServices.framework/Versions/A/Frameworks/OSServices.framework/Versions/A/OSServices
0x0000000003cc9000 	/System/Library/Frameworks/CoreServices.framework/Versions/A/Frameworks/SearchKit.framework/Versions/A/SearchKit
0x0000000003cc9000 	/System/Library/Frameworks/CoreServices.framework/Versions/A/Frameworks/AE.framework/Versions/A/AE
0x0000000003cc9000 	/System/Library/Frameworks/CoreServices.framework/Versions/A/Frameworks/LaunchServices.framework/Versions/A/LaunchServices
0x0000000003cc9000 	/System/Library/Frameworks/CoreServices.framework/Versions/A/Frameworks/DictionaryServices.framework/Versions/A/DictionaryServices
0x0000000003cc9000 	/System/Library/Frameworks/NetFS.framework/Versions/A/NetFS
0x0000000003cc9000 	/System/Library/PrivateFrameworks/NetAuth.framework/Versions/A/NetAuth
0x0000000003cc9000 	/System/Library/PrivateFrameworks/login.framework/Versions/A/Frameworks/loginsupport.framework/Versions/A/loginsupport
0x0000000003cc9000 	/System/Library/PrivateFrameworks/TCC.framework/Versions/A/TCC
0x0000000003cc9000 	/usr/lib/libmecabra.dylib
0x0000000003cc9000 	/System/Library/Frameworks/ApplicationServices.framework/Versions/A/Frameworks/ATS.framework/Versions/A/ATS
0x0000000003cc9000 	/System/Library/Frameworks/ApplicationServices.framework/Versions/A/Frameworks/ColorSync.framework/Versions/A/ColorSync
0x0000000003cc9000 	/System/Library/Frameworks/ApplicationServices.framework/Versions/A/Frameworks/HIServices.framework/Versions/A/HIServices
0x0000000003cc9000 	/System/Library/Frameworks/ApplicationServices.framework/Versions/A/Frameworks/LangAnalysis.framework/Versions/A/LangAnalysis
0x0000000003cc9000 	/System/Library/Frameworks/ApplicationServices.framework/Versions/A/Frameworks/PrintCore.framework/Versions/A/PrintCore
0x0000000003cc9000 	/System/Library/Frameworks/ApplicationServices.framework/Versions/A/Frameworks/QD.framework/Versions/A/QD
0x0000000003cc9000 	/System/Library/Frameworks/ApplicationServices.framework/Versions/A/Frameworks/SpeechSynthesis.framework/Versions/A/SpeechSynthesis
0x0000000003cc9000 	/System/Library/Frameworks/Accelerate.framework/Versions/A/Accelerate
0x0000000003cc9000 	/System/Library/Frameworks/Accelerate.framework/Versions/A/Frameworks/vImage.framework/Versions/A/vImage
0x0000000003cc9000 	/System/Library/Frameworks/Accelerate.framework/Versions/A/Frameworks/vecLib.framework/Versions/A/vecLib
0x0000000003cc9000 	/System/Library/Frameworks/Accelerate.framework/Versions/A/Frameworks/vecLib.framework/Versions/A/libvDSP.dylib
0x0000000003cc9000 	/System/Library/Frameworks/Accelerate.framework/Versions/A/Frameworks/vecLib.framework/Versions/A/libvMisc.dylib
0x0000000003cc9000 	/System/Library/Frameworks/Accelerate.framework/Versions/A/Frameworks/vecLib.framework/Versions/A/libLAPACK.dylib
0x0000000003cc9000 	/System/Library/Frameworks/Accelerate.framework/Versions/A/Frameworks/vecLib.framework/Versions/A/libBLAS.dylib
0x0000000003cc9000 	/System/Library/Frameworks/Accelerate.framework/Versions/A/Frameworks/vecLib.framework/Versions/A/libLinearAlgebra.dylib
0x0000000003cc9000 	/System/Library/Frameworks/ApplicationServices.framework/Versions/A/Frameworks/ATS.framework/Versions/A/Resources/libFontParser.dylib
0x0000000003cc9000 	/System/Library/Frameworks/ApplicationServices.framework/Versions/A/Frameworks/ATS.framework/Versions/A/Resources/libFontRegistry.dylib
0x0000000003cc9000 	/System/Library/PrivateFrameworks/AppleVPA.framework/Versions/A/AppleVPA
0x0000000003cc9000 	/System/Library/PrivateFrameworks/AppleJPEG.framework/Versions/A/AppleJPEG
0x0000000003cc9000 	/System/Library/Frameworks/ImageIO.framework/Versions/A/Resources/libJPEG.dylib
0x0000000003cc9000 	/System/Library/Frameworks/ImageIO.framework/Versions/A/Resources/libTIFF.dylib
0x0000000003cc9000 	/System/Library/Frameworks/ImageIO.framework/Versions/A/Resources/libPng.dylib
0x0000000003cc9000 	/System/Library/Frameworks/ImageIO.framework/Versions/A/Resources/libGIF.dylib
0x0000000003cc9000 	/System/Library/Frameworks/ImageIO.framework/Versions/A/Resources/libJP2.dylib
0x0000000003cc9000 	/System/Library/Frameworks/ImageIO.framework/Versions/A/Resources/libRadiance.dylib
0x0000000003cc9000 	/System/Library/Frameworks/CoreVideo.framework/Versions/A/CoreVideo
0x0000000003cc9000 	/System/Library/Frameworks/OpenGL.framework/Versions/A/Libraries/libGLU.dylib
0x0000000003cc9000 	/System/Library/Frameworks/OpenGL.framework/Versions/A/Libraries/libGFXShared.dylib
0x0000000003cc9000 	/System/Library/Frameworks/OpenGL.framework/Versions/A/Libraries/libGL.dylib
0x0000000003cc9000 	/System/Library/Frameworks/OpenGL.framework/Versions/A/Libraries/libGLImage.dylib
0x0000000003cc9000 	/System/Library/Frameworks/OpenGL.framework/Versions/A/Libraries/libCVMSPluginSupport.dylib
0x0000000003cc9000 	/System/Library/Frameworks/OpenGL.framework/Versions/A/Libraries/libCoreVMClient.dylib
0x0000000003cc9000 	/usr/lib/libcups.2.dylib
0x0000000003cc9000 	/System/Library/Frameworks/Kerberos.framework/Versions/A/Kerberos
0x0000000003cc9000 	/System/Library/Frameworks/GSS.framework/Versions/A/GSS
0x0000000003cc9000 	/usr/lib/libresolv.9.dylib
0x0000000003cc9000 	/usr/lib/libiconv.2.dylib
0x0000000003cc9000 	/System/Library/PrivateFrameworks/Heimdal.framework/Versions/A/Heimdal
0x0000000003cc9000 	/usr/lib/libheimdal-asn1.dylib
0x0000000003cc9000 	/System/Library/Frameworks/OpenDirectory.framework/Versions/A/OpenDirectory
0x0000000003cc9000 	/System/Library/PrivateFrameworks/CommonAuth.framework/Versions/A/CommonAuth
0x0000000003cc9000 	/System/Library/Frameworks/OpenDirectory.framework/Versions/A/Frameworks/CFOpenDirectory.framework/Versions/A/CFOpenDirectory
0x0000000003cc9000 	/System/Library/Frameworks/SecurityFoundation.framework/Versions/A/SecurityFoundation
0x0000000003cc9000 	/System/Library/PrivateFrameworks/LanguageModeling.framework/Versions/A/LanguageModeling
0x0000000003cc9000 	/usr/lib/libcmph.dylib
0x0000000003cc9000 	/System/Library/Frameworks/ServiceManagement.framework/Versions/A/ServiceManagement
0x0000000003cc9000 	/usr/lib/libxslt.1.dylib
0x0000000003cc9000 	/System/Library/Frameworks/Carbon.framework/Versions/A/Frameworks/Ink.framework/Versions/A/Ink
0x0000000003cc9000 	/System/Library/Frameworks/QuartzCore.framework/Versions/A/Frameworks/CoreImage.framework/Versions/A/CoreImage
0x0000000003cc9000 	/System/Library/PrivateFrameworks/CrashReporterSupport.framework/Versions/A/CrashReporterSupport
0x0000000003cc9000 	/System/Library/Frameworks/OpenCL.framework/Versions/A/OpenCL
0x0000000003cc9000 	/System/Library/PrivateFrameworks/FaceCore.framework/Versions/A/FaceCore
0x0000000108d69000 	/System/Library/PrivateFrameworks/DesktopServicesPriv.framework/Versions/A_/DesktopServicesPriv
0x0000000003cc9000 	/System/Library/PrivateFrameworks/Ubiquity.framework/Versions/A/Ubiquity
0x0000000003cc9000 	/System/Library/PrivateFrameworks/IconServices.framework/Versions/A/IconServices
0x0000000003cc9000 	/System/Library/PrivateFrameworks/ChunkingLibrary.framework/Versions/A/ChunkingLibrary
0x0000000003cc9000 	/System/Library/PrivateFrameworks/Apple80211.framework/Versions/A/Apple80211
0x0000000003cc9000 	/System/Library/Frameworks/CoreWLAN.framework/Versions/A/CoreWLAN
0x0000000003cc9000 	/System/Library/Frameworks/IOBluetooth.framework/Versions/A/IOBluetooth
0x0000000003cc9000 	/System/Library/PrivateFrameworks/CoreWiFi.framework/Versions/A/CoreWiFi
0x0000000003cc9000 	/System/Library/Frameworks/CoreBluetooth.framework/Versions/A/CoreBluetooth
0x0000000003cc9000 	/System/Library/PrivateFrameworks/DebugSymbols.framework/Versions/A/DebugSymbols
0x0000000003cc9000 	/System/Library/PrivateFrameworks/CoreSymbolication.framework/Versions/A/CoreSymbolication
0x0000000003cc9000 	/System/Library/PrivateFrameworks/Symbolication.framework/Versions/A/Symbolication
0x0000000003cc9000 	/System/Library/PrivateFrameworks/SpeechRecognitionCore.framework/Versions/A/SpeechRecognitionCore
0x0000000109800000 	/Library/Java/JavaVirtualMachines/jdk1.8.0_60.jdk/Contents/Home/jre/lib/server/libjvm.dylib
0x0000000003cc9000 	/usr/lib/libstdc++.6.dylib
0x000000010a88c000 	/Library/Java/JavaVirtualMachines/jdk1.8.0_60.jdk/Contents/Home/jre/lib/libverify.dylib
0x000000010a89a000 	/Library/Java/JavaVirtualMachines/jdk1.8.0_60.jdk/Contents/Home/jre/lib/libjava.dylib
0x000000010a8d7000 	/Library/Java/JavaVirtualMachines/jdk1.8.0_60.jdk/Contents/Home/jre/lib/libzip.dylib
0x0000000120957000 	/System/Library/Frameworks/JavaVM.framework/Frameworks/JavaRuntimeSupport.framework/JavaRuntimeSupport
0x0000000120972000 	/System/Library/Frameworks/JavaVM.framework/Versions/A/Frameworks/JavaNativeFoundation.framework/Versions/A/JavaNativeFoundation
0x0000000120987000 	/System/Library/Frameworks/JavaVM.framework/Versions/A/JavaVM
0x0000000003cc9000 	/System/Library/Frameworks/Carbon.framework/Versions/A/Carbon
0x0000000120994000 	/System/Library/PrivateFrameworks/JavaLaunching.framework/Versions/A/JavaLaunching
0x0000000003cc9000 	/System/Library/Frameworks/Carbon.framework/Versions/A/Frameworks/CommonPanels.framework/Versions/A/CommonPanels
0x0000000003cc9000 	/System/Library/Frameworks/Carbon.framework/Versions/A/Frameworks/Help.framework/Versions/A/Help
0x0000000003cc9000 	/System/Library/Frameworks/Carbon.framework/Versions/A/Frameworks/ImageCapture.framework/Versions/A/ImageCapture
0x0000000003cc9000 	/System/Library/Frameworks/Carbon.framework/Versions/A/Frameworks/OpenScripting.framework/Versions/A/OpenScripting
0x0000000003cc9000 	/System/Library/Frameworks/Carbon.framework/Versions/A/Frameworks/Print.framework/Versions/A/Print
0x0000000003cc9000 	/System/Library/Frameworks/Carbon.framework/Versions/A/Frameworks/SecurityHI.framework/Versions/A/SecurityHI
0x00000001228e1000 	/Library/Java/JavaVirtualMachines/jdk1.8.0_60.jdk/Contents/Home/jre/lib/libawt.dylib
0x0000000122989000 	/Library/Java/JavaVirtualMachines/jdk1.8.0_60.jdk/Contents/Home/jre/lib/./libmlib_image.dylib
0x0000000122a55000 	/Library/Java/JavaVirtualMachines/jdk1.8.0_60.jdk/Contents/Home/jre/lib/libawt_lwawt.dylib
0x0000000122b0a000 	/Library/Java/JavaVirtualMachines/jdk1.8.0_60.jdk/Contents/Home/jre/lib/./libosxapp.dylib
0x0000000003cc9000 	/System/Library/Frameworks/ExceptionHandling.framework/Versions/A/ExceptionHandling
0x0000000003cc9000 	/System/Library/PrivateFrameworks/CoreServicesInternal.framework/Versions/A/CoreServicesInternal
0x0000000003cc9000 	/System/Library/PrivateFrameworks/CloudDocs.framework/Versions/A/CloudDocs
0x0000000003cc9000 	/System/Library/PrivateFrameworks/CoreDuet.framework/Versions/A/CoreDuet
0x0000000003cc9000 	/System/Library/Frameworks/CloudKit.framework/Versions/A/CloudKit
0x0000000003cc9000 	/System/Library/PrivateFrameworks/ProtocolBuffer.framework/Versions/A/ProtocolBuffer
0x0000000003cc9000 	/System/Library/PrivateFrameworks/CoreDuetDaemonProtocol.framework/Versions/A/CoreDuetDaemonProtocol
0x0000000003cc9000 	/System/Library/PrivateFrameworks/CoreDuetDebugLogging.framework/Versions/A/CoreDuetDebugLogging
0x0000000003cc9000 	/System/Library/PrivateFrameworks/MMCS.framework/Versions/A/MMCS
0x0000000003cc9000 	/System/Library/Frameworks/CoreLocation.framework/Versions/A/CoreLocation
0x0000000003cc9000 	/System/Library/PrivateFrameworks/ProtectedCloudStorage.framework/Versions/A/ProtectedCloudStorage
0x0000000003cc9000 	/System/Library/PrivateFrameworks/GeoServices.framework/Versions/A/GeoServices
0x0000000003cc9000 	/System/Library/Frameworks/CoreGraphics.framework/Versions/A/Resources/libCGCMS.A.dylib
0x0000000003cc9000 	/System/Library/Frameworks/CoreGraphics.framework/Versions/A/Resources/libRIP.A.dylib
0x0000000003cc9000 	/System/Library/Frameworks/CoreGraphics.framework/Versions/A/Resources/libCGXType.A.dylib
0x0000000003cc9000 	/System/Library/Frameworks/OpenCL.framework/Versions/A/Libraries/libcldcpuengine.dylib
0x0000000003cc9000 	/System/Library/PrivateFrameworks/DiskImages.framework/Versions/A/DiskImages
0x0000000003cc9000 	/System/Library/Frameworks/DiscRecording.framework/Versions/A/DiscRecording
0x0000000003cc9000 	/usr/lib/libcsfde.dylib
0x0000000003cc9000 	/usr/lib/libcurl.4.dylib
0x0000000003cc9000 	/System/Library/PrivateFrameworks/MediaKit.framework/Versions/A/MediaKit
0x0000000003cc9000 	/usr/lib/libCoreStorage.dylib
0x0000000003cc9000 	/System/Library/PrivateFrameworks/EFILogin.framework/Versions/A/EFILogin
0x0000000003cc9000 	/usr/lib/libutil.dylib
0x0000000003cc9000 	/System/Library/PrivateFrameworks/FindMyDevice.framework/Versions/A/FindMyDevice
0x0000000003cc9000 	/System/Library/Frameworks/LDAP.framework/Versions/A/LDAP
0x0000000003cc9000 	/usr/lib/libsasl2.2.dylib
0x0000000003cc9000 	/System/Library/PrivateFrameworks/CoreDaemon.framework/Versions/B/CoreDaemon
0x0000000003cc9000 	/usr/lib/libcrypto.0.9.8.dylib
0x0000000003cc9000 	/System/Library/PrivateFrameworks/AppleSRP.framework/Versions/A/AppleSRP
0x0000000003cc9000 	/System/Library/PrivateFrameworks/TrustEvaluationAgent.framework/Versions/A/TrustEvaluationAgent
0x0000000125d42000 	cl_kernels
0x0000000125d44000 	/System/Library/Frameworks/OpenCL.framework/Versions/A/Libraries/ImageFormats/unorm8_bgra.dylib
0x0000000125d34000 	cl_kernels
0x0000000003cc9000 	/System/Library/PrivateFrameworks/FamilyControls.framework/Versions/A/FamilyControls
0x0000000003cc9000 	/System/Library/PrivateFrameworks/CommerceKit.framework/Versions/A/Frameworks/CommerceCore.framework/Versions/A/CommerceCore
0x0000000003cc9000 	/System/Library/PrivateFrameworks/SystemAdministration.framework/Versions/A/SystemAdministration
0x0000000003cc9000 	/System/Library/PrivateFrameworks/AppContainer.framework/Versions/A/AppContainer
0x0000000003cc9000 	/System/Library/PrivateFrameworks/SecCodeWrapper.framework/Versions/A/SecCodeWrapper
0x0000000003cc9000 	/System/Library/Frameworks/DirectoryService.framework/Versions/A/DirectoryService
0x0000000003cc9000 	/System/Library/PrivateFrameworks/LoginUIKit.framework/Versions/A/Frameworks/LoginUICore.framework/Versions/A/LoginUICore
0x0000000003cc9000 	/usr/lib/libodfde.dylib
0x0000000126fc8000 	/Library/Java/JavaVirtualMachines/jdk1.8.0_60.jdk/Contents/Home/jre/lib/libfontmanager.dylib
0x000000012702f000 	/Users/Vincent/Documents/workspace/Dead's Mirror Slick/lib/native/macosx/liblwjgl.dylib
0x00000001251bf000 	/Library/Java/JavaVirtualMachines/jdk1.8.0_60.jdk/Contents/Home/jre/lib/libjawt.dylib
0x0000000003cc9000 	/System/Library/Frameworks/OpenGL.framework/Versions/A/Resources/GLEngine.bundle/GLEngine
0x0000000003cc9000 	/System/Library/Frameworks/OpenGL.framework/Versions/A/Libraries/libGLProgrammability.dylib
0x00000001270b1000 	/System/Library/Extensions/AppleIntelBDWGraphicsGLDriver.bundle/Contents/MacOS/AppleIntelBDWGraphicsGLDriver
0x0000000003cc9000 	/System/Library/PrivateFrameworks/IOAccelerator.framework/Versions/A/IOAccelerator
0x0000000003cc9000 	/System/Library/PrivateFrameworks/GPUSupport.framework/Versions/A/Libraries/libGPUSupportMercury.dylib
0x0000000003cc9000 	/System/Library/Frameworks/OpenGL.framework/Versions/A/Resources/GLRendererFloat.bundle/GLRendererFloat
0x000000012901c000 	/Library/Java/JavaVirtualMachines/jdk1.8.0_60.jdk/Contents/Home/jre/lib/libnet.dylib
0x0000000129216000 	/Library/Java/JavaVirtualMachines/jdk1.8.0_60.jdk/Contents/Home/jre/lib/libnio.dylib
0x0000000003cc9000 	/System/Library/Frameworks/ApplicationServices.framework/Versions/A/Frameworks/ATS.framework/Versions/A/Resources/libTrueTypeScaler.dylib
0x0000000174f7f000 	/Library/Java/JavaVirtualMachines/jdk1.8.0_60.jdk/Contents/Home/jre/lib/libt2k.dylib
0x0000000174a90000 	/Library/Java/JavaVirtualMachines/jdk1.8.0_60.jdk/Contents/Home/jre/lib/libjpeg.dylib
0x000000017544c000 	/Users/Vincent/Documents/workspace/Dead's Mirror Slick/lib/native/macosx/openal.dylib
0x00000001754a8000 	/System/Library/Components/CoreAudio.component/Contents/MacOS/CoreAudio
0x00000001277ba000 	/System/Library/Extensions/AppleHDA.kext/Contents/PlugIns/AppleHDAHALPlugIn.bundle/Contents/MacOS/AppleHDAHALPlugIn

VM Arguments:
jvm_args: -Djava.library.path=/Users/Vincent/Documents/workspace/Dead's Mirror Slick/lib/native/macosx -Dfile.encoding=UTF-8 
java_command: Principal.StateGame
java_class_path (initial): /Users/Vincent/Documents/workspace/Dead's Mirror Slick/bin:/Users/Vincent/Documents/workspace/Dead's Mirror Slick/lib/jar/lwjgl.jar:/Users/Vincent/Documents/workspace/Dead's Mirror Slick/lib/jar/slick.jar:/Users/Vincent/Documents/workspace/Dead's Mirror Slick/lib/jar/jogg-0.0.7.jar:/Users/Vincent/Documents/workspace/Dead's Mirror Slick/lib/jar/jorbis-0.0.15.jar:/Users/Vincent/Documents/workspace/Dead's Mirror Slick/lib/jar/lwjgl_util.jar:/Users/Vincent/Documents/workspace/Dead's Mirror Slick/lib/jar/slick-util.jar:/Users/Vincent/Documents/workspace/Dead's Mirror Slick/lib/jar/SlickUtils-1.3.jar
Launcher Type: SUN_STANDARD

Environment Variables:
PATH=/usr/bin:/bin:/usr/sbin:/sbin
SHELL=/bin/bash

Signal Handlers:
SIGSEGV: [libjvm.dylib+0x5a6d31], sa_mask[0]=11111111011111110111111111111111, sa_flags=SA_ONSTACK|SA_RESTART|SA_SIGINFO
SIGBUS: [libjvm.dylib+0x5a6d31], sa_mask[0]=11111111011111110111111111111111, sa_flags=SA_RESTART|SA_SIGINFO
SIGFPE: [libjvm.dylib+0x480a4c], sa_mask[0]=11111111011111110111111111111111, sa_flags=SA_RESTART|SA_SIGINFO
SIGPIPE: [libjvm.dylib+0x480a4c], sa_mask[0]=11111111011111110111111111111111, sa_flags=SA_RESTART|SA_SIGINFO
SIGXFSZ: [libjvm.dylib+0x480a4c], sa_mask[0]=11111111011111110111111111111111, sa_flags=SA_RESTART|SA_SIGINFO
SIGILL: [libjvm.dylib+0x480a4c], sa_mask[0]=11111111011111110111111111111111, sa_flags=SA_RESTART|SA_SIGINFO
SIGUSR1: SIG_DFL, sa_mask[0]=00000000000000000000000000000000, sa_flags=none
SIGUSR2: [libjvm.dylib+0x48056a], sa_mask[0]=00100000000000000000000000000000, sa_flags=SA_RESTART|SA_SIGINFO
SIGHUP: [libjvm.dylib+0x47eb41], sa_mask[0]=11111111011111110111111111111111, sa_flags=SA_RESTART|SA_SIGINFO
SIGINT: [libjvm.dylib+0x47eb41], sa_mask[0]=11111111011111110111111111111111, sa_flags=SA_RESTART|SA_SIGINFO
SIGTERM: [libjvm.dylib+0x47eb41], sa_mask[0]=11111111011111110111111111111111, sa_flags=SA_RESTART|SA_SIGINFO
SIGQUIT: [libjvm.dylib+0x47eb41], sa_mask[0]=11111111011111110111111111111111, sa_flags=SA_RESTART|SA_SIGINFO


---------------  S Y S T E M  ---------------

OS:Bsduname:Darwin 14.5.0 Darwin Kernel Version 14.5.0: Wed Jul 29 02:26:53 PDT 2015; root:xnu-2782.40.9~1/RELEASE_X86_64 x86_64
rlimit: STACK 8192k, CORE 0k, NPROC 709, NOFILE 10240, AS infinity
load average:3.44 2.50 2.17

CPU:total 4 (2 cores per cpu, 2 threads per core) family 6 model 61 stepping 4, cmov, cx8, fxsr, mmx, sse, sse2, sse3, ssse3, sse4.1, sse4.2, popcnt, avx, avx2, aes, clmul, erms, 3dnowpref, lzcnt, ht, tsc, tscinvbit, bmi1, bmi2, adx

Memory: 4k page, physical 8388608k(527756k free)

/proc/meminfo:


vm_info: Java HotSpot(TM) 64-Bit Server VM (25.60-b23) for bsd-amd64 JRE (1.8.0_60-b27), built on Aug  4 2015 10:47:24 by "java_re" with gcc 4.2.1 (Based on Apple Inc. build 5658) (LLVM build 2336.11.00)

time: Fri Jan 22 12:35:42 2016
elapsed time: 80 seconds (0d 0h 1m 20s)

