#
# A fatal error has been detected by the Java Runtime Environment:
#
#  SIGSEGV (0xb) at pc=0x00007fff8f9580dd, pid=1473, tid=1811
#
# JRE version: Java(TM) SE Runtime Environment (8.0_60-b27) (build 1.8.0_60-b27)
# Java VM: Java HotSpot(TM) 64-Bit Server VM (25.60-b23 mixed mode bsd-amd64 compressed oops)
# Problematic frame:
# C  [libobjc.A.dylib+0x10dd]  objc_msgSend+0x1d
#
# Failed to write core dump. Core dumps have been disabled. To enable core dumping, try "ulimit -c unlimited" before starting Java again
#
# If you would like to submit a bug report, please visit:
#   http://bugreport.java.com/bugreport/crash.jsp
# The crash happened outside the Java Virtual Machine in native code.
# See problematic frame for where to report the bug.
#

---------------  T H R E A D  ---------------

Current thread (0x00007fde740bf000):  JavaThread "AppKit Thread" daemon [_thread_in_native, id=1811, stack(0x00007fff511d9000,0x00007fff519d9000)]

siginfo: si_signo: 11 (SIGSEGV), si_code: 1 (SEGV_MAPERR), si_addr: 0x000007fde7277020

Registers:
RAX=0x00007fde7276ec60, RBX=0x00007fff519d4888, RCX=0x0000000000000000, RDX=0x00007fde76b2e980
RSP=0x00007fff519d46a8, RBP=0x00007fff519d46b0, RSI=0x00007fff8870f41e, RDI=0x00007fde7276ec60
R8 =0x00007fff519d4690, R9 =0x0000000000000062, R10=0x00007fff8870f41e, R11=0x000007fde7277008
R12=0x00007fde72417170, R13=0x00000000000f4309, R14=0x00007fde76bfc020, R15=0x00007fff519d47e8
RIP=0x00007fff8f9580dd, EFLAGS=0x0000000000010202, ERR=0x0000000000000004
  TRAPNO=0x000000000000000e

Top of Stack: (sp=0x00007fff519d46a8)
0x00007fff519d46a8:   00007fff844d545c 00007fff519d4a10
0x00007fff519d46b8:   00007fff843c5634 00007fff519d473c
0x00007fff519d46c8:   00007fff519d4740 00007fff519d4744
0x00007fff519d46d8:   00007fff74fcbe00 ffffffffffffffff
0x00007fff519d46e8:   0000000000000930 00007fff74fcbe18
0x00007fff519d46f8:   00007fde76bfc020 0000000000000000
0x00007fff519d4708:   00007fff519d47e0 0000000000000000
0x00007fff519d4718:   00007fde72772800 00007fff519d4860
0x00007fff519d4728:   0000000000000062 00000000000f430b
0x00007fff519d4738:   00007fde76b2e980 00007fde72772230
0x00007fff519d4748:   00007fde72417170 0000000000000001
0x00007fff519d4758:   00000000000f4309 00007fde72417160
0x00007fff519d4768:   00007fff8b1b6c05 0000000173daf070
0x00007fff519d4778:   00007fff750910d0 0000000042000000
0x00007fff519d4788:   00007fff8b1bde63 00007fff74f96240
0x00007fff519d4798:   00007fff519d4868 00007fff519d47c0
0x00007fff519d47a8:   00007fff519d47e0 0000000000000000
0x00007fff519d47b8:   0000000000000027 000613038f97897a
0x00007fff519d47c8:   00007fde72417194 0000000000000000
0x00007fff519d47d8:   0000000000000000 00007fde72772880
0x00007fff519d47e8:   00007fde76bfc020 0000002000000000
0x00007fff519d47f8:   0000000000000000 00007fff750910d0
0x00007fff519d4808:   0000000042000000 000000010e3e9a00
0x00007fff519d4818:   0000000000000002 000000010e242000
0x00007fff519d4828:   00007fde7272d952 0000000000000003
0x00007fff519d4838:   000000010e3e9a00 00007fff519d4930
0x00007fff519d4848:   00007fff91dfdb36 00007fff519d48e0
0x00007fff519d4858:   00007fff87e434ed 0000000000000051
0x00007fff519d4868:   0000000000000000 00000000000f42e2
0x00007fff519d4878:   0000000000000053 0000000000000000
0x00007fff519d4888:   00000000000f4309 00007fff519d4904
0x00007fff519d4898:   0000000000000000 00000000ffffffff 

Instructions: (pc=0x00007fff8f9580dd)
0x00007fff8f9580bd:   00 00 00 48 85 ff 2e 74 7a 40 f6 c7 01 2e 75 7e
0x00007fff8f9580cd:   49 bb f8 ff ff ff ff 7f 00 00 4c 23 1f 49 89 f2
0x00007fff8f9580dd:   45 23 53 18 49 c1 e2 04 4d 03 53 10 49 3b 32 75
0x00007fff8f9580ed:   04 41 ff 62 08 49 83 3a 00 74 6a 4d 3b 53 10 74 

Register to memory mapping:

RAX=0x00007fde7276ec60 is an unknown value
RBX=0x00007fff519d4888 is pointing into the stack for thread: 0x00007fde740bf000
RCX=0x0000000000000000 is an unknown value
RDX=0x00007fde76b2e980 is an unknown value
RSP=0x00007fff519d46a8 is pointing into the stack for thread: 0x00007fde740bf000
RBP=0x00007fff519d46b0 is pointing into the stack for thread: 0x00007fde740bf000
RSI=0x00007fff8870f41e: -[NSTitlebarContainerView transparent]+0x5e312 in /System/Library/Frameworks/AppKit.framework/Versions/C/AppKit at 0x00007fff87d0e000
RDI=0x00007fde7276ec60 is an unknown value
R8 =0x00007fff519d4690 is pointing into the stack for thread: 0x00007fde740bf000
R9 =0x0000000000000062 is an unknown value
R10=0x00007fff8870f41e: -[NSTitlebarContainerView transparent]+0x5e312 in /System/Library/Frameworks/AppKit.framework/Versions/C/AppKit at 0x00007fff87d0e000
R11=0x000007fde7277008 is an unknown value
R12=0x00007fde72417170 is an unknown value
R13=0x00000000000f4309 is an unknown value
R14=0x00007fde76bfc020 is an unknown value
R15=0x00007fff519d47e8 is pointing into the stack for thread: 0x00007fde740bf000


Stack: [0x00007fff511d9000,0x00007fff519d9000],  sp=0x00007fff519d46a8,  free space=8173k
Native frames: (J=compiled Java code, j=interpreted, Vv=VM code, C=native code)
C  [libobjc.A.dylib+0x10dd]  objc_msgSend+0x1d
C  [CoreFoundation+0x10634]  _CFXNotificationPost+0xc44
C  [Foundation+0x7aa1]  -[NSNotificationCenter postNotificationName:object:userInfo:]+0x42
C  [AppKit+0x439c2]  -[NSSurface _disposeSurface]+0x98
C  [AppKit+0x43426]  -[NSSurface setWindow:]+0x42
C  [AppKit+0x33910]  -[NSView _setWindow:]+0xa33
C  [AppKit+0x6af91]  -[NSView removeFromSuperview]+0x1c5
C  [AppKit+0x14bd99]  -[NSView removeFromSuperviewWithoutNeedingDisplay]+0x26
C  [liblwjgl.dylib+0xa205]  +[MacOSXKeyableWindow destroyWindow]+0xb5
C  [Foundation+0x92dd0]  __NSThreadPerformPerform+0x125
C  [CoreFoundation+0x80a01]  __CFRUNLOOP_IS_CALLING_OUT_TO_A_SOURCE0_PERFORM_FUNCTION__+0x11
C  [CoreFoundation+0x72b8d]  __CFRunLoopDoSources0+0x10d
C  [CoreFoundation+0x721bf]  __CFRunLoopRun+0x39f
C  [CoreFoundation+0x71bd8]  CFRunLoopRunSpecific+0x128
C  [HIToolbox+0x3256f]  RunCurrentEventLoopInMode+0xeb
C  [HIToolbox+0x321ee]  ReceiveNextEventCommon+0xb3
C  [HIToolbox+0x3212b]  _BlockUntilNextEventMatchingListInModeWithFilter+0x47
C  [AppKit+0x918ab]  _DPSNextEvent+0x3d2
C  [AppKit+0x90e58]  -[NSApplication nextEventMatchingMask:untilDate:inMode:dequeue:]+0x15a
C  [libosxapp.dylib+0x23aa]  -[NSApplicationAWT nextEventMatchingMask:untilDate:inMode:dequeue:]+0x7c
C  [AppKit+0x86af3]  -[NSApplication run]+0x252
C  [libosxapp.dylib+0x214d]  +[NSApplicationAWT runAWTLoopWithApp:]+0x9c
C  [libawt_lwawt.dylib+0x44517]  -[AWTStarter starter:]+0x389
C  [Foundation+0x92dd0]  __NSThreadPerformPerform+0x125
C  [CoreFoundation+0x80a01]  __CFRUNLOOP_IS_CALLING_OUT_TO_A_SOURCE0_PERFORM_FUNCTION__+0x11
C  [CoreFoundation+0x72b8d]  __CFRunLoopDoSources0+0x10d
C  [CoreFoundation+0x721bf]  __CFRunLoopRun+0x39f
C  [CoreFoundation+0x71bd8]  CFRunLoopRunSpecific+0x128
C  [java+0x6463]  CreateExecutionEnvironment+0x367
C  [java+0x21ac]  JLI_Launch+0x7a0
C  [java+0x84c0]  main+0x65
C  [java+0x1a04]  start+0x34
C  0x0000000000000006


---------------  P R O C E S S  ---------------

Java Threads: ( => current thread )
  0x00007fde7887d800 JavaThread "AWT-Shutdown" [_thread_blocked, id=22119, stack(0x0000000240b4f000,0x0000000240c4f000)]
  0x00007fde74161000 JavaThread "Java2D Disposer" daemon [_thread_blocked, id=51467, stack(0x00000001ee514000,0x00000001ee614000)]
  0x00007fde74141000 JavaThread "Java2D Queue Flusher" daemon [_thread_blocked, id=50951, stack(0x00000001edbeb000,0x00000001edceb000)]
=>0x00007fde740bf000 JavaThread "AppKit Thread" daemon [_thread_in_native, id=1811, stack(0x00007fff511d9000,0x00007fff519d9000)]
  0x00007fde7404a000 JavaThread "Service Thread" daemon [_thread_blocked, id=18179, stack(0x00000001e7d68000,0x00000001e7e68000)]
  0x00007fde74018000 JavaThread "C1 CompilerThread2" daemon [_thread_blocked, id=17667, stack(0x00000001e7c65000,0x00000001e7d65000)]
  0x00007fde74017000 JavaThread "C2 CompilerThread1" daemon [_thread_blocked, id=17155, stack(0x00000001e7b62000,0x00000001e7c62000)]
  0x00007fde73800800 JavaThread "C2 CompilerThread0" daemon [_thread_blocked, id=16643, stack(0x00000001e7a5f000,0x00000001e7b5f000)]
  0x00007fde72845800 JavaThread "Signal Dispatcher" daemon [_thread_blocked, id=13579, stack(0x00000001e795c000,0x00000001e7a5c000)]
  0x00007fde73020800 JavaThread "Finalizer" daemon [_thread_blocked, id=11523, stack(0x00000001e5f45000,0x00000001e6045000)]
  0x00007fde73004800 JavaThread "Reference Handler" daemon [_thread_blocked, id=11011, stack(0x00000001e5e42000,0x00000001e5f42000)]
  0x00007fde73005800 JavaThread "main" [_thread_in_native, id=4867, stack(0x000000010e4df000,0x000000010e5df000)]

Other Threads:
  0x00007fde74015000 VMThread [stack: 0x00000001e5d3f000,0x00000001e5e3f000] [id=10499]
  0x00007fde73838000 WatcherThread [stack: 0x00000001e7e6b000,0x00000001e7f6b000] [id=18691]

VM state:not at safepoint (normal execution)

VM Mutex/Monitor currently owned by a thread: None

Heap:
 PSYoungGen      total 65536K, used 58048K [0x0000000174980000, 0x0000000179a00000, 0x000000019f400000)
  eden space 56832K, 100% used [0x0000000174980000,0x0000000178100000,0x0000000178100000)
  from space 8704K, 13% used [0x0000000178100000,0x0000000178230000,0x0000000178980000)
  to   space 8704K, 0% used [0x0000000179180000,0x0000000179180000,0x0000000179a00000)
 ParOldGen       total 108032K, used 9740K [0x000000011f400000, 0x0000000125d80000, 0x0000000174980000)
  object space 108032K, 9% used [0x000000011f400000,0x000000011fd83028,0x0000000125d80000)
 Metaspace       used 12877K, capacity 13057K, committed 13184K, reserved 1060864K
  class space    used 1313K, capacity 1375K, committed 1408K, reserved 1048576K

Card table byte_map: [0x000000019f400000,0x000000019f801000] byte_map_base: 0x000000019eb06000

Marking Bits: (ParMarkBitMap*) 0x000000010f6dee20
 Begin Bits: [0x000000019feb8000, 0x00000001a1eb8000)
 End Bits:   [0x00000001a1eb8000, 0x00000001a3eb8000)

Polling page: 0x000000010e24f000

CodeCache: size=245760Kb used=7587Kb max_used=7592Kb free=238172Kb
 bounds [0x000000010fdbe000, 0x000000011054e000, 0x000000011edbe000]
 total_blobs=2361 nmethods=1790 adapters=484
 compilation: enabled

Compilation events (10 events):
Event: 67.343 Thread 0x00007fde74018000 2013       3       java.nio.Bits::makeLong (77 bytes)
Event: 67.343 Thread 0x00007fde74018000 nmethod 2013 0x000000011029e810 code [0x000000011029e960, 0x000000011029eb30]
Event: 67.605 Thread 0x00007fde73800800 2014       4       java.lang.Long::valueOf (36 bytes)
Event: 67.607 Thread 0x00007fde73800800 nmethod 2014 0x0000000110337110 code [0x0000000110337260, 0x0000000110337398]
Event: 67.615 Thread 0x00007fde74018000 2015       1       Menu.MenuGameState::update (1 bytes)
Event: 67.615 Thread 0x00007fde74018000 nmethod 2015 0x000000011029e550 code [0x000000011029e6a0, 0x000000011029e7b0]
Event: 67.743 Thread 0x00007fde74018000 2016   !   3       org.lwjgl.input.Mouse::getEventDWheel (17 bytes)
Event: 67.744 Thread 0x00007fde74018000 nmethod 2016 0x00000001103384d0 code [0x0000000110338640, 0x00000001103388b0]
Event: 68.426 Thread 0x00007fde74018000 2017   !   3       org.newdawn.slick.AppGameContainer::gameLoop (81 bytes)
Event: 68.428 Thread 0x00007fde74018000 nmethod 2017 0x00000001102d1c90 code [0x00000001102d1ec0, 0x00000001102d2ac8]

GC Heap History (10 events):
Event: 10.248 GC heap before
{Heap before GC invocations=10 (full 3):
 PSYoungGen      total 41472K, used 33280K [0x0000000174980000, 0x0000000179380000, 0x000000019f400000)
  eden space 33280K, 100% used [0x0000000174980000,0x0000000176a00000,0x0000000176a00000)
  from space 8192K, 0% used [0x0000000176a00000,0x0000000176a00000,0x0000000177200000)
  to   space 8704K, 0% used [0x0000000178b00000,0x0000000178b00000,0x0000000179380000)
 ParOldGen       total 90624K, used 74878K [0x000000011f400000, 0x0000000124c80000, 0x0000000174980000)
  object space 90624K, 82% used [0x000000011f400000,0x0000000123d1fa08,0x0000000124c80000)
 Metaspace       used 12341K, capacity 12481K, committed 12672K, reserved 1060864K
  class space    used 1303K, capacity 1375K, committed 1408K, reserved 1048576K
Event: 10.279 GC heap after
Heap after GC invocations=10 (full 3):
 PSYoungGen      total 41472K, used 0K [0x0000000174980000, 0x0000000179380000, 0x000000019f400000)
  eden space 33280K, 0% used [0x0000000174980000,0x0000000174980000,0x0000000176a00000)
  from space 8192K, 0% used [0x0000000176a00000,0x0000000176a00000,0x0000000177200000)
  to   space 8704K, 0% used [0x0000000178b00000,0x0000000178b00000,0x0000000179380000)
 ParOldGen       total 108032K, used 9708K [0x000000011f400000, 0x0000000125d80000, 0x0000000174980000)
  object space 108032K, 8% used [0x000000011f400000,0x000000011fd7b028,0x0000000125d80000)
 Metaspace       used 12341K, capacity 12481K, committed 12672K, reserved 1060864K
  class space    used 1303K, capacity 1375K, committed 1408K, reserved 1048576K
}
Event: 10.456 GC heap before
{Heap before GC invocations=11 (full 3):
 PSYoungGen      total 41472K, used 33280K [0x0000000174980000, 0x0000000179380000, 0x000000019f400000)
  eden space 33280K, 100% used [0x0000000174980000,0x0000000176a00000,0x0000000176a00000)
  from space 8192K, 0% used [0x0000000176a00000,0x0000000176a00000,0x0000000177200000)
  to   space 8704K, 0% used [0x0000000178b00000,0x0000000178b00000,0x0000000179380000)
 ParOldGen       total 108032K, used 9708K [0x000000011f400000, 0x0000000125d80000, 0x0000000174980000)
  object space 108032K, 8% used [0x000000011f400000,0x000000011fd7b028,0x0000000125d80000)
 Metaspace       used 12490K, capacity 12673K, committed 12928K, reserved 1060864K
  class space    used 1310K, capacity 1375K, committed 1408K, reserved 1048576K
Event: 10.458 GC heap after
Heap after GC invocations=11 (full 3):
 PSYoungGen      total 48128K, used 608K [0x0000000174980000, 0x0000000178c00000, 0x000000019f400000)
  eden space 47104K, 0% used [0x0000000174980000,0x0000000174980000,0x0000000177780000)
  from space 1024K, 59% used [0x0000000178b00000,0x0000000178b98000,0x0000000178c00000)
  to   space 8704K, 0% used [0x0000000177b00000,0x0000000177b00000,0x0000000178380000)
 ParOldGen       total 108032K, used 9716K [0x000000011f400000, 0x0000000125d80000, 0x0000000174980000)
  object space 108032K, 8% used [0x000000011f400000,0x000000011fd7d028,0x0000000125d80000)
 Metaspace       used 12490K, capacity 12673K, committed 12928K, reserved 1060864K
  class space    used 1310K, capacity 1375K, committed 1408K, reserved 1048576K
}
Event: 23.590 GC heap before
{Heap before GC invocations=12 (full 3):
 PSYoungGen      total 48128K, used 47712K [0x0000000174980000, 0x0000000178c00000, 0x000000019f400000)
  eden space 47104K, 100% used [0x0000000174980000,0x0000000177780000,0x0000000177780000)
  from space 1024K, 59% used [0x0000000178b00000,0x0000000178b98000,0x0000000178c00000)
  to   space 8704K, 0% used [0x0000000177b00000,0x0000000177b00000,0x0000000178380000)
 ParOldGen       total 108032K, used 9716K [0x000000011f400000, 0x0000000125d80000, 0x0000000174980000)
  object space 108032K, 8% used [0x000000011f400000,0x000000011fd7d028,0x0000000125d80000)
 Metaspace       used 12782K, capacity 12993K, committed 13184K, reserved 1060864K
  class space    used 1312K, capacity 1375K, committed 1408K, reserved 1048576K
Event: 23.593 GC heap after
Heap after GC invocations=12 (full 3):
 PSYoungGen      total 59392K, used 1248K [0x0000000174980000, 0x0000000179200000, 0x000000019f400000)
  eden space 50688K, 0% used [0x0000000174980000,0x0000000174980000,0x0000000177b00000)
  from space 8704K, 14% used [0x0000000177b00000,0x0000000177c38000,0x0000000178380000)
  to   space 8704K, 0% used [0x0000000178980000,0x0000000178980000,0x0000000179200000)
 ParOldGen       total 108032K, used 9724K [0x000000011f400000, 0x0000000125d80000, 0x0000000174980000)
  object space 108032K, 9% used [0x000000011f400000,0x000000011fd7f028,0x0000000125d80000)
 Metaspace       used 12782K, capacity 12993K, committed 13184K, reserved 1060864K
  class space    used 1312K, capacity 1375K, committed 1408K, reserved 1048576K
}
Event: 26.762 GC heap before
{Heap before GC invocations=13 (full 3):
 PSYoungGen      total 59392K, used 51936K [0x0000000174980000, 0x0000000179200000, 0x000000019f400000)
  eden space 50688K, 100% used [0x0000000174980000,0x0000000177b00000,0x0000000177b00000)
  from space 8704K, 14% used [0x0000000177b00000,0x0000000177c38000,0x0000000178380000)
  to   space 8704K, 0% used [0x0000000178980000,0x0000000178980000,0x0000000179200000)
 ParOldGen       total 108032K, used 9724K [0x000000011f400000, 0x0000000125d80000, 0x0000000174980000)
  object space 108032K, 9% used [0x000000011f400000,0x000000011fd7f028,0x0000000125d80000)
 Metaspace       used 12803K, capacity 12993K, committed 13184K, reserved 1060864K
  class space    used 1312K, capacity 1375K, committed 1408K, reserved 1048576K
Event: 26.764 GC heap after
Heap after GC invocations=13 (full 3):
 PSYoungGen      total 65536K, used 1088K [0x0000000174980000, 0x0000000179500000, 0x000000019f400000)
  eden space 56832K, 0% used [0x0000000174980000,0x0000000174980000,0x0000000178100000)
  from space 8704K, 12% used [0x0000000178980000,0x0000000178a90000,0x0000000179200000)
  to   space 8704K, 0% used [0x0000000178100000,0x0000000178100000,0x0000000178980000)
 ParOldGen       total 108032K, used 9732K [0x000000011f400000, 0x0000000125d80000, 0x0000000174980000)
  object space 108032K, 9% used [0x000000011f400000,0x000000011fd81028,0x0000000125d80000)
 Metaspace       used 12803K, capacity 12993K, committed 13184K, reserved 1060864K
  class space    used 1312K, capacity 1375K, committed 1408K, reserved 1048576K
}
Event: 34.069 GC heap before
{Heap before GC invocations=14 (full 3):
 PSYoungGen      total 65536K, used 57920K [0x0000000174980000, 0x0000000179500000, 0x000000019f400000)
  eden space 56832K, 100% used [0x0000000174980000,0x0000000178100000,0x0000000178100000)
  from space 8704K, 12% used [0x0000000178980000,0x0000000178a90000,0x0000000179200000)
  to   space 8704K, 0% used [0x0000000178100000,0x0000000178100000,0x0000000178980000)
 ParOldGen       total 108032K, used 9732K [0x000000011f400000, 0x0000000125d80000, 0x0000000174980000)
  object space 108032K, 9% used [0x000000011f400000,0x000000011fd81028,0x0000000125d80000)
 Metaspace       used 12833K, capacity 12993K, committed 13184K, reserved 1060864K
  class space    used 1312K, capacity 1375K, committed 1408K, reserved 1048576K
Event: 34.072 GC heap after
Heap after GC invocations=14 (full 3):
 PSYoungGen      total 65536K, used 1216K [0x0000000174980000, 0x0000000179a00000, 0x000000019f400000)
  eden space 56832K, 0% used [0x0000000174980000,0x0000000174980000,0x0000000178100000)
  from space 8704K, 13% used [0x0000000178100000,0x0000000178230000,0x0000000178980000)
  to   space 8704K, 0% used [0x0000000179180000,0x0000000179180000,0x0000000179a00000)
 ParOldGen       total 108032K, used 9740K [0x000000011f400000, 0x0000000125d80000, 0x0000000174980000)
  object space 108032K, 9% used [0x000000011f400000,0x000000011fd83028,0x0000000125d80000)
 Metaspace       used 12833K, capacity 12993K, committed 13184K, reserved 1060864K
  class space    used 1312K, capacity 1375K, committed 1408K, reserved 1048576K
}

Deoptimization events (10 events):
Event: 8.034 Thread 0x00007fde73005800 Uncommon trap: reason=unstable_if action=reinterpret pc=0x00000001101e1290 method=com.jcraft.jorbis.Residue0._2inverse(Lcom/jcraft/jorbis/Block;Ljava/lang/Object;[[FI)I @ 243
Event: 8.034 Thread 0x00007fde73005800 Uncommon trap: reason=unstable_if action=reinterpret pc=0x00000001101ddf30 method=com.jcraft.jorbis.Residue0._2inverse(Lcom/jcraft/jorbis/Block;Ljava/lang/Object;[[FI)I @ 243
Event: 8.088 Thread 0x00007fde73005800 Uncommon trap: reason=unstable_if action=reinterpret pc=0x000000011026fbac method=org.newdawn.slick.openal.OggInputStream.readPCM()V @ 283
Event: 8.171 Thread 0x00007fde73005800 Uncommon trap: reason=unstable_if action=reinterpret pc=0x00000001102a01cc method=org.newdawn.slick.openal.OggInputStream.readPCM()V @ 283
Event: 8.317 Thread 0x00007fde73005800 Uncommon trap: reason=unstable_if action=reinterpret pc=0x00000001102362b4 method=com.jcraft.jorbis.Mapping0.inverse(Lcom/jcraft/jorbis/Block;Ljava/lang/Object;)I @ 301
Event: 10.514 Thread 0x00007fde73005800 Uncommon trap: reason=unstable_if action=reinterpret pc=0x0000000110319724 method=java.nio.DirectByteBuffer.put([BII)Ljava/nio/ByteBuffer; @ 5
Event: 19.963 Thread 0x00007fde73005800 Uncommon trap: reason=unstable_if action=reinterpret pc=0x000000010fef60e4 method=java.lang.Math.min(FF)F @ 11
Event: 28.295 Thread 0x00007fde73005800 Uncommon trap: reason=unstable_if action=reinterpret pc=0x00000001103fea14 method=org.newdawn.slick.Input.poll(II)V @ 400
Event: 67.881 Thread 0x00007fde73005800 Uncommon trap: reason=unstable_if action=reinterpret pc=0x000000011017698c method=org.lwjgl.opengl.MacOSXDisplay.update()V @ 86
Event: 68.515 Thread 0x00007fde73005800 Uncommon trap: reason=unstable_if action=reinterpret pc=0x00000001102a1648 method=org.newdawn.slick.GameContainer.updateAndRender(I)V @ 69

Internal exceptions (10 events):
Event: 0.391 Thread 0x00007fde73005800 Exception <a 'java/io/FileNotFoundException'> (0x0000000174e22ca8) thrown at [/Users/java_re/workspace/8-2-build-macosx-x86_64/jdk8u60/4407/hotspot/src/share/vm/prims/jni.cpp, line 709]
Event: 0.391 Thread 0x00007fde73005800 Exception <a 'java/io/FileNotFoundException'> (0x0000000174e237f8) thrown at [/Users/java_re/workspace/8-2-build-macosx-x86_64/jdk8u60/4407/hotspot/src/share/vm/prims/jni.cpp, line 709]
Event: 0.703 Thread 0x00007fde73005800 Exception <a 'java/lang/NoClassDefFoundError': net/java/games/input/ControllerEnvironment> (0x000000017531b500) thrown at [/Users/java_re/workspace/8-2-build-macosx-x86_64/jdk8u60/4407/hotspot/src/share/vm/classfile/systemDictionary.cpp, line 199]
Event: 4.018 Thread 0x00007fde73005800 Exception <a 'java/security/PrivilegedActionException'> (0x0000000176007168) thrown at [/Users/java_re/workspace/8-2-build-macosx-x86_64/jdk8u60/4407/hotspot/src/share/vm/prims/jvm.cpp, line 1386]
Event: 4.018 Thread 0x00007fde73005800 Exception <a 'java/security/PrivilegedActionException'> (0x0000000176008d50) thrown at [/Users/java_re/workspace/8-2-build-macosx-x86_64/jdk8u60/4407/hotspot/src/share/vm/prims/jvm.cpp, line 1386]
Event: 4.018 Thread 0x00007fde73005800 Exception <a 'java/security/PrivilegedActionException'> (0x0000000176009e70) thrown at [/Users/java_re/workspace/8-2-build-macosx-x86_64/jdk8u60/4407/hotspot/src/share/vm/prims/jvm.cpp, line 1386]
Event: 4.018 Thread 0x00007fde73005800 Exception <a 'java/security/PrivilegedActionException'> (0x000000017600ef90) thrown at [/Users/java_re/workspace/8-2-build-macosx-x86_64/jdk8u60/4407/hotspot/src/share/vm/prims/jvm.cpp, line 1386]
Event: 4.018 Thread 0x00007fde73005800 Exception <a 'java/security/PrivilegedActionException'> (0x000000017600fbe8) thrown at [/Users/java_re/workspace/8-2-build-macosx-x86_64/jdk8u60/4407/hotspot/src/share/vm/prims/jvm.cpp, line 1386]
Event: 4.018 Thread 0x00007fde73005800 Exception <a 'java/security/PrivilegedActionException'> (0x0000000176010810) thrown at [/Users/java_re/workspace/8-2-build-macosx-x86_64/jdk8u60/4407/hotspot/src/share/vm/prims/jvm.cpp, line 1386]
Event: 6.448 Thread 0x00007fde73005800 Implicit null exception at 0x00000001101cf040 to 0x00000001101cf7c1

Events (10 events):
Event: 66.451 Thread 0x00007fde7809c800 Thread exited: 0x00007fde7809c800
Event: 67.168 Thread 0x00007fde7887d800 Thread added: 0x00007fde7887d800
Event: 67.881 Thread 0x00007fde73005800 Uncommon trap: trap_request=0xffffff65 fr.pc=0x000000011017698c
Event: 67.882 Thread 0x00007fde73005800 DEOPT PACKING pc=0x000000011017698c sp=0x000000010e5de810
Event: 67.882 Thread 0x00007fde73005800 DEOPT UNPACKING pc=0x000000010fdc3229 sp=0x000000010e5de658 mode 2
Event: 68.515 Thread 0x00007fde73005800 Uncommon trap: trap_request=0xffffff65 fr.pc=0x00000001102a1648
Event: 68.515 Thread 0x00007fde73005800 DEOPT PACKING pc=0x00000001102a1648 sp=0x000000010e5de730
Event: 68.515 Thread 0x00007fde73005800 DEOPT UNPACKING pc=0x000000010fdc3229 sp=0x000000010e5de710 mode 2
Event: 68.542 loading class org/lwjgl/opengl/CallbackUtil
Event: 68.542 loading class org/lwjgl/opengl/CallbackUtil done


Dynamic libraries:
0x0000000003cc9000 	/System/Library/Frameworks/Cocoa.framework/Versions/A/Cocoa
0x0000000003cc9000 	/System/Library/Frameworks/Security.framework/Versions/A/Security
0x0000000003cc9000 	/System/Library/Frameworks/ApplicationServices.framework/Versions/A/ApplicationServices
0x0000000003cc9000 	/usr/lib/libz.1.dylib
0x0000000003cc9000 	/usr/lib/libSystem.B.dylib
0x0000000003cc9000 	/usr/lib/libobjc.A.dylib
0x0000000003cc9000 	/System/Library/Frameworks/CoreFoundation.framework/Versions/A/CoreFoundation
0x0000000003cc9000 	/System/Library/Frameworks/Foundation.framework/Versions/C/Foundation
0x0000000003cc9000 	/System/Library/Frameworks/AppKit.framework/Versions/C/AppKit
0x0000000003cc9000 	/System/Library/Frameworks/CoreData.framework/Versions/A/CoreData
0x0000000003cc9000 	/System/Library/PrivateFrameworks/RemoteViewServices.framework/Versions/A/RemoteViewServices
0x0000000003cc9000 	/System/Library/PrivateFrameworks/UIFoundation.framework/Versions/A/UIFoundation
0x0000000003cc9000 	/System/Library/Frameworks/IOSurface.framework/Versions/A/IOSurface
0x0000000003cc9000 	/System/Library/Frameworks/AudioToolbox.framework/Versions/A/AudioToolbox
0x0000000003cc9000 	/System/Library/Frameworks/AudioUnit.framework/Versions/A/AudioUnit
0x0000000003cc9000 	/System/Library/PrivateFrameworks/DataDetectorsCore.framework/Versions/A/DataDetectorsCore
0x000000010e245000 	/System/Library/PrivateFrameworks/DesktopServicesPriv.framework/Versions/A/DesktopServicesPriv
0x0000000003cc9000 	/System/Library/Frameworks/Carbon.framework/Versions/A/Frameworks/HIToolbox.framework/Versions/A/HIToolbox
0x0000000003cc9000 	/System/Library/Frameworks/QuartzCore.framework/Versions/A/QuartzCore
0x0000000003cc9000 	/System/Library/Frameworks/Carbon.framework/Versions/A/Frameworks/SpeechRecognition.framework/Versions/A/SpeechRecognition
0x0000000003cc9000 	/usr/lib/libauto.dylib
0x0000000003cc9000 	/usr/lib/libicucore.A.dylib
0x0000000003cc9000 	/usr/lib/libxml2.2.dylib
0x0000000003cc9000 	/System/Library/PrivateFrameworks/CoreUI.framework/Versions/A/CoreUI
0x0000000003cc9000 	/System/Library/Frameworks/CoreAudio.framework/Versions/A/CoreAudio
0x0000000003cc9000 	/System/Library/Frameworks/DiskArbitration.framework/Versions/A/DiskArbitration
0x0000000003cc9000 	/usr/lib/liblangid.dylib
0x0000000003cc9000 	/System/Library/PrivateFrameworks/MultitouchSupport.framework/Versions/A/MultitouchSupport
0x0000000003cc9000 	/System/Library/Frameworks/IOKit.framework/Versions/A/IOKit
0x0000000003cc9000 	/usr/lib/libDiagnosticMessagesClient.dylib
0x0000000003cc9000 	/System/Library/Frameworks/CoreServices.framework/Versions/A/CoreServices
0x0000000003cc9000 	/System/Library/PrivateFrameworks/PerformanceAnalysis.framework/Versions/A/PerformanceAnalysis
0x0000000003cc9000 	/System/Library/PrivateFrameworks/GenerationalStorage.framework/Versions/A/GenerationalStorage
0x0000000003cc9000 	/System/Library/Frameworks/OpenGL.framework/Versions/A/OpenGL
0x0000000003cc9000 	/System/Library/PrivateFrameworks/Sharing.framework/Versions/A/Sharing
0x0000000003cc9000 	/System/Library/Frameworks/CoreGraphics.framework/Versions/A/CoreGraphics
0x0000000003cc9000 	/System/Library/Frameworks/CoreText.framework/Versions/A/CoreText
0x0000000003cc9000 	/System/Library/Frameworks/ImageIO.framework/Versions/A/ImageIO
0x0000000003cc9000 	/usr/lib/libextension.dylib
0x0000000003cc9000 	/System/Library/PrivateFrameworks/Backup.framework/Versions/A/Backup
0x0000000003cc9000 	/usr/lib/libarchive.2.dylib
0x0000000003cc9000 	/System/Library/Frameworks/CFNetwork.framework/Versions/A/CFNetwork
0x0000000003cc9000 	/System/Library/Frameworks/SystemConfiguration.framework/Versions/A/SystemConfiguration
0x0000000003cc9000 	/usr/lib/libCRFSuite.dylib
0x0000000003cc9000 	/usr/lib/libc++.1.dylib
0x0000000003cc9000 	/usr/lib/libc++abi.dylib
0x0000000003cc9000 	/usr/lib/system/libcache.dylib
0x0000000003cc9000 	/usr/lib/system/libcommonCrypto.dylib
0x0000000003cc9000 	/usr/lib/system/libcompiler_rt.dylib
0x0000000003cc9000 	/usr/lib/system/libcopyfile.dylib
0x0000000003cc9000 	/usr/lib/system/libcorecrypto.dylib
0x0000000003cc9000 	/usr/lib/system/libdispatch.dylib
0x0000000003cc9000 	/usr/lib/system/libdyld.dylib
0x0000000003cc9000 	/usr/lib/system/libkeymgr.dylib
0x0000000003cc9000 	/usr/lib/system/liblaunch.dylib
0x0000000003cc9000 	/usr/lib/system/libmacho.dylib
0x0000000003cc9000 	/usr/lib/system/libquarantine.dylib
0x0000000003cc9000 	/usr/lib/system/libremovefile.dylib
0x0000000003cc9000 	/usr/lib/system/libsystem_asl.dylib
0x0000000003cc9000 	/usr/lib/system/libsystem_blocks.dylib
0x0000000003cc9000 	/usr/lib/system/libsystem_c.dylib
0x0000000003cc9000 	/usr/lib/system/libsystem_configuration.dylib
0x0000000003cc9000 	/usr/lib/system/libsystem_coreservices.dylib
0x0000000003cc9000 	/usr/lib/system/libsystem_coretls.dylib
0x0000000003cc9000 	/usr/lib/system/libsystem_dnssd.dylib
0x0000000003cc9000 	/usr/lib/system/libsystem_info.dylib
0x0000000003cc9000 	/usr/lib/system/libsystem_kernel.dylib
0x0000000003cc9000 	/usr/lib/system/libsystem_m.dylib
0x0000000003cc9000 	/usr/lib/system/libsystem_malloc.dylib
0x0000000003cc9000 	/usr/lib/system/libsystem_network.dylib
0x0000000003cc9000 	/usr/lib/system/libsystem_networkextension.dylib
0x0000000003cc9000 	/usr/lib/system/libsystem_notify.dylib
0x0000000003cc9000 	/usr/lib/system/libsystem_platform.dylib
0x0000000003cc9000 	/usr/lib/system/libsystem_pthread.dylib
0x0000000003cc9000 	/usr/lib/system/libsystem_sandbox.dylib
0x0000000003cc9000 	/usr/lib/system/libsystem_secinit.dylib
0x0000000003cc9000 	/usr/lib/system/libsystem_stats.dylib
0x0000000003cc9000 	/usr/lib/system/libsystem_trace.dylib
0x0000000003cc9000 	/usr/lib/system/libunc.dylib
0x0000000003cc9000 	/usr/lib/system/libunwind.dylib
0x0000000003cc9000 	/usr/lib/system/libxpc.dylib
0x0000000003cc9000 	/usr/lib/libbz2.1.0.dylib
0x0000000003cc9000 	/usr/lib/liblzma.5.dylib
0x0000000003cc9000 	/usr/lib/libbsm.0.dylib
0x0000000003cc9000 	/usr/lib/libsqlite3.dylib
0x0000000003cc9000 	/usr/lib/system/libkxld.dylib
0x0000000003cc9000 	/usr/lib/libxar.1.dylib
0x0000000003cc9000 	/usr/lib/libpam.2.dylib
0x0000000003cc9000 	/usr/lib/libOpenScriptingUtil.dylib
0x0000000003cc9000 	/System/Library/Frameworks/CoreServices.framework/Versions/A/Frameworks/FSEvents.framework/Versions/A/FSEvents
0x0000000003cc9000 	/System/Library/Frameworks/CoreServices.framework/Versions/A/Frameworks/CarbonCore.framework/Versions/A/CarbonCore
0x0000000003cc9000 	/System/Library/Frameworks/CoreServices.framework/Versions/A/Frameworks/Metadata.framework/Versions/A/Metadata
0x0000000003cc9000 	/System/Library/Frameworks/CoreServices.framework/Versions/A/Frameworks/OSServices.framework/Versions/A/OSServices
0x0000000003cc9000 	/System/Library/Frameworks/CoreServices.framework/Versions/A/Frameworks/SearchKit.framework/Versions/A/SearchKit
0x0000000003cc9000 	/System/Library/Frameworks/CoreServices.framework/Versions/A/Frameworks/AE.framework/Versions/A/AE
0x0000000003cc9000 	/System/Library/Frameworks/CoreServices.framework/Versions/A/Frameworks/LaunchServices.framework/Versions/A/LaunchServices
0x0000000003cc9000 	/System/Library/Frameworks/CoreServices.framework/Versions/A/Frameworks/DictionaryServices.framework/Versions/A/DictionaryServices
0x0000000003cc9000 	/System/Library/Frameworks/NetFS.framework/Versions/A/NetFS
0x0000000003cc9000 	/System/Library/PrivateFrameworks/NetAuth.framework/Versions/A/NetAuth
0x0000000003cc9000 	/System/Library/PrivateFrameworks/login.framework/Versions/A/Frameworks/loginsupport.framework/Versions/A/loginsupport
0x0000000003cc9000 	/System/Library/PrivateFrameworks/TCC.framework/Versions/A/TCC
0x0000000003cc9000 	/usr/lib/libmecabra.dylib
0x0000000003cc9000 	/System/Library/Frameworks/ApplicationServices.framework/Versions/A/Frameworks/ATS.framework/Versions/A/ATS
0x0000000003cc9000 	/System/Library/Frameworks/ApplicationServices.framework/Versions/A/Frameworks/ColorSync.framework/Versions/A/ColorSync
0x0000000003cc9000 	/System/Library/Frameworks/ApplicationServices.framework/Versions/A/Frameworks/HIServices.framework/Versions/A/HIServices
0x0000000003cc9000 	/System/Library/Frameworks/ApplicationServices.framework/Versions/A/Frameworks/LangAnalysis.framework/Versions/A/LangAnalysis
0x0000000003cc9000 	/System/Library/Frameworks/ApplicationServices.framework/Versions/A/Frameworks/PrintCore.framework/Versions/A/PrintCore
0x0000000003cc9000 	/System/Library/Frameworks/ApplicationServices.framework/Versions/A/Frameworks/QD.framework/Versions/A/QD
0x0000000003cc9000 	/System/Library/Frameworks/ApplicationServices.framework/Versions/A/Frameworks/SpeechSynthesis.framework/Versions/A/SpeechSynthesis
0x0000000003cc9000 	/System/Library/Frameworks/Accelerate.framework/Versions/A/Accelerate
0x0000000003cc9000 	/System/Library/Frameworks/Accelerate.framework/Versions/A/Frameworks/vImage.framework/Versions/A/vImage
0x0000000003cc9000 	/System/Library/Frameworks/Accelerate.framework/Versions/A/Frameworks/vecLib.framework/Versions/A/vecLib
0x0000000003cc9000 	/System/Library/Frameworks/Accelerate.framework/Versions/A/Frameworks/vecLib.framework/Versions/A/libvDSP.dylib
0x0000000003cc9000 	/System/Library/Frameworks/Accelerate.framework/Versions/A/Frameworks/vecLib.framework/Versions/A/libvMisc.dylib
0x0000000003cc9000 	/System/Library/Frameworks/Accelerate.framework/Versions/A/Frameworks/vecLib.framework/Versions/A/libLAPACK.dylib
0x0000000003cc9000 	/System/Library/Frameworks/Accelerate.framework/Versions/A/Frameworks/vecLib.framework/Versions/A/libBLAS.dylib
0x0000000003cc9000 	/System/Library/Frameworks/Accelerate.framework/Versions/A/Frameworks/vecLib.framework/Versions/A/libLinearAlgebra.dylib
0x0000000003cc9000 	/System/Library/Frameworks/ApplicationServices.framework/Versions/A/Frameworks/ATS.framework/Versions/A/Resources/libFontParser.dylib
0x0000000003cc9000 	/System/Library/Frameworks/ApplicationServices.framework/Versions/A/Frameworks/ATS.framework/Versions/A/Resources/libFontRegistry.dylib
0x0000000003cc9000 	/System/Library/PrivateFrameworks/AppleVPA.framework/Versions/A/AppleVPA
0x0000000003cc9000 	/System/Library/PrivateFrameworks/AppleJPEG.framework/Versions/A/AppleJPEG
0x0000000003cc9000 	/System/Library/Frameworks/ImageIO.framework/Versions/A/Resources/libJPEG.dylib
0x0000000003cc9000 	/System/Library/Frameworks/ImageIO.framework/Versions/A/Resources/libTIFF.dylib
0x0000000003cc9000 	/System/Library/Frameworks/ImageIO.framework/Versions/A/Resources/libPng.dylib
0x0000000003cc9000 	/System/Library/Frameworks/ImageIO.framework/Versions/A/Resources/libGIF.dylib
0x0000000003cc9000 	/System/Library/Frameworks/ImageIO.framework/Versions/A/Resources/libJP2.dylib
0x0000000003cc9000 	/System/Library/Frameworks/ImageIO.framework/Versions/A/Resources/libRadiance.dylib
0x0000000003cc9000 	/System/Library/Frameworks/CoreVideo.framework/Versions/A/CoreVideo
0x0000000003cc9000 	/System/Library/Frameworks/OpenGL.framework/Versions/A/Libraries/libGLU.dylib
0x0000000003cc9000 	/System/Library/Frameworks/OpenGL.framework/Versions/A/Libraries/libGFXShared.dylib
0x0000000003cc9000 	/System/Library/Frameworks/OpenGL.framework/Versions/A/Libraries/libGL.dylib
0x0000000003cc9000 	/System/Library/Frameworks/OpenGL.framework/Versions/A/Libraries/libGLImage.dylib
0x0000000003cc9000 	/System/Library/Frameworks/OpenGL.framework/Versions/A/Libraries/libCVMSPluginSupport.dylib
0x0000000003cc9000 	/System/Library/Frameworks/OpenGL.framework/Versions/A/Libraries/libCoreVMClient.dylib
0x0000000003cc9000 	/usr/lib/libcups.2.dylib
0x0000000003cc9000 	/System/Library/Frameworks/Kerberos.framework/Versions/A/Kerberos
0x0000000003cc9000 	/System/Library/Frameworks/GSS.framework/Versions/A/GSS
0x0000000003cc9000 	/usr/lib/libresolv.9.dylib
0x0000000003cc9000 	/usr/lib/libiconv.2.dylib
0x0000000003cc9000 	/System/Library/PrivateFrameworks/Heimdal.framework/Versions/A/Heimdal
0x0000000003cc9000 	/usr/lib/libheimdal-asn1.dylib
0x0000000003cc9000 	/System/Library/Frameworks/OpenDirectory.framework/Versions/A/OpenDirectory
0x0000000003cc9000 	/System/Library/PrivateFrameworks/CommonAuth.framework/Versions/A/CommonAuth
0x0000000003cc9000 	/System/Library/Frameworks/OpenDirectory.framework/Versions/A/Frameworks/CFOpenDirectory.framework/Versions/A/CFOpenDirectory
0x0000000003cc9000 	/System/Library/Frameworks/SecurityFoundation.framework/Versions/A/SecurityFoundation
0x0000000003cc9000 	/System/Library/PrivateFrameworks/LanguageModeling.framework/Versions/A/LanguageModeling
0x0000000003cc9000 	/usr/lib/libcmph.dylib
0x0000000003cc9000 	/System/Library/Frameworks/ServiceManagement.framework/Versions/A/ServiceManagement
0x0000000003cc9000 	/usr/lib/libxslt.1.dylib
0x0000000003cc9000 	/System/Library/Frameworks/Carbon.framework/Versions/A/Frameworks/Ink.framework/Versions/A/Ink
0x0000000003cc9000 	/System/Library/Frameworks/QuartzCore.framework/Versions/A/Frameworks/CoreImage.framework/Versions/A/CoreImage
0x0000000003cc9000 	/System/Library/PrivateFrameworks/CrashReporterSupport.framework/Versions/A/CrashReporterSupport
0x0000000003cc9000 	/System/Library/Frameworks/OpenCL.framework/Versions/A/OpenCL
0x0000000003cc9000 	/System/Library/PrivateFrameworks/FaceCore.framework/Versions/A/FaceCore
0x000000010e251000 	/System/Library/PrivateFrameworks/DesktopServicesPriv.framework/Versions/A_/DesktopServicesPriv
0x0000000003cc9000 	/System/Library/PrivateFrameworks/Ubiquity.framework/Versions/A/Ubiquity
0x0000000003cc9000 	/System/Library/PrivateFrameworks/IconServices.framework/Versions/A/IconServices
0x0000000003cc9000 	/System/Library/PrivateFrameworks/ChunkingLibrary.framework/Versions/A/ChunkingLibrary
0x0000000003cc9000 	/System/Library/PrivateFrameworks/Apple80211.framework/Versions/A/Apple80211
0x0000000003cc9000 	/System/Library/Frameworks/CoreWLAN.framework/Versions/A/CoreWLAN
0x0000000003cc9000 	/System/Library/Frameworks/IOBluetooth.framework/Versions/A/IOBluetooth
0x0000000003cc9000 	/System/Library/PrivateFrameworks/CoreWiFi.framework/Versions/A/CoreWiFi
0x0000000003cc9000 	/System/Library/Frameworks/CoreBluetooth.framework/Versions/A/CoreBluetooth
0x0000000003cc9000 	/System/Library/PrivateFrameworks/DebugSymbols.framework/Versions/A/DebugSymbols
0x0000000003cc9000 	/System/Library/PrivateFrameworks/CoreSymbolication.framework/Versions/A/CoreSymbolication
0x0000000003cc9000 	/System/Library/PrivateFrameworks/Symbolication.framework/Versions/A/Symbolication
0x0000000003cc9000 	/System/Library/PrivateFrameworks/SpeechRecognitionCore.framework/Versions/A/SpeechRecognitionCore
0x000000010ee00000 	/Library/Java/JavaVirtualMachines/jdk1.8.0_60.jdk/Contents/Home/jre/lib/server/libjvm.dylib
0x0000000003cc9000 	/usr/lib/libstdc++.6.dylib
0x000000010e5e1000 	/Library/Java/JavaVirtualMachines/jdk1.8.0_60.jdk/Contents/Home/jre/lib/libverify.dylib
0x000000010fd89000 	/Library/Java/JavaVirtualMachines/jdk1.8.0_60.jdk/Contents/Home/jre/lib/libjava.dylib
0x000000010e5f7000 	/Library/Java/JavaVirtualMachines/jdk1.8.0_60.jdk/Contents/Home/jre/lib/libzip.dylib
0x00000001e6047000 	/System/Library/Frameworks/JavaVM.framework/Frameworks/JavaRuntimeSupport.framework/JavaRuntimeSupport
0x00000001e6062000 	/System/Library/Frameworks/JavaVM.framework/Versions/A/Frameworks/JavaNativeFoundation.framework/Versions/A/JavaNativeFoundation
0x000000011f1ef000 	/System/Library/Frameworks/JavaVM.framework/Versions/A/JavaVM
0x0000000003cc9000 	/System/Library/Frameworks/Carbon.framework/Versions/A/Carbon
0x00000001e6077000 	/System/Library/PrivateFrameworks/JavaLaunching.framework/Versions/A/JavaLaunching
0x0000000003cc9000 	/System/Library/Frameworks/Carbon.framework/Versions/A/Frameworks/CommonPanels.framework/Versions/A/CommonPanels
0x0000000003cc9000 	/System/Library/Frameworks/Carbon.framework/Versions/A/Frameworks/Help.framework/Versions/A/Help
0x0000000003cc9000 	/System/Library/Frameworks/Carbon.framework/Versions/A/Frameworks/ImageCapture.framework/Versions/A/ImageCapture
0x0000000003cc9000 	/System/Library/Frameworks/Carbon.framework/Versions/A/Frameworks/OpenScripting.framework/Versions/A/OpenScripting
0x0000000003cc9000 	/System/Library/Frameworks/Carbon.framework/Versions/A/Frameworks/Print.framework/Versions/A/Print
0x0000000003cc9000 	/System/Library/Frameworks/Carbon.framework/Versions/A/Frameworks/SecurityHI.framework/Versions/A/SecurityHI
0x00000001e7fc3000 	/Library/Java/JavaVirtualMachines/jdk1.8.0_60.jdk/Contents/Home/jre/lib/libawt.dylib
0x00000001e806b000 	/Library/Java/JavaVirtualMachines/jdk1.8.0_60.jdk/Contents/Home/jre/lib/./libmlib_image.dylib
0x00000001e8137000 	/Library/Java/JavaVirtualMachines/jdk1.8.0_60.jdk/Contents/Home/jre/lib/libawt_lwawt.dylib
0x00000001e81ec000 	/Library/Java/JavaVirtualMachines/jdk1.8.0_60.jdk/Contents/Home/jre/lib/./libosxapp.dylib
0x0000000003cc9000 	/System/Library/Frameworks/ExceptionHandling.framework/Versions/A/ExceptionHandling
0x0000000003cc9000 	/System/Library/PrivateFrameworks/CoreServicesInternal.framework/Versions/A/CoreServicesInternal
0x0000000003cc9000 	/System/Library/PrivateFrameworks/CloudDocs.framework/Versions/A/CloudDocs
0x0000000003cc9000 	/System/Library/PrivateFrameworks/CoreDuet.framework/Versions/A/CoreDuet
0x0000000003cc9000 	/System/Library/Frameworks/CloudKit.framework/Versions/A/CloudKit
0x0000000003cc9000 	/System/Library/PrivateFrameworks/ProtocolBuffer.framework/Versions/A/ProtocolBuffer
0x0000000003cc9000 	/System/Library/PrivateFrameworks/CoreDuetDaemonProtocol.framework/Versions/A/CoreDuetDaemonProtocol
0x0000000003cc9000 	/System/Library/PrivateFrameworks/CoreDuetDebugLogging.framework/Versions/A/CoreDuetDebugLogging
0x0000000003cc9000 	/System/Library/PrivateFrameworks/MMCS.framework/Versions/A/MMCS
0x0000000003cc9000 	/System/Library/Frameworks/CoreLocation.framework/Versions/A/CoreLocation
0x0000000003cc9000 	/System/Library/PrivateFrameworks/ProtectedCloudStorage.framework/Versions/A/ProtectedCloudStorage
0x0000000003cc9000 	/System/Library/PrivateFrameworks/GeoServices.framework/Versions/A/GeoServices
0x0000000003cc9000 	/System/Library/Frameworks/CoreGraphics.framework/Versions/A/Resources/libCGCMS.A.dylib
0x0000000003cc9000 	/System/Library/Frameworks/CoreGraphics.framework/Versions/A/Resources/libRIP.A.dylib
0x0000000003cc9000 	/System/Library/Frameworks/CoreGraphics.framework/Versions/A/Resources/libCGXType.A.dylib
0x0000000003cc9000 	/System/Library/Frameworks/OpenCL.framework/Versions/A/Libraries/libcldcpuengine.dylib
0x0000000003cc9000 	/System/Library/PrivateFrameworks/DiskImages.framework/Versions/A/DiskImages
0x0000000003cc9000 	/System/Library/Frameworks/DiscRecording.framework/Versions/A/DiscRecording
0x0000000003cc9000 	/usr/lib/libcsfde.dylib
0x0000000003cc9000 	/usr/lib/libcurl.4.dylib
0x0000000003cc9000 	/System/Library/PrivateFrameworks/MediaKit.framework/Versions/A/MediaKit
0x0000000003cc9000 	/usr/lib/libCoreStorage.dylib
0x0000000003cc9000 	/System/Library/PrivateFrameworks/EFILogin.framework/Versions/A/EFILogin
0x0000000003cc9000 	/usr/lib/libutil.dylib
0x0000000003cc9000 	/System/Library/PrivateFrameworks/FindMyDevice.framework/Versions/A/FindMyDevice
0x0000000003cc9000 	/System/Library/Frameworks/LDAP.framework/Versions/A/LDAP
0x0000000003cc9000 	/usr/lib/libsasl2.2.dylib
0x0000000003cc9000 	/System/Library/PrivateFrameworks/CoreDaemon.framework/Versions/B/CoreDaemon
0x0000000003cc9000 	/usr/lib/libcrypto.0.9.8.dylib
0x0000000003cc9000 	/System/Library/PrivateFrameworks/AppleSRP.framework/Versions/A/AppleSRP
0x0000000003cc9000 	/System/Library/PrivateFrameworks/TrustEvaluationAgent.framework/Versions/A/TrustEvaluationAgent
0x00000001eb424000 	cl_kernels
0x00000001eb426000 	/System/Library/Frameworks/OpenCL.framework/Versions/A/Libraries/ImageFormats/unorm8_bgra.dylib
0x00000001eb416000 	cl_kernels
0x0000000003cc9000 	/System/Library/PrivateFrameworks/FamilyControls.framework/Versions/A/FamilyControls
0x0000000003cc9000 	/System/Library/PrivateFrameworks/CommerceKit.framework/Versions/A/Frameworks/CommerceCore.framework/Versions/A/CommerceCore
0x0000000003cc9000 	/System/Library/PrivateFrameworks/SystemAdministration.framework/Versions/A/SystemAdministration
0x0000000003cc9000 	/System/Library/PrivateFrameworks/AppContainer.framework/Versions/A/AppContainer
0x0000000003cc9000 	/System/Library/PrivateFrameworks/SecCodeWrapper.framework/Versions/A/SecCodeWrapper
0x0000000003cc9000 	/System/Library/Frameworks/DirectoryService.framework/Versions/A/DirectoryService
0x0000000003cc9000 	/System/Library/PrivateFrameworks/LoginUIKit.framework/Versions/A/Frameworks/LoginUICore.framework/Versions/A/LoginUICore
0x0000000003cc9000 	/usr/lib/libodfde.dylib
0x00000001ec6aa000 	/Library/Java/JavaVirtualMachines/jdk1.8.0_60.jdk/Contents/Home/jre/lib/libfontmanager.dylib
0x00000001ec711000 	/Users/Vincent/Documents/workspace/Dead's Mirror Slick/lib/native/macosx/liblwjgl.dylib
0x00000001ea8a1000 	/Library/Java/JavaVirtualMachines/jdk1.8.0_60.jdk/Contents/Home/jre/lib/libjawt.dylib
0x0000000003cc9000 	/System/Library/Frameworks/OpenGL.framework/Versions/A/Resources/GLEngine.bundle/GLEngine
0x0000000003cc9000 	/System/Library/Frameworks/OpenGL.framework/Versions/A/Libraries/libGLProgrammability.dylib
0x00000001ec793000 	/System/Library/Extensions/AppleIntelBDWGraphicsGLDriver.bundle/Contents/MacOS/AppleIntelBDWGraphicsGLDriver
0x0000000003cc9000 	/System/Library/PrivateFrameworks/IOAccelerator.framework/Versions/A/IOAccelerator
0x0000000003cc9000 	/System/Library/PrivateFrameworks/GPUSupport.framework/Versions/A/Libraries/libGPUSupportMercury.dylib
0x0000000003cc9000 	/System/Library/Frameworks/OpenGL.framework/Versions/A/Resources/GLRendererFloat.bundle/GLRendererFloat
0x00000001ee6c9000 	/Library/Java/JavaVirtualMachines/jdk1.8.0_60.jdk/Contents/Home/jre/lib/libnet.dylib
0x00000001ee8c3000 	/Library/Java/JavaVirtualMachines/jdk1.8.0_60.jdk/Contents/Home/jre/lib/libnio.dylib
0x0000000003cc9000 	/System/Library/Frameworks/ApplicationServices.framework/Versions/A/Frameworks/ATS.framework/Versions/A/Resources/libTrueTypeScaler.dylib
0x000000023a3ec000 	/Library/Java/JavaVirtualMachines/jdk1.8.0_60.jdk/Contents/Home/jre/lib/libt2k.dylib
0x00000001e99a9000 	/Library/Java/JavaVirtualMachines/jdk1.8.0_60.jdk/Contents/Home/jre/lib/libjpeg.dylib
0x000000023a8b9000 	/Users/Vincent/Documents/workspace/Dead's Mirror Slick/lib/native/macosx/openal.dylib
0x000000023a932000 	/System/Library/Components/CoreAudio.component/Contents/MacOS/CoreAudio
0x000000023ac0b000 	/System/Library/Extensions/AppleHDA.kext/Contents/PlugIns/AppleHDAHALPlugIn.bundle/Contents/MacOS/AppleHDAHALPlugIn

VM Arguments:
jvm_args: -Djava.library.path=/Users/Vincent/Documents/workspace/Dead's Mirror Slick/lib/native/macosx -Dfile.encoding=UTF-8 
java_command: Principal.StateGame
java_class_path (initial): /Users/Vincent/Documents/workspace/Dead's Mirror Slick/bin:/Users/Vincent/Documents/workspace/Dead's Mirror Slick/lib/jar/lwjgl.jar:/Users/Vincent/Documents/workspace/Dead's Mirror Slick/lib/jar/slick.jar:/Users/Vincent/Documents/workspace/Dead's Mirror Slick/lib/jar/jogg-0.0.7.jar:/Users/Vincent/Documents/workspace/Dead's Mirror Slick/lib/jar/jorbis-0.0.15.jar:/Users/Vincent/Documents/workspace/Dead's Mirror Slick/lib/jar/lwjgl_util.jar:/Users/Vincent/Documents/workspace/Dead's Mirror Slick/lib/jar/slick-util.jar:/Users/Vincent/Documents/workspace/Dead's Mirror Slick/lib/jar/SlickUtils-1.3.jar
Launcher Type: SUN_STANDARD

Environment Variables:
PATH=/usr/bin:/bin:/usr/sbin:/sbin
SHELL=/bin/bash

Signal Handlers:
SIGSEGV: [libjvm.dylib+0x5a6d31], sa_mask[0]=11111111011111110111111111111111, sa_flags=SA_ONSTACK|SA_RESTART|SA_SIGINFO
SIGBUS: [libjvm.dylib+0x5a6d31], sa_mask[0]=11111111011111110111111111111111, sa_flags=SA_RESTART|SA_SIGINFO
SIGFPE: [libjvm.dylib+0x480a4c], sa_mask[0]=11111111011111110111111111111111, sa_flags=SA_RESTART|SA_SIGINFO
SIGPIPE: [libjvm.dylib+0x480a4c], sa_mask[0]=11111111011111110111111111111111, sa_flags=SA_RESTART|SA_SIGINFO
SIGXFSZ: [libjvm.dylib+0x480a4c], sa_mask[0]=11111111011111110111111111111111, sa_flags=SA_RESTART|SA_SIGINFO
SIGILL: [libjvm.dylib+0x480a4c], sa_mask[0]=11111111011111110111111111111111, sa_flags=SA_RESTART|SA_SIGINFO
SIGUSR1: SIG_DFL, sa_mask[0]=00000000000000000000000000000000, sa_flags=none
SIGUSR2: [libjvm.dylib+0x48056a], sa_mask[0]=00100000000000000000000000000000, sa_flags=SA_RESTART|SA_SIGINFO
SIGHUP: [libjvm.dylib+0x47eb41], sa_mask[0]=11111111011111110111111111111111, sa_flags=SA_RESTART|SA_SIGINFO
SIGINT: [libjvm.dylib+0x47eb41], sa_mask[0]=11111111011111110111111111111111, sa_flags=SA_RESTART|SA_SIGINFO
SIGTERM: [libjvm.dylib+0x47eb41], sa_mask[0]=11111111011111110111111111111111, sa_flags=SA_RESTART|SA_SIGINFO
SIGQUIT: [libjvm.dylib+0x47eb41], sa_mask[0]=11111111011111110111111111111111, sa_flags=SA_RESTART|SA_SIGINFO


---------------  S Y S T E M  ---------------

OS:Bsduname:Darwin 14.5.0 Darwin Kernel Version 14.5.0: Wed Jul 29 02:26:53 PDT 2015; root:xnu-2782.40.9~1/RELEASE_X86_64 x86_64
rlimit: STACK 8192k, CORE 0k, NPROC 709, NOFILE 10240, AS infinity
load average:2.15 2.03 2.04

CPU:total 4 (2 cores per cpu, 2 threads per core) family 6 model 61 stepping 4, cmov, cx8, fxsr, mmx, sse, sse2, sse3, ssse3, sse4.1, sse4.2, popcnt, avx, avx2, aes, clmul, erms, 3dnowpref, lzcnt, ht, tsc, tscinvbit, bmi1, bmi2, adx

Memory: 4k page, physical 8388608k(215392k free)

/proc/meminfo:


vm_info: Java HotSpot(TM) 64-Bit Server VM (25.60-b23) for bsd-amd64 JRE (1.8.0_60-b27), built on Aug  4 2015 10:47:24 by "java_re" with gcc 4.2.1 (Based on Apple Inc. build 5658) (LLVM build 2336.11.00)

time: Wed Jan 20 01:19:46 2016
elapsed time: 68 seconds (0d 0h 1m 8s)

