#
# A fatal error has been detected by the Java Runtime Environment:
#
#  SIGSEGV (0xb) at pc=0x00007fff83def0dd, pid=2809, tid=1811
#
# JRE version: Java(TM) SE Runtime Environment (8.0_60-b27) (build 1.8.0_60-b27)
# Java VM: Java HotSpot(TM) 64-Bit Server VM (25.60-b23 mixed mode bsd-amd64 compressed oops)
# Problematic frame:
# C  [libobjc.A.dylib+0x10dd]  objc_msgSend+0x1d
#
# Failed to write core dump. Core dumps have been disabled. To enable core dumping, try "ulimit -c unlimited" before starting Java again
#
# If you would like to submit a bug report, please visit:
#   http://bugreport.java.com/bugreport/crash.jsp
# The crash happened outside the Java Virtual Machine in native code.
# See problematic frame for where to report the bug.
#

---------------  T H R E A D  ---------------

Current thread (0x00007f86d90d8000):  JavaThread "AppKit Thread" daemon [_thread_in_native, id=1811, stack(0x00007fff58fe8000,0x00007fff597e8000)]

siginfo: si_signo: 11 (SIGSEGV), si_code: 1 (SEGV_MAPERR), si_addr: 0x0000000000000018

Registers:
RAX=0x00007f86d8ca5b40, RBX=0x00007fff597e3888, RCX=0x0000000000000000, RDX=0x00007f86ddb5a690
RSP=0x00007fff597e36a8, RBP=0x00007fff597e36b0, RSI=0x00007fff8b31841e, RDI=0x00007f86d8ca5b40
R8 =0x00007fff597e3690, R9 =0x0000000000000082, R10=0x00007fff8b31841e, R11=0x0000000000000000
R12=0x00007f86d8f203e0, R13=0x00000000000f4339, R14=0x00007f86ddbc9270, R15=0x00007fff597e37e8
RIP=0x00007fff83def0dd, EFLAGS=0x0000000000010246, ERR=0x0000000000000004
  TRAPNO=0x000000000000000e

Top of Stack: (sp=0x00007fff597e36a8)
0x00007fff597e36a8:   00007fff81c0a45c 00007fff597e3a10
0x00007fff597e36b8:   00007fff81afa634 00007fff597e373c
0x00007fff597e36c8:   00007fff597e3740 00007fff597e3744
0x00007fff597e36d8:   00007fff7232de00 ffffffffffffffff
0x00007fff597e36e8:   0000000000000c30 00007fff7232de18
0x00007fff597e36f8:   00007f86ddbc9270 0000000000000000
0x00007fff597e3708:   00007fff597e37e0 0000000000000000
0x00007fff597e3718:   00007f86d8d7ba40 00007fff597e3860
0x00007fff597e3728:   0000000000000082 00000000000f433b
0x00007fff597e3738:   00007f86ddb5a690 00007f86d8f46de0
0x00007fff597e3748:   00007f86d8f203e0 0000000000000001
0x00007fff597e3758:   00000000000f4339 00007f86d8f203d0
0x00007fff597e3768:   00007fff84e8ec05 00000001dab5c7a0
0x00007fff597e3778:   00007fff720820d0 0000000042000000
0x00007fff597e3788:   00007fff84e95e63 00007fff722f8240
0x00007fff597e3798:   00007fff597e3868 00007fff597e37c0
0x00007fff597e37a8:   00007fff597e37e0 0000000000000000
0x00007fff597e37b8:   000000000000001a 000ab10300000001
0x00007fff597e37c8:   00007f86d8f20404 0000000000000000
0x00007fff597e37d8:   0000000000000000 00007f86d8f47040
0x00007fff597e37e8:   00007f86ddbc9270 0000002000000000
0x00007fff597e37f8:   0000000000000000 00007fff720820d0
0x00007fff597e3808:   0000000042000000 00007fff84e954f8
0x00007fff597e3818:   00007fff722f8350 00007fff597e3778
0x00007fff597e3828:   0000000000000000 00007fff597e38f8
0x00007fff597e3838:   00007fff730dfea0 00007fff597e3930
0x00007fff597e3848:   00007fff89b28770 00007fff597e38e0
0x00007fff597e3858:   00007fff8aa4c4ed 000000000000007e
0x00007fff597e3868:   0000000000000000 00000000000f4328
0x00007fff597e3878:   0000000000000080 0000000000000000
0x00007fff597e3888:   00000000000f4339 00007fff597e3904
0x00007fff597e3898:   0000000000717401 00000000ffffffff 

Instructions: (pc=0x00007fff83def0dd)
0x00007fff83def0bd:   00 00 00 48 85 ff 2e 74 7a 40 f6 c7 01 2e 75 7e
0x00007fff83def0cd:   49 bb f8 ff ff ff ff 7f 00 00 4c 23 1f 49 89 f2
0x00007fff83def0dd:   45 23 53 18 49 c1 e2 04 4d 03 53 10 49 3b 32 75
0x00007fff83def0ed:   04 41 ff 62 08 49 83 3a 00 74 6a 4d 3b 53 10 74 

Register to memory mapping:

RAX=0x00007f86d8ca5b40 is an unknown value
RBX=0x00007fff597e3888 is pointing into the stack for thread: 0x00007f86d90d8000
RCX=0x0000000000000000 is an unknown value
RDX=0x00007f86ddb5a690 is an unknown value
RSP=0x00007fff597e36a8 is pointing into the stack for thread: 0x00007f86d90d8000
RBP=0x00007fff597e36b0 is pointing into the stack for thread: 0x00007f86d90d8000
RSI=0x00007fff8b31841e: -[NSTitlebarContainerView transparent]+0x5e312 in /System/Library/Frameworks/AppKit.framework/Versions/C/AppKit at 0x00007fff8a917000
RDI=0x00007f86d8ca5b40 is an unknown value
R8 =0x00007fff597e3690 is pointing into the stack for thread: 0x00007f86d90d8000
R9 =0x0000000000000082 is an unknown value
R10=0x00007fff8b31841e: -[NSTitlebarContainerView transparent]+0x5e312 in /System/Library/Frameworks/AppKit.framework/Versions/C/AppKit at 0x00007fff8a917000
R11=0x0000000000000000 is an unknown value
R12=0x00007f86d8f203e0 is an unknown value
R13=0x00000000000f4339 is an unknown value
R14=0x00007f86ddbc9270 is an unknown value
R15=0x00007fff597e37e8 is pointing into the stack for thread: 0x00007f86d90d8000


Stack: [0x00007fff58fe8000,0x00007fff597e8000],  sp=0x00007fff597e36a8,  free space=8173k
Native frames: (J=compiled Java code, j=interpreted, Vv=VM code, C=native code)
C  [libobjc.A.dylib+0x10dd]  objc_msgSend+0x1d
C  [CoreFoundation+0x10634]  _CFXNotificationPost+0xc44
C  [Foundation+0x7aa1]  -[NSNotificationCenter postNotificationName:object:userInfo:]+0x42
C  [AppKit+0x439c2]  -[NSSurface _disposeSurface]+0x98
C  [AppKit+0x43426]  -[NSSurface setWindow:]+0x42
C  [AppKit+0x33910]  -[NSView _setWindow:]+0xa33
C  [AppKit+0x6af91]  -[NSView removeFromSuperview]+0x1c5
C  [AppKit+0x14bd99]  -[NSView removeFromSuperviewWithoutNeedingDisplay]+0x26
C  [liblwjgl.dylib+0xa205]  +[MacOSXKeyableWindow destroyWindow]+0xb5
C  [Foundation+0x92dd0]  __NSThreadPerformPerform+0x125
C  [CoreFoundation+0x80a01]  __CFRUNLOOP_IS_CALLING_OUT_TO_A_SOURCE0_PERFORM_FUNCTION__+0x11
C  [CoreFoundation+0x72b8d]  __CFRunLoopDoSources0+0x10d
C  [CoreFoundation+0x721bf]  __CFRunLoopRun+0x39f
C  [CoreFoundation+0x71bd8]  CFRunLoopRunSpecific+0x128
C  [HIToolbox+0x3256f]  RunCurrentEventLoopInMode+0xeb
C  [HIToolbox+0x322ea]  ReceiveNextEventCommon+0x1af
C  [HIToolbox+0x3212b]  _BlockUntilNextEventMatchingListInModeWithFilter+0x47
C  [AppKit+0x918ab]  _DPSNextEvent+0x3d2
C  [AppKit+0x90e58]  -[NSApplication nextEventMatchingMask:untilDate:inMode:dequeue:]+0x15a
C  [libosxapp.dylib+0x23aa]  -[NSApplicationAWT nextEventMatchingMask:untilDate:inMode:dequeue:]+0x7c
C  [AppKit+0x86af3]  -[NSApplication run]+0x252
C  [libosxapp.dylib+0x214d]  +[NSApplicationAWT runAWTLoopWithApp:]+0x9c
C  [libawt_lwawt.dylib+0x44517]  -[AWTStarter starter:]+0x389
C  [Foundation+0x92dd0]  __NSThreadPerformPerform+0x125
C  [CoreFoundation+0x80a01]  __CFRUNLOOP_IS_CALLING_OUT_TO_A_SOURCE0_PERFORM_FUNCTION__+0x11
C  [CoreFoundation+0x72b8d]  __CFRunLoopDoSources0+0x10d
C  [CoreFoundation+0x721bf]  __CFRunLoopRun+0x39f
C  [CoreFoundation+0x71bd8]  CFRunLoopRunSpecific+0x128
C  [java+0x6463]  CreateExecutionEnvironment+0x367
C  [java+0x21ac]  JLI_Launch+0x7a0
C  [java+0x84c0]  main+0x65
C  [java+0x1a04]  start+0x34
C  0x0000000000000006


---------------  P R O C E S S  ---------------

Java Threads: ( => current thread )
  0x00007f86d921f000 JavaThread "AWT-EventQueue-0" [_thread_blocked, id=53771, stack(0x00000001279d1000,0x0000000127ad1000)]
  0x00007f86d984c800 JavaThread "Java2D Disposer" daemon [_thread_blocked, id=50471, stack(0x0000000125576000,0x0000000125676000)]
  0x00007f86da95c000 JavaThread "Java2D Queue Flusher" daemon [_thread_blocked, id=49415, stack(0x000000012457d000,0x000000012467d000)]
  0x00007f86da90c800 JavaThread "AWT-Shutdown" [_thread_blocked, id=28179, stack(0x00000001217ba000,0x00000001218ba000)]
=>0x00007f86d90d8000 JavaThread "AppKit Thread" daemon [_thread_in_native, id=1811, stack(0x00007fff58fe8000,0x00007fff597e8000)]
  0x00007f86d9837800 JavaThread "Service Thread" daemon [_thread_blocked, id=18179, stack(0x000000011fbc1000,0x000000011fcc1000)]
  0x00007f86da82a800 JavaThread "C1 CompilerThread2" daemon [_thread_blocked, id=17667, stack(0x000000011fabe000,0x000000011fbbe000)]
  0x00007f86da82a000 JavaThread "C2 CompilerThread1" daemon [_thread_blocked, id=17155, stack(0x000000011f9bb000,0x000000011fabb000)]
  0x00007f86da815000 JavaThread "C2 CompilerThread0" daemon [_thread_blocked, id=16643, stack(0x000000011f8b8000,0x000000011f9b8000)]
  0x00007f86da035800 JavaThread "Signal Dispatcher" daemon [_thread_blocked, id=12811, stack(0x000000011f7b5000,0x000000011f8b5000)]
  0x00007f86d9031000 JavaThread "Finalizer" daemon [_thread_blocked, id=11523, stack(0x000000011dd91000,0x000000011de91000)]
  0x00007f86da801000 JavaThread "Reference Handler" daemon [_thread_blocked, id=11011, stack(0x000000011dc8e000,0x000000011dd8e000)]
  0x00007f86da802000 JavaThread "main" [_thread_in_native, id=4867, stack(0x0000000107d8a000,0x0000000107e8a000)]

Other Threads:
  0x00007f86d9030800 VMThread [stack: 0x000000011db8b000,0x000000011dc8b000] [id=10499]
  0x00007f86d904d000 WatcherThread [stack: 0x000000011fcc4000,0x000000011fdc4000] [id=18691]

VM state:not at safepoint (normal execution)

VM Mutex/Monitor currently owned by a thread: None

Heap:
 PSYoungGen      total 155136K, used 105551K [0x0000000795580000, 0x00000007a4100000, 0x00000007c0000000)
  eden space 125440K, 60% used [0x0000000795580000,0x0000000799f97d30,0x000000079d000000)
  from space 29696K, 99% used [0x000000079d000000,0x000000079ecfc030,0x000000079ed00000)
  to   space 36864K, 0% used [0x00000007a1d00000,0x00000007a1d00000,0x00000007a4100000)
 ParOldGen       total 297472K, used 75461K [0x0000000740000000, 0x0000000752280000, 0x0000000795580000)
  object space 297472K, 25% used [0x0000000740000000,0x00000007449b1430,0x0000000752280000)
 Metaspace       used 15055K, capacity 15187K, committed 15360K, reserved 1062912K
  class space    used 1641K, capacity 1703K, committed 1792K, reserved 1048576K

Card table byte_map: [0x000000011724c000,0x000000011764d000] byte_map_base: 0x000000011384c000

Marking Bits: (ParMarkBitMap*) 0x00000001076dee20
 Begin Bits: [0x0000000117d04000, 0x0000000119d04000)
 End Bits:   [0x0000000119d04000, 0x000000011bd04000)

Polling page: 0x0000000106571000

CodeCache: size=245760Kb used=7554Kb max_used=7856Kb free=238205Kb
 bounds [0x0000000107e8c000, 0x000000010867c000, 0x0000000116e8c000]
 total_blobs=2427 nmethods=1803 adapters=537
 compilation: enabled

Compilation events (10 events):
Event: 173.111 Thread 0x00007f86da82a800 2069       1       package1.Joueur::getindice (5 bytes)
Event: 173.111 Thread 0x00007f86da82a800 nmethod 2069 0x0000000108419cd0 code [0x0000000108419e20, 0x0000000108419f30]
Event: 173.111 Thread 0x00007f86da82a800 2070       1       Graphisme.Dialogue::getchangcompteur (5 bytes)
Event: 173.111 Thread 0x00007f86da82a800 nmethod 2070 0x0000000108419a10 code [0x0000000108419b60, 0x0000000108419c70]
Event: 174.031 Thread 0x00007f86da815000 2071       4       java.util.BitSet::checkInvariants (111 bytes)
Event: 174.031 Thread 0x00007f86da815000 nmethod 2071 0x0000000108104750 code [0x00000001081048a0, 0x00000001081048f8]
Event: 174.253 Thread 0x00007f86da82a800 2072       1       package1.Camera::getXCamera (5 bytes)
Event: 174.253 Thread 0x00007f86da82a800 nmethod 2072 0x00000001084196d0 code [0x0000000108419820, 0x0000000108419930]
Event: 174.253 Thread 0x00007f86da82a800 2073       1       package1.Camera::getYCamera (5 bytes)
Event: 174.253 Thread 0x00007f86da82a800 nmethod 2073 0x00000001083b3510 code [0x00000001083b3660, 0x00000001083b3770]

GC Heap History (10 events):
Event: 17.238 GC heap before
{Heap before GC invocations=19 (full 6):
 PSYoungGen      total 95232K, used 70927K [0x0000000795580000, 0x000000079d600000, 0x00000007c0000000)
  eden space 79360K, 88% used [0x0000000795580000,0x00000007999dff78,0x000000079a300000)
  from space 15872K, 5% used [0x000000079a300000,0x000000079a3e3e40,0x000000079b280000)
  to   space 15360K, 0% used [0x000000079c700000,0x000000079c700000,0x000000079d600000)
 ParOldGen       total 232448K, used 218402K [0x0000000740000000, 0x000000074e300000, 0x0000000795580000)
  object space 232448K, 93% used [0x0000000740000000,0x000000074d5488c0,0x000000074e300000)
 Metaspace       used 12951K, capacity 13139K, committed 13312K, reserved 1060864K
  class space    used 1443K, capacity 1511K, committed 1536K, reserved 1048576K
Event: 17.252 GC heap after
Heap after GC invocations=19 (full 6):
 PSYoungGen      total 95232K, used 0K [0x0000000795580000, 0x000000079d600000, 0x00000007c0000000)
  eden space 79360K, 0% used [0x0000000795580000,0x0000000795580000,0x000000079a300000)
  from space 15872K, 0% used [0x000000079a300000,0x000000079a300000,0x000000079b280000)
  to   space 15360K, 0% used [0x000000079c700000,0x000000079c700000,0x000000079d600000)
 ParOldGen       total 297472K, used 20262K [0x0000000740000000, 0x0000000752280000, 0x0000000795580000)
  object space 297472K, 6% used [0x0000000740000000,0x00000007413c9af0,0x0000000752280000)
 Metaspace       used 12951K, capacity 13139K, committed 13312K, reserved 1060864K
  class space    used 1443K, capacity 1511K, committed 1536K, reserved 1048576K
}
Event: 17.602 GC heap before
{Heap before GC invocations=20 (full 6):
 PSYoungGen      total 95232K, used 79360K [0x0000000795580000, 0x000000079d600000, 0x00000007c0000000)
  eden space 79360K, 100% used [0x0000000795580000,0x000000079a300000,0x000000079a300000)
  from space 15872K, 0% used [0x000000079a300000,0x000000079a300000,0x000000079b280000)
  to   space 15360K, 0% used [0x000000079c700000,0x000000079c700000,0x000000079d600000)
 ParOldGen       total 297472K, used 20262K [0x0000000740000000, 0x0000000752280000, 0x0000000795580000)
  object space 297472K, 6% used [0x0000000740000000,0x00000007413c9af0,0x0000000752280000)
 Metaspace       used 12972K, capacity 13139K, committed 13312K, reserved 1060864K
  class space    used 1443K, capacity 1511K, committed 1536K, reserved 1048576K
Event: 17.615 GC heap after
Heap after GC invocations=20 (full 6):
 PSYoungGen      total 115712K, used 8384K [0x0000000795580000, 0x000000079d800000, 0x00000007c0000000)
  eden space 100352K, 0% used [0x0000000795580000,0x0000000795580000,0x000000079b780000)
  from space 15360K, 54% used [0x000000079c700000,0x000000079cf30080,0x000000079d600000)
  to   space 15872K, 0% used [0x000000079b780000,0x000000079b780000,0x000000079c700000)
 ParOldGen       total 297472K, used 53038K [0x0000000740000000, 0x0000000752280000, 0x0000000795580000)
  object space 297472K, 17% used [0x0000000740000000,0x00000007433cbb00,0x0000000752280000)
 Metaspace       used 12972K, capacity 13139K, committed 13312K, reserved 1060864K
  class space    used 1443K, capacity 1511K, committed 1536K, reserved 1048576K
}
Event: 20.336 GC heap before
{Heap before GC invocations=21 (full 6):
 PSYoungGen      total 115712K, used 108736K [0x0000000795580000, 0x000000079d800000, 0x00000007c0000000)
  eden space 100352K, 100% used [0x0000000795580000,0x000000079b780000,0x000000079b780000)
  from space 15360K, 54% used [0x000000079c700000,0x000000079cf30080,0x000000079d600000)
  to   space 15872K, 0% used [0x000000079b780000,0x000000079b780000,0x000000079c700000)
 ParOldGen       total 297472K, used 53038K [0x0000000740000000, 0x0000000752280000, 0x0000000795580000)
  object space 297472K, 17% used [0x0000000740000000,0x00000007433cbb00,0x0000000752280000)
 Metaspace       used 14687K, capacity 14867K, committed 15104K, reserved 1062912K
  class space    used 1630K, capacity 1703K, committed 1792K, reserved 1048576K
Event: 20.370 GC heap after
Heap after GC invocations=21 (full 6):
 PSYoungGen      total 116224K, used 15856K [0x0000000795580000, 0x00000007a0580000, 0x00000007c0000000)
  eden space 100352K, 0% used [0x0000000795580000,0x0000000795580000,0x000000079b780000)
  from space 15872K, 99% used [0x000000079b780000,0x000000079c6fc238,0x000000079c700000)
  to   space 25088K, 0% used [0x000000079ed00000,0x000000079ed00000,0x00000007a0580000)
 ParOldGen       total 297472K, used 70877K [0x0000000740000000, 0x0000000752280000, 0x0000000795580000)
  object space 297472K, 23% used [0x0000000740000000,0x0000000744537430,0x0000000752280000)
 Metaspace       used 14687K, capacity 14867K, committed 15104K, reserved 1062912K
  class space    used 1630K, capacity 1703K, committed 1792K, reserved 1048576K
}
Event: 20.728 GC heap before
{Heap before GC invocations=22 (full 6):
 PSYoungGen      total 116224K, used 116208K [0x0000000795580000, 0x00000007a0580000, 0x00000007c0000000)
  eden space 100352K, 100% used [0x0000000795580000,0x000000079b780000,0x000000079b780000)
  from space 15872K, 99% used [0x000000079b780000,0x000000079c6fc238,0x000000079c700000)
  to   space 25088K, 0% used [0x000000079ed00000,0x000000079ed00000,0x00000007a0580000)
 ParOldGen       total 297472K, used 70877K [0x0000000740000000, 0x0000000752280000, 0x0000000795580000)
  object space 297472K, 23% used [0x0000000740000000,0x0000000744537430,0x0000000752280000)
 Metaspace       used 14713K, capacity 14931K, committed 15104K, reserved 1062912K
  class space    used 1630K, capacity 1703K, committed 1792K, reserved 1048576K
Event: 20.775 GC heap after
Heap after GC invocations=22 (full 6):
 PSYoungGen      total 150528K, used 25040K [0x0000000795580000, 0x00000007a1f80000, 0x00000007c0000000)
  eden space 125440K, 0% used [0x0000000795580000,0x0000000795580000,0x000000079d000000)
  from space 25088K, 99% used [0x000000079ed00000,0x00000007a0574010,0x00000007a0580000)
  to   space 29696K, 0% used [0x000000079d000000,0x000000079d000000,0x000000079ed00000)
 ParOldGen       total 297472K, used 70885K [0x0000000740000000, 0x0000000752280000, 0x0000000795580000)
  object space 297472K, 23% used [0x0000000740000000,0x0000000744539430,0x0000000752280000)
 Metaspace       used 14713K, capacity 14931K, committed 15104K, reserved 1062912K
  class space    used 1630K, capacity 1703K, committed 1792K, reserved 1048576K
}
Event: 21.231 GC heap before
{Heap before GC invocations=23 (full 6):
 PSYoungGen      total 150528K, used 150480K [0x0000000795580000, 0x00000007a1f80000, 0x00000007c0000000)
  eden space 125440K, 100% used [0x0000000795580000,0x000000079d000000,0x000000079d000000)
  from space 25088K, 99% used [0x000000079ed00000,0x00000007a0574010,0x00000007a0580000)
  to   space 29696K, 0% used [0x000000079d000000,0x000000079d000000,0x000000079ed00000)
 ParOldGen       total 297472K, used 70885K [0x0000000740000000, 0x0000000752280000, 0x0000000795580000)
  object space 297472K, 23% used [0x0000000740000000,0x0000000744539430,0x0000000752280000)
 Metaspace       used 14804K, capacity 14995K, committed 15104K, reserved 1062912K
  class space    used 1638K, capacity 1703K, committed 1792K, reserved 1048576K
Event: 21.276 GC heap after
Heap after GC invocations=23 (full 6):
 PSYoungGen      total 155136K, used 29680K [0x0000000795580000, 0x00000007a4100000, 0x00000007c0000000)
  eden space 125440K, 0% used [0x0000000795580000,0x0000000795580000,0x000000079d000000)
  from space 29696K, 99% used [0x000000079d000000,0x000000079ecfc030,0x000000079ed00000)
  to   space 36864K, 0% used [0x00000007a1d00000,0x00000007a1d00000,0x00000007a4100000)
 ParOldGen       total 297472K, used 75461K [0x0000000740000000, 0x0000000752280000, 0x0000000795580000)
  object space 297472K, 25% used [0x0000000740000000,0x00000007449b1430,0x0000000752280000)
 Metaspace       used 14804K, capacity 14995K, committed 15104K, reserved 1062912K
  class space    used 1638K, capacity 1703K, committed 1792K, reserved 1048576K
}

Deoptimization events (10 events):
Event: 31.587 Thread 0x00007f86da802000 Uncommon trap: reason=bimorphic action=maybe_recompile pc=0x000000010858937c method=org.newdawn.slick.Input.poll(II)V @ 300
Event: 31.955 Thread 0x00007f86da802000 Uncommon trap: reason=bimorphic action=maybe_recompile pc=0x000000010858937c method=org.newdawn.slick.Input.poll(II)V @ 300
Event: 33.164 Thread 0x00007f86da802000 Uncommon trap: reason=unstable_if action=reinterpret pc=0x000000010850f364 method=java.lang.Math.min(FF)F @ 11
Event: 35.166 Thread 0x00007f86da802000 Uncommon trap: reason=unstable_if action=reinterpret pc=0x0000000108574c04 method=java.util.LinkedHashMap.afterNodeAccess(Ljava/util/HashMap$Node;)V @ 41
Event: 56.134 Thread 0x00007f86da802000 Uncommon trap: reason=unstable_if action=reinterpret pc=0x00000001083495c8 method=package1.EndGameState.render(Lorg/newdawn/slick/GameContainer;Lorg/newdawn/slick/state/StateBasedGame;Lorg/newdawn/slick/Graphics;)V @ 802
Event: 84.534 Thread 0x00007f86da802000 Uncommon trap: reason=unstable_if action=reinterpret pc=0x000000010831a184 method=package1.EndGameState.update(Lorg/newdawn/slick/GameContainer;Lorg/newdawn/slick/state/StateBasedGame;I)V @ 5
Event: 123.455 Thread 0x00007f86da802000 Uncommon trap: reason=unstable_if action=reinterpret pc=0x00000001082d5410 method=package1.EndGameState.update(Lorg/newdawn/slick/GameContainer;Lorg/newdawn/slick/state/StateBasedGame;I)V @ 33
Event: 147.713 Thread 0x00007f86da802000 Uncommon trap: reason=unstable_if action=reinterpret pc=0x00000001085c436c method=org.newdawn.slick.Input.poll(II)V @ 1094
Event: 174.329 Thread 0x00007f86da802000 Uncommon trap: reason=unstable_if action=reinterpret pc=0x0000000108365c38 method=org.lwjgl.opengl.MacOSXDisplay.update()V @ 86
Event: 175.145 Thread 0x00007f86da802000 Uncommon trap: reason=unstable_if action=reinterpret pc=0x00000001082e538c method=org.newdawn.slick.AppGameContainer.gameLoop()V @ 60

Internal exceptions (10 events):
Event: 0.682 Thread 0x00007f86da802000 Exception <a 'java/io/FileNotFoundException'> (0x0000000795952788) thrown at [/Users/java_re/workspace/8-2-build-macosx-x86_64/jdk8u60/4407/hotspot/src/share/vm/prims/jni.cpp, line 709]
Event: 0.682 Thread 0x00007f86da802000 Exception <a 'java/io/FileNotFoundException'> (0x00000007959532d8) thrown at [/Users/java_re/workspace/8-2-build-macosx-x86_64/jdk8u60/4407/hotspot/src/share/vm/prims/jni.cpp, line 709]
Event: 1.611 Thread 0x00007f86da802000 Exception <a 'java/lang/NoClassDefFoundError': net/java/games/input/ControllerEnvironment> (0x000000079611dfa0) thrown at [/Users/java_re/workspace/8-2-build-macosx-x86_64/jdk8u60/4407/hotspot/src/share/vm/classfile/systemDictionary.cpp, line 199]
Event: 3.446 Thread 0x00007f86d9031000 Exception <a 'java/lang/NullPointerException'> (0x00000007958fb800) thrown at [/Users/java_re/workspace/8-2-build-macosx-x86_64/jdk8u60/4407/hotspot/src/share/vm/interpreter/linkResolver.cpp, line 1178]
Event: 4.621 Thread 0x00007f86da802000 Exception <a 'java/security/PrivilegedActionException'> (0x00000007960f2dd8) thrown at [/Users/java_re/workspace/8-2-build-macosx-x86_64/jdk8u60/4407/hotspot/src/share/vm/prims/jvm.cpp, line 1386]
Event: 4.621 Thread 0x00007f86da802000 Exception <a 'java/security/PrivilegedActionException'> (0x00000007960f4988) thrown at [/Users/java_re/workspace/8-2-build-macosx-x86_64/jdk8u60/4407/hotspot/src/share/vm/prims/jvm.cpp, line 1386]
Event: 4.621 Thread 0x00007f86da802000 Exception <a 'java/security/PrivilegedActionException'> (0x00000007960f5aa8) thrown at [/Users/java_re/workspace/8-2-build-macosx-x86_64/jdk8u60/4407/hotspot/src/share/vm/prims/jvm.cpp, line 1386]
Event: 4.621 Thread 0x00007f86da802000 Exception <a 'java/security/PrivilegedActionException'> (0x000000079622e058) thrown at [/Users/java_re/workspace/8-2-build-macosx-x86_64/jdk8u60/4407/hotspot/src/share/vm/prims/jvm.cpp, line 1386]
Event: 4.621 Thread 0x00007f86da802000 Exception <a 'java/security/PrivilegedActionException'> (0x000000079622ecb0) thrown at [/Users/java_re/workspace/8-2-build-macosx-x86_64/jdk8u60/4407/hotspot/src/share/vm/prims/jvm.cpp, line 1386]
Event: 4.621 Thread 0x00007f86da802000 Exception <a 'java/security/PrivilegedActionException'> (0x000000079622f8d8) thrown at [/Users/java_re/workspace/8-2-build-macosx-x86_64/jdk8u60/4407/hotspot/src/share/vm/prims/jvm.cpp, line 1386]

Events (10 events):
Event: 153.581 Thread 0x00007f86da82a000 flushing nmethod 0x000000010848fe90
Event: 153.581 Thread 0x00007f86da82a000 flushing nmethod 0x00000001084b2a50
Event: 174.329 Thread 0x00007f86da802000 Uncommon trap: trap_request=0xffffff65 fr.pc=0x0000000108365c38
Event: 174.329 Thread 0x00007f86da802000 DEOPT PACKING pc=0x0000000108365c38 sp=0x0000000107e897d0
Event: 174.329 Thread 0x00007f86da802000 DEOPT UNPACKING pc=0x0000000107e91229 sp=0x0000000107e89738 mode 2
Event: 175.145 Thread 0x00007f86da802000 Uncommon trap: trap_request=0xffffff65 fr.pc=0x00000001082e538c
Event: 175.145 Thread 0x00007f86da802000 DEOPT PACKING pc=0x00000001082e538c sp=0x0000000107e89830
Event: 175.145 Thread 0x00007f86da802000 DEOPT UNPACKING pc=0x0000000107e91229 sp=0x0000000107e89808 mode 2
Event: 175.178 loading class org/lwjgl/opengl/CallbackUtil
Event: 175.178 loading class org/lwjgl/opengl/CallbackUtil done


Dynamic libraries:
0x0000000001a27000 	/System/Library/Frameworks/Cocoa.framework/Versions/A/Cocoa
0x0000000001a27000 	/System/Library/Frameworks/Security.framework/Versions/A/Security
0x0000000001a27000 	/System/Library/Frameworks/ApplicationServices.framework/Versions/A/ApplicationServices
0x0000000001a27000 	/usr/lib/libz.1.dylib
0x0000000001a27000 	/usr/lib/libSystem.B.dylib
0x0000000001a27000 	/usr/lib/libobjc.A.dylib
0x0000000001a27000 	/System/Library/Frameworks/CoreFoundation.framework/Versions/A/CoreFoundation
0x0000000001a27000 	/System/Library/Frameworks/Foundation.framework/Versions/C/Foundation
0x0000000001a27000 	/System/Library/Frameworks/AppKit.framework/Versions/C/AppKit
0x0000000001a27000 	/System/Library/Frameworks/CoreData.framework/Versions/A/CoreData
0x0000000001a27000 	/System/Library/PrivateFrameworks/RemoteViewServices.framework/Versions/A/RemoteViewServices
0x0000000001a27000 	/System/Library/PrivateFrameworks/UIFoundation.framework/Versions/A/UIFoundation
0x0000000001a27000 	/System/Library/Frameworks/IOSurface.framework/Versions/A/IOSurface
0x0000000001a27000 	/System/Library/Frameworks/AudioToolbox.framework/Versions/A/AudioToolbox
0x0000000001a27000 	/System/Library/Frameworks/AudioUnit.framework/Versions/A/AudioUnit
0x0000000001a27000 	/System/Library/PrivateFrameworks/DataDetectorsCore.framework/Versions/A/DataDetectorsCore
0x0000000001a27000 	/System/Library/PrivateFrameworks/DesktopServicesPriv.framework/Versions/A/DesktopServicesPriv
0x0000000001a27000 	/System/Library/Frameworks/Carbon.framework/Versions/A/Frameworks/HIToolbox.framework/Versions/A/HIToolbox
0x0000000001a27000 	/System/Library/Frameworks/QuartzCore.framework/Versions/A/QuartzCore
0x0000000001a27000 	/System/Library/Frameworks/Carbon.framework/Versions/A/Frameworks/SpeechRecognition.framework/Versions/A/SpeechRecognition
0x0000000001a27000 	/usr/lib/libauto.dylib
0x0000000001a27000 	/usr/lib/libicucore.A.dylib
0x0000000001a27000 	/usr/lib/libxml2.2.dylib
0x0000000001a27000 	/System/Library/PrivateFrameworks/CoreUI.framework/Versions/A/CoreUI
0x0000000001a27000 	/System/Library/Frameworks/CoreAudio.framework/Versions/A/CoreAudio
0x0000000001a27000 	/System/Library/Frameworks/DiskArbitration.framework/Versions/A/DiskArbitration
0x0000000001a27000 	/usr/lib/liblangid.dylib
0x0000000001a27000 	/System/Library/PrivateFrameworks/MultitouchSupport.framework/Versions/A/MultitouchSupport
0x0000000001a27000 	/System/Library/Frameworks/IOKit.framework/Versions/A/IOKit
0x0000000001a27000 	/usr/lib/libDiagnosticMessagesClient.dylib
0x0000000001a27000 	/System/Library/Frameworks/CoreServices.framework/Versions/A/CoreServices
0x0000000001a27000 	/System/Library/PrivateFrameworks/PerformanceAnalysis.framework/Versions/A/PerformanceAnalysis
0x0000000001a27000 	/System/Library/PrivateFrameworks/GenerationalStorage.framework/Versions/A/GenerationalStorage
0x0000000001a27000 	/System/Library/Frameworks/OpenGL.framework/Versions/A/OpenGL
0x0000000001a27000 	/System/Library/PrivateFrameworks/Sharing.framework/Versions/A/Sharing
0x0000000001a27000 	/System/Library/Frameworks/CoreGraphics.framework/Versions/A/CoreGraphics
0x0000000001a27000 	/System/Library/Frameworks/CoreText.framework/Versions/A/CoreText
0x0000000001a27000 	/System/Library/Frameworks/ImageIO.framework/Versions/A/ImageIO
0x0000000001a27000 	/usr/lib/libextension.dylib
0x0000000001a27000 	/System/Library/PrivateFrameworks/Backup.framework/Versions/A/Backup
0x0000000001a27000 	/usr/lib/libarchive.2.dylib
0x0000000001a27000 	/System/Library/Frameworks/CFNetwork.framework/Versions/A/CFNetwork
0x0000000001a27000 	/System/Library/Frameworks/SystemConfiguration.framework/Versions/A/SystemConfiguration
0x0000000001a27000 	/usr/lib/libCRFSuite.dylib
0x0000000001a27000 	/usr/lib/libc++.1.dylib
0x0000000001a27000 	/usr/lib/libc++abi.dylib
0x0000000001a27000 	/usr/lib/system/libcache.dylib
0x0000000001a27000 	/usr/lib/system/libcommonCrypto.dylib
0x0000000001a27000 	/usr/lib/system/libcompiler_rt.dylib
0x0000000001a27000 	/usr/lib/system/libcopyfile.dylib
0x0000000001a27000 	/usr/lib/system/libcorecrypto.dylib
0x0000000001a27000 	/usr/lib/system/libdispatch.dylib
0x0000000001a27000 	/usr/lib/system/libdyld.dylib
0x0000000001a27000 	/usr/lib/system/libkeymgr.dylib
0x0000000001a27000 	/usr/lib/system/liblaunch.dylib
0x0000000001a27000 	/usr/lib/system/libmacho.dylib
0x0000000001a27000 	/usr/lib/system/libquarantine.dylib
0x0000000001a27000 	/usr/lib/system/libremovefile.dylib
0x0000000001a27000 	/usr/lib/system/libsystem_asl.dylib
0x0000000001a27000 	/usr/lib/system/libsystem_blocks.dylib
0x0000000001a27000 	/usr/lib/system/libsystem_c.dylib
0x0000000001a27000 	/usr/lib/system/libsystem_configuration.dylib
0x0000000001a27000 	/usr/lib/system/libsystem_coreservices.dylib
0x0000000001a27000 	/usr/lib/system/libsystem_coretls.dylib
0x0000000001a27000 	/usr/lib/system/libsystem_dnssd.dylib
0x0000000001a27000 	/usr/lib/system/libsystem_info.dylib
0x0000000001a27000 	/usr/lib/system/libsystem_kernel.dylib
0x0000000001a27000 	/usr/lib/system/libsystem_m.dylib
0x0000000001a27000 	/usr/lib/system/libsystem_malloc.dylib
0x0000000001a27000 	/usr/lib/system/libsystem_network.dylib
0x0000000001a27000 	/usr/lib/system/libsystem_networkextension.dylib
0x0000000001a27000 	/usr/lib/system/libsystem_notify.dylib
0x0000000001a27000 	/usr/lib/system/libsystem_platform.dylib
0x0000000001a27000 	/usr/lib/system/libsystem_pthread.dylib
0x0000000001a27000 	/usr/lib/system/libsystem_sandbox.dylib
0x0000000001a27000 	/usr/lib/system/libsystem_secinit.dylib
0x0000000001a27000 	/usr/lib/system/libsystem_stats.dylib
0x0000000001a27000 	/usr/lib/system/libsystem_trace.dylib
0x0000000001a27000 	/usr/lib/system/libunc.dylib
0x0000000001a27000 	/usr/lib/system/libunwind.dylib
0x0000000001a27000 	/usr/lib/system/libxpc.dylib
0x0000000001a27000 	/usr/lib/libbz2.1.0.dylib
0x0000000001a27000 	/usr/lib/liblzma.5.dylib
0x0000000001a27000 	/usr/lib/libbsm.0.dylib
0x0000000001a27000 	/usr/lib/libsqlite3.dylib
0x0000000001a27000 	/usr/lib/system/libkxld.dylib
0x0000000001a27000 	/usr/lib/libxar.1.dylib
0x0000000001a27000 	/usr/lib/libpam.2.dylib
0x0000000001a27000 	/usr/lib/libOpenScriptingUtil.dylib
0x0000000001a27000 	/System/Library/Frameworks/CoreServices.framework/Versions/A/Frameworks/FSEvents.framework/Versions/A/FSEvents
0x0000000001a27000 	/System/Library/Frameworks/CoreServices.framework/Versions/A/Frameworks/CarbonCore.framework/Versions/A/CarbonCore
0x0000000001a27000 	/System/Library/Frameworks/CoreServices.framework/Versions/A/Frameworks/Metadata.framework/Versions/A/Metadata
0x0000000001a27000 	/System/Library/Frameworks/CoreServices.framework/Versions/A/Frameworks/OSServices.framework/Versions/A/OSServices
0x0000000001a27000 	/System/Library/Frameworks/CoreServices.framework/Versions/A/Frameworks/SearchKit.framework/Versions/A/SearchKit
0x0000000001a27000 	/System/Library/Frameworks/CoreServices.framework/Versions/A/Frameworks/AE.framework/Versions/A/AE
0x0000000001a27000 	/System/Library/Frameworks/CoreServices.framework/Versions/A/Frameworks/LaunchServices.framework/Versions/A/LaunchServices
0x0000000001a27000 	/System/Library/Frameworks/CoreServices.framework/Versions/A/Frameworks/DictionaryServices.framework/Versions/A/DictionaryServices
0x0000000001a27000 	/System/Library/Frameworks/NetFS.framework/Versions/A/NetFS
0x0000000001a27000 	/System/Library/PrivateFrameworks/NetAuth.framework/Versions/A/NetAuth
0x0000000001a27000 	/System/Library/PrivateFrameworks/login.framework/Versions/A/Frameworks/loginsupport.framework/Versions/A/loginsupport
0x0000000001a27000 	/System/Library/PrivateFrameworks/TCC.framework/Versions/A/TCC
0x0000000001a27000 	/usr/lib/libmecabra.dylib
0x0000000001a27000 	/System/Library/Frameworks/ApplicationServices.framework/Versions/A/Frameworks/ATS.framework/Versions/A/ATS
0x0000000001a27000 	/System/Library/Frameworks/ApplicationServices.framework/Versions/A/Frameworks/ColorSync.framework/Versions/A/ColorSync
0x0000000001a27000 	/System/Library/Frameworks/ApplicationServices.framework/Versions/A/Frameworks/HIServices.framework/Versions/A/HIServices
0x0000000001a27000 	/System/Library/Frameworks/ApplicationServices.framework/Versions/A/Frameworks/LangAnalysis.framework/Versions/A/LangAnalysis
0x0000000001a27000 	/System/Library/Frameworks/ApplicationServices.framework/Versions/A/Frameworks/PrintCore.framework/Versions/A/PrintCore
0x0000000001a27000 	/System/Library/Frameworks/ApplicationServices.framework/Versions/A/Frameworks/QD.framework/Versions/A/QD
0x0000000001a27000 	/System/Library/Frameworks/ApplicationServices.framework/Versions/A/Frameworks/SpeechSynthesis.framework/Versions/A/SpeechSynthesis
0x0000000001a27000 	/System/Library/Frameworks/Accelerate.framework/Versions/A/Accelerate
0x0000000001a27000 	/System/Library/Frameworks/Accelerate.framework/Versions/A/Frameworks/vImage.framework/Versions/A/vImage
0x0000000001a27000 	/System/Library/Frameworks/Accelerate.framework/Versions/A/Frameworks/vecLib.framework/Versions/A/vecLib
0x0000000001a27000 	/System/Library/Frameworks/Accelerate.framework/Versions/A/Frameworks/vecLib.framework/Versions/A/libvDSP.dylib
0x0000000001a27000 	/System/Library/Frameworks/Accelerate.framework/Versions/A/Frameworks/vecLib.framework/Versions/A/libvMisc.dylib
0x0000000001a27000 	/System/Library/Frameworks/Accelerate.framework/Versions/A/Frameworks/vecLib.framework/Versions/A/libLAPACK.dylib
0x0000000001a27000 	/System/Library/Frameworks/Accelerate.framework/Versions/A/Frameworks/vecLib.framework/Versions/A/libBLAS.dylib
0x0000000001a27000 	/System/Library/Frameworks/Accelerate.framework/Versions/A/Frameworks/vecLib.framework/Versions/A/libLinearAlgebra.dylib
0x0000000001a27000 	/System/Library/Frameworks/ApplicationServices.framework/Versions/A/Frameworks/ATS.framework/Versions/A/Resources/libFontParser.dylib
0x0000000001a27000 	/System/Library/Frameworks/ApplicationServices.framework/Versions/A/Frameworks/ATS.framework/Versions/A/Resources/libFontRegistry.dylib
0x0000000001a27000 	/System/Library/PrivateFrameworks/AppleVPA.framework/Versions/A/AppleVPA
0x0000000001a27000 	/System/Library/PrivateFrameworks/AppleJPEG.framework/Versions/A/AppleJPEG
0x0000000001a27000 	/System/Library/Frameworks/ImageIO.framework/Versions/A/Resources/libJPEG.dylib
0x0000000001a27000 	/System/Library/Frameworks/ImageIO.framework/Versions/A/Resources/libTIFF.dylib
0x0000000001a27000 	/System/Library/Frameworks/ImageIO.framework/Versions/A/Resources/libPng.dylib
0x0000000001a27000 	/System/Library/Frameworks/ImageIO.framework/Versions/A/Resources/libGIF.dylib
0x0000000001a27000 	/System/Library/Frameworks/ImageIO.framework/Versions/A/Resources/libJP2.dylib
0x0000000001a27000 	/System/Library/Frameworks/ImageIO.framework/Versions/A/Resources/libRadiance.dylib
0x0000000001a27000 	/System/Library/Frameworks/CoreVideo.framework/Versions/A/CoreVideo
0x0000000001a27000 	/System/Library/Frameworks/OpenGL.framework/Versions/A/Libraries/libGLU.dylib
0x0000000001a27000 	/System/Library/Frameworks/OpenGL.framework/Versions/A/Libraries/libGFXShared.dylib
0x0000000001a27000 	/System/Library/Frameworks/OpenGL.framework/Versions/A/Libraries/libGL.dylib
0x0000000001a27000 	/System/Library/Frameworks/OpenGL.framework/Versions/A/Libraries/libGLImage.dylib
0x0000000001a27000 	/System/Library/Frameworks/OpenGL.framework/Versions/A/Libraries/libCVMSPluginSupport.dylib
0x0000000001a27000 	/System/Library/Frameworks/OpenGL.framework/Versions/A/Libraries/libCoreVMClient.dylib
0x0000000001a27000 	/usr/lib/libcups.2.dylib
0x0000000001a27000 	/System/Library/Frameworks/Kerberos.framework/Versions/A/Kerberos
0x0000000001a27000 	/System/Library/Frameworks/GSS.framework/Versions/A/GSS
0x0000000001a27000 	/usr/lib/libresolv.9.dylib
0x0000000001a27000 	/usr/lib/libiconv.2.dylib
0x0000000001a27000 	/System/Library/PrivateFrameworks/Heimdal.framework/Versions/A/Heimdal
0x0000000001a27000 	/usr/lib/libheimdal-asn1.dylib
0x0000000001a27000 	/System/Library/Frameworks/OpenDirectory.framework/Versions/A/OpenDirectory
0x0000000001a27000 	/System/Library/PrivateFrameworks/CommonAuth.framework/Versions/A/CommonAuth
0x0000000001a27000 	/System/Library/Frameworks/OpenDirectory.framework/Versions/A/Frameworks/CFOpenDirectory.framework/Versions/A/CFOpenDirectory
0x0000000001a27000 	/System/Library/Frameworks/SecurityFoundation.framework/Versions/A/SecurityFoundation
0x0000000001a27000 	/System/Library/PrivateFrameworks/LanguageModeling.framework/Versions/A/LanguageModeling
0x0000000001a27000 	/usr/lib/libcmph.dylib
0x0000000001a27000 	/System/Library/Frameworks/ServiceManagement.framework/Versions/A/ServiceManagement
0x0000000001a27000 	/usr/lib/libxslt.1.dylib
0x0000000001a27000 	/System/Library/Frameworks/Carbon.framework/Versions/A/Frameworks/Ink.framework/Versions/A/Ink
0x0000000001a27000 	/System/Library/Frameworks/QuartzCore.framework/Versions/A/Frameworks/CoreImage.framework/Versions/A/CoreImage
0x0000000001a27000 	/System/Library/PrivateFrameworks/CrashReporterSupport.framework/Versions/A/CrashReporterSupport
0x0000000001a27000 	/System/Library/Frameworks/OpenCL.framework/Versions/A/OpenCL
0x0000000001a27000 	/System/Library/PrivateFrameworks/FaceCore.framework/Versions/A/FaceCore
0x0000000001a27000 	/System/Library/PrivateFrameworks/DesktopServicesPriv.framework/Versions/A_/DesktopServicesPriv
0x0000000001a27000 	/System/Library/PrivateFrameworks/Ubiquity.framework/Versions/A/Ubiquity
0x0000000001a27000 	/System/Library/PrivateFrameworks/IconServices.framework/Versions/A/IconServices
0x0000000001a27000 	/System/Library/PrivateFrameworks/ChunkingLibrary.framework/Versions/A/ChunkingLibrary
0x0000000001a27000 	/System/Library/PrivateFrameworks/Apple80211.framework/Versions/A/Apple80211
0x0000000001a27000 	/System/Library/Frameworks/CoreWLAN.framework/Versions/A/CoreWLAN
0x0000000001a27000 	/System/Library/Frameworks/IOBluetooth.framework/Versions/A/IOBluetooth
0x0000000001a27000 	/System/Library/PrivateFrameworks/CoreWiFi.framework/Versions/A/CoreWiFi
0x0000000001a27000 	/System/Library/Frameworks/CoreBluetooth.framework/Versions/A/CoreBluetooth
0x0000000001a27000 	/System/Library/PrivateFrameworks/DebugSymbols.framework/Versions/A/DebugSymbols
0x0000000001a27000 	/System/Library/PrivateFrameworks/CoreSymbolication.framework/Versions/A/CoreSymbolication
0x0000000001a27000 	/System/Library/PrivateFrameworks/Symbolication.framework/Versions/A/Symbolication
0x0000000001a27000 	/System/Library/PrivateFrameworks/SpeechRecognitionCore.framework/Versions/A/SpeechRecognitionCore
0x0000000106e00000 	/Library/Java/JavaVirtualMachines/jdk1.8.0_60.jdk/Contents/Home/jre/lib/server/libjvm.dylib
0x0000000001a27000 	/usr/lib/libstdc++.6.dylib
0x000000010652e000 	/Library/Java/JavaVirtualMachines/jdk1.8.0_60.jdk/Contents/Home/jre/lib/libverify.dylib
0x000000010653c000 	/Library/Java/JavaVirtualMachines/jdk1.8.0_60.jdk/Contents/Home/jre/lib/libjava.dylib
0x000000010657b000 	/Library/Java/JavaVirtualMachines/jdk1.8.0_60.jdk/Contents/Home/jre/lib/libzip.dylib
0x000000011de93000 	/System/Library/Frameworks/JavaVM.framework/Frameworks/JavaRuntimeSupport.framework/JavaRuntimeSupport
0x000000011deae000 	/System/Library/Frameworks/JavaVM.framework/Versions/A/Frameworks/JavaNativeFoundation.framework/Versions/A/JavaNativeFoundation
0x000000011dec3000 	/System/Library/Frameworks/JavaVM.framework/Versions/A/JavaVM
0x0000000001a27000 	/System/Library/Frameworks/Carbon.framework/Versions/A/Carbon
0x000000011ded0000 	/System/Library/PrivateFrameworks/JavaLaunching.framework/Versions/A/JavaLaunching
0x0000000001a27000 	/System/Library/Frameworks/Carbon.framework/Versions/A/Frameworks/CommonPanels.framework/Versions/A/CommonPanels
0x0000000001a27000 	/System/Library/Frameworks/Carbon.framework/Versions/A/Frameworks/Help.framework/Versions/A/Help
0x0000000001a27000 	/System/Library/Frameworks/Carbon.framework/Versions/A/Frameworks/ImageCapture.framework/Versions/A/ImageCapture
0x0000000001a27000 	/System/Library/Frameworks/Carbon.framework/Versions/A/Frameworks/OpenScripting.framework/Versions/A/OpenScripting
0x0000000001a27000 	/System/Library/Frameworks/Carbon.framework/Versions/A/Frameworks/Print.framework/Versions/A/Print
0x0000000001a27000 	/System/Library/Frameworks/Carbon.framework/Versions/A/Frameworks/SecurityHI.framework/Versions/A/SecurityHI
0x000000011fe16000 	/Library/Java/JavaVirtualMachines/jdk1.8.0_60.jdk/Contents/Home/jre/lib/libawt.dylib
0x000000011febe000 	/Library/Java/JavaVirtualMachines/jdk1.8.0_60.jdk/Contents/Home/jre/lib/./libmlib_image.dylib
0x000000011ff8a000 	/Library/Java/JavaVirtualMachines/jdk1.8.0_60.jdk/Contents/Home/jre/lib/libawt_lwawt.dylib
0x000000012003f000 	/Library/Java/JavaVirtualMachines/jdk1.8.0_60.jdk/Contents/Home/jre/lib/./libosxapp.dylib
0x0000000001a27000 	/System/Library/Frameworks/ExceptionHandling.framework/Versions/A/ExceptionHandling
0x0000000001a27000 	/System/Library/PrivateFrameworks/CoreServicesInternal.framework/Versions/A/CoreServicesInternal
0x0000000001a27000 	/System/Library/PrivateFrameworks/CloudDocs.framework/Versions/A/CloudDocs
0x0000000001a27000 	/System/Library/PrivateFrameworks/CoreDuet.framework/Versions/A/CoreDuet
0x0000000001a27000 	/System/Library/Frameworks/CloudKit.framework/Versions/A/CloudKit
0x0000000001a27000 	/System/Library/PrivateFrameworks/ProtocolBuffer.framework/Versions/A/ProtocolBuffer
0x0000000001a27000 	/System/Library/PrivateFrameworks/CoreDuetDaemonProtocol.framework/Versions/A/CoreDuetDaemonProtocol
0x0000000001a27000 	/System/Library/PrivateFrameworks/CoreDuetDebugLogging.framework/Versions/A/CoreDuetDebugLogging
0x0000000001a27000 	/System/Library/PrivateFrameworks/MMCS.framework/Versions/A/MMCS
0x0000000001a27000 	/System/Library/Frameworks/CoreLocation.framework/Versions/A/CoreLocation
0x0000000001a27000 	/System/Library/PrivateFrameworks/ProtectedCloudStorage.framework/Versions/A/ProtectedCloudStorage
0x0000000001a27000 	/System/Library/PrivateFrameworks/GeoServices.framework/Versions/A/GeoServices
0x0000000001a27000 	/System/Library/Frameworks/CoreGraphics.framework/Versions/A/Resources/libCGCMS.A.dylib
0x0000000001a27000 	/System/Library/Frameworks/CoreGraphics.framework/Versions/A/Resources/libRIP.A.dylib
0x0000000001a27000 	/System/Library/Frameworks/CoreGraphics.framework/Versions/A/Resources/libCGXType.A.dylib
0x0000000001a27000 	/System/Library/Frameworks/OpenCL.framework/Versions/A/Libraries/libcldcpuengine.dylib
0x0000000001a27000 	/System/Library/PrivateFrameworks/DiskImages.framework/Versions/A/DiskImages
0x0000000001a27000 	/System/Library/Frameworks/DiscRecording.framework/Versions/A/DiscRecording
0x0000000001a27000 	/usr/lib/libcsfde.dylib
0x0000000001a27000 	/usr/lib/libcurl.4.dylib
0x0000000001a27000 	/System/Library/PrivateFrameworks/MediaKit.framework/Versions/A/MediaKit
0x0000000001a27000 	/usr/lib/libCoreStorage.dylib
0x0000000001a27000 	/System/Library/PrivateFrameworks/EFILogin.framework/Versions/A/EFILogin
0x0000000001a27000 	/usr/lib/libutil.dylib
0x0000000001a27000 	/System/Library/PrivateFrameworks/FindMyDevice.framework/Versions/A/FindMyDevice
0x0000000001a27000 	/System/Library/Frameworks/LDAP.framework/Versions/A/LDAP
0x0000000001a27000 	/usr/lib/libsasl2.2.dylib
0x0000000001a27000 	/System/Library/PrivateFrameworks/CoreDaemon.framework/Versions/B/CoreDaemon
0x0000000001a27000 	/usr/lib/libcrypto.0.9.8.dylib
0x0000000001a27000 	/System/Library/PrivateFrameworks/AppleSRP.framework/Versions/A/AppleSRP
0x0000000001a27000 	/System/Library/PrivateFrameworks/TrustEvaluationAgent.framework/Versions/A/TrustEvaluationAgent
0x00000001232f6000 	cl_kernels
0x00000001232f8000 	/System/Library/Frameworks/OpenCL.framework/Versions/A/Libraries/ImageFormats/unorm8_bgra.dylib
0x00000001232e8000 	cl_kernels
0x0000000001a27000 	/System/Library/PrivateFrameworks/FamilyControls.framework/Versions/A/FamilyControls
0x0000000001a27000 	/System/Library/PrivateFrameworks/CommerceKit.framework/Versions/A/Frameworks/CommerceCore.framework/Versions/A/CommerceCore
0x0000000001a27000 	/System/Library/PrivateFrameworks/SystemAdministration.framework/Versions/A/SystemAdministration
0x0000000001a27000 	/System/Library/PrivateFrameworks/AppContainer.framework/Versions/A/AppContainer
0x0000000001a27000 	/System/Library/PrivateFrameworks/SecCodeWrapper.framework/Versions/A/SecCodeWrapper
0x0000000001a27000 	/System/Library/Frameworks/DirectoryService.framework/Versions/A/DirectoryService
0x0000000001a27000 	/System/Library/PrivateFrameworks/LoginUIKit.framework/Versions/A/Frameworks/LoginUICore.framework/Versions/A/LoginUICore
0x0000000001a27000 	/usr/lib/libodfde.dylib
0x0000000001a27000 	/System/Library/Frameworks/OpenGL.framework/Versions/A/Resources/GLEngine.bundle/GLEngine
0x0000000001a27000 	/System/Library/Frameworks/OpenGL.framework/Versions/A/Libraries/libGLProgrammability.dylib
0x000000012467f000 	/System/Library/Extensions/AppleIntelBDWGraphicsGLDriver.bundle/Contents/MacOS/AppleIntelBDWGraphicsGLDriver
0x0000000001a27000 	/System/Library/PrivateFrameworks/IOAccelerator.framework/Versions/A/IOAccelerator
0x0000000001a27000 	/System/Library/PrivateFrameworks/GPUSupport.framework/Versions/A/Libraries/libGPUSupportMercury.dylib
0x0000000001a27000 	/System/Library/Frameworks/OpenGL.framework/Versions/A/Resources/GLRendererFloat.bundle/GLRendererFloat
0x0000000125683000 	/Library/Java/JavaVirtualMachines/jdk1.8.0_60.jdk/Contents/Home/jre/lib/libfontmanager.dylib
0x00000001256ea000 	/Library/Java/JavaVirtualMachines/jdk1.8.0_60.jdk/Contents/Home/jre/lib/libosxui.dylib
0x00000001261fb000 	/Users/Vincent/Documents/workspace/Dead's Mirror Slick/lib/native/macosx/liblwjgl.dylib
0x0000000125a8a000 	/Library/Java/JavaVirtualMachines/jdk1.8.0_60.jdk/Contents/Home/jre/lib/libjawt.dylib
0x000000012b056000 	/Library/Java/JavaVirtualMachines/jdk1.8.0_60.jdk/Contents/Home/jre/lib/libnet.dylib
0x000000012b06d000 	/Library/Java/JavaVirtualMachines/jdk1.8.0_60.jdk/Contents/Home/jre/lib/libnio.dylib
0x0000000001a27000 	/System/Library/Frameworks/ApplicationServices.framework/Versions/A/Frameworks/ATS.framework/Versions/A/Resources/libTrueTypeScaler.dylib
0x00000001777b7000 	/Library/Java/JavaVirtualMachines/jdk1.8.0_60.jdk/Contents/Home/jre/lib/libt2k.dylib
0x0000000178a38000 	/Users/Vincent/Documents/workspace/Dead's Mirror Slick/lib/native/macosx/openal.dylib
0x0000000178a94000 	/System/Library/Components/CoreAudio.component/Contents/MacOS/CoreAudio
0x00000001262a3000 	/System/Library/Extensions/AppleHDA.kext/Contents/PlugIns/AppleHDAHALPlugIn.bundle/Contents/MacOS/AppleHDAHALPlugIn
0x0000000177a28000 	/Library/Java/JavaVirtualMachines/jdk1.8.0_60.jdk/Contents/Home/jre/lib/libjpeg.dylib

VM Arguments:
jvm_args: -Djava.library.path=/Users/Vincent/Documents/workspace/Dead's Mirror Slick/lib/native/macosx -Dfile.encoding=UTF-8 
java_command: Principal.StateGame
java_class_path (initial): /Users/Vincent/Documents/workspace/Dead's Mirror Slick/bin:/Users/Vincent/Documents/workspace/Dead's Mirror Slick/lib/jar/lwjgl.jar:/Users/Vincent/Documents/workspace/Dead's Mirror Slick/lib/jar/slick.jar:/Users/Vincent/Documents/workspace/Dead's Mirror Slick/lib/jar/jogg-0.0.7.jar:/Users/Vincent/Documents/workspace/Dead's Mirror Slick/lib/jar/jorbis-0.0.15.jar:/Users/Vincent/Documents/workspace/Dead's Mirror Slick/lib/jar/lwjgl_util.jar:/Users/Vincent/Documents/workspace/Dead's Mirror Slick/lib/jar/slick-util.jar:/Users/Vincent/Documents/workspace/Dead's Mirror Slick/lib/jar/SlickUtils-1.3.jar
Launcher Type: SUN_STANDARD

Environment Variables:
PATH=/usr/bin:/bin:/usr/sbin:/sbin
SHELL=/bin/bash

Signal Handlers:
SIGSEGV: [libjvm.dylib+0x5a6d31], sa_mask[0]=11111111011111110111111111111111, sa_flags=SA_ONSTACK|SA_RESTART|SA_SIGINFO
SIGBUS: [libjvm.dylib+0x5a6d31], sa_mask[0]=11111111011111110111111111111111, sa_flags=SA_RESTART|SA_SIGINFO
SIGFPE: [libjvm.dylib+0x480a4c], sa_mask[0]=11111111011111110111111111111111, sa_flags=SA_RESTART|SA_SIGINFO
SIGPIPE: [libjvm.dylib+0x480a4c], sa_mask[0]=11111111011111110111111111111111, sa_flags=SA_RESTART|SA_SIGINFO
SIGXFSZ: [libjvm.dylib+0x480a4c], sa_mask[0]=11111111011111110111111111111111, sa_flags=SA_RESTART|SA_SIGINFO
SIGILL: [libjvm.dylib+0x480a4c], sa_mask[0]=11111111011111110111111111111111, sa_flags=SA_RESTART|SA_SIGINFO
SIGUSR1: SIG_DFL, sa_mask[0]=00000000000000000000000000000000, sa_flags=none
SIGUSR2: [libjvm.dylib+0x48056a], sa_mask[0]=00100000000000000000000000000000, sa_flags=SA_RESTART|SA_SIGINFO
SIGHUP: [libjvm.dylib+0x47eb41], sa_mask[0]=11111111011111110111111111111111, sa_flags=SA_RESTART|SA_SIGINFO
SIGINT: [libjvm.dylib+0x47eb41], sa_mask[0]=11111111011111110111111111111111, sa_flags=SA_RESTART|SA_SIGINFO
SIGTERM: [libjvm.dylib+0x47eb41], sa_mask[0]=11111111011111110111111111111111, sa_flags=SA_RESTART|SA_SIGINFO
SIGQUIT: [libjvm.dylib+0x47eb41], sa_mask[0]=11111111011111110111111111111111, sa_flags=SA_RESTART|SA_SIGINFO


---------------  S Y S T E M  ---------------

OS:Bsduname:Darwin 14.5.0 Darwin Kernel Version 14.5.0: Tue Sep  1 21:23:09 PDT 2015; root:xnu-2782.50.1~1/RELEASE_X86_64 x86_64
rlimit: STACK 8192k, CORE 0k, NPROC 709, NOFILE 10240, AS infinity
load average:2.00 2.07 2.08

CPU:total 4 (2 cores per cpu, 2 threads per core) family 6 model 61 stepping 4, cmov, cx8, fxsr, mmx, sse, sse2, sse3, ssse3, sse4.1, sse4.2, popcnt, avx, avx2, aes, clmul, erms, 3dnowpref, lzcnt, ht, tsc, tscinvbit, bmi1, bmi2, adx

Memory: 4k page, physical 8388608k(217512k free)

/proc/meminfo:


vm_info: Java HotSpot(TM) 64-Bit Server VM (25.60-b23) for bsd-amd64 JRE (1.8.0_60-b27), built on Aug  4 2015 10:47:24 by "java_re" with gcc 4.2.1 (Based on Apple Inc. build 5658) (LLVM build 2336.11.00)

time: Thu Feb  4 16:46:30 2016
elapsed time: 175 seconds (0d 0h 2m 55s)

