#
# A fatal error has been detected by the Java Runtime Environment:
#
#  SIGSEGV (0xb) at pc=0x00007fff96f0d8f2, pid=930, tid=1811
#
# JRE version: Java(TM) SE Runtime Environment (8.0_60-b27) (build 1.8.0_60-b27)
# Java VM: Java HotSpot(TM) 64-Bit Server VM (25.60-b23 mixed mode bsd-amd64 compressed oops)
# Problematic frame:
# C  [libGPUSupportMercury.dylib+0xb8f2]  gldAttachDrawable+0x60
#
# Failed to write core dump. Core dumps have been disabled. To enable core dumping, try "ulimit -c unlimited" before starting Java again
#
# If you would like to submit a bug report, please visit:
#   http://bugreport.java.com/bugreport/crash.jsp
# The crash happened outside the Java Virtual Machine in native code.
# See problematic frame for where to report the bug.
#

---------------  T H R E A D  ---------------

Current thread (0x00007fbc9d8bf000):  JavaThread "AppKit Thread" daemon [_thread_in_native, id=1811, stack(0x00007fff5d14b000,0x00007fff5d94b000)]

siginfo: si_signo: 11 (SIGSEGV), si_code: 0 (unknown), si_addr: 0x0000000000000000

Registers:
RAX=0xf000000000000000, RBX=0x000000000000271e, RCX=0x0000000000000000, RDX=0x00007fbc9bdefee8
RSP=0x00007fff5d9448b0, RBP=0x00007fff5d9449b0, RSI=0x0000000000000050, RDI=0x00007fff7c78a070
R8 =0x00007fbc9e80aa60, R9 =0x00007fbc9e800000, R10=0x000000000000003c, R11=0x0000000000000206
R12=0x0000000000002718, R13=0x00007fbc9d200800, R14=0x0000000000000050, R15=0x0000000000000000
RIP=0x00007fff96f0d8f2, EFLAGS=0x0000000000010212, ERR=0x0000000000000000
  TRAPNO=0x000000000000000d

Top of Stack: (sp=0x00007fff5d9448b0)
0x00007fff5d9448b0:   00007fff5d944924 00007fbc9be44a10
0x00007fff5d9448c0:   ffffffffffffffff 0000206000000040
0x00007fff5d9448d0:   00007fbc9be44a28 00007fff96f9564f
0x00007fff5d9448e0:   0000000000000000 f000000000000000
0x00007fff5d9448f0:   0000000300000003 00007fff5d944a38
0x00007fff5d944900:   00007fff5d9449c4 000000000002e81f
0x00007fff5d944910:   00007fff5d9449bc 00007fff5d9449c0
0x00007fff5d944920:   00007fff5d9449a0 00007fff9154b299
0x00007fff5d944930:   0000000000000000 00000000000003d2
0x00007fff5d944940:   0000003400001200 0000040b00000000
0x00007fff5d944950:   00007fff5d944980 00007fff914e4a9a
0x00007fff5d944960:   00007fff5d9449f8 00000000000003d2
0x00007fff5d944970:   00007fff5d9449b0 00000000316852ce
0x00007fff5d944980:   a000f9519c594fd3 00007fbc9e800c00
0x00007fff5d944990:   0000000000002718 0000000000000000
0x00007fff5d9449a0:   0000000000000050 0000000000000000
0x00007fff5d9449b0:   00007fff5d944a00 00007fff95ca47e8
0x00007fff5d9449c0:   00007fbc9e80aa60 0000000000000000
0x00007fff5d9449d0:   00007fbc9bdefee8 00007fbc9bc50a60
0x00007fff5d9449e0:   0000000000000000 00007fbc9c8f2d50
0x00007fff5d9449f0:   00007fbc9c8f0e00 00007fff7c78a070
0x00007fff5d944a00:   00007fff5d944af0 00007fff8f14b870
0x00007fff5d944a10:   4089000000000000 406e000000000000
0x00007fff5d944a20:   4053800000000000 4089000000000000
0x00007fff5d944a30:   4083700000000000 0000000000000000
0x00007fff5d944a40:   4036000000000000 4089000000000000
0x00007fff5d944a50:   4082c00000000000 0000000000000000
0x00007fff5d944a60:   0000000000000000 0000000000000001
0x00007fff5d944a70:   00007fbc9bdefee8 0000000000000001
0x00007fff5d944a80:   00007fff5d944af0 00007fff8f15066b
0x00007fff5d944a90:   0000000100000003 00007fbc9c8f2d50
0x00007fff5d944aa0:   00007fbc9c8f2c88 000000029821ffff 

Instructions: (pc=0x00007fff96f0d8f2)
0x00007fff96f0d8d2:   48 85 d2 b8 01 00 00 00 bb 15 27 00 00 0f 44 d8
0x00007fff96f0d8e2:   e9 7f 01 00 00 49 8b 45 08 48 89 85 38 ff ff ff
0x00007fff96f0d8f2:   48 8b 00 48 89 85 30 ff ff ff 83 fe 4f 0f 8f fd
0x00007fff96f0d902:   00 00 00 48 89 d0 bb 15 27 00 00 83 fe 35 0f 84 

Register to memory mapping:

RAX=0xf000000000000000 is an unknown value
RBX=0x000000000000271e is an unknown value
RCX=0x0000000000000000 is an unknown value
RDX=0x00007fbc9bdefee8 is an unknown value
RSP=0x00007fff5d9448b0 is pointing into the stack for thread: 0x00007fbc9d8bf000
RBP=0x00007fff5d9449b0 is pointing into the stack for thread: 0x00007fbc9d8bf000
RSI=0x0000000000000050 is an unknown value
RDI=0x00007fff7c78a070: __stack_chk_guard+0 in /usr/lib/system/libsystem_c.dylib at 0x00007fff8cce7000
R8 =0x00007fbc9e80aa60 is an unknown value
R9 =0x00007fbc9e800000 is an unknown value
R10=0x000000000000003c is an unknown value
R11=0x0000000000000206 is an unknown value
R12=0x0000000000002718 is an unknown value
R13=0x00007fbc9d200800 is an unknown value
R14=0x0000000000000050 is an unknown value
R15=0x0000000000000000 is an unknown value


Stack: [0x00007fff5d14b000,0x00007fff5d94b000],  sp=0x00007fff5d9448b0,  free space=8166k
Native frames: (J=compiled Java code, j=interpreted, Vv=VM code, C=native code)
C  [libGPUSupportMercury.dylib+0xb8f2]  gldAttachDrawable+0x60
C  [GLEngine+0x167e8]  gliAttachDrawableWithOptions+0x101
C  [OpenGL+0x3870]  glcGetIOAccelService+0xe03
C  [OpenGL+0x7412]  CGLSetPBuffer+0xb90
C  [OpenGL+0x7735]  CGLSetSurface+0x124
C  [AppKit+0x332c34]  NSOpenGLContextAttachOnScreenViewSurface+0x109
C  [AppKit+0x31db7c]  -[NSOpenGLContext setView:]+0x83
C  [liblwjgl.dylib+0xa586]  -[MacOSXOpenGLView lockFocus]+0x76
C  [AppKit+0xe1f45]  -[NSView _recursiveDisplayRectIfNeededIgnoringOpacity:isVisibleRect:rectIsVisibleRectForView:topView:]+0x740
C  [AppKit+0xe2fa0]  -[NSView _recursiveDisplayRectIfNeededIgnoringOpacity:isVisibleRect:rectIsVisibleRectForView:topView:]+0x179b
C  [AppKit+0xe12f3]  -[NSThemeFrame _recursiveDisplayRectIfNeededIgnoringOpacity:isVisibleRect:rectIsVisibleRectForView:topView:]+0x14d
C  [AppKit+0xdd68b]  -[NSView _displayRectIgnoringOpacity:isVisibleRect:rectIsVisibleRectForView:]+0xac9
C  [AppKit+0x951ae]  -[NSView displayIfNeeded]+0x754
C  [AppKit+0x94a09]  -[NSWindow displayIfNeeded]+0xec
C  [AppKit+0x94672]  _handleWindowNeedsDisplayOrLayoutOrUpdateConstraints+0x3a8
C  [Foundation+0x4ba23]  __NSFireTimer+0x5f
C  [CoreFoundation+0xb72e4]  __CFRUNLOOP_IS_CALLING_OUT_TO_A_TIMER_CALLBACK_FUNCTION__+0x14
C  [CoreFoundation+0xb6f73]  __CFRunLoopDoTimer+0x423
C  [CoreFoundation+0x12a53d]  __CFRunLoopDoTimers+0x12d
C  [CoreFoundation+0x72608]  __CFRunLoopRun+0x7e8
C  [CoreFoundation+0x71bd8]  CFRunLoopRunSpecific+0x128
C  [HIToolbox+0x3256f]  RunCurrentEventLoopInMode+0xeb
C  [HIToolbox+0x322ea]  ReceiveNextEventCommon+0x1af
C  [HIToolbox+0x3212b]  _BlockUntilNextEventMatchingListInModeWithFilter+0x47
C  [AppKit+0x918ab]  _DPSNextEvent+0x3d2
C  [AppKit+0x90e58]  -[NSApplication nextEventMatchingMask:untilDate:inMode:dequeue:]+0x15a
C  [libosxapp.dylib+0x23aa]  -[NSApplicationAWT nextEventMatchingMask:untilDate:inMode:dequeue:]+0x7c
C  [AppKit+0x86af3]  -[NSApplication run]+0x252
C  [libosxapp.dylib+0x214d]  +[NSApplicationAWT runAWTLoopWithApp:]+0x9c
C  [libawt_lwawt.dylib+0x44517]  -[AWTStarter starter:]+0x389
C  [Foundation+0x92dd0]  __NSThreadPerformPerform+0x125
C  [CoreFoundation+0x80a01]  __CFRUNLOOP_IS_CALLING_OUT_TO_A_SOURCE0_PERFORM_FUNCTION__+0x11
C  [CoreFoundation+0x72b8d]  __CFRunLoopDoSources0+0x10d
C  [CoreFoundation+0x721bf]  __CFRunLoopRun+0x39f
C  [CoreFoundation+0x71bd8]  CFRunLoopRunSpecific+0x128
C  [java+0x6463]  CreateExecutionEnvironment+0x367
C  [java+0x21ac]  JLI_Launch+0x7a0
C  [java+0x84c0]  main+0x65
C  [java+0x1a04]  start+0x34
C  0x0000000000000006


---------------  P R O C E S S  ---------------

Java Threads: ( => current thread )
  0x00007fbc9c6f6800 JavaThread "AWT-Shutdown" [_thread_blocked, id=12835, stack(0x000000016f6d1000,0x000000016f7d1000)]
  0x00007fbc9c24d800 JavaThread "Java2D Disposer" daemon [_thread_blocked, id=50735, stack(0x0000000122203000,0x0000000122303000)]
  0x00007fbc9c1ff800 JavaThread "Java2D Queue Flusher" daemon [_thread_blocked, id=51207, stack(0x00000001218da000,0x00000001219da000)]
=>0x00007fbc9d8bf000 JavaThread "AppKit Thread" daemon [_thread_in_native, id=1811, stack(0x00007fff5d14b000,0x00007fff5d94b000)]
  0x00007fbc9c044000 JavaThread "Service Thread" daemon [_thread_blocked, id=18179, stack(0x000000011ba59000,0x000000011bb59000)]
  0x00007fbc9d027000 JavaThread "C1 CompilerThread2" daemon [_thread_blocked, id=17667, stack(0x000000011b956000,0x000000011ba56000)]
  0x00007fbc9d026800 JavaThread "C2 CompilerThread1" daemon [_thread_blocked, id=17155, stack(0x000000011b853000,0x000000011b953000)]
  0x00007fbc9c038800 JavaThread "C2 CompilerThread0" daemon [_thread_blocked, id=16643, stack(0x000000011b750000,0x000000011b850000)]
  0x00007fbc9c048800 JavaThread "Signal Dispatcher" daemon [_thread_blocked, id=13335, stack(0x000000011b64d000,0x000000011b74d000)]
  0x00007fbc9d804000 JavaThread "Finalizer" daemon [_thread_blocked, id=11523, stack(0x0000000119c36000,0x0000000119d36000)]
  0x00007fbc9c02e000 JavaThread "Reference Handler" daemon [_thread_blocked, id=11011, stack(0x0000000119b33000,0x0000000119c33000)]
  0x00007fbc9d004000 JavaThread "main" [_thread_in_native, id=4867, stack(0x0000000103b8a000,0x0000000103c8a000)]

Other Threads:
  0x00007fbc9c02b800 VMThread [stack: 0x0000000119a30000,0x0000000119b30000] [id=10499]
  0x00007fbc9d016000 WatcherThread [stack: 0x000000011bb5c000,0x000000011bc5c000] [id=18691]

VM state:not at safepoint (normal execution)

VM Mutex/Monitor currently owned by a thread: None

Heap:
 PSYoungGen      total 88576K, used 66844K [0x0000000795580000, 0x000000079dd80000, 0x00000007c0000000)
  eden space 88064K, 75% used [0x0000000795580000,0x000000079967f370,0x000000079ab80000)
  from space 512K, 56% used [0x000000079ae00000,0x000000079ae48000,0x000000079ae80000)
  to   space 25600K, 0% used [0x000000079c480000,0x000000079c480000,0x000000079dd80000)
 ParOldGen       total 100864K, used 7909K [0x0000000740000000, 0x0000000746280000, 0x0000000795580000)
  object space 100864K, 7% used [0x0000000740000000,0x00000007407b94d0,0x0000000746280000)
 Metaspace       used 12851K, capacity 12993K, committed 13184K, reserved 1060864K
  class space    used 1318K, capacity 1375K, committed 1408K, reserved 1048576K

Card table byte_map: [0x0000000113081000,0x0000000113482000] byte_map_base: 0x000000010f681000

Marking Bits: (ParMarkBitMap*) 0x00000001034dee20
 Begin Bits: [0x0000000113b39000, 0x0000000115b39000)
 End Bits:   [0x0000000115b39000, 0x0000000117b39000)

Polling page: 0x00000001023d9000

CodeCache: size=245760Kb used=8856Kb max_used=9813Kb free=236903Kb
 bounds [0x0000000103cc1000, 0x00000001046f1000, 0x0000000112cc1000]
 total_blobs=2290 nmethods=1719 adapters=484
 compilation: enabled

Compilation events (10 events):
Event: 165.774 Thread 0x00007fbc9d027000 nmethod 2095 0x00000001042645d0 code [0x0000000104264720, 0x0000000104264850]
Event: 172.465 Thread 0x00007fbc9d027000 2096  s    3       org.lwjgl.opengl.EventQueue::putEvent (80 bytes)
Event: 172.466 Thread 0x00007fbc9d027000 nmethod 2096 0x0000000103e9e310 code [0x0000000103e9e560, 0x0000000103e9f628]
Event: 172.793 Thread 0x00007fbc9c038800 2097       4       org.lwjgl.opengl.MacOSXDisplay::wasResized (9 bytes)
Event: 172.794 Thread 0x00007fbc9c038800 nmethod 2097 0x0000000103ea08d0 code [0x0000000103ea0a20, 0x0000000103ea0aa8]
Event: 172.799 Thread 0x00007fbc9d026800 2099       4       org.lwjgl.opengl.DrawableGL::swapBuffers (4 bytes)
Event: 172.799 Thread 0x00007fbc9d027000 2098   !   3       org.lwjgl.opengl.Display::update (154 bytes)
Event: 172.800 Thread 0x00007fbc9d027000 nmethod 2098 0x00000001042edd90 code [0x00000001042ee040, 0x00000001042ef1b8]
Event: 172.802 Thread 0x00007fbc9d026800 nmethod 2099 0x0000000104028c50 code [0x0000000104028de0, 0x0000000104029208]
Event: 173.164 Thread 0x00007fbc9d027000 2100       3       java.lang.ClassLoader::compareCerts (149 bytes)

GC Heap History (10 events):
Event: 64.117 GC heap before
{Heap before GC invocations=12 (full 3):
 PSYoungGen      total 102912K, used 78624K [0x0000000795580000, 0x000000079d900000, 0x00000007c0000000)
  eden space 78336K, 100% used [0x0000000795580000,0x000000079a200000,0x000000079a200000)
  from space 24576K, 1% used [0x000000079c100000,0x000000079c148000,0x000000079d900000)
  to   space 28160K, 0% used [0x000000079a200000,0x000000079a200000,0x000000079bd80000)
 ParOldGen       total 100864K, used 7901K [0x0000000740000000, 0x0000000746280000, 0x0000000795580000)
  object space 100864K, 7% used [0x0000000740000000,0x00000007407b74d0,0x0000000746280000)
 Metaspace       used 12834K, capacity 12993K, committed 13184K, reserved 1060864K
  class space    used 1317K, capacity 1375K, committed 1408K, reserved 1048576K
Event: 64.119 GC heap after
Heap after GC invocations=12 (full 3):
 PSYoungGen      total 106496K, used 256K [0x0000000795580000, 0x000000079ea80000, 0x00000007c0000000)
  eden space 78336K, 0% used [0x0000000795580000,0x0000000795580000,0x000000079a200000)
  from space 28160K, 0% used [0x000000079a200000,0x000000079a240000,0x000000079bd80000)
  to   space 28160K, 0% used [0x000000079cf00000,0x000000079cf00000,0x000000079ea80000)
 ParOldGen       total 100864K, used 7909K [0x0000000740000000, 0x0000000746280000, 0x0000000795580000)
  object space 100864K, 7% used [0x0000000740000000,0x00000007407b94d0,0x0000000746280000)
 Metaspace       used 12834K, capacity 12993K, committed 13184K, reserved 1060864K
  class space    used 1317K, capacity 1375K, committed 1408K, reserved 1048576K
}
Event: 79.545 GC heap before
{Heap before GC invocations=13 (full 3):
 PSYoungGen      total 106496K, used 78592K [0x0000000795580000, 0x000000079ea80000, 0x00000007c0000000)
  eden space 78336K, 100% used [0x0000000795580000,0x000000079a200000,0x000000079a200000)
  from space 28160K, 0% used [0x000000079a200000,0x000000079a240000,0x000000079bd80000)
  to   space 28160K, 0% used [0x000000079cf00000,0x000000079cf00000,0x000000079ea80000)
 ParOldGen       total 100864K, used 7909K [0x0000000740000000, 0x0000000746280000, 0x0000000795580000)
  object space 100864K, 7% used [0x0000000740000000,0x00000007407b94d0,0x0000000746280000)
 Metaspace       used 12834K, capacity 12993K, committed 13184K, reserved 1060864K
  class space    used 1317K, capacity 1375K, committed 1408K, reserved 1048576K
Event: 79.548 GC heap after
Heap after GC invocations=13 (full 3):
 PSYoungGen      total 117248K, used 288K [0x0000000795580000, 0x000000079e680000, 0x00000007c0000000)
  eden space 93184K, 0% used [0x0000000795580000,0x0000000795580000,0x000000079b080000)
  from space 24064K, 1% used [0x000000079cf00000,0x000000079cf48000,0x000000079e680000)
  to   space 27648K, 0% used [0x000000079b080000,0x000000079b080000,0x000000079cb80000)
 ParOldGen       total 100864K, used 7909K [0x0000000740000000, 0x0000000746280000, 0x0000000795580000)
  object space 100864K, 7% used [0x0000000740000000,0x00000007407b94d0,0x0000000746280000)
 Metaspace       used 12834K, capacity 12993K, committed 13184K, reserved 1060864K
  class space    used 1317K, capacity 1375K, committed 1408K, reserved 1048576K
}
Event: 92.294 GC heap before
{Heap before GC invocations=14 (full 3):
 PSYoungGen      total 117248K, used 93472K [0x0000000795580000, 0x000000079e680000, 0x00000007c0000000)
  eden space 93184K, 100% used [0x0000000795580000,0x000000079b080000,0x000000079b080000)
  from space 24064K, 1% used [0x000000079cf00000,0x000000079cf48000,0x000000079e680000)
  to   space 27648K, 0% used [0x000000079b080000,0x000000079b080000,0x000000079cb80000)
 ParOldGen       total 100864K, used 7909K [0x0000000740000000, 0x0000000746280000, 0x0000000795580000)
  object space 100864K, 7% used [0x0000000740000000,0x00000007407b94d0,0x0000000746280000)
 Metaspace       used 12835K, capacity 12993K, committed 13184K, reserved 1060864K
  class space    used 1318K, capacity 1375K, committed 1408K, reserved 1048576K
Event: 92.297 GC heap after
Heap after GC invocations=14 (full 3):
 PSYoungGen      total 120832K, used 256K [0x0000000795580000, 0x000000079f380000, 0x00000007c0000000)
  eden space 93184K, 0% used [0x0000000795580000,0x0000000795580000,0x000000079b080000)
  from space 27648K, 0% used [0x000000079b080000,0x000000079b0c0000,0x000000079cb80000)
  to   space 27136K, 0% used [0x000000079d900000,0x000000079d900000,0x000000079f380000)
 ParOldGen       total 100864K, used 7909K [0x0000000740000000, 0x0000000746280000, 0x0000000795580000)
  object space 100864K, 7% used [0x0000000740000000,0x00000007407b94d0,0x0000000746280000)
 Metaspace       used 12835K, capacity 12993K, committed 13184K, reserved 1060864K
  class space    used 1318K, capacity 1375K, committed 1408K, reserved 1048576K
}
Event: 150.988 GC heap before
{Heap before GC invocations=15 (full 3):
 PSYoungGen      total 120832K, used 93440K [0x0000000795580000, 0x000000079f380000, 0x00000007c0000000)
  eden space 93184K, 100% used [0x0000000795580000,0x000000079b080000,0x000000079b080000)
  from space 27648K, 0% used [0x000000079b080000,0x000000079b0c0000,0x000000079cb80000)
  to   space 27136K, 0% used [0x000000079d900000,0x000000079d900000,0x000000079f380000)
 ParOldGen       total 100864K, used 7909K [0x0000000740000000, 0x0000000746280000, 0x0000000795580000)
  object space 100864K, 7% used [0x0000000740000000,0x00000007407b94d0,0x0000000746280000)
 Metaspace       used 12844K, capacity 12993K, committed 13184K, reserved 1060864K
  class space    used 1318K, capacity 1375K, committed 1408K, reserved 1048576K
Event: 150.991 GC heap after
Heap after GC invocations=15 (full 3):
 PSYoungGen      total 98816K, used 288K [0x0000000795580000, 0x000000079e100000, 0x00000007c0000000)
  eden space 90624K, 0% used [0x0000000795580000,0x0000000795580000,0x000000079ae00000)
  from space 8192K, 3% used [0x000000079d900000,0x000000079d948000,0x000000079e100000)
  to   space 26112K, 0% used [0x000000079ae00000,0x000000079ae00000,0x000000079c780000)
 ParOldGen       total 100864K, used 7909K [0x0000000740000000, 0x0000000746280000, 0x0000000795580000)
  object space 100864K, 7% used [0x0000000740000000,0x00000007407b94d0,0x0000000746280000)
 Metaspace       used 12844K, capacity 12993K, committed 13184K, reserved 1060864K
  class space    used 1318K, capacity 1375K, committed 1408K, reserved 1048576K
}
Event: 159.831 GC heap before
{Heap before GC invocations=16 (full 3):
 PSYoungGen      total 98816K, used 90912K [0x0000000795580000, 0x000000079e100000, 0x00000007c0000000)
  eden space 90624K, 100% used [0x0000000795580000,0x000000079ae00000,0x000000079ae00000)
  from space 8192K, 3% used [0x000000079d900000,0x000000079d948000,0x000000079e100000)
  to   space 26112K, 0% used [0x000000079ae00000,0x000000079ae00000,0x000000079c780000)
 ParOldGen       total 100864K, used 7909K [0x0000000740000000, 0x0000000746280000, 0x0000000795580000)
  object space 100864K, 7% used [0x0000000740000000,0x00000007407b94d0,0x0000000746280000)
 Metaspace       used 12844K, capacity 12993K, committed 13184K, reserved 1060864K
  class space    used 1318K, capacity 1375K, committed 1408K, reserved 1048576K
Event: 159.834 GC heap after
Heap after GC invocations=16 (full 3):
 PSYoungGen      total 88576K, used 288K [0x0000000795580000, 0x000000079dd80000, 0x00000007c0000000)
  eden space 88064K, 0% used [0x0000000795580000,0x0000000795580000,0x000000079ab80000)
  from space 512K, 56% used [0x000000079ae00000,0x000000079ae48000,0x000000079ae80000)
  to   space 25600K, 0% used [0x000000079c480000,0x000000079c480000,0x000000079dd80000)
 ParOldGen       total 100864K, used 7909K [0x0000000740000000, 0x0000000746280000, 0x0000000795580000)
  object space 100864K, 7% used [0x0000000740000000,0x00000007407b94d0,0x0000000746280000)
 Metaspace       used 12844K, capacity 12993K, committed 13184K, reserved 1060864K
  class space    used 1318K, capacity 1375K, committed 1408K, reserved 1048576K
}

Deoptimization events (10 events):
Event: 55.958 Thread 0x00007fbc9d004000 Uncommon trap: reason=unstable_if action=reinterpret pc=0x00000001041de700 method=shionn.slick.animation.PathAnimation.update(I)V @ 68
Event: 56.758 Thread 0x00007fbc9d004000 Uncommon trap: reason=unstable_if action=reinterpret pc=0x0000000104468f84 method=Principal.BattleGameState.render(Lorg/newdawn/slick/GameContainer;Lorg/newdawn/slick/state/StateBasedGame;Lorg/newdawn/slick/Graphics;)V @ 108
Event: 63.099 Thread 0x00007fbc9d004000 Uncommon trap: reason=unstable_if action=reinterpret pc=0x00000001044e2060 method=Principal.BattleGameState.render(Lorg/newdawn/slick/GameContainer;Lorg/newdawn/slick/state/StateBasedGame;Lorg/newdawn/slick/Graphics;)V @ 161
Event: 85.439 Thread 0x00007fbc9d004000 Uncommon trap: reason=unstable_if action=reinterpret pc=0x0000000104542fec method=Principal.BattleGameState.render(Lorg/newdawn/slick/GameContainer;Lorg/newdawn/slick/state/StateBasedGame;Lorg/newdawn/slick/Graphics;)V @ 2264
Event: 95.271 Thread 0x00007fbc9d004000 Uncommon trap: reason=unstable_if action=reinterpret pc=0x000000010459cd04 method=Principal.BattleGameState.render(Lorg/newdawn/slick/GameContainer;Lorg/newdawn/slick/state/StateBasedGame;Lorg/newdawn/slick/Graphics;)V @ 59
Event: 95.283 Thread 0x00007fbc9d004000 Uncommon trap: reason=unstable_if action=reinterpret pc=0x00000001044c2fcc method=Principal.BattleGameState.render(Lorg/newdawn/slick/GameContainer;Lorg/newdawn/slick/state/StateBasedGame;Lorg/newdawn/slick/Graphics;)V @ 857
Event: 100.746 Thread 0x00007fbc9d004000 Uncommon trap: reason=unstable_if action=reinterpret pc=0x00000001045fba34 method=Principal.BattleGameState.render(Lorg/newdawn/slick/GameContainer;Lorg/newdawn/slick/state/StateBasedGame;Lorg/newdawn/slick/Graphics;)V @ 667
Event: 100.781 Thread 0x00007fbc9d004000 Uncommon trap: reason=unstable_if action=reinterpret pc=0x000000010444b478 method=Principal.BattleGameState.render(Lorg/newdawn/slick/GameContainer;Lorg/newdawn/slick/state/StateBasedGame;Lorg/newdawn/slick/Graphics;)V @ 667
Event: 172.170 Thread 0x00007fbc9d004000 Uncommon trap: reason=unstable_if action=reinterpret pc=0x00000001040cf374 method=org.lwjgl.opengl.MacOSXDisplay.update()V @ 86
Event: 173.153 Thread 0x00007fbc9d004000 Uncommon trap: reason=unstable_if action=reinterpret pc=0x0000000103e8c920 method=org.newdawn.slick.AppGameContainer.gameLoop()V @ 60

Internal exceptions (10 events):
Event: 0.178 Thread 0x00007fbc9d004000 Exception <a 'java/lang/NoSuchFieldError': method resolution failed> (0x00000007959a7ba8) thrown at [/Users/java_re/workspace/8-2-build-macosx-x86_64/jdk8u60/4407/hotspot/src/share/vm/prims/methodHandles.cpp, line 1146]
Event: 0.433 Thread 0x00007fbc9d004000 Exception <a 'java/io/FileNotFoundException'> (0x0000000795a22a50) thrown at [/Users/java_re/workspace/8-2-build-macosx-x86_64/jdk8u60/4407/hotspot/src/share/vm/prims/jni.cpp, line 709]
Event: 0.433 Thread 0x00007fbc9d004000 Exception <a 'java/io/FileNotFoundException'> (0x0000000795a235a0) thrown at [/Users/java_re/workspace/8-2-build-macosx-x86_64/jdk8u60/4407/hotspot/src/share/vm/prims/jni.cpp, line 709]
Event: 0.705 Thread 0x00007fbc9d004000 Exception <a 'java/lang/NoClassDefFoundError': net/java/games/input/ControllerEnvironment> (0x0000000795f1b468) thrown at [/Users/java_re/workspace/8-2-build-macosx-x86_64/jdk8u60/4407/hotspot/src/share/vm/classfile/systemDictionary.cpp, line 199]
Event: 3.630 Thread 0x00007fbc9d004000 Exception <a 'java/security/PrivilegedActionException'> (0x0000000795f52860) thrown at [/Users/java_re/workspace/8-2-build-macosx-x86_64/jdk8u60/4407/hotspot/src/share/vm/prims/jvm.cpp, line 1386]
Event: 3.630 Thread 0x00007fbc9d004000 Exception <a 'java/security/PrivilegedActionException'> (0x0000000795f54448) thrown at [/Users/java_re/workspace/8-2-build-macosx-x86_64/jdk8u60/4407/hotspot/src/share/vm/prims/jvm.cpp, line 1386]
Event: 3.630 Thread 0x00007fbc9d004000 Exception <a 'java/security/PrivilegedActionException'> (0x0000000795f55568) thrown at [/Users/java_re/workspace/8-2-build-macosx-x86_64/jdk8u60/4407/hotspot/src/share/vm/prims/jvm.cpp, line 1386]
Event: 3.631 Thread 0x00007fbc9d004000 Exception <a 'java/security/PrivilegedActionException'> (0x0000000795f5a688) thrown at [/Users/java_re/workspace/8-2-build-macosx-x86_64/jdk8u60/4407/hotspot/src/share/vm/prims/jvm.cpp, line 1386]
Event: 3.631 Thread 0x00007fbc9d004000 Exception <a 'java/security/PrivilegedActionException'> (0x0000000795f5b2e0) thrown at [/Users/java_re/workspace/8-2-build-macosx-x86_64/jdk8u60/4407/hotspot/src/share/vm/prims/jvm.cpp, line 1386]
Event: 3.631 Thread 0x00007fbc9d004000 Exception <a 'java/security/PrivilegedActionException'> (0x0000000795f5bf08) thrown at [/Users/java_re/workspace/8-2-build-macosx-x86_64/jdk8u60/4407/hotspot/src/share/vm/prims/jvm.cpp, line 1386]

Events (10 events):
Event: 167.490 Thread 0x00007fbc9d10f800 Thread exited: 0x00007fbc9d10f800
Event: 171.778 Thread 0x00007fbc9c6f6800 Thread added: 0x00007fbc9c6f6800
Event: 172.170 Thread 0x00007fbc9d004000 Uncommon trap: trap_request=0xffffff65 fr.pc=0x00000001040cf374
Event: 172.170 Thread 0x00007fbc9d004000 DEOPT PACKING pc=0x00000001040cf374 sp=0x0000000103c897e0
Event: 172.170 Thread 0x00007fbc9d004000 DEOPT UNPACKING pc=0x0000000103cc6229 sp=0x0000000103c896c8 mode 2
Event: 173.153 Thread 0x00007fbc9d004000 Uncommon trap: trap_request=0xffffff65 fr.pc=0x0000000103e8c920
Event: 173.153 Thread 0x00007fbc9d004000 DEOPT PACKING pc=0x0000000103e8c920 sp=0x0000000103c89840
Event: 173.154 Thread 0x00007fbc9d004000 DEOPT UNPACKING pc=0x0000000103cc6229 sp=0x0000000103c89808 mode 2
Event: 173.164 loading class org/lwjgl/opengl/CallbackUtil
Event: 173.164 loading class org/lwjgl/opengl/CallbackUtil done


Dynamic libraries:
0x000000000c6a4000 	/System/Library/Frameworks/Cocoa.framework/Versions/A/Cocoa
0x000000000c6a4000 	/System/Library/Frameworks/Security.framework/Versions/A/Security
0x000000000c6a4000 	/System/Library/Frameworks/ApplicationServices.framework/Versions/A/ApplicationServices
0x000000000c6a4000 	/usr/lib/libz.1.dylib
0x000000000c6a4000 	/usr/lib/libSystem.B.dylib
0x000000000c6a4000 	/usr/lib/libobjc.A.dylib
0x000000000c6a4000 	/System/Library/Frameworks/CoreFoundation.framework/Versions/A/CoreFoundation
0x000000000c6a4000 	/System/Library/Frameworks/Foundation.framework/Versions/C/Foundation
0x000000000c6a4000 	/System/Library/Frameworks/AppKit.framework/Versions/C/AppKit
0x000000000c6a4000 	/System/Library/Frameworks/CoreData.framework/Versions/A/CoreData
0x000000000c6a4000 	/System/Library/PrivateFrameworks/RemoteViewServices.framework/Versions/A/RemoteViewServices
0x000000000c6a4000 	/System/Library/PrivateFrameworks/UIFoundation.framework/Versions/A/UIFoundation
0x000000000c6a4000 	/System/Library/Frameworks/IOSurface.framework/Versions/A/IOSurface
0x000000000c6a4000 	/System/Library/Frameworks/AudioToolbox.framework/Versions/A/AudioToolbox
0x000000000c6a4000 	/System/Library/Frameworks/AudioUnit.framework/Versions/A/AudioUnit
0x000000000c6a4000 	/System/Library/PrivateFrameworks/DataDetectorsCore.framework/Versions/A/DataDetectorsCore
0x000000000c6a4000 	/System/Library/PrivateFrameworks/DesktopServicesPriv.framework/Versions/A/DesktopServicesPriv
0x000000000c6a4000 	/System/Library/Frameworks/Carbon.framework/Versions/A/Frameworks/HIToolbox.framework/Versions/A/HIToolbox
0x000000000c6a4000 	/System/Library/Frameworks/QuartzCore.framework/Versions/A/QuartzCore
0x000000000c6a4000 	/System/Library/Frameworks/Carbon.framework/Versions/A/Frameworks/SpeechRecognition.framework/Versions/A/SpeechRecognition
0x000000000c6a4000 	/usr/lib/libauto.dylib
0x000000000c6a4000 	/usr/lib/libicucore.A.dylib
0x000000000c6a4000 	/usr/lib/libxml2.2.dylib
0x000000000c6a4000 	/System/Library/PrivateFrameworks/CoreUI.framework/Versions/A/CoreUI
0x000000000c6a4000 	/System/Library/Frameworks/CoreAudio.framework/Versions/A/CoreAudio
0x000000000c6a4000 	/System/Library/Frameworks/DiskArbitration.framework/Versions/A/DiskArbitration
0x000000000c6a4000 	/usr/lib/liblangid.dylib
0x000000000c6a4000 	/System/Library/PrivateFrameworks/MultitouchSupport.framework/Versions/A/MultitouchSupport
0x000000000c6a4000 	/System/Library/Frameworks/IOKit.framework/Versions/A/IOKit
0x000000000c6a4000 	/usr/lib/libDiagnosticMessagesClient.dylib
0x000000000c6a4000 	/System/Library/Frameworks/CoreServices.framework/Versions/A/CoreServices
0x000000000c6a4000 	/System/Library/PrivateFrameworks/PerformanceAnalysis.framework/Versions/A/PerformanceAnalysis
0x000000000c6a4000 	/System/Library/PrivateFrameworks/GenerationalStorage.framework/Versions/A/GenerationalStorage
0x000000000c6a4000 	/System/Library/Frameworks/OpenGL.framework/Versions/A/OpenGL
0x000000000c6a4000 	/System/Library/PrivateFrameworks/Sharing.framework/Versions/A/Sharing
0x000000000c6a4000 	/System/Library/Frameworks/CoreGraphics.framework/Versions/A/CoreGraphics
0x000000000c6a4000 	/System/Library/Frameworks/CoreText.framework/Versions/A/CoreText
0x000000000c6a4000 	/System/Library/Frameworks/ImageIO.framework/Versions/A/ImageIO
0x000000000c6a4000 	/usr/lib/libextension.dylib
0x000000000c6a4000 	/System/Library/PrivateFrameworks/Backup.framework/Versions/A/Backup
0x000000000c6a4000 	/usr/lib/libarchive.2.dylib
0x000000000c6a4000 	/System/Library/Frameworks/CFNetwork.framework/Versions/A/CFNetwork
0x000000000c6a4000 	/System/Library/Frameworks/SystemConfiguration.framework/Versions/A/SystemConfiguration
0x000000000c6a4000 	/usr/lib/libCRFSuite.dylib
0x000000000c6a4000 	/usr/lib/libc++.1.dylib
0x000000000c6a4000 	/usr/lib/libc++abi.dylib
0x000000000c6a4000 	/usr/lib/system/libcache.dylib
0x000000000c6a4000 	/usr/lib/system/libcommonCrypto.dylib
0x000000000c6a4000 	/usr/lib/system/libcompiler_rt.dylib
0x000000000c6a4000 	/usr/lib/system/libcopyfile.dylib
0x000000000c6a4000 	/usr/lib/system/libcorecrypto.dylib
0x000000000c6a4000 	/usr/lib/system/libdispatch.dylib
0x000000000c6a4000 	/usr/lib/system/libdyld.dylib
0x000000000c6a4000 	/usr/lib/system/libkeymgr.dylib
0x000000000c6a4000 	/usr/lib/system/liblaunch.dylib
0x000000000c6a4000 	/usr/lib/system/libmacho.dylib
0x000000000c6a4000 	/usr/lib/system/libquarantine.dylib
0x000000000c6a4000 	/usr/lib/system/libremovefile.dylib
0x000000000c6a4000 	/usr/lib/system/libsystem_asl.dylib
0x000000000c6a4000 	/usr/lib/system/libsystem_blocks.dylib
0x000000000c6a4000 	/usr/lib/system/libsystem_c.dylib
0x000000000c6a4000 	/usr/lib/system/libsystem_configuration.dylib
0x000000000c6a4000 	/usr/lib/system/libsystem_coreservices.dylib
0x000000000c6a4000 	/usr/lib/system/libsystem_coretls.dylib
0x000000000c6a4000 	/usr/lib/system/libsystem_dnssd.dylib
0x000000000c6a4000 	/usr/lib/system/libsystem_info.dylib
0x000000000c6a4000 	/usr/lib/system/libsystem_kernel.dylib
0x000000000c6a4000 	/usr/lib/system/libsystem_m.dylib
0x000000000c6a4000 	/usr/lib/system/libsystem_malloc.dylib
0x000000000c6a4000 	/usr/lib/system/libsystem_network.dylib
0x000000000c6a4000 	/usr/lib/system/libsystem_networkextension.dylib
0x000000000c6a4000 	/usr/lib/system/libsystem_notify.dylib
0x000000000c6a4000 	/usr/lib/system/libsystem_platform.dylib
0x000000000c6a4000 	/usr/lib/system/libsystem_pthread.dylib
0x000000000c6a4000 	/usr/lib/system/libsystem_sandbox.dylib
0x000000000c6a4000 	/usr/lib/system/libsystem_secinit.dylib
0x000000000c6a4000 	/usr/lib/system/libsystem_stats.dylib
0x000000000c6a4000 	/usr/lib/system/libsystem_trace.dylib
0x000000000c6a4000 	/usr/lib/system/libunc.dylib
0x000000000c6a4000 	/usr/lib/system/libunwind.dylib
0x000000000c6a4000 	/usr/lib/system/libxpc.dylib
0x000000000c6a4000 	/usr/lib/libbz2.1.0.dylib
0x000000000c6a4000 	/usr/lib/liblzma.5.dylib
0x000000000c6a4000 	/usr/lib/libbsm.0.dylib
0x000000000c6a4000 	/usr/lib/libsqlite3.dylib
0x000000000c6a4000 	/usr/lib/system/libkxld.dylib
0x000000000c6a4000 	/usr/lib/libxar.1.dylib
0x000000000c6a4000 	/usr/lib/libpam.2.dylib
0x000000000c6a4000 	/usr/lib/libOpenScriptingUtil.dylib
0x000000000c6a4000 	/System/Library/Frameworks/CoreServices.framework/Versions/A/Frameworks/FSEvents.framework/Versions/A/FSEvents
0x000000000c6a4000 	/System/Library/Frameworks/CoreServices.framework/Versions/A/Frameworks/CarbonCore.framework/Versions/A/CarbonCore
0x000000000c6a4000 	/System/Library/Frameworks/CoreServices.framework/Versions/A/Frameworks/Metadata.framework/Versions/A/Metadata
0x000000000c6a4000 	/System/Library/Frameworks/CoreServices.framework/Versions/A/Frameworks/OSServices.framework/Versions/A/OSServices
0x000000000c6a4000 	/System/Library/Frameworks/CoreServices.framework/Versions/A/Frameworks/SearchKit.framework/Versions/A/SearchKit
0x000000000c6a4000 	/System/Library/Frameworks/CoreServices.framework/Versions/A/Frameworks/AE.framework/Versions/A/AE
0x000000000c6a4000 	/System/Library/Frameworks/CoreServices.framework/Versions/A/Frameworks/LaunchServices.framework/Versions/A/LaunchServices
0x000000000c6a4000 	/System/Library/Frameworks/CoreServices.framework/Versions/A/Frameworks/DictionaryServices.framework/Versions/A/DictionaryServices
0x000000000c6a4000 	/System/Library/Frameworks/NetFS.framework/Versions/A/NetFS
0x000000000c6a4000 	/System/Library/PrivateFrameworks/NetAuth.framework/Versions/A/NetAuth
0x000000000c6a4000 	/System/Library/PrivateFrameworks/login.framework/Versions/A/Frameworks/loginsupport.framework/Versions/A/loginsupport
0x000000000c6a4000 	/System/Library/PrivateFrameworks/TCC.framework/Versions/A/TCC
0x000000000c6a4000 	/usr/lib/libmecabra.dylib
0x000000000c6a4000 	/System/Library/Frameworks/ApplicationServices.framework/Versions/A/Frameworks/ATS.framework/Versions/A/ATS
0x000000000c6a4000 	/System/Library/Frameworks/ApplicationServices.framework/Versions/A/Frameworks/ColorSync.framework/Versions/A/ColorSync
0x000000000c6a4000 	/System/Library/Frameworks/ApplicationServices.framework/Versions/A/Frameworks/HIServices.framework/Versions/A/HIServices
0x000000000c6a4000 	/System/Library/Frameworks/ApplicationServices.framework/Versions/A/Frameworks/LangAnalysis.framework/Versions/A/LangAnalysis
0x000000000c6a4000 	/System/Library/Frameworks/ApplicationServices.framework/Versions/A/Frameworks/PrintCore.framework/Versions/A/PrintCore
0x000000000c6a4000 	/System/Library/Frameworks/ApplicationServices.framework/Versions/A/Frameworks/QD.framework/Versions/A/QD
0x000000000c6a4000 	/System/Library/Frameworks/ApplicationServices.framework/Versions/A/Frameworks/SpeechSynthesis.framework/Versions/A/SpeechSynthesis
0x000000000c6a4000 	/System/Library/Frameworks/Accelerate.framework/Versions/A/Accelerate
0x000000000c6a4000 	/System/Library/Frameworks/Accelerate.framework/Versions/A/Frameworks/vImage.framework/Versions/A/vImage
0x000000000c6a4000 	/System/Library/Frameworks/Accelerate.framework/Versions/A/Frameworks/vecLib.framework/Versions/A/vecLib
0x000000000c6a4000 	/System/Library/Frameworks/Accelerate.framework/Versions/A/Frameworks/vecLib.framework/Versions/A/libvDSP.dylib
0x000000000c6a4000 	/System/Library/Frameworks/Accelerate.framework/Versions/A/Frameworks/vecLib.framework/Versions/A/libvMisc.dylib
0x000000000c6a4000 	/System/Library/Frameworks/Accelerate.framework/Versions/A/Frameworks/vecLib.framework/Versions/A/libLAPACK.dylib
0x000000000c6a4000 	/System/Library/Frameworks/Accelerate.framework/Versions/A/Frameworks/vecLib.framework/Versions/A/libBLAS.dylib
0x000000000c6a4000 	/System/Library/Frameworks/Accelerate.framework/Versions/A/Frameworks/vecLib.framework/Versions/A/libLinearAlgebra.dylib
0x000000000c6a4000 	/System/Library/Frameworks/ApplicationServices.framework/Versions/A/Frameworks/ATS.framework/Versions/A/Resources/libFontParser.dylib
0x000000000c6a4000 	/System/Library/Frameworks/ApplicationServices.framework/Versions/A/Frameworks/ATS.framework/Versions/A/Resources/libFontRegistry.dylib
0x000000000c6a4000 	/System/Library/PrivateFrameworks/AppleVPA.framework/Versions/A/AppleVPA
0x000000000c6a4000 	/System/Library/PrivateFrameworks/AppleJPEG.framework/Versions/A/AppleJPEG
0x000000000c6a4000 	/System/Library/Frameworks/ImageIO.framework/Versions/A/Resources/libJPEG.dylib
0x000000000c6a4000 	/System/Library/Frameworks/ImageIO.framework/Versions/A/Resources/libTIFF.dylib
0x000000000c6a4000 	/System/Library/Frameworks/ImageIO.framework/Versions/A/Resources/libPng.dylib
0x000000000c6a4000 	/System/Library/Frameworks/ImageIO.framework/Versions/A/Resources/libGIF.dylib
0x000000000c6a4000 	/System/Library/Frameworks/ImageIO.framework/Versions/A/Resources/libJP2.dylib
0x000000000c6a4000 	/System/Library/Frameworks/ImageIO.framework/Versions/A/Resources/libRadiance.dylib
0x000000000c6a4000 	/System/Library/Frameworks/CoreVideo.framework/Versions/A/CoreVideo
0x000000000c6a4000 	/System/Library/Frameworks/OpenGL.framework/Versions/A/Libraries/libGLU.dylib
0x000000000c6a4000 	/System/Library/Frameworks/OpenGL.framework/Versions/A/Libraries/libGFXShared.dylib
0x000000000c6a4000 	/System/Library/Frameworks/OpenGL.framework/Versions/A/Libraries/libGL.dylib
0x000000000c6a4000 	/System/Library/Frameworks/OpenGL.framework/Versions/A/Libraries/libGLImage.dylib
0x000000000c6a4000 	/System/Library/Frameworks/OpenGL.framework/Versions/A/Libraries/libCVMSPluginSupport.dylib
0x000000000c6a4000 	/System/Library/Frameworks/OpenGL.framework/Versions/A/Libraries/libCoreVMClient.dylib
0x000000000c6a4000 	/usr/lib/libcups.2.dylib
0x000000000c6a4000 	/System/Library/Frameworks/Kerberos.framework/Versions/A/Kerberos
0x000000000c6a4000 	/System/Library/Frameworks/GSS.framework/Versions/A/GSS
0x000000000c6a4000 	/usr/lib/libresolv.9.dylib
0x000000000c6a4000 	/usr/lib/libiconv.2.dylib
0x000000000c6a4000 	/System/Library/PrivateFrameworks/Heimdal.framework/Versions/A/Heimdal
0x000000000c6a4000 	/usr/lib/libheimdal-asn1.dylib
0x000000000c6a4000 	/System/Library/Frameworks/OpenDirectory.framework/Versions/A/OpenDirectory
0x000000000c6a4000 	/System/Library/PrivateFrameworks/CommonAuth.framework/Versions/A/CommonAuth
0x000000000c6a4000 	/System/Library/Frameworks/OpenDirectory.framework/Versions/A/Frameworks/CFOpenDirectory.framework/Versions/A/CFOpenDirectory
0x000000000c6a4000 	/System/Library/Frameworks/SecurityFoundation.framework/Versions/A/SecurityFoundation
0x000000000c6a4000 	/System/Library/PrivateFrameworks/LanguageModeling.framework/Versions/A/LanguageModeling
0x000000000c6a4000 	/usr/lib/libcmph.dylib
0x000000000c6a4000 	/System/Library/Frameworks/ServiceManagement.framework/Versions/A/ServiceManagement
0x000000000c6a4000 	/usr/lib/libxslt.1.dylib
0x000000000c6a4000 	/System/Library/Frameworks/Carbon.framework/Versions/A/Frameworks/Ink.framework/Versions/A/Ink
0x000000000c6a4000 	/System/Library/Frameworks/QuartzCore.framework/Versions/A/Frameworks/CoreImage.framework/Versions/A/CoreImage
0x000000000c6a4000 	/System/Library/PrivateFrameworks/CrashReporterSupport.framework/Versions/A/CrashReporterSupport
0x000000000c6a4000 	/System/Library/Frameworks/OpenCL.framework/Versions/A/OpenCL
0x000000000c6a4000 	/System/Library/PrivateFrameworks/FaceCore.framework/Versions/A/FaceCore
0x000000000c6a4000 	/System/Library/PrivateFrameworks/Ubiquity.framework/Versions/A/Ubiquity
0x000000000c6a4000 	/System/Library/PrivateFrameworks/IconServices.framework/Versions/A/IconServices
0x000000000c6a4000 	/System/Library/PrivateFrameworks/ChunkingLibrary.framework/Versions/A/ChunkingLibrary
0x000000000c6a4000 	/System/Library/PrivateFrameworks/Apple80211.framework/Versions/A/Apple80211
0x000000000c6a4000 	/System/Library/Frameworks/CoreWLAN.framework/Versions/A/CoreWLAN
0x000000000c6a4000 	/System/Library/Frameworks/IOBluetooth.framework/Versions/A/IOBluetooth
0x000000000c6a4000 	/System/Library/PrivateFrameworks/CoreWiFi.framework/Versions/A/CoreWiFi
0x000000000c6a4000 	/System/Library/Frameworks/CoreBluetooth.framework/Versions/A/CoreBluetooth
0x000000000c6a4000 	/System/Library/PrivateFrameworks/DebugSymbols.framework/Versions/A/DebugSymbols
0x000000000c6a4000 	/System/Library/PrivateFrameworks/CoreSymbolication.framework/Versions/A/CoreSymbolication
0x000000000c6a4000 	/System/Library/PrivateFrameworks/Symbolication.framework/Versions/A/Symbolication
0x000000000c6a4000 	/System/Library/PrivateFrameworks/SpeechRecognitionCore.framework/Versions/A/SpeechRecognitionCore
0x0000000102c00000 	/Library/Java/JavaVirtualMachines/jdk1.8.0_60.jdk/Contents/Home/jre/lib/server/libjvm.dylib
0x000000000c6a4000 	/usr/lib/libstdc++.6.dylib
0x00000001023cb000 	/Library/Java/JavaVirtualMachines/jdk1.8.0_60.jdk/Contents/Home/jre/lib/libverify.dylib
0x0000000103c8c000 	/Library/Java/JavaVirtualMachines/jdk1.8.0_60.jdk/Contents/Home/jre/lib/libjava.dylib
0x00000001023e3000 	/Library/Java/JavaVirtualMachines/jdk1.8.0_60.jdk/Contents/Home/jre/lib/libzip.dylib
0x0000000119d38000 	/System/Library/Frameworks/JavaVM.framework/Frameworks/JavaRuntimeSupport.framework/JavaRuntimeSupport
0x0000000119d53000 	/System/Library/Frameworks/JavaVM.framework/Versions/A/Frameworks/JavaNativeFoundation.framework/Versions/A/JavaNativeFoundation
0x00000001023ed000 	/System/Library/Frameworks/JavaVM.framework/Versions/A/JavaVM
0x000000000c6a4000 	/System/Library/Frameworks/Carbon.framework/Versions/A/Carbon
0x0000000119d68000 	/System/Library/PrivateFrameworks/JavaLaunching.framework/Versions/A/JavaLaunching
0x000000000c6a4000 	/System/Library/Frameworks/Carbon.framework/Versions/A/Frameworks/CommonPanels.framework/Versions/A/CommonPanels
0x000000000c6a4000 	/System/Library/Frameworks/Carbon.framework/Versions/A/Frameworks/Help.framework/Versions/A/Help
0x000000000c6a4000 	/System/Library/Frameworks/Carbon.framework/Versions/A/Frameworks/ImageCapture.framework/Versions/A/ImageCapture
0x000000000c6a4000 	/System/Library/Frameworks/Carbon.framework/Versions/A/Frameworks/OpenScripting.framework/Versions/A/OpenScripting
0x000000000c6a4000 	/System/Library/Frameworks/Carbon.framework/Versions/A/Frameworks/Print.framework/Versions/A/Print
0x000000000c6a4000 	/System/Library/Frameworks/Carbon.framework/Versions/A/Frameworks/SecurityHI.framework/Versions/A/SecurityHI
0x000000011bcb3000 	/Library/Java/JavaVirtualMachines/jdk1.8.0_60.jdk/Contents/Home/jre/lib/libawt.dylib
0x000000011bd5b000 	/Library/Java/JavaVirtualMachines/jdk1.8.0_60.jdk/Contents/Home/jre/lib/./libmlib_image.dylib
0x000000011be27000 	/Library/Java/JavaVirtualMachines/jdk1.8.0_60.jdk/Contents/Home/jre/lib/libawt_lwawt.dylib
0x000000011bedc000 	/Library/Java/JavaVirtualMachines/jdk1.8.0_60.jdk/Contents/Home/jre/lib/./libosxapp.dylib
0x000000000c6a4000 	/System/Library/Frameworks/ExceptionHandling.framework/Versions/A/ExceptionHandling
0x000000000c6a4000 	/System/Library/PrivateFrameworks/CoreServicesInternal.framework/Versions/A/CoreServicesInternal
0x000000000c6a4000 	/System/Library/PrivateFrameworks/CloudDocs.framework/Versions/A/CloudDocs
0x000000000c6a4000 	/System/Library/PrivateFrameworks/CoreDuet.framework/Versions/A/CoreDuet
0x000000000c6a4000 	/System/Library/Frameworks/CloudKit.framework/Versions/A/CloudKit
0x000000000c6a4000 	/System/Library/PrivateFrameworks/ProtocolBuffer.framework/Versions/A/ProtocolBuffer
0x000000000c6a4000 	/System/Library/PrivateFrameworks/CoreDuetDaemonProtocol.framework/Versions/A/CoreDuetDaemonProtocol
0x000000000c6a4000 	/System/Library/PrivateFrameworks/CoreDuetDebugLogging.framework/Versions/A/CoreDuetDebugLogging
0x000000000c6a4000 	/System/Library/PrivateFrameworks/MMCS.framework/Versions/A/MMCS
0x000000000c6a4000 	/System/Library/Frameworks/CoreLocation.framework/Versions/A/CoreLocation
0x000000000c6a4000 	/System/Library/PrivateFrameworks/ProtectedCloudStorage.framework/Versions/A/ProtectedCloudStorage
0x000000000c6a4000 	/System/Library/PrivateFrameworks/GeoServices.framework/Versions/A/GeoServices
0x000000000c6a4000 	/System/Library/Frameworks/CoreGraphics.framework/Versions/A/Resources/libCGCMS.A.dylib
0x000000000c6a4000 	/System/Library/Frameworks/CoreGraphics.framework/Versions/A/Resources/libRIP.A.dylib
0x000000000c6a4000 	/System/Library/Frameworks/CoreGraphics.framework/Versions/A/Resources/libCGXType.A.dylib
0x000000000c6a4000 	/System/Library/Frameworks/OpenCL.framework/Versions/A/Libraries/libcldcpuengine.dylib
0x000000000c6a4000 	/System/Library/PrivateFrameworks/DiskImages.framework/Versions/A/DiskImages
0x000000000c6a4000 	/System/Library/Frameworks/DiscRecording.framework/Versions/A/DiscRecording
0x000000000c6a4000 	/usr/lib/libcsfde.dylib
0x000000000c6a4000 	/usr/lib/libcurl.4.dylib
0x000000000c6a4000 	/System/Library/PrivateFrameworks/MediaKit.framework/Versions/A/MediaKit
0x000000000c6a4000 	/usr/lib/libCoreStorage.dylib
0x000000000c6a4000 	/System/Library/PrivateFrameworks/EFILogin.framework/Versions/A/EFILogin
0x000000000c6a4000 	/usr/lib/libutil.dylib
0x000000000c6a4000 	/System/Library/PrivateFrameworks/FindMyDevice.framework/Versions/A/FindMyDevice
0x000000000c6a4000 	/System/Library/Frameworks/LDAP.framework/Versions/A/LDAP
0x000000000c6a4000 	/usr/lib/libsasl2.2.dylib
0x000000000c6a4000 	/System/Library/PrivateFrameworks/CoreDaemon.framework/Versions/B/CoreDaemon
0x000000000c6a4000 	/usr/lib/libcrypto.0.9.8.dylib
0x000000000c6a4000 	/System/Library/PrivateFrameworks/AppleSRP.framework/Versions/A/AppleSRP
0x000000000c6a4000 	/System/Library/PrivateFrameworks/TrustEvaluationAgent.framework/Versions/A/TrustEvaluationAgent
0x000000011f113000 	cl_kernels
0x000000011f115000 	/System/Library/Frameworks/OpenCL.framework/Versions/A/Libraries/ImageFormats/unorm8_bgra.dylib
0x000000011f105000 	cl_kernels
0x000000000c6a4000 	/System/Library/PrivateFrameworks/FamilyControls.framework/Versions/A/FamilyControls
0x000000000c6a4000 	/System/Library/PrivateFrameworks/CommerceKit.framework/Versions/A/Frameworks/CommerceCore.framework/Versions/A/CommerceCore
0x000000000c6a4000 	/System/Library/PrivateFrameworks/SystemAdministration.framework/Versions/A/SystemAdministration
0x000000000c6a4000 	/System/Library/PrivateFrameworks/AppContainer.framework/Versions/A/AppContainer
0x000000000c6a4000 	/System/Library/PrivateFrameworks/SecCodeWrapper.framework/Versions/A/SecCodeWrapper
0x000000000c6a4000 	/System/Library/Frameworks/DirectoryService.framework/Versions/A/DirectoryService
0x000000000c6a4000 	/System/Library/PrivateFrameworks/LoginUIKit.framework/Versions/A/Frameworks/LoginUICore.framework/Versions/A/LoginUICore
0x000000000c6a4000 	/usr/lib/libodfde.dylib
0x0000000120399000 	/Library/Java/JavaVirtualMachines/jdk1.8.0_60.jdk/Contents/Home/jre/lib/libfontmanager.dylib
0x0000000120400000 	/Users/Vincent/Documents/workspace/Dead's Mirror Slick/lib/native/macosx/liblwjgl.dylib
0x000000011e590000 	/Library/Java/JavaVirtualMachines/jdk1.8.0_60.jdk/Contents/Home/jre/lib/libjawt.dylib
0x000000000c6a4000 	/System/Library/Frameworks/OpenGL.framework/Versions/A/Resources/GLEngine.bundle/GLEngine
0x000000000c6a4000 	/System/Library/Frameworks/OpenGL.framework/Versions/A/Libraries/libGLProgrammability.dylib
0x0000000120482000 	/System/Library/Extensions/AppleIntelBDWGraphicsGLDriver.bundle/Contents/MacOS/AppleIntelBDWGraphicsGLDriver
0x000000000c6a4000 	/System/Library/PrivateFrameworks/IOAccelerator.framework/Versions/A/IOAccelerator
0x000000000c6a4000 	/System/Library/PrivateFrameworks/GPUSupport.framework/Versions/A/Libraries/libGPUSupportMercury.dylib
0x000000000c6a4000 	/System/Library/Frameworks/OpenGL.framework/Versions/A/Resources/GLRendererFloat.bundle/GLRendererFloat
0x00000001223b8000 	/Library/Java/JavaVirtualMachines/jdk1.8.0_60.jdk/Contents/Home/jre/lib/libnet.dylib
0x00000001225b2000 	/Library/Java/JavaVirtualMachines/jdk1.8.0_60.jdk/Contents/Home/jre/lib/libnio.dylib
0x000000000c6a4000 	/System/Library/Frameworks/ApplicationServices.framework/Versions/A/Frameworks/ATS.framework/Versions/A/Resources/libTrueTypeScaler.dylib
0x000000016e326000 	/Library/Java/JavaVirtualMachines/jdk1.8.0_60.jdk/Contents/Home/jre/lib/libt2k.dylib
0x000000016de2c000 	/Users/Vincent/Documents/workspace/Dead's Mirror Slick/lib/native/macosx/openal.dylib
0x000000016f374000 	/System/Library/Components/CoreAudio.component/Contents/MacOS/CoreAudio
0x0000000120b9f000 	/System/Library/Extensions/AppleHDA.kext/Contents/PlugIns/AppleHDAHALPlugIn.bundle/Contents/MacOS/AppleHDAHALPlugIn
0x000000016df39000 	/Library/Java/JavaVirtualMachines/jdk1.8.0_60.jdk/Contents/Home/jre/lib/libjpeg.dylib

VM Arguments:
jvm_args: -Djava.library.path=/Users/Vincent/Documents/workspace/Dead's Mirror Slick/lib/native/macosx -Dfile.encoding=UTF-8 
java_command: Principal.StateGame
java_class_path (initial): /Users/Vincent/Documents/workspace/Dead's Mirror Slick/bin:/Users/Vincent/Documents/workspace/Dead's Mirror Slick/lib/jar/lwjgl.jar:/Users/Vincent/Documents/workspace/Dead's Mirror Slick/lib/jar/slick.jar:/Users/Vincent/Documents/workspace/Dead's Mirror Slick/lib/jar/jogg-0.0.7.jar:/Users/Vincent/Documents/workspace/Dead's Mirror Slick/lib/jar/jorbis-0.0.15.jar:/Users/Vincent/Documents/workspace/Dead's Mirror Slick/lib/jar/lwjgl_util.jar:/Users/Vincent/Documents/workspace/Dead's Mirror Slick/lib/jar/slick-util.jar:/Users/Vincent/Documents/workspace/Dead's Mirror Slick/lib/jar/SlickUtils-1.3.jar
Launcher Type: SUN_STANDARD

Environment Variables:
PATH=/usr/bin:/bin:/usr/sbin:/sbin
SHELL=/bin/bash

Signal Handlers:
SIGSEGV: [libjvm.dylib+0x5a6d31], sa_mask[0]=11111111011111110111111111111111, sa_flags=SA_ONSTACK|SA_RESTART|SA_SIGINFO
SIGBUS: [libjvm.dylib+0x5a6d31], sa_mask[0]=11111111011111110111111111111111, sa_flags=SA_RESTART|SA_SIGINFO
SIGFPE: [libjvm.dylib+0x480a4c], sa_mask[0]=11111111011111110111111111111111, sa_flags=SA_RESTART|SA_SIGINFO
SIGPIPE: [libjvm.dylib+0x480a4c], sa_mask[0]=11111111011111110111111111111111, sa_flags=SA_RESTART|SA_SIGINFO
SIGXFSZ: [libjvm.dylib+0x480a4c], sa_mask[0]=11111111011111110111111111111111, sa_flags=SA_RESTART|SA_SIGINFO
SIGILL: [libjvm.dylib+0x480a4c], sa_mask[0]=11111111011111110111111111111111, sa_flags=SA_RESTART|SA_SIGINFO
SIGUSR1: SIG_DFL, sa_mask[0]=00000000000000000000000000000000, sa_flags=none
SIGUSR2: [libjvm.dylib+0x48056a], sa_mask[0]=00100000000000000000000000000000, sa_flags=SA_RESTART|SA_SIGINFO
SIGHUP: [libjvm.dylib+0x47eb41], sa_mask[0]=11111111011111110111111111111111, sa_flags=SA_RESTART|SA_SIGINFO
SIGINT: [libjvm.dylib+0x47eb41], sa_mask[0]=11111111011111110111111111111111, sa_flags=SA_RESTART|SA_SIGINFO
SIGTERM: [libjvm.dylib+0x47eb41], sa_mask[0]=11111111011111110111111111111111, sa_flags=SA_RESTART|SA_SIGINFO
SIGQUIT: [libjvm.dylib+0x47eb41], sa_mask[0]=11111111011111110111111111111111, sa_flags=SA_RESTART|SA_SIGINFO


---------------  S Y S T E M  ---------------

OS:Bsduname:Darwin 14.5.0 Darwin Kernel Version 14.5.0: Wed Jul 29 02:26:53 PDT 2015; root:xnu-2782.40.9~1/RELEASE_X86_64 x86_64
rlimit: STACK 8192k, CORE 0k, NPROC 709, NOFILE 10240, AS infinity
load average:2.50 2.16 2.05

CPU:total 4 (2 cores per cpu, 2 threads per core) family 6 model 61 stepping 4, cmov, cx8, fxsr, mmx, sse, sse2, sse3, ssse3, sse4.1, sse4.2, popcnt, avx, avx2, aes, clmul, erms, 3dnowpref, lzcnt, ht, tsc, tscinvbit, bmi1, bmi2, adx

Memory: 4k page, physical 8388608k(179472k free)

/proc/meminfo:


vm_info: Java HotSpot(TM) 64-Bit Server VM (25.60-b23) for bsd-amd64 JRE (1.8.0_60-b27), built on Aug  4 2015 10:47:24 by "java_re" with gcc 4.2.1 (Based on Apple Inc. build 5658) (LLVM build 2336.11.00)

time: Sun Jan 17 23:33:29 2016
elapsed time: 173 seconds (0d 0h 2m 53s)

