#
# A fatal error has been detected by the Java Runtime Environment:
#
#  SIGSEGV (0xb) at pc=0x00007fff983330dd, pid=1096, tid=1811
#
# JRE version: Java(TM) SE Runtime Environment (8.0_60-b27) (build 1.8.0_60-b27)
# Java VM: Java HotSpot(TM) 64-Bit Server VM (25.60-b23 mixed mode bsd-amd64 compressed oops)
# Problematic frame:
# C  [libobjc.A.dylib+0x10dd]  objc_msgSend+0x1d
#
# Failed to write core dump. Core dumps have been disabled. To enable core dumping, try "ulimit -c unlimited" before starting Java again
#
# If you would like to submit a bug report, please visit:
#   http://bugreport.java.com/bugreport/crash.jsp
# The crash happened outside the Java Virtual Machine in native code.
# See problematic frame for where to report the bug.
#

---------------  T H R E A D  ---------------

Current thread (0x00007ff16c116800):  JavaThread "AppKit Thread" daemon [_thread_in_native, id=1811, stack(0x00007fff5e223000,0x00007fff5ea23000)]

siginfo: si_signo: 11 (SIGSEGV), si_code: 1 (SEGV_MAPERR), si_addr: 0x0000000000000018

Registers:
RAX=0x00007ff16b69fdf0, RBX=0x00007fff5ea1e8d8, RCX=0x0000000000000000, RDX=0x00007ff16b594e00
RSP=0x00007fff5ea1e6f8, RBP=0x00007fff5ea1e700, RSI=0x00007fff910ea41e, RDI=0x00007ff16b69fdf0
R8 =0x00007fff5ea1e6e0, R9 =0x0000000000000062, R10=0x00007fff910ea41e, R11=0x0000000000000000
R12=0x00007ff16b60df00, R13=0x00000000000f4300, R14=0x00007ff16b40f510, R15=0x00007fff5ea1e838
RIP=0x00007fff983330dd, EFLAGS=0x0000000000010246, ERR=0x0000000000000004
  TRAPNO=0x000000000000000e

Top of Stack: (sp=0x00007fff5ea1e6f8)
0x00007fff5ea1e6f8:   00007fff8ceb045c 00007fff5ea1ea60
0x00007fff5ea1e708:   00007fff8cda0634 00007fff5ea1e78c
0x00007fff5ea1e718:   00007fff5ea1e790 00007fff5ea1e794
0x00007fff5ea1e728:   00007fff7d9a6e00 ffffffffffffffff
0x00007fff5ea1e738:   0000000000000930 00007fff7d9a6e18
0x00007fff5ea1e748:   00007ff16b40f510 0000000000000000
0x00007fff5ea1e758:   00007fff5ea1e830 0000000000000000
0x00007fff5ea1e768:   00007ff16b5a7f70 00007fff5ea1e8b0
0x00007fff5ea1e778:   0000000000000062 00000000000f4302
0x00007fff5ea1e788:   00007ff16b594e00 00007ff16b5a79a0
0x00007fff5ea1e798:   00007ff16b60df00 0000000000000001
0x00007fff5ea1e7a8:   00000000000f4300 00007ff16b60def0
0x00007fff5ea1e7b8:   00007fff93b91c05 000000017c78a070
0x00007fff5ea1e7c8:   00007fff7da6c0d0 0000000042000000
0x00007fff5ea1e7d8:   00007fff93b98e63 00007fff7d971240
0x00007fff5ea1e7e8:   00007fff5ea1e8b8 00007fff5ea1e810
0x00007fff5ea1e7f8:   00007fff5ea1e830 0000000000000000
0x00007fff5ea1e808:   0000000000000017 000384039835397a
0x00007fff5ea1e818:   00007ff16b60df24 0000000000000000
0x00007fff5ea1e828:   0000000000000000 00007ff16b5a7ff0
0x00007fff5ea1e838:   00007ff16b40f510 0000002000000000
0x00007fff5ea1e848:   0000000000000000 00007fff7da6c0d0
0x00007fff5ea1e858:   0000000042000000 00007fff93b984f8
0x00007fff5ea1e868:   00007fff7d971350 00007fff5ea1e7c8
0x00007fff5ea1e878:   0000000000000000 00007fff5ea1e948
0x00007fff5ea1e888:   00007fff7d2e7ea0 00007fff5ea1e980
0x00007fff5ea1e898:   00007fff9a7d8770 00007fff5ea1e930
0x00007fff5ea1e8a8:   00007fff9081e4ed 0000000000000051
0x00007fff5ea1e8b8:   0000000000000000 00000000000f42e2
0x00007fff5ea1e8c8:   0000000000000053 0000000000000000
0x00007fff5ea1e8d8:   00000000000f4300 00007fff5ea1e954
0x00007fff5ea1e8e8:   0000000000618701 00000000ffffffff 

Instructions: (pc=0x00007fff983330dd)
0x00007fff983330bd:   00 00 00 48 85 ff 2e 74 7a 40 f6 c7 01 2e 75 7e
0x00007fff983330cd:   49 bb f8 ff ff ff ff 7f 00 00 4c 23 1f 49 89 f2
0x00007fff983330dd:   45 23 53 18 49 c1 e2 04 4d 03 53 10 49 3b 32 75
0x00007fff983330ed:   04 41 ff 62 08 49 83 3a 00 74 6a 4d 3b 53 10 74 

Register to memory mapping:

RAX=0x00007ff16b69fdf0 is an unknown value
RBX=0x00007fff5ea1e8d8 is pointing into the stack for thread: 0x00007ff16c116800
RCX=0x0000000000000000 is an unknown value
RDX=0x00007ff16b594e00 is an unknown value
RSP=0x00007fff5ea1e6f8 is pointing into the stack for thread: 0x00007ff16c116800
RBP=0x00007fff5ea1e700 is pointing into the stack for thread: 0x00007ff16c116800
RSI=0x00007fff910ea41e: -[NSTitlebarContainerView transparent]+0x5e312 in /System/Library/Frameworks/AppKit.framework/Versions/C/AppKit at 0x00007fff906e9000
RDI=0x00007ff16b69fdf0 is an unknown value
R8 =0x00007fff5ea1e6e0 is pointing into the stack for thread: 0x00007ff16c116800
R9 =0x0000000000000062 is an unknown value
R10=0x00007fff910ea41e: -[NSTitlebarContainerView transparent]+0x5e312 in /System/Library/Frameworks/AppKit.framework/Versions/C/AppKit at 0x00007fff906e9000
R11=0x0000000000000000 is an unknown value
R12=0x00007ff16b60df00 is an unknown value
R13=0x00000000000f4300 is an unknown value
R14=0x00007ff16b40f510 is an unknown value
R15=0x00007fff5ea1e838 is pointing into the stack for thread: 0x00007ff16c116800


Stack: [0x00007fff5e223000,0x00007fff5ea23000],  sp=0x00007fff5ea1e6f8,  free space=8173k
Native frames: (J=compiled Java code, j=interpreted, Vv=VM code, C=native code)
C  [libobjc.A.dylib+0x10dd]  objc_msgSend+0x1d
C  [CoreFoundation+0x10634]  _CFXNotificationPost+0xc44
C  [Foundation+0x7aa1]  -[NSNotificationCenter postNotificationName:object:userInfo:]+0x42
C  [AppKit+0x439c2]  -[NSSurface _disposeSurface]+0x98
C  [AppKit+0x43426]  -[NSSurface setWindow:]+0x42
C  [AppKit+0x33910]  -[NSView _setWindow:]+0xa33
C  [AppKit+0x6af91]  -[NSView removeFromSuperview]+0x1c5
C  [AppKit+0x14bd99]  -[NSView removeFromSuperviewWithoutNeedingDisplay]+0x26
C  [liblwjgl.dylib+0xa205]  +[MacOSXKeyableWindow destroyWindow]+0xb5
C  [Foundation+0x92dd0]  __NSThreadPerformPerform+0x125
C  [CoreFoundation+0x80a01]  __CFRUNLOOP_IS_CALLING_OUT_TO_A_SOURCE0_PERFORM_FUNCTION__+0x11
C  [CoreFoundation+0x72b8d]  __CFRunLoopDoSources0+0x10d
C  [CoreFoundation+0x721bf]  __CFRunLoopRun+0x39f
C  [CoreFoundation+0x71bd8]  CFRunLoopRunSpecific+0x128
C  [HIToolbox+0x3256f]  RunCurrentEventLoopInMode+0xeb
C  [HIToolbox+0x321ee]  ReceiveNextEventCommon+0xb3
C  [HIToolbox+0x3212b]  _BlockUntilNextEventMatchingListInModeWithFilter+0x47
C  [AppKit+0x918ab]  _DPSNextEvent+0x3d2
C  [AppKit+0x90e58]  -[NSApplication nextEventMatchingMask:untilDate:inMode:dequeue:]+0x15a
C  [libosxapp.dylib+0x23aa]  -[NSApplicationAWT nextEventMatchingMask:untilDate:inMode:dequeue:]+0x7c
C  [AppKit+0x86af3]  -[NSApplication run]+0x252
C  [libosxapp.dylib+0x214d]  +[NSApplicationAWT runAWTLoopWithApp:]+0x9c
C  [libawt_lwawt.dylib+0x44517]  -[AWTStarter starter:]+0x389
C  [Foundation+0x92dd0]  __NSThreadPerformPerform+0x125
C  [CoreFoundation+0x80a01]  __CFRUNLOOP_IS_CALLING_OUT_TO_A_SOURCE0_PERFORM_FUNCTION__+0x11
C  [CoreFoundation+0x72b8d]  __CFRunLoopDoSources0+0x10d
C  [CoreFoundation+0x721bf]  __CFRunLoopRun+0x39f
C  [CoreFoundation+0x71bd8]  CFRunLoopRunSpecific+0x128
C  [java+0x6463]  CreateExecutionEnvironment+0x367
C  [java+0x21ac]  JLI_Launch+0x7a0
C  [java+0x84c0]  main+0x65
C  [java+0x1a04]  start+0x34
C  0x0000000000000006


---------------  P R O C E S S  ---------------

Java Threads: ( => current thread )
  0x00007ff16d4b7000 JavaThread "AWT-Shutdown" [_thread_blocked, id=21299, stack(0x000000022e28b000,0x000000022e38b000)]
  0x00007ff16c27b800 JavaThread "Java2D Disposer" daemon [_thread_blocked, id=50223, stack(0x00000001e130b000,0x00000001e140b000)]
  0x00007ff16c28d800 JavaThread "Java2D Queue Flusher" daemon [_thread_blocked, id=50951, stack(0x00000001e09e5000,0x00000001e0ae5000)]
=>0x00007ff16c116800 JavaThread "AppKit Thread" daemon [_thread_in_native, id=1811, stack(0x00007fff5e223000,0x00007fff5ea23000)]
  0x00007ff16d033800 JavaThread "Service Thread" daemon [_thread_blocked, id=17923, stack(0x00000001daafd000,0x00000001dabfd000)]
  0x00007ff16b811000 JavaThread "C1 CompilerThread2" daemon [_thread_blocked, id=17411, stack(0x00000001da9fa000,0x00000001daafa000)]
  0x00007ff16b810000 JavaThread "C2 CompilerThread1" daemon [_thread_blocked, id=16899, stack(0x00000001da8f7000,0x00000001da9f7000)]
  0x00007ff16b80e000 JavaThread "C2 CompilerThread0" daemon [_thread_blocked, id=16387, stack(0x00000001da7f4000,0x00000001da8f4000)]
  0x00007ff16b806000 JavaThread "Signal Dispatcher" daemon [_thread_blocked, id=12307, stack(0x00000001da6f1000,0x00000001da7f1000)]
  0x00007ff16c03e000 JavaThread "Finalizer" daemon [_thread_blocked, id=11523, stack(0x00000001d8d65000,0x00000001d8e65000)]
  0x00007ff16d001000 JavaThread "Reference Handler" daemon [_thread_blocked, id=11011, stack(0x00000001d8c62000,0x00000001d8d62000)]
  0x00007ff16d002000 JavaThread "main" [_thread_in_native, id=4867, stack(0x00000001012f4000,0x00000001013f4000)]

Other Threads:
  0x00007ff16c800800 VMThread [stack: 0x00000001d8b5f000,0x00000001d8c5f000] [id=10499]
  0x00007ff16c053800 WatcherThread [stack: 0x00000001dac00000,0x00000001dad00000] [id=18435]

VM state:not at safepoint (normal execution)

VM Mutex/Monitor currently owned by a thread: None

Heap:
 PSYoungGen      total 40960K, used 5174K [0x0000000167780000, 0x000000016a900000, 0x0000000192200000)
  eden space 32256K, 16% used [0x0000000167780000,0x0000000167c8d8e0,0x0000000169700000)
  from space 8704K, 0% used [0x000000016a080000,0x000000016a080000,0x000000016a900000)
  to   space 9216K, 0% used [0x0000000169700000,0x0000000169700000,0x000000016a000000)
 ParOldGen       total 69632K, used 8796K [0x0000000112200000, 0x0000000116600000, 0x0000000167780000)
  object space 69632K, 12% used [0x0000000112200000,0x0000000112a971c0,0x0000000116600000)
 Metaspace       used 12682K, capacity 12865K, committed 13184K, reserved 1060864K
  class space    used 1312K, capacity 1375K, committed 1408K, reserved 1048576K

Card table byte_map: [0x0000000192200000,0x0000000192601000] byte_map_base: 0x000000019196f000

Marking Bits: (ParMarkBitMap*) 0x00000001024dee20
 Begin Bits: [0x0000000192cb8000, 0x0000000194cb8000)
 End Bits:   [0x0000000194cb8000, 0x0000000196cb8000)

Polling page: 0x00000001013f6000

CodeCache: size=245760Kb used=7144Kb max_used=7242Kb free=238615Kb
 bounds [0x0000000102bd5000, 0x0000000103315000, 0x0000000111bd5000]
 total_blobs=2252 nmethods=1681 adapters=484
 compilation: enabled

Compilation events (10 events):
Event: 40.651 Thread 0x00007ff16b810000 1776   !   4       org.lwjgl.opengl.Display::processMessages (44 bytes)
Event: 40.687 Thread 0x00007ff16b810000 nmethod 1776 0x0000000102e93b10 code [0x0000000102e93e40, 0x0000000102e95be0]
Event: 41.426 Thread 0x00007ff16b811000 1777       3       java.util.concurrent.locks.ReentrantLock$Sync::nonfairTryAcquire (67 bytes)
Event: 41.427 Thread 0x00007ff16b811000 nmethod 1777 0x0000000102d0d6d0 code [0x0000000102d0d880, 0x0000000102d0dfa8]
Event: 62.067 Thread 0x00007ff16b811000 1778   !   3       org.lwjgl.input.Mouse::getEventButton (17 bytes)
Event: 62.068 Thread 0x00007ff16b811000 nmethod 1778 0x0000000102e5f2d0 code [0x0000000102e5f440, 0x0000000102e5f6b0]
Event: 63.210 Thread 0x00007ff16b811000 1779   !   3       org.lwjgl.opengl.Display::processMessages (44 bytes)
Event: 63.211 Thread 0x00007ff16b811000 nmethod 1779 0x0000000102f4f350 code [0x0000000102f4f5e0, 0x0000000102f505e8]
Event: 65.328 Thread 0x00007ff16b810000 1780   !   4       org.lwjgl.input.Keyboard::poll (47 bytes)
Event: 65.349 Thread 0x00007ff16b810000 nmethod 1780 0x0000000102e05ad0 code [0x0000000102e05d00, 0x0000000102e06de8]

GC Heap History (10 events):
Event: 6.622 GC heap before
{Heap before GC invocations=4 (full 0):
 PSYoungGen      total 38400K, used 38206K [0x0000000167780000, 0x000000016a200000, 0x0000000192200000)
  eden space 33280K, 99% used [0x0000000167780000,0x00000001697e0148,0x0000000169800000)
  from space 5120K, 98% used [0x0000000169800000,0x0000000169cef6f8,0x0000000169d00000)
  to   space 5120K, 0% used [0x0000000169d00000,0x0000000169d00000,0x000000016a200000)
 ParOldGen       total 153600K, used 140177K [0x0000000112200000, 0x000000011b800000, 0x0000000167780000)
  object space 153600K, 91% used [0x0000000112200000,0x000000011aae45d8,0x000000011b800000)
 Metaspace       used 10665K, capacity 10817K, committed 11008K, reserved 1058816K
  class space    used 1125K, capacity 1183K, committed 1280K, reserved 1048576K
Event: 6.626 GC heap after
Heap after GC invocations=4 (full 0):
 PSYoungGen      total 38400K, used 3104K [0x0000000167780000, 0x000000016a200000, 0x0000000192200000)
  eden space 33280K, 0% used [0x0000000167780000,0x0000000167780000,0x0000000169800000)
  from space 5120K, 60% used [0x0000000169d00000,0x000000016a008010,0x000000016a200000)
  to   space 5120K, 0% used [0x0000000169800000,0x0000000169800000,0x0000000169d00000)
 ParOldGen       total 153600K, used 140185K [0x0000000112200000, 0x000000011b800000, 0x0000000167780000)
  object space 153600K, 91% used [0x0000000112200000,0x000000011aae65d8,0x000000011b800000)
 Metaspace       used 10665K, capacity 10817K, committed 11008K, reserved 1058816K
  class space    used 1125K, capacity 1183K, committed 1280K, reserved 1048576K
}
Event: 7.387 GC heap before
{Heap before GC invocations=5 (full 0):
 PSYoungGen      total 38400K, used 36384K [0x0000000167780000, 0x000000016a200000, 0x0000000192200000)
  eden space 33280K, 100% used [0x0000000167780000,0x0000000169800000,0x0000000169800000)
  from space 5120K, 60% used [0x0000000169d00000,0x000000016a008010,0x000000016a200000)
  to   space 5120K, 0% used [0x0000000169800000,0x0000000169800000,0x0000000169d00000)
 ParOldGen       total 153600K, used 140185K [0x0000000112200000, 0x000000011b800000, 0x0000000167780000)
  object space 153600K, 91% used [0x0000000112200000,0x000000011aae65d8,0x000000011b800000)
 Metaspace       used 12319K, capacity 12481K, committed 12672K, reserved 1060864K
  class space    used 1301K, capacity 1375K, committed 1408K, reserved 1048576K
Event: 7.394 GC heap after
Heap after GC invocations=5 (full 0):
 PSYoungGen      total 37888K, used 5088K [0x0000000167780000, 0x000000016a980000, 0x0000000192200000)
  eden space 32768K, 0% used [0x0000000167780000,0x0000000167780000,0x0000000169780000)
  from space 5120K, 99% used [0x0000000169800000,0x0000000169cf8030,0x0000000169d00000)
  to   space 9216K, 0% used [0x000000016a080000,0x000000016a080000,0x000000016a980000)
 ParOldGen       total 153600K, used 142494K [0x0000000112200000, 0x000000011b800000, 0x0000000167780000)
  object space 153600K, 92% used [0x0000000112200000,0x000000011ad27968,0x000000011b800000)
 Metaspace       used 12319K, capacity 12481K, committed 12672K, reserved 1060864K
  class space    used 1301K, capacity 1375K, committed 1408K, reserved 1048576K
}
Event: 7.394 GC heap before
{Heap before GC invocations=6 (full 1):
 PSYoungGen      total 37888K, used 5088K [0x0000000167780000, 0x000000016a980000, 0x0000000192200000)
  eden space 32768K, 0% used [0x0000000167780000,0x0000000167780000,0x0000000169780000)
  from space 5120K, 99% used [0x0000000169800000,0x0000000169cf8030,0x0000000169d00000)
  to   space 9216K, 0% used [0x000000016a080000,0x000000016a080000,0x000000016a980000)
 ParOldGen       total 153600K, used 142494K [0x0000000112200000, 0x000000011b800000, 0x0000000167780000)
  object space 153600K, 92% used [0x0000000112200000,0x000000011ad27968,0x000000011b800000)
 Metaspace       used 12319K, capacity 12481K, committed 12672K, reserved 1060864K
  class space    used 1301K, capacity 1375K, committed 1408K, reserved 1048576K
Event: 7.432 GC heap after
Heap after GC invocations=6 (full 1):
 PSYoungGen      total 37888K, used 0K [0x0000000167780000, 0x000000016a980000, 0x0000000192200000)
  eden space 32768K, 0% used [0x0000000167780000,0x0000000167780000,0x0000000169780000)
  from space 5120K, 0% used [0x0000000169800000,0x0000000169800000,0x0000000169d00000)
  to   space 9216K, 0% used [0x000000016a080000,0x000000016a080000,0x000000016a980000)
 ParOldGen       total 68608K, used 7984K [0x0000000112200000, 0x0000000116500000, 0x0000000167780000)
  object space 68608K, 11% used [0x0000000112200000,0x00000001129cc1f0,0x0000000116500000)
 Metaspace       used 12319K, capacity 12481K, committed 12672K, reserved 1060864K
  class space    used 1301K, capacity 1375K, committed 1408K, reserved 1048576K
}
Event: 8.149 GC heap before
{Heap before GC invocations=7 (full 1):
 PSYoungGen      total 37888K, used 32768K [0x0000000167780000, 0x000000016a980000, 0x0000000192200000)
  eden space 32768K, 100% used [0x0000000167780000,0x0000000169780000,0x0000000169780000)
  from space 5120K, 0% used [0x0000000169800000,0x0000000169800000,0x0000000169d00000)
  to   space 9216K, 0% used [0x000000016a080000,0x000000016a080000,0x000000016a980000)
 ParOldGen       total 68608K, used 7984K [0x0000000112200000, 0x0000000116500000, 0x0000000167780000)
  object space 68608K, 11% used [0x0000000112200000,0x00000001129cc1f0,0x0000000116500000)
 Metaspace       used 12441K, capacity 12609K, committed 12928K, reserved 1060864K
  class space    used 1309K, capacity 1375K, committed 1408K, reserved 1048576K
Event: 8.152 GC heap after
Heap after GC invocations=7 (full 1):
 PSYoungGen      total 40960K, used 4614K [0x0000000167780000, 0x000000016a900000, 0x0000000192200000)
  eden space 32256K, 0% used [0x0000000167780000,0x0000000167780000,0x0000000169700000)
  from space 8704K, 53% used [0x000000016a080000,0x000000016a501980,0x000000016a900000)
  to   space 9216K, 0% used [0x0000000169700000,0x0000000169700000,0x000000016a000000)
 ParOldGen       total 68608K, used 7992K [0x0000000112200000, 0x0000000116500000, 0x0000000167780000)
  object space 68608K, 11% used [0x0000000112200000,0x00000001129ce1f0,0x0000000116500000)
 Metaspace       used 12441K, capacity 12609K, committed 12928K, reserved 1060864K
  class space    used 1309K, capacity 1375K, committed 1408K, reserved 1048576K
}
Event: 27.307 GC heap before
{Heap before GC invocations=8 (full 2):
 PSYoungGen      total 40960K, used 36870K [0x0000000167780000, 0x000000016a900000, 0x0000000192200000)
  eden space 32256K, 100% used [0x0000000167780000,0x0000000169700000,0x0000000169700000)
  from space 8704K, 53% used [0x000000016a080000,0x000000016a501980,0x000000016a900000)
  to   space 9216K, 0% used [0x0000000169700000,0x0000000169700000,0x000000016a000000)
 ParOldGen       total 174592K, used 162312K [0x0000000112200000, 0x000000011cc80000, 0x0000000167780000)
  object space 174592K, 92% used [0x0000000112200000,0x000000011c0821a0,0x000000011cc80000)
 Metaspace       used 12649K, capacity 12801K, committed 12928K, reserved 1060864K
  class space    used 1310K, capacity 1375K, committed 1408K, reserved 1048576K
Event: 27.331 GC heap after
Heap after GC invocations=8 (full 2):
 PSYoungGen      total 40960K, used 0K [0x0000000167780000, 0x000000016a900000, 0x0000000192200000)
  eden space 32256K, 0% used [0x0000000167780000,0x0000000167780000,0x0000000169700000)
  from space 8704K, 0% used [0x000000016a080000,0x000000016a080000,0x000000016a900000)
  to   space 9216K, 0% used [0x0000000169700000,0x0000000169700000,0x000000016a000000)
 ParOldGen       total 69632K, used 8796K [0x0000000112200000, 0x0000000116600000, 0x0000000167780000)
  object space 69632K, 12% used [0x0000000112200000,0x0000000112a971c0,0x0000000116600000)
 Metaspace       used 12649K, capacity 12801K, committed 12928K, reserved 1060864K
  class space    used 1310K, capacity 1375K, committed 1408K, reserved 1048576K
}

Deoptimization events (10 events):
Event: 29.013 Thread 0x00007ff16d002000 Uncommon trap: reason=class_check action=maybe_recompile pc=0x0000000102ee6b08 method=org.newdawn.slick.state.StateBasedGame.update(Lorg/newdawn/slick/GameContainer;I)V @ 121
Event: 29.016 Thread 0x00007ff16d002000 Uncommon trap: reason=class_check action=maybe_recompile pc=0x0000000102ee6b08 method=org.newdawn.slick.state.StateBasedGame.update(Lorg/newdawn/slick/GameContainer;I)V @ 121
Event: 29.019 Thread 0x00007ff16d002000 Uncommon trap: reason=class_check action=maybe_recompile pc=0x0000000102e5ec4c method=org.newdawn.slick.state.StateBasedGame.update(Lorg/newdawn/slick/GameContainer;I)V @ 121
Event: 30.004 Thread 0x00007ff16d002000 Uncommon trap: reason=bimorphic action=maybe_recompile pc=0x0000000102cf6aa0 method=org.newdawn.slick.state.StateBasedGame.update(Lorg/newdawn/slick/GameContainer;I)V @ 154
Event: 30.007 Thread 0x00007ff16d002000 Uncommon trap: reason=bimorphic action=maybe_recompile pc=0x0000000102cf6aa0 method=org.newdawn.slick.state.StateBasedGame.update(Lorg/newdawn/slick/GameContainer;I)V @ 154
Event: 30.010 Thread 0x00007ff16d002000 Uncommon trap: reason=bimorphic action=maybe_recompile pc=0x0000000102cf6aa0 method=org.newdawn.slick.state.StateBasedGame.update(Lorg/newdawn/slick/GameContainer;I)V @ 154
Event: 30.013 Thread 0x00007ff16d002000 Uncommon trap: reason=bimorphic action=maybe_recompile pc=0x0000000102cf6aa0 method=org.newdawn.slick.state.StateBasedGame.update(Lorg/newdawn/slick/GameContainer;I)V @ 154
Event: 35.002 Thread 0x00007ff16d002000 Uncommon trap: reason=unstable_if action=reinterpret pc=0x0000000102ec2c70 method=package1.Chargement.render(Lorg/newdawn/slick/GameContainer;Lorg/newdawn/slick/state/StateBasedGame;Lorg/newdawn/slick/Graphics;)V @ 54
Event: 62.878 Thread 0x00007ff16d002000 Uncommon trap: reason=unstable_if action=reinterpret pc=0x0000000102e9533c method=org.lwjgl.opengl.MacOSXDisplay.update()V @ 86
Event: 66.087 Thread 0x00007ff16d002000 Uncommon trap: reason=unstable_if action=reinterpret pc=0x00000001032c56cc method=org.newdawn.slick.AppGameContainer.gameLoop()V @ 60

Internal exceptions (10 events):
Event: 0.759 Thread 0x00007ff16d002000 Exception <a 'java/io/FileNotFoundException'> (0x0000000167c22a50) thrown at [/Users/java_re/workspace/8-2-build-macosx-x86_64/jdk8u60/4407/hotspot/src/share/vm/prims/jni.cpp, line 709]
Event: 0.759 Thread 0x00007ff16d002000 Exception <a 'java/io/FileNotFoundException'> (0x0000000167c235a0) thrown at [/Users/java_re/workspace/8-2-build-macosx-x86_64/jdk8u60/4407/hotspot/src/share/vm/prims/jni.cpp, line 709]
Event: 1.144 Thread 0x00007ff16d002000 Exception <a 'java/lang/NoClassDefFoundError': net/java/games/input/ControllerEnvironment> (0x000000016811b468) thrown at [/Users/java_re/workspace/8-2-build-macosx-x86_64/jdk8u60/4407/hotspot/src/share/vm/classfile/systemDictionary.cpp, line 199]
Event: 4.855 Thread 0x00007ff16d002000 Exception <a 'java/security/PrivilegedActionException'> (0x0000000168d1ed68) thrown at [/Users/java_re/workspace/8-2-build-macosx-x86_64/jdk8u60/4407/hotspot/src/share/vm/prims/jvm.cpp, line 1386]
Event: 4.855 Thread 0x00007ff16d002000 Exception <a 'java/security/PrivilegedActionException'> (0x0000000168d20950) thrown at [/Users/java_re/workspace/8-2-build-macosx-x86_64/jdk8u60/4407/hotspot/src/share/vm/prims/jvm.cpp, line 1386]
Event: 4.855 Thread 0x00007ff16d002000 Exception <a 'java/security/PrivilegedActionException'> (0x0000000168d21a70) thrown at [/Users/java_re/workspace/8-2-build-macosx-x86_64/jdk8u60/4407/hotspot/src/share/vm/prims/jvm.cpp, line 1386]
Event: 4.856 Thread 0x00007ff16d002000 Exception <a 'java/security/PrivilegedActionException'> (0x0000000168d26b90) thrown at [/Users/java_re/workspace/8-2-build-macosx-x86_64/jdk8u60/4407/hotspot/src/share/vm/prims/jvm.cpp, line 1386]
Event: 4.856 Thread 0x00007ff16d002000 Exception <a 'java/security/PrivilegedActionException'> (0x0000000168d277e8) thrown at [/Users/java_re/workspace/8-2-build-macosx-x86_64/jdk8u60/4407/hotspot/src/share/vm/prims/jvm.cpp, line 1386]
Event: 4.856 Thread 0x00007ff16d002000 Exception <a 'java/security/PrivilegedActionException'> (0x0000000168d28410) thrown at [/Users/java_re/workspace/8-2-build-macosx-x86_64/jdk8u60/4407/hotspot/src/share/vm/prims/jvm.cpp, line 1386]
Event: 6.422 Thread 0x00007ff16d002000 Implicit null exception at 0x0000000102fe297f to 0x0000000102fe3135

Events (10 events):
Event: 64.138 Executing VM operation: RevokeBias done
Event: 64.138 Thread 0x00007ff16d4b7000 Thread exited: 0x00007ff16d4b7000
Event: 64.368 Thread 0x00007ff16d4b7000 Thread added: 0x00007ff16d4b7000
Event: 65.349 Thread 0x00007ff16b810000 flushing nmethod 0x0000000102ce4cd0
Event: 65.349 Thread 0x00007ff16b810000 flushing nmethod 0x0000000102cf2210
Event: 66.087 Thread 0x00007ff16d002000 Uncommon trap: trap_request=0xffffff65 fr.pc=0x00000001032c56cc
Event: 66.087 Thread 0x00007ff16d002000 DEOPT PACKING pc=0x00000001032c56cc sp=0x00000001013f3830
Event: 66.087 Thread 0x00007ff16d002000 DEOPT UNPACKING pc=0x0000000102bda229 sp=0x00000001013f3808 mode 2
Event: 66.096 loading class org/lwjgl/opengl/CallbackUtil
Event: 66.096 loading class org/lwjgl/opengl/CallbackUtil done


Dynamic libraries:
0x000000000c6a4000 	/System/Library/Frameworks/Cocoa.framework/Versions/A/Cocoa
0x000000000c6a4000 	/System/Library/Frameworks/Security.framework/Versions/A/Security
0x000000000c6a4000 	/System/Library/Frameworks/ApplicationServices.framework/Versions/A/ApplicationServices
0x000000000c6a4000 	/usr/lib/libz.1.dylib
0x000000000c6a4000 	/usr/lib/libSystem.B.dylib
0x000000000c6a4000 	/usr/lib/libobjc.A.dylib
0x000000000c6a4000 	/System/Library/Frameworks/CoreFoundation.framework/Versions/A/CoreFoundation
0x000000000c6a4000 	/System/Library/Frameworks/Foundation.framework/Versions/C/Foundation
0x000000000c6a4000 	/System/Library/Frameworks/AppKit.framework/Versions/C/AppKit
0x000000000c6a4000 	/System/Library/Frameworks/CoreData.framework/Versions/A/CoreData
0x000000000c6a4000 	/System/Library/PrivateFrameworks/RemoteViewServices.framework/Versions/A/RemoteViewServices
0x000000000c6a4000 	/System/Library/PrivateFrameworks/UIFoundation.framework/Versions/A/UIFoundation
0x000000000c6a4000 	/System/Library/Frameworks/IOSurface.framework/Versions/A/IOSurface
0x000000000c6a4000 	/System/Library/Frameworks/AudioToolbox.framework/Versions/A/AudioToolbox
0x000000000c6a4000 	/System/Library/Frameworks/AudioUnit.framework/Versions/A/AudioUnit
0x000000000c6a4000 	/System/Library/PrivateFrameworks/DataDetectorsCore.framework/Versions/A/DataDetectorsCore
0x000000000c6a4000 	/System/Library/PrivateFrameworks/DesktopServicesPriv.framework/Versions/A/DesktopServicesPriv
0x000000000c6a4000 	/System/Library/Frameworks/Carbon.framework/Versions/A/Frameworks/HIToolbox.framework/Versions/A/HIToolbox
0x000000000c6a4000 	/System/Library/Frameworks/QuartzCore.framework/Versions/A/QuartzCore
0x000000000c6a4000 	/System/Library/Frameworks/Carbon.framework/Versions/A/Frameworks/SpeechRecognition.framework/Versions/A/SpeechRecognition
0x000000000c6a4000 	/usr/lib/libauto.dylib
0x000000000c6a4000 	/usr/lib/libicucore.A.dylib
0x000000000c6a4000 	/usr/lib/libxml2.2.dylib
0x000000000c6a4000 	/System/Library/PrivateFrameworks/CoreUI.framework/Versions/A/CoreUI
0x000000000c6a4000 	/System/Library/Frameworks/CoreAudio.framework/Versions/A/CoreAudio
0x000000000c6a4000 	/System/Library/Frameworks/DiskArbitration.framework/Versions/A/DiskArbitration
0x000000000c6a4000 	/usr/lib/liblangid.dylib
0x000000000c6a4000 	/System/Library/PrivateFrameworks/MultitouchSupport.framework/Versions/A/MultitouchSupport
0x000000000c6a4000 	/System/Library/Frameworks/IOKit.framework/Versions/A/IOKit
0x000000000c6a4000 	/usr/lib/libDiagnosticMessagesClient.dylib
0x000000000c6a4000 	/System/Library/Frameworks/CoreServices.framework/Versions/A/CoreServices
0x000000000c6a4000 	/System/Library/PrivateFrameworks/PerformanceAnalysis.framework/Versions/A/PerformanceAnalysis
0x000000000c6a4000 	/System/Library/PrivateFrameworks/GenerationalStorage.framework/Versions/A/GenerationalStorage
0x000000000c6a4000 	/System/Library/Frameworks/OpenGL.framework/Versions/A/OpenGL
0x000000000c6a4000 	/System/Library/PrivateFrameworks/Sharing.framework/Versions/A/Sharing
0x000000000c6a4000 	/System/Library/Frameworks/CoreGraphics.framework/Versions/A/CoreGraphics
0x000000000c6a4000 	/System/Library/Frameworks/CoreText.framework/Versions/A/CoreText
0x000000000c6a4000 	/System/Library/Frameworks/ImageIO.framework/Versions/A/ImageIO
0x000000000c6a4000 	/usr/lib/libextension.dylib
0x000000000c6a4000 	/System/Library/PrivateFrameworks/Backup.framework/Versions/A/Backup
0x000000000c6a4000 	/usr/lib/libarchive.2.dylib
0x000000000c6a4000 	/System/Library/Frameworks/CFNetwork.framework/Versions/A/CFNetwork
0x000000000c6a4000 	/System/Library/Frameworks/SystemConfiguration.framework/Versions/A/SystemConfiguration
0x000000000c6a4000 	/usr/lib/libCRFSuite.dylib
0x000000000c6a4000 	/usr/lib/libc++.1.dylib
0x000000000c6a4000 	/usr/lib/libc++abi.dylib
0x000000000c6a4000 	/usr/lib/system/libcache.dylib
0x000000000c6a4000 	/usr/lib/system/libcommonCrypto.dylib
0x000000000c6a4000 	/usr/lib/system/libcompiler_rt.dylib
0x000000000c6a4000 	/usr/lib/system/libcopyfile.dylib
0x000000000c6a4000 	/usr/lib/system/libcorecrypto.dylib
0x000000000c6a4000 	/usr/lib/system/libdispatch.dylib
0x000000000c6a4000 	/usr/lib/system/libdyld.dylib
0x000000000c6a4000 	/usr/lib/system/libkeymgr.dylib
0x000000000c6a4000 	/usr/lib/system/liblaunch.dylib
0x000000000c6a4000 	/usr/lib/system/libmacho.dylib
0x000000000c6a4000 	/usr/lib/system/libquarantine.dylib
0x000000000c6a4000 	/usr/lib/system/libremovefile.dylib
0x000000000c6a4000 	/usr/lib/system/libsystem_asl.dylib
0x000000000c6a4000 	/usr/lib/system/libsystem_blocks.dylib
0x000000000c6a4000 	/usr/lib/system/libsystem_c.dylib
0x000000000c6a4000 	/usr/lib/system/libsystem_configuration.dylib
0x000000000c6a4000 	/usr/lib/system/libsystem_coreservices.dylib
0x000000000c6a4000 	/usr/lib/system/libsystem_coretls.dylib
0x000000000c6a4000 	/usr/lib/system/libsystem_dnssd.dylib
0x000000000c6a4000 	/usr/lib/system/libsystem_info.dylib
0x000000000c6a4000 	/usr/lib/system/libsystem_kernel.dylib
0x000000000c6a4000 	/usr/lib/system/libsystem_m.dylib
0x000000000c6a4000 	/usr/lib/system/libsystem_malloc.dylib
0x000000000c6a4000 	/usr/lib/system/libsystem_network.dylib
0x000000000c6a4000 	/usr/lib/system/libsystem_networkextension.dylib
0x000000000c6a4000 	/usr/lib/system/libsystem_notify.dylib
0x000000000c6a4000 	/usr/lib/system/libsystem_platform.dylib
0x000000000c6a4000 	/usr/lib/system/libsystem_pthread.dylib
0x000000000c6a4000 	/usr/lib/system/libsystem_sandbox.dylib
0x000000000c6a4000 	/usr/lib/system/libsystem_secinit.dylib
0x000000000c6a4000 	/usr/lib/system/libsystem_stats.dylib
0x000000000c6a4000 	/usr/lib/system/libsystem_trace.dylib
0x000000000c6a4000 	/usr/lib/system/libunc.dylib
0x000000000c6a4000 	/usr/lib/system/libunwind.dylib
0x000000000c6a4000 	/usr/lib/system/libxpc.dylib
0x000000000c6a4000 	/usr/lib/libbz2.1.0.dylib
0x000000000c6a4000 	/usr/lib/liblzma.5.dylib
0x000000000c6a4000 	/usr/lib/libbsm.0.dylib
0x000000000c6a4000 	/usr/lib/libsqlite3.dylib
0x000000000c6a4000 	/usr/lib/system/libkxld.dylib
0x000000000c6a4000 	/usr/lib/libxar.1.dylib
0x000000000c6a4000 	/usr/lib/libpam.2.dylib
0x000000000c6a4000 	/usr/lib/libOpenScriptingUtil.dylib
0x000000000c6a4000 	/System/Library/Frameworks/CoreServices.framework/Versions/A/Frameworks/FSEvents.framework/Versions/A/FSEvents
0x000000000c6a4000 	/System/Library/Frameworks/CoreServices.framework/Versions/A/Frameworks/CarbonCore.framework/Versions/A/CarbonCore
0x000000000c6a4000 	/System/Library/Frameworks/CoreServices.framework/Versions/A/Frameworks/Metadata.framework/Versions/A/Metadata
0x000000000c6a4000 	/System/Library/Frameworks/CoreServices.framework/Versions/A/Frameworks/OSServices.framework/Versions/A/OSServices
0x000000000c6a4000 	/System/Library/Frameworks/CoreServices.framework/Versions/A/Frameworks/SearchKit.framework/Versions/A/SearchKit
0x000000000c6a4000 	/System/Library/Frameworks/CoreServices.framework/Versions/A/Frameworks/AE.framework/Versions/A/AE
0x000000000c6a4000 	/System/Library/Frameworks/CoreServices.framework/Versions/A/Frameworks/LaunchServices.framework/Versions/A/LaunchServices
0x000000000c6a4000 	/System/Library/Frameworks/CoreServices.framework/Versions/A/Frameworks/DictionaryServices.framework/Versions/A/DictionaryServices
0x000000000c6a4000 	/System/Library/Frameworks/NetFS.framework/Versions/A/NetFS
0x000000000c6a4000 	/System/Library/PrivateFrameworks/NetAuth.framework/Versions/A/NetAuth
0x000000000c6a4000 	/System/Library/PrivateFrameworks/login.framework/Versions/A/Frameworks/loginsupport.framework/Versions/A/loginsupport
0x000000000c6a4000 	/System/Library/PrivateFrameworks/TCC.framework/Versions/A/TCC
0x000000000c6a4000 	/usr/lib/libmecabra.dylib
0x000000000c6a4000 	/System/Library/Frameworks/ApplicationServices.framework/Versions/A/Frameworks/ATS.framework/Versions/A/ATS
0x000000000c6a4000 	/System/Library/Frameworks/ApplicationServices.framework/Versions/A/Frameworks/ColorSync.framework/Versions/A/ColorSync
0x000000000c6a4000 	/System/Library/Frameworks/ApplicationServices.framework/Versions/A/Frameworks/HIServices.framework/Versions/A/HIServices
0x000000000c6a4000 	/System/Library/Frameworks/ApplicationServices.framework/Versions/A/Frameworks/LangAnalysis.framework/Versions/A/LangAnalysis
0x000000000c6a4000 	/System/Library/Frameworks/ApplicationServices.framework/Versions/A/Frameworks/PrintCore.framework/Versions/A/PrintCore
0x000000000c6a4000 	/System/Library/Frameworks/ApplicationServices.framework/Versions/A/Frameworks/QD.framework/Versions/A/QD
0x000000000c6a4000 	/System/Library/Frameworks/ApplicationServices.framework/Versions/A/Frameworks/SpeechSynthesis.framework/Versions/A/SpeechSynthesis
0x000000000c6a4000 	/System/Library/Frameworks/Accelerate.framework/Versions/A/Accelerate
0x000000000c6a4000 	/System/Library/Frameworks/Accelerate.framework/Versions/A/Frameworks/vImage.framework/Versions/A/vImage
0x000000000c6a4000 	/System/Library/Frameworks/Accelerate.framework/Versions/A/Frameworks/vecLib.framework/Versions/A/vecLib
0x000000000c6a4000 	/System/Library/Frameworks/Accelerate.framework/Versions/A/Frameworks/vecLib.framework/Versions/A/libvDSP.dylib
0x000000000c6a4000 	/System/Library/Frameworks/Accelerate.framework/Versions/A/Frameworks/vecLib.framework/Versions/A/libvMisc.dylib
0x000000000c6a4000 	/System/Library/Frameworks/Accelerate.framework/Versions/A/Frameworks/vecLib.framework/Versions/A/libLAPACK.dylib
0x000000000c6a4000 	/System/Library/Frameworks/Accelerate.framework/Versions/A/Frameworks/vecLib.framework/Versions/A/libBLAS.dylib
0x000000000c6a4000 	/System/Library/Frameworks/Accelerate.framework/Versions/A/Frameworks/vecLib.framework/Versions/A/libLinearAlgebra.dylib
0x000000000c6a4000 	/System/Library/Frameworks/ApplicationServices.framework/Versions/A/Frameworks/ATS.framework/Versions/A/Resources/libFontParser.dylib
0x000000000c6a4000 	/System/Library/Frameworks/ApplicationServices.framework/Versions/A/Frameworks/ATS.framework/Versions/A/Resources/libFontRegistry.dylib
0x000000000c6a4000 	/System/Library/PrivateFrameworks/AppleVPA.framework/Versions/A/AppleVPA
0x000000000c6a4000 	/System/Library/PrivateFrameworks/AppleJPEG.framework/Versions/A/AppleJPEG
0x000000000c6a4000 	/System/Library/Frameworks/ImageIO.framework/Versions/A/Resources/libJPEG.dylib
0x000000000c6a4000 	/System/Library/Frameworks/ImageIO.framework/Versions/A/Resources/libTIFF.dylib
0x000000000c6a4000 	/System/Library/Frameworks/ImageIO.framework/Versions/A/Resources/libPng.dylib
0x000000000c6a4000 	/System/Library/Frameworks/ImageIO.framework/Versions/A/Resources/libGIF.dylib
0x000000000c6a4000 	/System/Library/Frameworks/ImageIO.framework/Versions/A/Resources/libJP2.dylib
0x000000000c6a4000 	/System/Library/Frameworks/ImageIO.framework/Versions/A/Resources/libRadiance.dylib
0x000000000c6a4000 	/System/Library/Frameworks/CoreVideo.framework/Versions/A/CoreVideo
0x000000000c6a4000 	/System/Library/Frameworks/OpenGL.framework/Versions/A/Libraries/libGLU.dylib
0x000000000c6a4000 	/System/Library/Frameworks/OpenGL.framework/Versions/A/Libraries/libGFXShared.dylib
0x000000000c6a4000 	/System/Library/Frameworks/OpenGL.framework/Versions/A/Libraries/libGL.dylib
0x000000000c6a4000 	/System/Library/Frameworks/OpenGL.framework/Versions/A/Libraries/libGLImage.dylib
0x000000000c6a4000 	/System/Library/Frameworks/OpenGL.framework/Versions/A/Libraries/libCVMSPluginSupport.dylib
0x000000000c6a4000 	/System/Library/Frameworks/OpenGL.framework/Versions/A/Libraries/libCoreVMClient.dylib
0x000000000c6a4000 	/usr/lib/libcups.2.dylib
0x000000000c6a4000 	/System/Library/Frameworks/Kerberos.framework/Versions/A/Kerberos
0x000000000c6a4000 	/System/Library/Frameworks/GSS.framework/Versions/A/GSS
0x000000000c6a4000 	/usr/lib/libresolv.9.dylib
0x000000000c6a4000 	/usr/lib/libiconv.2.dylib
0x000000000c6a4000 	/System/Library/PrivateFrameworks/Heimdal.framework/Versions/A/Heimdal
0x000000000c6a4000 	/usr/lib/libheimdal-asn1.dylib
0x000000000c6a4000 	/System/Library/Frameworks/OpenDirectory.framework/Versions/A/OpenDirectory
0x000000000c6a4000 	/System/Library/PrivateFrameworks/CommonAuth.framework/Versions/A/CommonAuth
0x000000000c6a4000 	/System/Library/Frameworks/OpenDirectory.framework/Versions/A/Frameworks/CFOpenDirectory.framework/Versions/A/CFOpenDirectory
0x000000000c6a4000 	/System/Library/Frameworks/SecurityFoundation.framework/Versions/A/SecurityFoundation
0x000000000c6a4000 	/System/Library/PrivateFrameworks/LanguageModeling.framework/Versions/A/LanguageModeling
0x000000000c6a4000 	/usr/lib/libcmph.dylib
0x000000000c6a4000 	/System/Library/Frameworks/ServiceManagement.framework/Versions/A/ServiceManagement
0x000000000c6a4000 	/usr/lib/libxslt.1.dylib
0x000000000c6a4000 	/System/Library/Frameworks/Carbon.framework/Versions/A/Frameworks/Ink.framework/Versions/A/Ink
0x000000000c6a4000 	/System/Library/Frameworks/QuartzCore.framework/Versions/A/Frameworks/CoreImage.framework/Versions/A/CoreImage
0x000000000c6a4000 	/System/Library/PrivateFrameworks/CrashReporterSupport.framework/Versions/A/CrashReporterSupport
0x000000000c6a4000 	/System/Library/Frameworks/OpenCL.framework/Versions/A/OpenCL
0x000000000c6a4000 	/System/Library/PrivateFrameworks/FaceCore.framework/Versions/A/FaceCore
0x000000000c6a4000 	/System/Library/PrivateFrameworks/Ubiquity.framework/Versions/A/Ubiquity
0x000000000c6a4000 	/System/Library/PrivateFrameworks/IconServices.framework/Versions/A/IconServices
0x000000000c6a4000 	/System/Library/PrivateFrameworks/ChunkingLibrary.framework/Versions/A/ChunkingLibrary
0x000000000c6a4000 	/System/Library/PrivateFrameworks/Apple80211.framework/Versions/A/Apple80211
0x000000000c6a4000 	/System/Library/Frameworks/CoreWLAN.framework/Versions/A/CoreWLAN
0x000000000c6a4000 	/System/Library/Frameworks/IOBluetooth.framework/Versions/A/IOBluetooth
0x000000000c6a4000 	/System/Library/PrivateFrameworks/CoreWiFi.framework/Versions/A/CoreWiFi
0x000000000c6a4000 	/System/Library/Frameworks/CoreBluetooth.framework/Versions/A/CoreBluetooth
0x000000000c6a4000 	/System/Library/PrivateFrameworks/DebugSymbols.framework/Versions/A/DebugSymbols
0x000000000c6a4000 	/System/Library/PrivateFrameworks/CoreSymbolication.framework/Versions/A/CoreSymbolication
0x000000000c6a4000 	/System/Library/PrivateFrameworks/Symbolication.framework/Versions/A/Symbolication
0x000000000c6a4000 	/System/Library/PrivateFrameworks/SpeechRecognitionCore.framework/Versions/A/SpeechRecognitionCore
0x0000000101c00000 	/Library/Java/JavaVirtualMachines/jdk1.8.0_60.jdk/Contents/Home/jre/lib/server/libjvm.dylib
0x000000000c6a4000 	/usr/lib/libstdc++.6.dylib
0x0000000102b89000 	/Library/Java/JavaVirtualMachines/jdk1.8.0_60.jdk/Contents/Home/jre/lib/libverify.dylib
0x0000000102b97000 	/Library/Java/JavaVirtualMachines/jdk1.8.0_60.jdk/Contents/Home/jre/lib/libjava.dylib
0x0000000102bcc000 	/Library/Java/JavaVirtualMachines/jdk1.8.0_60.jdk/Contents/Home/jre/lib/libzip.dylib
0x00000001d8e67000 	/System/Library/Frameworks/JavaVM.framework/Frameworks/JavaRuntimeSupport.framework/JavaRuntimeSupport
0x0000000111fe6000 	/System/Library/Frameworks/JavaVM.framework/Versions/A/Frameworks/JavaNativeFoundation.framework/Versions/A/JavaNativeFoundation
0x00000001d8e82000 	/System/Library/Frameworks/JavaVM.framework/Versions/A/JavaVM
0x000000000c6a4000 	/System/Library/Frameworks/Carbon.framework/Versions/A/Carbon
0x00000001d8e8f000 	/System/Library/PrivateFrameworks/JavaLaunching.framework/Versions/A/JavaLaunching
0x000000000c6a4000 	/System/Library/Frameworks/Carbon.framework/Versions/A/Frameworks/CommonPanels.framework/Versions/A/CommonPanels
0x000000000c6a4000 	/System/Library/Frameworks/Carbon.framework/Versions/A/Frameworks/Help.framework/Versions/A/Help
0x000000000c6a4000 	/System/Library/Frameworks/Carbon.framework/Versions/A/Frameworks/ImageCapture.framework/Versions/A/ImageCapture
0x000000000c6a4000 	/System/Library/Frameworks/Carbon.framework/Versions/A/Frameworks/OpenScripting.framework/Versions/A/OpenScripting
0x000000000c6a4000 	/System/Library/Frameworks/Carbon.framework/Versions/A/Frameworks/Print.framework/Versions/A/Print
0x000000000c6a4000 	/System/Library/Frameworks/Carbon.framework/Versions/A/Frameworks/SecurityHI.framework/Versions/A/SecurityHI
0x00000001dad57000 	/Library/Java/JavaVirtualMachines/jdk1.8.0_60.jdk/Contents/Home/jre/lib/libawt.dylib
0x00000001dadff000 	/Library/Java/JavaVirtualMachines/jdk1.8.0_60.jdk/Contents/Home/jre/lib/./libmlib_image.dylib
0x00000001daecb000 	/Library/Java/JavaVirtualMachines/jdk1.8.0_60.jdk/Contents/Home/jre/lib/libawt_lwawt.dylib
0x00000001daf80000 	/Library/Java/JavaVirtualMachines/jdk1.8.0_60.jdk/Contents/Home/jre/lib/./libosxapp.dylib
0x000000000c6a4000 	/System/Library/Frameworks/ExceptionHandling.framework/Versions/A/ExceptionHandling
0x000000000c6a4000 	/System/Library/PrivateFrameworks/CoreServicesInternal.framework/Versions/A/CoreServicesInternal
0x000000000c6a4000 	/System/Library/PrivateFrameworks/CloudDocs.framework/Versions/A/CloudDocs
0x000000000c6a4000 	/System/Library/PrivateFrameworks/CoreDuet.framework/Versions/A/CoreDuet
0x000000000c6a4000 	/System/Library/Frameworks/CloudKit.framework/Versions/A/CloudKit
0x000000000c6a4000 	/System/Library/PrivateFrameworks/ProtocolBuffer.framework/Versions/A/ProtocolBuffer
0x000000000c6a4000 	/System/Library/PrivateFrameworks/CoreDuetDaemonProtocol.framework/Versions/A/CoreDuetDaemonProtocol
0x000000000c6a4000 	/System/Library/PrivateFrameworks/CoreDuetDebugLogging.framework/Versions/A/CoreDuetDebugLogging
0x000000000c6a4000 	/System/Library/PrivateFrameworks/MMCS.framework/Versions/A/MMCS
0x000000000c6a4000 	/System/Library/Frameworks/CoreLocation.framework/Versions/A/CoreLocation
0x000000000c6a4000 	/System/Library/PrivateFrameworks/ProtectedCloudStorage.framework/Versions/A/ProtectedCloudStorage
0x000000000c6a4000 	/System/Library/PrivateFrameworks/GeoServices.framework/Versions/A/GeoServices
0x000000000c6a4000 	/System/Library/Frameworks/CoreGraphics.framework/Versions/A/Resources/libCGCMS.A.dylib
0x000000000c6a4000 	/System/Library/Frameworks/CoreGraphics.framework/Versions/A/Resources/libRIP.A.dylib
0x000000000c6a4000 	/System/Library/Frameworks/CoreGraphics.framework/Versions/A/Resources/libCGXType.A.dylib
0x000000000c6a4000 	/System/Library/Frameworks/OpenCL.framework/Versions/A/Libraries/libcldcpuengine.dylib
0x000000000c6a4000 	/System/Library/PrivateFrameworks/DiskImages.framework/Versions/A/DiskImages
0x000000000c6a4000 	/System/Library/Frameworks/DiscRecording.framework/Versions/A/DiscRecording
0x000000000c6a4000 	/usr/lib/libcsfde.dylib
0x000000000c6a4000 	/usr/lib/libcurl.4.dylib
0x000000000c6a4000 	/System/Library/PrivateFrameworks/MediaKit.framework/Versions/A/MediaKit
0x000000000c6a4000 	/usr/lib/libCoreStorage.dylib
0x000000000c6a4000 	/System/Library/PrivateFrameworks/EFILogin.framework/Versions/A/EFILogin
0x000000000c6a4000 	/usr/lib/libutil.dylib
0x000000000c6a4000 	/System/Library/PrivateFrameworks/FindMyDevice.framework/Versions/A/FindMyDevice
0x000000000c6a4000 	/System/Library/Frameworks/LDAP.framework/Versions/A/LDAP
0x000000000c6a4000 	/usr/lib/libsasl2.2.dylib
0x000000000c6a4000 	/System/Library/PrivateFrameworks/CoreDaemon.framework/Versions/B/CoreDaemon
0x000000000c6a4000 	/usr/lib/libcrypto.0.9.8.dylib
0x000000000c6a4000 	/System/Library/PrivateFrameworks/AppleSRP.framework/Versions/A/AppleSRP
0x000000000c6a4000 	/System/Library/PrivateFrameworks/TrustEvaluationAgent.framework/Versions/A/TrustEvaluationAgent
0x00000001db388000 	cl_kernels
0x00000001de245000 	/System/Library/Frameworks/OpenCL.framework/Versions/A/Libraries/ImageFormats/unorm8_bgra.dylib
0x00000001db37a000 	cl_kernels
0x000000000c6a4000 	/System/Library/PrivateFrameworks/FamilyControls.framework/Versions/A/FamilyControls
0x000000000c6a4000 	/System/Library/PrivateFrameworks/CommerceKit.framework/Versions/A/Frameworks/CommerceCore.framework/Versions/A/CommerceCore
0x000000000c6a4000 	/System/Library/PrivateFrameworks/SystemAdministration.framework/Versions/A/SystemAdministration
0x000000000c6a4000 	/System/Library/PrivateFrameworks/AppContainer.framework/Versions/A/AppContainer
0x000000000c6a4000 	/System/Library/PrivateFrameworks/SecCodeWrapper.framework/Versions/A/SecCodeWrapper
0x000000000c6a4000 	/System/Library/Frameworks/DirectoryService.framework/Versions/A/DirectoryService
0x000000000c6a4000 	/System/Library/PrivateFrameworks/LoginUIKit.framework/Versions/A/Frameworks/LoginUICore.framework/Versions/A/LoginUICore
0x000000000c6a4000 	/usr/lib/libodfde.dylib
0x00000001df4c9000 	/Library/Java/JavaVirtualMachines/jdk1.8.0_60.jdk/Contents/Home/jre/lib/libfontmanager.dylib
0x00000001df530000 	/Users/Vincent/Documents/workspace/Dead's Mirror Slick/lib/native/macosx/liblwjgl.dylib
0x00000001dd6e0000 	/Library/Java/JavaVirtualMachines/jdk1.8.0_60.jdk/Contents/Home/jre/lib/libjawt.dylib
0x000000000c6a4000 	/System/Library/Frameworks/OpenGL.framework/Versions/A/Resources/GLEngine.bundle/GLEngine
0x000000000c6a4000 	/System/Library/Frameworks/OpenGL.framework/Versions/A/Libraries/libGLProgrammability.dylib
0x00000001df5b2000 	/System/Library/Extensions/AppleIntelBDWGraphicsGLDriver.bundle/Contents/MacOS/AppleIntelBDWGraphicsGLDriver
0x000000000c6a4000 	/System/Library/PrivateFrameworks/IOAccelerator.framework/Versions/A/IOAccelerator
0x000000000c6a4000 	/System/Library/PrivateFrameworks/GPUSupport.framework/Versions/A/Libraries/libGPUSupportMercury.dylib
0x000000000c6a4000 	/System/Library/Frameworks/OpenGL.framework/Versions/A/Resources/GLRendererFloat.bundle/GLRendererFloat
0x00000001e14c0000 	/Library/Java/JavaVirtualMachines/jdk1.8.0_60.jdk/Contents/Home/jre/lib/libnet.dylib
0x00000001e16ba000 	/Library/Java/JavaVirtualMachines/jdk1.8.0_60.jdk/Contents/Home/jre/lib/libnio.dylib
0x000000000c6a4000 	/System/Library/Frameworks/ApplicationServices.framework/Versions/A/Frameworks/ATS.framework/Versions/A/Resources/libTrueTypeScaler.dylib
0x000000022cdaf000 	/Library/Java/JavaVirtualMachines/jdk1.8.0_60.jdk/Contents/Home/jre/lib/libt2k.dylib
0x000000022cdfc000 	/Library/Java/JavaVirtualMachines/jdk1.8.0_60.jdk/Contents/Home/jre/lib/libjpeg.dylib
0x000000022ce4f000 	/Users/Vincent/Documents/workspace/Dead's Mirror Slick/lib/native/macosx/openal.dylib
0x000000022d9ba000 	/System/Library/Components/CoreAudio.component/Contents/MacOS/CoreAudio
0x000000022ced2000 	/System/Library/Extensions/AppleHDA.kext/Contents/PlugIns/AppleHDAHALPlugIn.bundle/Contents/MacOS/AppleHDAHALPlugIn

VM Arguments:
jvm_args: -Djava.library.path=/Users/Vincent/Documents/workspace/Dead's Mirror Slick/lib/native/macosx -Dfile.encoding=UTF-8 
java_command: Principal.StateGame
java_class_path (initial): /Users/Vincent/Documents/workspace/Dead's Mirror Slick/bin:/Users/Vincent/Documents/workspace/Dead's Mirror Slick/lib/jar/lwjgl.jar:/Users/Vincent/Documents/workspace/Dead's Mirror Slick/lib/jar/slick.jar:/Users/Vincent/Documents/workspace/Dead's Mirror Slick/lib/jar/jogg-0.0.7.jar:/Users/Vincent/Documents/workspace/Dead's Mirror Slick/lib/jar/jorbis-0.0.15.jar:/Users/Vincent/Documents/workspace/Dead's Mirror Slick/lib/jar/lwjgl_util.jar:/Users/Vincent/Documents/workspace/Dead's Mirror Slick/lib/jar/slick-util.jar:/Users/Vincent/Documents/workspace/Dead's Mirror Slick/lib/jar/SlickUtils-1.3.jar
Launcher Type: SUN_STANDARD

Environment Variables:
PATH=/usr/bin:/bin:/usr/sbin:/sbin
SHELL=/bin/bash

Signal Handlers:
SIGSEGV: [libjvm.dylib+0x5a6d31], sa_mask[0]=11111111011111110111111111111111, sa_flags=SA_ONSTACK|SA_RESTART|SA_SIGINFO
SIGBUS: [libjvm.dylib+0x5a6d31], sa_mask[0]=11111111011111110111111111111111, sa_flags=SA_RESTART|SA_SIGINFO
SIGFPE: [libjvm.dylib+0x480a4c], sa_mask[0]=11111111011111110111111111111111, sa_flags=SA_RESTART|SA_SIGINFO
SIGPIPE: [libjvm.dylib+0x480a4c], sa_mask[0]=11111111011111110111111111111111, sa_flags=SA_RESTART|SA_SIGINFO
SIGXFSZ: [libjvm.dylib+0x480a4c], sa_mask[0]=11111111011111110111111111111111, sa_flags=SA_RESTART|SA_SIGINFO
SIGILL: [libjvm.dylib+0x480a4c], sa_mask[0]=11111111011111110111111111111111, sa_flags=SA_RESTART|SA_SIGINFO
SIGUSR1: SIG_DFL, sa_mask[0]=00000000000000000000000000000000, sa_flags=none
SIGUSR2: [libjvm.dylib+0x48056a], sa_mask[0]=00100000000000000000000000000000, sa_flags=SA_RESTART|SA_SIGINFO
SIGHUP: [libjvm.dylib+0x47eb41], sa_mask[0]=11111111011111110111111111111111, sa_flags=SA_RESTART|SA_SIGINFO
SIGINT: [libjvm.dylib+0x47eb41], sa_mask[0]=11111111011111110111111111111111, sa_flags=SA_RESTART|SA_SIGINFO
SIGTERM: [libjvm.dylib+0x47eb41], sa_mask[0]=11111111011111110111111111111111, sa_flags=SA_RESTART|SA_SIGINFO
SIGQUIT: [libjvm.dylib+0x47eb41], sa_mask[0]=11111111011111110111111111111111, sa_flags=SA_RESTART|SA_SIGINFO


---------------  S Y S T E M  ---------------

OS:Bsduname:Darwin 14.5.0 Darwin Kernel Version 14.5.0: Wed Jul 29 02:26:53 PDT 2015; root:xnu-2782.40.9~1/RELEASE_X86_64 x86_64
rlimit: STACK 8192k, CORE 0k, NPROC 709, NOFILE 10240, AS infinity
load average:2.03 2.12 2.22

CPU:total 4 (2 cores per cpu, 2 threads per core) family 6 model 61 stepping 4, cmov, cx8, fxsr, mmx, sse, sse2, sse3, ssse3, sse4.1, sse4.2, popcnt, avx, avx2, aes, clmul, erms, 3dnowpref, lzcnt, ht, tsc, tscinvbit, bmi1, bmi2, adx

Memory: 4k page, physical 8388608k(175400k free)

/proc/meminfo:


vm_info: Java HotSpot(TM) 64-Bit Server VM (25.60-b23) for bsd-amd64 JRE (1.8.0_60-b27), built on Aug  4 2015 10:47:24 by "java_re" with gcc 4.2.1 (Based on Apple Inc. build 5658) (LLVM build 2336.11.00)

time: Mon Jan 18 13:25:33 2016
elapsed time: 66 seconds (0d 0h 1m 6s)

